<?xml version="1.0" encoding="UTF-8"?>
<robot generator="Robot 7.4.1 (Python 3.12.8 on win32)" generated="2026-02-16T16:26:16.915344" rpa="false" schemaversion="5">
<suite id="s1" name="Order Tests" source="C:\Users\prase\OneDrive\Desktop\PythonProject\Foodie_App\tests\robot\order_tests.robot">
<kw name="Create API Session" owner="keywords" type="SETUP">
<kw name="Create Session" owner="RequestsLibrary">
<msg time="2026-02-16T16:26:17.116069" level="INFO">Creating Session using : alias=foodie, url=http://127.0.0.1:5000, headers={},                     cookies={}, auth=None, timeout=None, proxies=None, verify=False,                     debug=0 </msg>
<arg>${SESSION}</arg>
<arg>${BASE_URL}</arg>
<doc>Create Session: create a HTTP session to a server</doc>
<status status="PASS" start="2026-02-16T16:26:17.116069" elapsed="0.000000"/>
</kw>
<status status="PASS" start="2026-02-16T16:26:17.116069" elapsed="0.000000"/>
</kw>
<test id="s1-t1" name="Complete Order Flow" line="7">
<kw name="Create Dictionary" owner="BuiltIn">
<msg time="2026-02-16T16:26:17.118059" level="INFO">${restaurant} = {'name': 'FlowResto', 'category': 'Indian', 'location': 'Hyderabad', 'contact': '9999999999'}</msg>
<var>${restaurant}</var>
<arg>name=FlowResto</arg>
<arg>category=Indian</arg>
<arg>location=Hyderabad</arg>
<arg>contact=9999999999</arg>
<doc>Creates and returns a dictionary based on the given ``items``.</doc>
<status status="PASS" start="2026-02-16T16:26:17.117070" elapsed="0.000989"/>
</kw>
<kw name="Create Restaurant" owner="keywords">
<kw name="POST On Session" owner="RequestsLibrary">
<msg time="2026-02-16T16:26:17.124344" level="INFO">POST Request : url=http://127.0.0.1:5000/api/v1/restaurants 
 path_url=/api/v1/restaurants 
 headers={'User-Agent': 'python-requests/2.32.5', 'Accept-Encoding': 'gzip, deflate', 'Accept': '*/*', 'Connection': 'keep-alive', 'Content-Length': '93', 'Content-Type': 'application/json'} 
 body=b'{"name": "FlowResto", "category": "Indian", "location": "Hyderabad", "contact": "9999999999"}' 
 </msg>
<msg time="2026-02-16T16:26:17.124344" level="INFO">POST Response : url=http://127.0.0.1:5000/api/v1/restaurants 
 status=201, reason=CREATED 
 headers={'Server': 'Werkzeug/3.1.5 Python/3.12.8', 'Date': 'Mon, 16 Feb 2026 10:56:17 GMT', 'Content-Type': 'application/json', 'Content-Length': '157', 'Connection': 'close'} 
 body={
  "approved": false,
  "category": "Indian",
  "contact": "9999999999",
  "disabled": false,
  "id": 1,
  "location": "Hyderabad",
  "name": "FlowResto"
}
 
 </msg>
<msg time="2026-02-16T16:26:17.124344" level="INFO">${response} = &lt;Response [201]&gt;</msg>
<var>${response}</var>
<arg>${SESSION}</arg>
<arg>/api/v1/restaurants</arg>
<arg>json=${payload}</arg>
<doc>Sends a POST request on a previously created HTTP Session.</doc>
<status status="PASS" start="2026-02-16T16:26:17.119058" elapsed="0.006278"/>
</kw>
<return>
<value>${response}</value>
<status status="PASS" start="2026-02-16T16:26:17.125336" elapsed="0.000000"/>
</return>
<msg time="2026-02-16T16:26:17.125336" level="INFO">${rest_response} = &lt;Response [201]&gt;</msg>
<var>${rest_response}</var>
<arg>${restaurant}</arg>
<status status="PASS" start="2026-02-16T16:26:17.118059" elapsed="0.007277"/>
</kw>
<kw name="Status Should Be" owner="RequestsLibrary">
<arg>201</arg>
<arg>${rest_response}</arg>
<doc>Fails if response status code is different than the expected.</doc>
<status status="PASS" start="2026-02-16T16:26:17.125336" elapsed="0.000000"/>
</kw>
<kw name="Set Variable" owner="BuiltIn">
<msg time="2026-02-16T16:26:17.126344" level="INFO">${rest_body} = {'approved': False, 'category': 'Indian', 'contact': '9999999999', 'disabled': False, 'id': 1, 'location': 'Hyderabad', 'name': 'FlowResto'}</msg>
<var>${rest_body}</var>
<arg>${rest_response.json()}</arg>
<doc>Returns the given values which can then be assigned to a variables.</doc>
<status status="PASS" start="2026-02-16T16:26:17.125336" elapsed="0.001008"/>
</kw>
<kw name="Get From Dictionary" owner="Collections">
<msg time="2026-02-16T16:26:17.127327" level="INFO">${rest_id} = 1</msg>
<var>${rest_id}</var>
<arg>${rest_body}</arg>
<arg>id</arg>
<doc>Returns a value from the given ``dictionary`` based on the given ``key``.</doc>
<status status="PASS" start="2026-02-16T16:26:17.126344" elapsed="0.000983"/>
</kw>
<kw name="Create Dictionary" owner="BuiltIn">
<msg time="2026-02-16T16:26:17.127327" level="INFO">${dish} = {'name': 'Biryani', 'type': 'Veg', 'price': '200', 'available_time': '12:00', 'image': 'b.jpg'}</msg>
<var>${dish}</var>
<arg>name=Biryani</arg>
<arg>type=Veg</arg>
<arg>price=200</arg>
<arg>available_time=12:00</arg>
<arg>image=b.jpg</arg>
<doc>Creates and returns a dictionary based on the given ``items``.</doc>
<status status="PASS" start="2026-02-16T16:26:17.127327" elapsed="0.000000"/>
</kw>
<kw name="Add Dish" owner="keywords">
<kw name="Set Variable" owner="BuiltIn">
<msg time="2026-02-16T16:26:17.128327" level="INFO">${endpoint} = /api/v1/restaurants/1/dishes</msg>
<var>${endpoint}</var>
<arg>/api/v1/restaurants/${restaurant_id}/dishes</arg>
<doc>Returns the given values which can then be assigned to a variables.</doc>
<status status="PASS" start="2026-02-16T16:26:17.128327" elapsed="0.000000"/>
</kw>
<kw name="POST On Session" owner="RequestsLibrary">
<msg time="2026-02-16T16:26:17.133423" level="INFO">POST Request : url=http://127.0.0.1:5000/api/v1/restaurants/1/dishes 
 path_url=/api/v1/restaurants/1/dishes 
 headers={'User-Agent': 'python-requests/2.32.5', 'Accept-Encoding': 'gzip, deflate', 'Accept': '*/*', 'Connection': 'keep-alive', 'Content-Length': '95', 'Content-Type': 'application/json'} 
 body=b'{"name": "Biryani", "type": "Veg", "price": "200", "available_time": "12:00", "image": "b.jpg"}' 
 </msg>
<msg time="2026-02-16T16:26:17.133423" level="INFO">POST Response : url=http://127.0.0.1:5000/api/v1/restaurants/1/dishes 
 status=201, reason=CREATED 
 headers={'Server': 'Werkzeug/3.1.5 Python/3.12.8', 'Date': 'Mon, 16 Feb 2026 10:56:17 GMT', 'Content-Type': 'application/json', 'Content-Length': '160', 'Connection': 'close'} 
 body={
  "available_time": "12:00",
  "enabled": true,
  "id": 1,
  "image": "b.jpg",
  "name": "Biryani",
  "price": "200",
  "restaurant_id": 1,
  "type": "Veg"
}
 
 </msg>
<msg time="2026-02-16T16:26:17.134439" level="INFO">${response} = &lt;Response [201]&gt;</msg>
<var>${response}</var>
<arg>${SESSION}</arg>
<arg>${endpoint}</arg>
<arg>json=${payload}</arg>
<doc>Sends a POST request on a previously created HTTP Session.</doc>
<status status="PASS" start="2026-02-16T16:26:17.129331" elapsed="0.005108"/>
</kw>
<return>
<value>${response}</value>
<status status="PASS" start="2026-02-16T16:26:17.134439" elapsed="0.000000"/>
</return>
<msg time="2026-02-16T16:26:17.134439" level="INFO">${dish_response} = &lt;Response [201]&gt;</msg>
<var>${dish_response}</var>
<arg>${rest_id}</arg>
<arg>${dish}</arg>
<status status="PASS" start="2026-02-16T16:26:17.128327" elapsed="0.006112"/>
</kw>
<kw name="Status Should Be" owner="RequestsLibrary">
<arg>201</arg>
<arg>${dish_response}</arg>
<doc>Fails if response status code is different than the expected.</doc>
<status status="PASS" start="2026-02-16T16:26:17.134439" elapsed="0.000000"/>
</kw>
<kw name="Set Variable" owner="BuiltIn">
<msg time="2026-02-16T16:26:17.135445" level="INFO">${dish_body} = {'available_time': '12:00', 'enabled': True, 'id': 1, 'image': 'b.jpg', 'name': 'Biryani', 'price': '200', 'restaurant_id': 1, 'type': 'Veg'}</msg>
<var>${dish_body}</var>
<arg>${dish_response.json()}</arg>
<doc>Returns the given values which can then be assigned to a variables.</doc>
<status status="PASS" start="2026-02-16T16:26:17.134439" elapsed="0.001006"/>
</kw>
<kw name="Get From Dictionary" owner="Collections">
<msg time="2026-02-16T16:26:17.136444" level="INFO">${dish_id} = 1</msg>
<var>${dish_id}</var>
<arg>${dish_body}</arg>
<arg>id</arg>
<doc>Returns a value from the given ``dictionary`` based on the given ``key``.</doc>
<status status="PASS" start="2026-02-16T16:26:17.135445" elapsed="0.000999"/>
</kw>
<kw name="Create Dictionary" owner="BuiltIn">
<msg time="2026-02-16T16:26:17.136444" level="INFO">${user} = {'name': 'FlowUser', 'email': 'flow@test.com', 'password': 'password123'}</msg>
<var>${user}</var>
<arg>name=FlowUser</arg>
<arg>email=flow@test.com</arg>
<arg>password=password123</arg>
<doc>Creates and returns a dictionary based on the given ``items``.</doc>
<status status="PASS" start="2026-02-16T16:26:17.136444" elapsed="0.000000"/>
</kw>
<kw name="Create User" owner="keywords">
<kw name="POST On Session" owner="RequestsLibrary">
<msg time="2026-02-16T16:26:17.140444" level="INFO">POST Request : url=http://127.0.0.1:5000/api/v1/users/register 
 path_url=/api/v1/users/register 
 headers={'User-Agent': 'python-requests/2.32.5', 'Accept-Encoding': 'gzip, deflate', 'Accept': '*/*', 'Connection': 'keep-alive', 'Content-Length': '73', 'Content-Type': 'application/json'} 
 body=b'{"name": "FlowUser", "email": "flow@test.com", "password": "password123"}' 
 </msg>
<msg time="2026-02-16T16:26:17.140444" level="INFO">POST Response : url=http://127.0.0.1:5000/api/v1/users/register 
 status=201, reason=CREATED 
 headers={'Server': 'Werkzeug/3.1.5 Python/3.12.8', 'Date': 'Mon, 16 Feb 2026 10:56:17 GMT', 'Content-Type': 'application/json', 'Content-Length': '93', 'Connection': 'close'} 
 body={
  "email": "flow@test.com",
  "id": 1,
  "name": "FlowUser",
  "password": "password123"
}
 
 </msg>
<msg time="2026-02-16T16:26:17.140444" level="INFO">${response} = &lt;Response [201]&gt;</msg>
<var>${response}</var>
<arg>${SESSION}</arg>
<arg>/api/v1/users/register</arg>
<arg>json=${payload}</arg>
<doc>Sends a POST request on a previously created HTTP Session.</doc>
<status status="PASS" start="2026-02-16T16:26:17.137445" elapsed="0.002999"/>
</kw>
<return>
<value>${response}</value>
<status status="PASS" start="2026-02-16T16:26:17.140444" elapsed="0.000000"/>
</return>
<msg time="2026-02-16T16:26:17.140444" level="INFO">${user_response} = &lt;Response [201]&gt;</msg>
<var>${user_response}</var>
<arg>${user}</arg>
<status status="PASS" start="2026-02-16T16:26:17.137445" elapsed="0.002999"/>
</kw>
<kw name="Status Should Be" owner="RequestsLibrary">
<arg>201</arg>
<arg>${user_response}</arg>
<doc>Fails if response status code is different than the expected.</doc>
<status status="PASS" start="2026-02-16T16:26:17.140444" elapsed="0.000000"/>
</kw>
<kw name="Set Variable" owner="BuiltIn">
<msg time="2026-02-16T16:26:17.141980" level="INFO">${user_body} = {'email': 'flow@test.com', 'id': 1, 'name': 'FlowUser', 'password': 'password123'}</msg>
<var>${user_body}</var>
<arg>${user_response.json()}</arg>
<doc>Returns the given values which can then be assigned to a variables.</doc>
<status status="PASS" start="2026-02-16T16:26:17.141980" elapsed="0.000000"/>
</kw>
<kw name="Get From Dictionary" owner="Collections">
<msg time="2026-02-16T16:26:17.141980" level="INFO">${user_id} = 1</msg>
<var>${user_id}</var>
<arg>${user_body}</arg>
<arg>id</arg>
<doc>Returns a value from the given ``dictionary`` based on the given ``key``.</doc>
<status status="PASS" start="2026-02-16T16:26:17.141980" elapsed="0.000000"/>
</kw>
<kw name="Create List" owner="BuiltIn">
<msg time="2026-02-16T16:26:17.141980" level="INFO">${dish_list} = [1]</msg>
<var>${dish_list}</var>
<arg>${dish_id}</arg>
<doc>Returns a list containing given items.</doc>
<status status="PASS" start="2026-02-16T16:26:17.141980" elapsed="0.000000"/>
</kw>
<kw name="Create Dictionary" owner="BuiltIn">
<msg time="2026-02-16T16:26:17.143555" level="INFO">${order_payload} = {'user_id': 1, 'restaurant_id': 1, 'dishes': [1]}</msg>
<var>${order_payload}</var>
<arg>user_id=${user_id}</arg>
<arg>restaurant_id=${rest_id}</arg>
<arg>dishes=${dish_list}</arg>
<doc>Creates and returns a dictionary based on the given ``items``.</doc>
<status status="PASS" start="2026-02-16T16:26:17.143555" elapsed="0.000000"/>
</kw>
<kw name="Place Order" owner="keywords">
<kw name="POST On Session" owner="RequestsLibrary">
<msg time="2026-02-16T16:26:17.147579" level="INFO">POST Request : url=http://127.0.0.1:5000/api/v1/orders 
 path_url=/api/v1/orders 
 headers={'User-Agent': 'python-requests/2.32.5', 'Accept-Encoding': 'gzip, deflate', 'Accept': '*/*', 'Connection': 'keep-alive', 'Content-Length': '49', 'Content-Type': 'application/json'} 
 body=b'{"user_id": 1, "restaurant_id": 1, "dishes": [1]}' 
 </msg>
<msg time="2026-02-16T16:26:17.148568" level="INFO">POST Response : url=http://127.0.0.1:5000/api/v1/orders 
 status=201, reason=CREATED 
 headers={'Server': 'Werkzeug/3.1.5 Python/3.12.8', 'Date': 'Mon, 16 Feb 2026 10:56:17 GMT', 'Content-Type': 'application/json', 'Content-Length': '77', 'Connection': 'close'} 
 body={
  "dishes": [
    1
  ],
  "id": 1,
  "restaurant_id": 1,
  "user_id": 1
}
 
 </msg>
<msg time="2026-02-16T16:26:17.148568" level="INFO">${response} = &lt;Response [201]&gt;</msg>
<var>${response}</var>
<arg>${SESSION}</arg>
<arg>/api/v1/orders</arg>
<arg>json=${payload}</arg>
<doc>Sends a POST request on a previously created HTTP Session.</doc>
<status status="PASS" start="2026-02-16T16:26:17.144573" elapsed="0.003995"/>
</kw>
<return>
<value>${response}</value>
<status status="PASS" start="2026-02-16T16:26:17.148568" elapsed="0.000000"/>
</return>
<msg time="2026-02-16T16:26:17.148568" level="INFO">${order_response} = &lt;Response [201]&gt;</msg>
<var>${order_response}</var>
<arg>${order_payload}</arg>
<status status="PASS" start="2026-02-16T16:26:17.144573" elapsed="0.003995"/>
</kw>
<kw name="Status Should Be" owner="RequestsLibrary">
<arg>201</arg>
<arg>${order_response}</arg>
<doc>Fails if response status code is different than the expected.</doc>
<status status="PASS" start="2026-02-16T16:26:17.149576" elapsed="0.000000"/>
</kw>
<status status="PASS" start="2026-02-16T16:26:17.117070" elapsed="0.033503"/>
</test>
<status status="PASS" start="2026-02-16T16:26:16.917330" elapsed="0.233243"/>
</suite>
<statistics>
<total>
<stat pass="1" fail="0" skip="0">All Tests</stat>
</total>
<tag>
</tag>
<suite>
<stat name="Order Tests" id="s1" pass="1" fail="0" skip="0">Order Tests</stat>
</suite>
</statistics>
<errors>
</errors>
</robot>
