<?xml version="1.0" encoding="UTF-8"?>
<robot generator="Robot 7.4.1 (Python 3.13.11 on win32)" generated="2026-02-19T10:00:24.128292" rpa="false" schemaversion="5">
<suite id="s1" name="Tests" source="C:\Users\user\Desktop\CAPSTONE PROJECT\Ecommerce\robot-framework\tests">
<suite id="s1-s1" name="00 Invalid Login" source="C:\Users\user\Desktop\CAPSTONE PROJECT\Ecommerce\robot-framework\tests\00_invalid_login.robot">
<kw name="Open Website" owner="ecommerce_keywords" type="SETUP">
<if>
<branch type="IF" condition="'${BROWSER}' == 'Chrome'">
<kw name="Evaluate" owner="BuiltIn">
<var>${options}</var>
<arg>sys.modules['selenium.webdriver'].ChromeOptions()</arg>
<arg>sys, selenium.webdriver</arg>
<doc>Evaluates the given expression in Python and returns the result.</doc>
<status status="NOT RUN" start="2026-02-19T10:00:24.461312" elapsed="0.000076"/>
</kw>
<kw name="Evaluate" owner="BuiltIn">
<var>${temp_dir}</var>
<arg>__import__('tempfile').mkdtemp()</arg>
<doc>Evaluates the given expression in Python and returns the result.</doc>
<status status="NOT RUN" start="2026-02-19T10:00:24.461658" elapsed="0.000057"/>
</kw>
<kw name="Create Dictionary" owner="BuiltIn">
<var>${prefs}</var>
<arg>credentials_enable_service=False</arg>
<arg>profile.password_manager_enabled=False</arg>
<arg>profile.default_content_setting_values.notifications=2</arg>
<doc>Creates and returns a dictionary based on the given ``items``.</doc>
<status status="NOT RUN" start="2026-02-19T10:00:24.461910" elapsed="0.000045"/>
</kw>
<kw name="Call Method" owner="BuiltIn">
<arg>${options}</arg>
<arg>add_experimental_option</arg>
<arg>prefs</arg>
<arg>${prefs}</arg>
<doc>Calls the named method of the given object with the provided arguments.</doc>
<status status="NOT RUN" start="2026-02-19T10:00:24.462116" elapsed="0.000043"/>
</kw>
<kw name="Set Variable" owner="BuiltIn">
<var>${incognito}</var>
<arg>--incognito</arg>
<doc>Returns the given values which can then be assigned to a variables.</doc>
<status status="NOT RUN" start="2026-02-19T10:00:24.462317" elapsed="0.000345"/>
</kw>
<kw name="Set Variable" owner="BuiltIn">
<var>${disable_pw}</var>
<arg>--disable-features=PasswordLeakDetection</arg>
<doc>Returns the given values which can then be assigned to a variables.</doc>
<status status="NOT RUN" start="2026-02-19T10:00:24.462994" elapsed="0.000073"/>
</kw>
<kw name="Set Variable" owner="BuiltIn">
<var>${disable_notify}</var>
<arg>--disable-notifications</arg>
<doc>Returns the given values which can then be assigned to a variables.</doc>
<status status="NOT RUN" start="2026-02-19T10:00:24.463289" elapsed="0.000057"/>
</kw>
<kw name="Set Variable" owner="BuiltIn">
<var>${no_first}</var>
<arg>--no-first-run</arg>
<doc>Returns the given values which can then be assigned to a variables.</doc>
<status status="NOT RUN" start="2026-02-19T10:00:24.463543" elapsed="0.000050"/>
</kw>
<kw name="Set Variable" owner="BuiltIn">
<var>${no_default}</var>
<arg>--no-default-browser-check</arg>
<doc>Returns the given values which can then be assigned to a variables.</doc>
<status status="NOT RUN" start="2026-02-19T10:00:24.463843" elapsed="0.000090"/>
</kw>
<kw name="Set Variable" owner="BuiltIn">
<var>${maximize}</var>
<arg>--start-maximized</arg>
<doc>Returns the given values which can then be assigned to a variables.</doc>
<status status="NOT RUN" start="2026-02-19T10:00:24.464150" elapsed="0.000044"/>
</kw>
<kw name="Set Variable" owner="BuiltIn">
<var>${profile}</var>
<arg>--user-data-dir=${temp_dir}</arg>
<doc>Returns the given values which can then be assigned to a variables.</doc>
<status status="NOT RUN" start="2026-02-19T10:00:24.464342" elapsed="0.000061"/>
</kw>
<kw name="Call Method" owner="BuiltIn">
<arg>${options}</arg>
<arg>add_argument</arg>
<arg>${incognito}</arg>
<doc>Calls the named method of the given object with the provided arguments.</doc>
<status status="NOT RUN" start="2026-02-19T10:00:24.464545" elapsed="0.000046"/>
</kw>
<kw name="Call Method" owner="BuiltIn">
<arg>${options}</arg>
<arg>add_argument</arg>
<arg>${disable_pw}</arg>
<doc>Calls the named method of the given object with the provided arguments.</doc>
<status status="NOT RUN" start="2026-02-19T10:00:24.464737" elapsed="0.000039"/>
</kw>
<kw name="Call Method" owner="BuiltIn">
<arg>${options}</arg>
<arg>add_argument</arg>
<arg>${disable_notify}</arg>
<doc>Calls the named method of the given object with the provided arguments.</doc>
<status status="NOT RUN" start="2026-02-19T10:00:24.464921" elapsed="0.000037"/>
</kw>
<kw name="Call Method" owner="BuiltIn">
<arg>${options}</arg>
<arg>add_argument</arg>
<arg>${no_first}</arg>
<doc>Calls the named method of the given object with the provided arguments.</doc>
<status status="NOT RUN" start="2026-02-19T10:00:24.465226" elapsed="0.000041"/>
</kw>
<kw name="Call Method" owner="BuiltIn">
<arg>${options}</arg>
<arg>add_argument</arg>
<arg>${no_default}</arg>
<doc>Calls the named method of the given object with the provided arguments.</doc>
<status status="NOT RUN" start="2026-02-19T10:00:24.465408" elapsed="0.000039"/>
</kw>
<kw name="Call Method" owner="BuiltIn">
<arg>${options}</arg>
<arg>add_argument</arg>
<arg>${maximize}</arg>
<doc>Calls the named method of the given object with the provided arguments.</doc>
<status status="NOT RUN" start="2026-02-19T10:00:24.465594" elapsed="0.000039"/>
</kw>
<kw name="Call Method" owner="BuiltIn">
<arg>${options}</arg>
<arg>add_argument</arg>
<arg>${profile}</arg>
<doc>Calls the named method of the given object with the provided arguments.</doc>
<status status="NOT RUN" start="2026-02-19T10:00:24.465775" elapsed="0.000047"/>
</kw>
<kw name="Create Webdriver" owner="SeleniumLibrary">
<arg>Chrome</arg>
<arg>options=${options}</arg>
<doc>Creates an instance of Selenium WebDriver.</doc>
<status status="NOT RUN" start="2026-02-19T10:00:24.466017" elapsed="0.000057"/>
</kw>
<kw name="Go To" owner="SeleniumLibrary">
<arg>${URL}</arg>
<doc>Navigates the current browser window to the provided ``url``.</doc>
<status status="NOT RUN" start="2026-02-19T10:00:24.466245" elapsed="0.000047"/>
</kw>
<status status="NOT RUN" start="2026-02-19T10:00:24.460186" elapsed="0.006173"/>
</branch>
<branch type="ELSE IF" condition="'${BROWSER}' == 'Edge'">
<kw name="Open Browser" owner="SeleniumLibrary">
<msg time="2026-02-19T10:00:24.467341" level="INFO">Opening browser 'Edge' to base url 'https://www.saucedemo.com/'.</msg>
<msg time="2026-02-19T10:00:25.630206" level="WARN">There was an error managing MicrosoftEdge (error sending request for url (https://msedgedriver.azureedge.net/LATEST_RELEASE_145_WINDOWS): error trying to connect: dns error: No such host is known. (os error 11001)); using driver found in the cache</msg>
<arg>${URL}</arg>
<arg>Edge</arg>
<doc>Opens a new browser instance to the optional ``url``.</doc>
<status status="PASS" start="2026-02-19T10:00:24.466894" elapsed="3.873571"/>
</kw>
<kw name="Maximize Browser Window" owner="SeleniumLibrary">
<doc>Maximizes current browser window.</doc>
<status status="PASS" start="2026-02-19T10:00:28.341028" elapsed="0.083472"/>
</kw>
<status status="PASS" start="2026-02-19T10:00:24.466463" elapsed="3.959834"/>
</branch>
<branch type="ELSE IF" condition="'${BROWSER}' == 'Firefox'">
<kw name="Evaluate" owner="BuiltIn">
<var>${ff_options}</var>
<arg>sys.modules['selenium.webdriver'].FirefoxOptions()</arg>
<arg>sys, selenium.webdriver</arg>
<doc>Evaluates the given expression in Python and returns the result.</doc>
<status status="NOT RUN" start="2026-02-19T10:00:28.427452" elapsed="0.000164"/>
</kw>
<kw name="Call Method" owner="BuiltIn">
<arg>${ff_options}</arg>
<arg>add_argument</arg>
<arg>-private</arg>
<doc>Calls the named method of the given object with the provided arguments.</doc>
<status status="NOT RUN" start="2026-02-19T10:00:28.427982" elapsed="0.000096"/>
</kw>
<kw name="Create Webdriver" owner="SeleniumLibrary">
<arg>Firefox</arg>
<arg>options=${ff_options}</arg>
<doc>Creates an instance of Selenium WebDriver.</doc>
<status status="NOT RUN" start="2026-02-19T10:00:28.428477" elapsed="0.000118"/>
</kw>
<kw name="Go To" owner="SeleniumLibrary">
<arg>${URL}</arg>
<doc>Navigates the current browser window to the provided ``url``.</doc>
<status status="NOT RUN" start="2026-02-19T10:00:28.429449" elapsed="0.000106"/>
</kw>
<status status="NOT RUN" start="2026-02-19T10:00:28.426658" elapsed="0.003023"/>
</branch>
<status status="PASS" start="2026-02-19T10:00:24.460133" elapsed="3.969663"/>
</if>
<kw name="Wait Until Element Is Visible" owner="SeleniumLibrary">
<arg>id=user-name</arg>
<arg>timeout=10s</arg>
<doc>Waits until the element ``locator`` is visible.</doc>
<status status="PASS" start="2026-02-19T10:00:28.430984" elapsed="0.084026"/>
</kw>
<kw name="Sleep" owner="BuiltIn">
<msg time="2026-02-19T10:00:29.217721" level="INFO">Slept 700 milliseconds.</msg>
<arg>${DELAY}</arg>
<doc>Pauses the test executed for the given time.</doc>
<status status="PASS" start="2026-02-19T10:00:28.515537" elapsed="0.702470"/>
</kw>
<status status="PASS" start="2026-02-19T10:00:24.459757" elapsed="4.758689"/>
</kw>
<test id="s1-s1-t1" name="User Cannot Login With Invalid Credentials" line="7">
<kw name="Input Text" owner="SeleniumLibrary">
<msg time="2026-02-19T10:00:29.220635" level="INFO">Typing text 'invalid_user' into text field 'id=user-name'.</msg>
<arg>id=user-name</arg>
<arg>invalid_user</arg>
<doc>Types the given ``text`` into the text field identified by ``locator``.</doc>
<status status="PASS" start="2026-02-19T10:00:29.220032" elapsed="0.241581"/>
</kw>
<kw name="Input Text" owner="SeleniumLibrary">
<msg time="2026-02-19T10:00:29.462897" level="INFO">Typing text 'wrong_password' into text field 'id=password'.</msg>
<arg>id=password</arg>
<arg>wrong_password</arg>
<doc>Types the given ``text`` into the text field identified by ``locator``.</doc>
<status status="PASS" start="2026-02-19T10:00:29.462361" elapsed="0.182314"/>
</kw>
<kw name="Click Button" owner="SeleniumLibrary">
<msg time="2026-02-19T10:00:29.646297" level="INFO">Clicking button 'id=login-button'.</msg>
<arg>id=login-button</arg>
<doc>Clicks the button identified by ``locator``.</doc>
<status status="PASS" start="2026-02-19T10:00:29.645568" elapsed="0.162235"/>
</kw>
<kw name="Wait Until Page Contains Element" owner="SeleniumLibrary">
<arg>css=h3[data-test="error"]</arg>
<arg>timeout=10s</arg>
<doc>Waits until the element ``locator`` appears on the current page.</doc>
<status status="PASS" start="2026-02-19T10:00:29.808530" elapsed="0.042923"/>
</kw>
<kw name="Page Should Contain" owner="SeleniumLibrary">
<msg time="2026-02-19T10:00:29.883363" level="INFO">Current page contains text 'Username and password do not match'.</msg>
<arg>Username and password do not match</arg>
<doc>Verifies that current page contains ``text``.</doc>
<status status="PASS" start="2026-02-19T10:00:29.852173" elapsed="0.031376"/>
</kw>
<status status="PASS" start="2026-02-19T10:00:29.218680" elapsed="0.665651"/>
</test>
<kw name="Close Website" owner="ecommerce_keywords" type="TEARDOWN">
<kw name="Sleep" owner="BuiltIn">
<msg time="2026-02-19T10:00:30.589046" level="INFO">Slept 700 milliseconds.</msg>
<arg>${DELAY}</arg>
<doc>Pauses the test executed for the given time.</doc>
<status status="PASS" start="2026-02-19T10:00:29.887619" elapsed="0.701708"/>
</kw>
<kw name="Close Browser" owner="SeleniumLibrary">
<doc>Closes the current browser.</doc>
<status status="PASS" start="2026-02-19T10:00:30.589676" elapsed="3.929470"/>
</kw>
<status status="PASS" start="2026-02-19T10:00:29.887046" elapsed="4.632275"/>
</kw>
<status status="PASS" start="2026-02-19T10:00:24.189359" elapsed="10.330022"/>
</suite>
<suite id="s1-s2" name="01 Login" source="C:\Users\user\Desktop\CAPSTONE PROJECT\Ecommerce\robot-framework\tests\01_login.robot">
<kw name="Open Website" owner="ecommerce_keywords" type="SETUP">
<if>
<branch type="IF" condition="'${BROWSER}' == 'Chrome'">
<kw name="Evaluate" owner="BuiltIn">
<var>${options}</var>
<arg>sys.modules['selenium.webdriver'].ChromeOptions()</arg>
<arg>sys, selenium.webdriver</arg>
<doc>Evaluates the given expression in Python and returns the result.</doc>
<status status="NOT RUN" start="2026-02-19T10:00:34.525002" elapsed="0.000041"/>
</kw>
<kw name="Evaluate" owner="BuiltIn">
<var>${temp_dir}</var>
<arg>__import__('tempfile').mkdtemp()</arg>
<doc>Evaluates the given expression in Python and returns the result.</doc>
<status status="NOT RUN" start="2026-02-19T10:00:34.525283" elapsed="0.000040"/>
</kw>
<kw name="Create Dictionary" owner="BuiltIn">
<var>${prefs}</var>
<arg>credentials_enable_service=False</arg>
<arg>profile.password_manager_enabled=False</arg>
<arg>profile.default_content_setting_values.notifications=2</arg>
<doc>Creates and returns a dictionary based on the given ``items``.</doc>
<status status="NOT RUN" start="2026-02-19T10:00:34.525597" elapsed="0.000180"/>
</kw>
<kw name="Call Method" owner="BuiltIn">
<arg>${options}</arg>
<arg>add_experimental_option</arg>
<arg>prefs</arg>
<arg>${prefs}</arg>
<doc>Calls the named method of the given object with the provided arguments.</doc>
<status status="NOT RUN" start="2026-02-19T10:00:34.526024" elapsed="0.000056"/>
</kw>
<kw name="Set Variable" owner="BuiltIn">
<var>${incognito}</var>
<arg>--incognito</arg>
<doc>Returns the given values which can then be assigned to a variables.</doc>
<status status="NOT RUN" start="2026-02-19T10:00:34.526260" elapsed="0.000049"/>
</kw>
<kw name="Set Variable" owner="BuiltIn">
<var>${disable_pw}</var>
<arg>--disable-features=PasswordLeakDetection</arg>
<doc>Returns the given values which can then be assigned to a variables.</doc>
<status status="NOT RUN" start="2026-02-19T10:00:34.526495" elapsed="0.000058"/>
</kw>
<kw name="Set Variable" owner="BuiltIn">
<var>${disable_notify}</var>
<arg>--disable-notifications</arg>
<doc>Returns the given values which can then be assigned to a variables.</doc>
<status status="NOT RUN" start="2026-02-19T10:00:34.526722" elapsed="0.000046"/>
</kw>
<kw name="Set Variable" owner="BuiltIn">
<var>${no_first}</var>
<arg>--no-first-run</arg>
<doc>Returns the given values which can then be assigned to a variables.</doc>
<status status="NOT RUN" start="2026-02-19T10:00:34.526941" elapsed="0.000047"/>
</kw>
<kw name="Set Variable" owner="BuiltIn">
<var>${no_default}</var>
<arg>--no-default-browser-check</arg>
<doc>Returns the given values which can then be assigned to a variables.</doc>
<status status="NOT RUN" start="2026-02-19T10:00:34.527129" elapsed="0.000040"/>
</kw>
<kw name="Set Variable" owner="BuiltIn">
<var>${maximize}</var>
<arg>--start-maximized</arg>
<doc>Returns the given values which can then be assigned to a variables.</doc>
<status status="NOT RUN" start="2026-02-19T10:00:34.527303" elapsed="0.000042"/>
</kw>
<kw name="Set Variable" owner="BuiltIn">
<var>${profile}</var>
<arg>--user-data-dir=${temp_dir}</arg>
<doc>Returns the given values which can then be assigned to a variables.</doc>
<status status="NOT RUN" start="2026-02-19T10:00:34.527489" elapsed="0.000039"/>
</kw>
<kw name="Call Method" owner="BuiltIn">
<arg>${options}</arg>
<arg>add_argument</arg>
<arg>${incognito}</arg>
<doc>Calls the named method of the given object with the provided arguments.</doc>
<status status="NOT RUN" start="2026-02-19T10:00:34.527664" elapsed="0.000040"/>
</kw>
<kw name="Call Method" owner="BuiltIn">
<arg>${options}</arg>
<arg>add_argument</arg>
<arg>${disable_pw}</arg>
<doc>Calls the named method of the given object with the provided arguments.</doc>
<status status="NOT RUN" start="2026-02-19T10:00:34.527852" elapsed="0.000039"/>
</kw>
<kw name="Call Method" owner="BuiltIn">
<arg>${options}</arg>
<arg>add_argument</arg>
<arg>${disable_notify}</arg>
<doc>Calls the named method of the given object with the provided arguments.</doc>
<status status="NOT RUN" start="2026-02-19T10:00:34.528032" elapsed="0.000041"/>
</kw>
<kw name="Call Method" owner="BuiltIn">
<arg>${options}</arg>
<arg>add_argument</arg>
<arg>${no_first}</arg>
<doc>Calls the named method of the given object with the provided arguments.</doc>
<status status="NOT RUN" start="2026-02-19T10:00:34.528212" elapsed="0.000039"/>
</kw>
<kw name="Call Method" owner="BuiltIn">
<arg>${options}</arg>
<arg>add_argument</arg>
<arg>${no_default}</arg>
<doc>Calls the named method of the given object with the provided arguments.</doc>
<status status="NOT RUN" start="2026-02-19T10:00:34.528672" elapsed="0.000072"/>
</kw>
<kw name="Call Method" owner="BuiltIn">
<arg>${options}</arg>
<arg>add_argument</arg>
<arg>${maximize}</arg>
<doc>Calls the named method of the given object with the provided arguments.</doc>
<status status="NOT RUN" start="2026-02-19T10:00:34.528883" elapsed="0.000035"/>
</kw>
<kw name="Call Method" owner="BuiltIn">
<arg>${options}</arg>
<arg>add_argument</arg>
<arg>${profile}</arg>
<doc>Calls the named method of the given object with the provided arguments.</doc>
<status status="NOT RUN" start="2026-02-19T10:00:34.529030" elapsed="0.000030"/>
</kw>
<kw name="Create Webdriver" owner="SeleniumLibrary">
<arg>Chrome</arg>
<arg>options=${options}</arg>
<doc>Creates an instance of Selenium WebDriver.</doc>
<status status="NOT RUN" start="2026-02-19T10:00:34.529186" elapsed="0.000036"/>
</kw>
<kw name="Go To" owner="SeleniumLibrary">
<arg>${URL}</arg>
<doc>Navigates the current browser window to the provided ``url``.</doc>
<status status="NOT RUN" start="2026-02-19T10:00:34.529332" elapsed="0.000031"/>
</kw>
<status status="NOT RUN" start="2026-02-19T10:00:34.524698" elapsed="0.004711"/>
</branch>
<branch type="ELSE IF" condition="'${BROWSER}' == 'Edge'">
<kw name="Open Browser" owner="SeleniumLibrary">
<msg time="2026-02-19T10:00:34.530059" level="INFO">Opening browser 'Edge' to base url 'https://www.saucedemo.com/'.</msg>
<msg time="2026-02-19T10:00:35.163377" level="WARN">There was an error managing MicrosoftEdge (error sending request for url (https://msedgedriver.azureedge.net/LATEST_RELEASE_145_WINDOWS): error trying to connect: dns error: No such host is known. (os error 11001)); using driver found in the cache</msg>
<arg>${URL}</arg>
<arg>Edge</arg>
<doc>Opens a new browser instance to the optional ``url``.</doc>
<status status="PASS" start="2026-02-19T10:00:34.529772" elapsed="3.875475"/>
</kw>
<kw name="Maximize Browser Window" owner="SeleniumLibrary">
<doc>Maximizes current browser window.</doc>
<status status="PASS" start="2026-02-19T10:00:38.405769" elapsed="0.065151"/>
</kw>
<status status="PASS" start="2026-02-19T10:00:34.529475" elapsed="3.941659"/>
</branch>
<branch type="ELSE IF" condition="'${BROWSER}' == 'Firefox'">
<kw name="Evaluate" owner="BuiltIn">
<var>${ff_options}</var>
<arg>sys.modules['selenium.webdriver'].FirefoxOptions()</arg>
<arg>sys, selenium.webdriver</arg>
<doc>Evaluates the given expression in Python and returns the result.</doc>
<status status="NOT RUN" start="2026-02-19T10:00:38.471621" elapsed="0.000101"/>
</kw>
<kw name="Call Method" owner="BuiltIn">
<arg>${ff_options}</arg>
<arg>add_argument</arg>
<arg>-private</arg>
<doc>Calls the named method of the given object with the provided arguments.</doc>
<status status="NOT RUN" start="2026-02-19T10:00:38.472053" elapsed="0.000100"/>
</kw>
<kw name="Create Webdriver" owner="SeleniumLibrary">
<arg>Firefox</arg>
<arg>options=${ff_options}</arg>
<doc>Creates an instance of Selenium WebDriver.</doc>
<status status="NOT RUN" start="2026-02-19T10:00:38.472487" elapsed="0.000098"/>
</kw>
<kw name="Go To" owner="SeleniumLibrary">
<arg>${URL}</arg>
<doc>Navigates the current browser window to the provided ``url``.</doc>
<status status="NOT RUN" start="2026-02-19T10:00:38.472860" elapsed="0.000089"/>
</kw>
<status status="NOT RUN" start="2026-02-19T10:00:38.471263" elapsed="0.001807"/>
</branch>
<status status="PASS" start="2026-02-19T10:00:34.524663" elapsed="3.948520"/>
</if>
<kw name="Wait Until Element Is Visible" owner="SeleniumLibrary">
<arg>id=user-name</arg>
<arg>timeout=10s</arg>
<doc>Waits until the element ``locator`` is visible.</doc>
<status status="PASS" start="2026-02-19T10:00:38.473461" elapsed="0.070204"/>
</kw>
<kw name="Sleep" owner="BuiltIn">
<msg time="2026-02-19T10:00:39.245772" level="INFO">Slept 700 milliseconds.</msg>
<arg>${DELAY}</arg>
<doc>Pauses the test executed for the given time.</doc>
<status status="PASS" start="2026-02-19T10:00:38.544133" elapsed="0.701854"/>
</kw>
<status status="PASS" start="2026-02-19T10:00:34.524456" elapsed="4.721695"/>
</kw>
<test id="s1-s2-t1" name="User Login Successful" line="7">
<kw name="Login To Application" owner="ecommerce_keywords">
<kw name="Input Text" owner="SeleniumLibrary">
<msg time="2026-02-19T10:00:39.248306" level="INFO">Typing text 'standard_user' into text field 'id=user-name'.</msg>
<arg>id=user-name</arg>
<arg>${USERNAME}</arg>
<doc>Types the given ``text`` into the text field identified by ``locator``.</doc>
<status status="PASS" start="2026-02-19T10:00:39.247922" elapsed="0.184372"/>
</kw>
<kw name="Sleep" owner="BuiltIn">
<msg time="2026-02-19T10:00:40.133908" level="INFO">Slept 700 milliseconds.</msg>
<arg>${DELAY}</arg>
<doc>Pauses the test executed for the given time.</doc>
<status status="PASS" start="2026-02-19T10:00:39.432647" elapsed="0.701586"/>
</kw>
<kw name="Input Text" owner="SeleniumLibrary">
<msg time="2026-02-19T10:00:40.134698" level="INFO">Typing text 'secret_sauce' into text field 'id=password'.</msg>
<arg>id=password</arg>
<arg>${PASSWORD}</arg>
<doc>Types the given ``text`` into the text field identified by ``locator``.</doc>
<status status="PASS" start="2026-02-19T10:00:40.134441" elapsed="0.100832"/>
</kw>
<kw name="Sleep" owner="BuiltIn">
<msg time="2026-02-19T10:00:40.936865" level="INFO">Slept 700 milliseconds.</msg>
<arg>${DELAY}</arg>
<doc>Pauses the test executed for the given time.</doc>
<status status="PASS" start="2026-02-19T10:00:40.235609" elapsed="0.701395"/>
</kw>
<kw name="Click Button" owner="SeleniumLibrary">
<msg time="2026-02-19T10:00:40.937482" level="INFO">Clicking button 'id=login-button'.</msg>
<arg>id=login-button</arg>
<doc>Clicks the button identified by ``locator``.</doc>
<status status="PASS" start="2026-02-19T10:00:40.937220" elapsed="0.155863"/>
</kw>
<kw name="Wait Until Page Contains Element" owner="SeleniumLibrary">
<arg>css=.inventory_list</arg>
<doc>Waits until the element ``locator`` appears on the current page.</doc>
<status status="PASS" start="2026-02-19T10:00:41.093434" elapsed="0.021049"/>
</kw>
<kw name="Sleep" owner="BuiltIn">
<msg time="2026-02-19T10:00:41.815824" level="INFO">Slept 700 milliseconds.</msg>
<arg>${DELAY}</arg>
<doc>Pauses the test executed for the given time.</doc>
<status status="PASS" start="2026-02-19T10:00:41.114814" elapsed="0.701371"/>
</kw>
<status status="PASS" start="2026-02-19T10:00:39.247386" elapsed="2.569155"/>
</kw>
<kw name="Location Should Contain" owner="SeleniumLibrary">
<msg time="2026-02-19T10:00:41.825824" level="INFO">Current location contains 'inventory'.</msg>
<arg>inventory</arg>
<doc>Verifies that the current URL contains ``expected``.</doc>
<status status="PASS" start="2026-02-19T10:00:41.817139" elapsed="0.008849"/>
</kw>
<status status="PASS" start="2026-02-19T10:00:39.246271" elapsed="2.580288"/>
</test>
<kw name="Close Website" owner="ecommerce_keywords" type="TEARDOWN">
<kw name="Sleep" owner="BuiltIn">
<msg time="2026-02-19T10:00:42.530162" level="INFO">Slept 700 milliseconds.</msg>
<arg>${DELAY}</arg>
<doc>Pauses the test executed for the given time.</doc>
<status status="PASS" start="2026-02-19T10:00:41.828719" elapsed="0.701852"/>
</kw>
<kw name="Close Browser" owner="SeleniumLibrary">
<doc>Closes the current browser.</doc>
<status status="PASS" start="2026-02-19T10:00:42.530999" elapsed="2.424926"/>
</kw>
<status status="PASS" start="2026-02-19T10:00:41.828290" elapsed="3.127892"/>
</kw>
<status status="PASS" start="2026-02-19T10:00:34.520829" elapsed="10.435437"/>
</suite>
<suite id="s1-s3" name="02 Product" source="C:\Users\user\Desktop\CAPSTONE PROJECT\Ecommerce\robot-framework\tests\02_product.robot">
<kw name="Open Website" owner="ecommerce_keywords" type="SETUP">
<if>
<branch type="IF" condition="'${BROWSER}' == 'Chrome'">
<kw name="Evaluate" owner="BuiltIn">
<var>${options}</var>
<arg>sys.modules['selenium.webdriver'].ChromeOptions()</arg>
<arg>sys, selenium.webdriver</arg>
<doc>Evaluates the given expression in Python and returns the result.</doc>
<status status="NOT RUN" start="2026-02-19T10:00:44.962828" elapsed="0.000046"/>
</kw>
<kw name="Evaluate" owner="BuiltIn">
<var>${temp_dir}</var>
<arg>__import__('tempfile').mkdtemp()</arg>
<doc>Evaluates the given expression in Python and returns the result.</doc>
<status status="NOT RUN" start="2026-02-19T10:00:44.963028" elapsed="0.000036"/>
</kw>
<kw name="Create Dictionary" owner="BuiltIn">
<var>${prefs}</var>
<arg>credentials_enable_service=False</arg>
<arg>profile.password_manager_enabled=False</arg>
<arg>profile.default_content_setting_values.notifications=2</arg>
<doc>Creates and returns a dictionary based on the given ``items``.</doc>
<status status="NOT RUN" start="2026-02-19T10:00:44.963195" elapsed="0.000035"/>
</kw>
<kw name="Call Method" owner="BuiltIn">
<arg>${options}</arg>
<arg>add_experimental_option</arg>
<arg>prefs</arg>
<arg>${prefs}</arg>
<doc>Calls the named method of the given object with the provided arguments.</doc>
<status status="NOT RUN" start="2026-02-19T10:00:44.963355" elapsed="0.000045"/>
</kw>
<kw name="Set Variable" owner="BuiltIn">
<var>${incognito}</var>
<arg>--incognito</arg>
<doc>Returns the given values which can then be assigned to a variables.</doc>
<status status="NOT RUN" start="2026-02-19T10:00:44.963522" elapsed="0.000033"/>
</kw>
<kw name="Set Variable" owner="BuiltIn">
<var>${disable_pw}</var>
<arg>--disable-features=PasswordLeakDetection</arg>
<doc>Returns the given values which can then be assigned to a variables.</doc>
<status status="NOT RUN" start="2026-02-19T10:00:44.963673" elapsed="0.000035"/>
</kw>
<kw name="Set Variable" owner="BuiltIn">
<var>${disable_notify}</var>
<arg>--disable-notifications</arg>
<doc>Returns the given values which can then be assigned to a variables.</doc>
<status status="NOT RUN" start="2026-02-19T10:00:44.963826" elapsed="0.000036"/>
</kw>
<kw name="Set Variable" owner="BuiltIn">
<var>${no_first}</var>
<arg>--no-first-run</arg>
<doc>Returns the given values which can then be assigned to a variables.</doc>
<status status="NOT RUN" start="2026-02-19T10:00:44.963979" elapsed="0.000035"/>
</kw>
<kw name="Set Variable" owner="BuiltIn">
<var>${no_default}</var>
<arg>--no-default-browser-check</arg>
<doc>Returns the given values which can then be assigned to a variables.</doc>
<status status="NOT RUN" start="2026-02-19T10:00:44.964129" elapsed="0.000036"/>
</kw>
<kw name="Set Variable" owner="BuiltIn">
<var>${maximize}</var>
<arg>--start-maximized</arg>
<doc>Returns the given values which can then be assigned to a variables.</doc>
<status status="NOT RUN" start="2026-02-19T10:00:44.964279" elapsed="0.000031"/>
</kw>
<kw name="Set Variable" owner="BuiltIn">
<var>${profile}</var>
<arg>--user-data-dir=${temp_dir}</arg>
<doc>Returns the given values which can then be assigned to a variables.</doc>
<status status="NOT RUN" start="2026-02-19T10:00:44.964416" elapsed="0.000033"/>
</kw>
<kw name="Call Method" owner="BuiltIn">
<arg>${options}</arg>
<arg>add_argument</arg>
<arg>${incognito}</arg>
<doc>Calls the named method of the given object with the provided arguments.</doc>
<status status="NOT RUN" start="2026-02-19T10:00:44.964551" elapsed="0.000030"/>
</kw>
<kw name="Call Method" owner="BuiltIn">
<arg>${options}</arg>
<arg>add_argument</arg>
<arg>${disable_pw}</arg>
<doc>Calls the named method of the given object with the provided arguments.</doc>
<status status="NOT RUN" start="2026-02-19T10:00:44.964689" elapsed="0.000031"/>
</kw>
<kw name="Call Method" owner="BuiltIn">
<arg>${options}</arg>
<arg>add_argument</arg>
<arg>${disable_notify}</arg>
<doc>Calls the named method of the given object with the provided arguments.</doc>
<status status="NOT RUN" start="2026-02-19T10:00:44.964832" elapsed="0.000032"/>
</kw>
<kw name="Call Method" owner="BuiltIn">
<arg>${options}</arg>
<arg>add_argument</arg>
<arg>${no_first}</arg>
<doc>Calls the named method of the given object with the provided arguments.</doc>
<status status="NOT RUN" start="2026-02-19T10:00:44.964966" elapsed="0.000033"/>
</kw>
<kw name="Call Method" owner="BuiltIn">
<arg>${options}</arg>
<arg>add_argument</arg>
<arg>${no_default}</arg>
<doc>Calls the named method of the given object with the provided arguments.</doc>
<status status="NOT RUN" start="2026-02-19T10:00:44.965196" elapsed="0.000031"/>
</kw>
<kw name="Call Method" owner="BuiltIn">
<arg>${options}</arg>
<arg>add_argument</arg>
<arg>${maximize}</arg>
<doc>Calls the named method of the given object with the provided arguments.</doc>
<status status="NOT RUN" start="2026-02-19T10:00:44.965334" elapsed="0.000033"/>
</kw>
<kw name="Call Method" owner="BuiltIn">
<arg>${options}</arg>
<arg>add_argument</arg>
<arg>${profile}</arg>
<doc>Calls the named method of the given object with the provided arguments.</doc>
<status status="NOT RUN" start="2026-02-19T10:00:44.965479" elapsed="0.000032"/>
</kw>
<kw name="Create Webdriver" owner="SeleniumLibrary">
<arg>Chrome</arg>
<arg>options=${options}</arg>
<doc>Creates an instance of Selenium WebDriver.</doc>
<status status="NOT RUN" start="2026-02-19T10:00:44.965658" elapsed="0.000036"/>
</kw>
<kw name="Go To" owner="SeleniumLibrary">
<arg>${URL}</arg>
<doc>Navigates the current browser window to the provided ``url``.</doc>
<status status="NOT RUN" start="2026-02-19T10:00:44.965807" elapsed="0.000033"/>
</kw>
<status status="NOT RUN" start="2026-02-19T10:00:44.962517" elapsed="0.003373"/>
</branch>
<branch type="ELSE IF" condition="'${BROWSER}' == 'Edge'">
<kw name="Open Browser" owner="SeleniumLibrary">
<msg time="2026-02-19T10:00:44.966553" level="INFO">Opening browser 'Edge' to base url 'https://www.saucedemo.com/'.</msg>
<msg time="2026-02-19T10:00:45.600131" level="WARN">There was an error managing MicrosoftEdge (error sending request for url (https://msedgedriver.azureedge.net/LATEST_RELEASE_145_WINDOWS): error trying to connect: dns error: No such host is known. (os error 11001)); using driver found in the cache</msg>
<arg>${URL}</arg>
<arg>Edge</arg>
<doc>Opens a new browser instance to the optional ``url``.</doc>
<status status="PASS" start="2026-02-19T10:00:44.966257" elapsed="3.246157"/>
</kw>
<kw name="Maximize Browser Window" owner="SeleniumLibrary">
<doc>Maximizes current browser window.</doc>
<status status="PASS" start="2026-02-19T10:00:48.213030" elapsed="0.088836"/>
</kw>
<status status="PASS" start="2026-02-19T10:00:44.965949" elapsed="3.336142"/>
</branch>
<branch type="ELSE IF" condition="'${BROWSER}' == 'Firefox'">
<kw name="Evaluate" owner="BuiltIn">
<var>${ff_options}</var>
<arg>sys.modules['selenium.webdriver'].FirefoxOptions()</arg>
<arg>sys, selenium.webdriver</arg>
<doc>Evaluates the given expression in Python and returns the result.</doc>
<status status="NOT RUN" start="2026-02-19T10:00:48.302677" elapsed="0.000128"/>
</kw>
<kw name="Call Method" owner="BuiltIn">
<arg>${ff_options}</arg>
<arg>add_argument</arg>
<arg>-private</arg>
<doc>Calls the named method of the given object with the provided arguments.</doc>
<status status="NOT RUN" start="2026-02-19T10:00:48.303181" elapsed="0.000098"/>
</kw>
<kw name="Create Webdriver" owner="SeleniumLibrary">
<arg>Firefox</arg>
<arg>options=${ff_options}</arg>
<doc>Creates an instance of Selenium WebDriver.</doc>
<status status="NOT RUN" start="2026-02-19T10:00:48.303671" elapsed="0.000110"/>
</kw>
<kw name="Go To" owner="SeleniumLibrary">
<arg>${URL}</arg>
<doc>Navigates the current browser window to the provided ``url``.</doc>
<status status="NOT RUN" start="2026-02-19T10:00:48.304080" elapsed="0.000073"/>
</kw>
<status status="NOT RUN" start="2026-02-19T10:00:48.302247" elapsed="0.002020"/>
</branch>
<status status="PASS" start="2026-02-19T10:00:44.962481" elapsed="3.341927"/>
</if>
<kw name="Wait Until Element Is Visible" owner="SeleniumLibrary">
<arg>id=user-name</arg>
<arg>timeout=10s</arg>
<doc>Waits until the element ``locator`` is visible.</doc>
<status status="PASS" start="2026-02-19T10:00:48.305014" elapsed="0.075720"/>
</kw>
<kw name="Sleep" owner="BuiltIn">
<msg time="2026-02-19T10:00:49.082897" level="INFO">Slept 700 milliseconds.</msg>
<arg>${DELAY}</arg>
<doc>Pauses the test executed for the given time.</doc>
<status status="PASS" start="2026-02-19T10:00:48.381197" elapsed="0.702467"/>
</kw>
<status status="PASS" start="2026-02-19T10:00:44.962243" elapsed="4.122246"/>
</kw>
<test id="s1-s3-t1" name="User Can View Product Details" line="7">
<kw name="Login To Application" owner="ecommerce_keywords">
<kw name="Input Text" owner="SeleniumLibrary">
<msg time="2026-02-19T10:00:49.088467" level="INFO">Typing text 'standard_user' into text field 'id=user-name'.</msg>
<arg>id=user-name</arg>
<arg>${USERNAME}</arg>
<doc>Types the given ``text`` into the text field identified by ``locator``.</doc>
<status status="PASS" start="2026-02-19T10:00:49.087871" elapsed="0.204559"/>
</kw>
<kw name="Sleep" owner="BuiltIn">
<msg time="2026-02-19T10:00:49.994655" level="INFO">Slept 700 milliseconds.</msg>
<arg>${DELAY}</arg>
<doc>Pauses the test executed for the given time.</doc>
<status status="PASS" start="2026-02-19T10:00:49.293145" elapsed="0.702070"/>
</kw>
<kw name="Input Text" owner="SeleniumLibrary">
<msg time="2026-02-19T10:00:49.996115" level="INFO">Typing text 'secret_sauce' into text field 'id=password'.</msg>
<arg>id=password</arg>
<arg>${PASSWORD}</arg>
<doc>Types the given ``text`` into the text field identified by ``locator``.</doc>
<status status="PASS" start="2026-02-19T10:00:49.995759" elapsed="0.107496"/>
</kw>
<kw name="Sleep" owner="BuiltIn">
<msg time="2026-02-19T10:00:50.804538" level="INFO">Slept 700 milliseconds.</msg>
<arg>${DELAY}</arg>
<doc>Pauses the test executed for the given time.</doc>
<status status="PASS" start="2026-02-19T10:00:50.103517" elapsed="0.701193"/>
</kw>
<kw name="Click Button" owner="SeleniumLibrary">
<msg time="2026-02-19T10:00:50.805261" level="INFO">Clicking button 'id=login-button'.</msg>
<arg>id=login-button</arg>
<doc>Clicks the button identified by ``locator``.</doc>
<status status="PASS" start="2026-02-19T10:00:50.804969" elapsed="0.276773"/>
</kw>
<kw name="Wait Until Page Contains Element" owner="SeleniumLibrary">
<arg>css=.inventory_list</arg>
<doc>Waits until the element ``locator`` appears on the current page.</doc>
<status status="PASS" start="2026-02-19T10:00:51.082295" elapsed="0.051795"/>
</kw>
<kw name="Sleep" owner="BuiltIn">
<msg time="2026-02-19T10:00:51.836307" level="INFO">Slept 700 milliseconds.</msg>
<arg>${DELAY}</arg>
<doc>Pauses the test executed for the given time.</doc>
<status status="PASS" start="2026-02-19T10:00:51.134475" elapsed="0.702268"/>
</kw>
<status status="PASS" start="2026-02-19T10:00:49.087033" elapsed="2.749950"/>
</kw>
<kw name="Click Element" owner="SeleniumLibrary">
<msg time="2026-02-19T10:00:51.838463" level="INFO">Clicking element 'xpath=//div[text()='Sauce Labs Backpack']'.</msg>
<arg>xpath=//div[text()='Sauce Labs Backpack']</arg>
<doc>Click the element identified by ``locator``.</doc>
<status status="PASS" start="2026-02-19T10:00:51.837926" elapsed="0.141190"/>
</kw>
<kw name="Wait Until Element Is Visible" owner="SeleniumLibrary">
<arg>css=.inventory_details_name</arg>
<doc>Waits until the element ``locator`` is visible.</doc>
<status status="PASS" start="2026-02-19T10:00:51.979750" elapsed="0.048926"/>
</kw>
<kw name="Sleep" owner="BuiltIn">
<msg time="2026-02-19T10:00:52.730209" level="INFO">Slept 700 milliseconds.</msg>
<arg>${DELAY}</arg>
<doc>Pauses the test executed for the given time.</doc>
<status status="PASS" start="2026-02-19T10:00:52.029231" elapsed="0.701126"/>
</kw>
<kw name="Element Should Be Visible" owner="SeleniumLibrary">
<msg time="2026-02-19T10:00:52.780994" level="INFO">Element 'css=.inventory_details_price' is displayed.</msg>
<arg>css=.inventory_details_price</arg>
<doc>Verifies that the element identified by ``locator`` is visible.</doc>
<status status="PASS" start="2026-02-19T10:00:52.730804" elapsed="0.050318"/>
</kw>
<status status="PASS" start="2026-02-19T10:00:49.084932" elapsed="3.696693"/>
</test>
<kw name="Close Website" owner="ecommerce_keywords" type="TEARDOWN">
<kw name="Sleep" owner="BuiltIn">
<msg time="2026-02-19T10:00:53.483984" level="INFO">Slept 700 milliseconds.</msg>
<arg>${DELAY}</arg>
<doc>Pauses the test executed for the given time.</doc>
<status status="PASS" start="2026-02-19T10:00:52.783150" elapsed="0.700991"/>
</kw>
<kw name="Close Browser" owner="SeleniumLibrary">
<doc>Closes the current browser.</doc>
<status status="PASS" start="2026-02-19T10:00:53.484355" elapsed="2.294673"/>
</kw>
<status status="PASS" start="2026-02-19T10:00:52.782882" elapsed="2.996302"/>
</kw>
<status status="PASS" start="2026-02-19T10:00:44.957779" elapsed="10.821458"/>
</suite>
<suite id="s1-s4" name="03 Add To Cart" source="C:\Users\user\Desktop\CAPSTONE PROJECT\Ecommerce\robot-framework\tests\03_add_to_cart.robot">
<kw name="Open Website" owner="ecommerce_keywords" type="SETUP">
<if>
<branch type="IF" condition="'${BROWSER}' == 'Chrome'">
<kw name="Evaluate" owner="BuiltIn">
<var>${options}</var>
<arg>sys.modules['selenium.webdriver'].ChromeOptions()</arg>
<arg>sys, selenium.webdriver</arg>
<doc>Evaluates the given expression in Python and returns the result.</doc>
<status status="NOT RUN" start="2026-02-19T10:00:55.784495" elapsed="0.000041"/>
</kw>
<kw name="Evaluate" owner="BuiltIn">
<var>${temp_dir}</var>
<arg>__import__('tempfile').mkdtemp()</arg>
<doc>Evaluates the given expression in Python and returns the result.</doc>
<status status="NOT RUN" start="2026-02-19T10:00:55.784685" elapsed="0.000036"/>
</kw>
<kw name="Create Dictionary" owner="BuiltIn">
<var>${prefs}</var>
<arg>credentials_enable_service=False</arg>
<arg>profile.password_manager_enabled=False</arg>
<arg>profile.default_content_setting_values.notifications=2</arg>
<doc>Creates and returns a dictionary based on the given ``items``.</doc>
<status status="NOT RUN" start="2026-02-19T10:00:55.784845" elapsed="0.000032"/>
</kw>
<kw name="Call Method" owner="BuiltIn">
<arg>${options}</arg>
<arg>add_experimental_option</arg>
<arg>prefs</arg>
<arg>${prefs}</arg>
<doc>Calls the named method of the given object with the provided arguments.</doc>
<status status="NOT RUN" start="2026-02-19T10:00:55.784994" elapsed="0.000035"/>
</kw>
<kw name="Set Variable" owner="BuiltIn">
<var>${incognito}</var>
<arg>--incognito</arg>
<doc>Returns the given values which can then be assigned to a variables.</doc>
<status status="NOT RUN" start="2026-02-19T10:00:55.785143" elapsed="0.000028"/>
</kw>
<kw name="Set Variable" owner="BuiltIn">
<var>${disable_pw}</var>
<arg>--disable-features=PasswordLeakDetection</arg>
<doc>Returns the given values which can then be assigned to a variables.</doc>
<status status="NOT RUN" start="2026-02-19T10:00:55.785361" elapsed="0.000031"/>
</kw>
<kw name="Set Variable" owner="BuiltIn">
<var>${disable_notify}</var>
<arg>--disable-notifications</arg>
<doc>Returns the given values which can then be assigned to a variables.</doc>
<status status="NOT RUN" start="2026-02-19T10:00:55.785571" elapsed="0.000040"/>
</kw>
<kw name="Set Variable" owner="BuiltIn">
<var>${no_first}</var>
<arg>--no-first-run</arg>
<doc>Returns the given values which can then be assigned to a variables.</doc>
<status status="NOT RUN" start="2026-02-19T10:00:55.785725" elapsed="0.000033"/>
</kw>
<kw name="Set Variable" owner="BuiltIn">
<var>${no_default}</var>
<arg>--no-default-browser-check</arg>
<doc>Returns the given values which can then be assigned to a variables.</doc>
<status status="NOT RUN" start="2026-02-19T10:00:55.785870" elapsed="0.000029"/>
</kw>
<kw name="Set Variable" owner="BuiltIn">
<var>${maximize}</var>
<arg>--start-maximized</arg>
<doc>Returns the given values which can then be assigned to a variables.</doc>
<status status="NOT RUN" start="2026-02-19T10:00:55.786000" elapsed="0.000030"/>
</kw>
<kw name="Set Variable" owner="BuiltIn">
<var>${profile}</var>
<arg>--user-data-dir=${temp_dir}</arg>
<doc>Returns the given values which can then be assigned to a variables.</doc>
<status status="NOT RUN" start="2026-02-19T10:00:55.786221" elapsed="0.000033"/>
</kw>
<kw name="Call Method" owner="BuiltIn">
<arg>${options}</arg>
<arg>add_argument</arg>
<arg>${incognito}</arg>
<doc>Calls the named method of the given object with the provided arguments.</doc>
<status status="NOT RUN" start="2026-02-19T10:00:55.786365" elapsed="0.000036"/>
</kw>
<kw name="Call Method" owner="BuiltIn">
<arg>${options}</arg>
<arg>add_argument</arg>
<arg>${disable_pw}</arg>
<doc>Calls the named method of the given object with the provided arguments.</doc>
<status status="NOT RUN" start="2026-02-19T10:00:55.786514" elapsed="0.000031"/>
</kw>
<kw name="Call Method" owner="BuiltIn">
<arg>${options}</arg>
<arg>add_argument</arg>
<arg>${disable_notify}</arg>
<doc>Calls the named method of the given object with the provided arguments.</doc>
<status status="NOT RUN" start="2026-02-19T10:00:55.786650" elapsed="0.000031"/>
</kw>
<kw name="Call Method" owner="BuiltIn">
<arg>${options}</arg>
<arg>add_argument</arg>
<arg>${no_first}</arg>
<doc>Calls the named method of the given object with the provided arguments.</doc>
<status status="NOT RUN" start="2026-02-19T10:00:55.786795" elapsed="0.000032"/>
</kw>
<kw name="Call Method" owner="BuiltIn">
<arg>${options}</arg>
<arg>add_argument</arg>
<arg>${no_default}</arg>
<doc>Calls the named method of the given object with the provided arguments.</doc>
<status status="NOT RUN" start="2026-02-19T10:00:55.786928" elapsed="0.000031"/>
</kw>
<kw name="Call Method" owner="BuiltIn">
<arg>${options}</arg>
<arg>add_argument</arg>
<arg>${maximize}</arg>
<doc>Calls the named method of the given object with the provided arguments.</doc>
<status status="NOT RUN" start="2026-02-19T10:00:55.787062" elapsed="0.000176"/>
</kw>
<kw name="Call Method" owner="BuiltIn">
<arg>${options}</arg>
<arg>add_argument</arg>
<arg>${profile}</arg>
<doc>Calls the named method of the given object with the provided arguments.</doc>
<status status="NOT RUN" start="2026-02-19T10:00:55.787371" elapsed="0.000032"/>
</kw>
<kw name="Create Webdriver" owner="SeleniumLibrary">
<arg>Chrome</arg>
<arg>options=${options}</arg>
<doc>Creates an instance of Selenium WebDriver.</doc>
<status status="NOT RUN" start="2026-02-19T10:00:55.787530" elapsed="0.000033"/>
</kw>
<kw name="Go To" owner="SeleniumLibrary">
<arg>${URL}</arg>
<doc>Navigates the current browser window to the provided ``url``.</doc>
<status status="NOT RUN" start="2026-02-19T10:00:55.787669" elapsed="0.000029"/>
</kw>
<status status="NOT RUN" start="2026-02-19T10:00:55.784218" elapsed="0.003528"/>
</branch>
<branch type="ELSE IF" condition="'${BROWSER}' == 'Edge'">
<kw name="Open Browser" owner="SeleniumLibrary">
<msg time="2026-02-19T10:00:55.788386" level="INFO">Opening browser 'Edge' to base url 'https://www.saucedemo.com/'.</msg>
<msg time="2026-02-19T10:00:56.416284" level="WARN">There was an error managing MicrosoftEdge (error sending request for url (https://msedgedriver.azureedge.net/LATEST_RELEASE_145_WINDOWS): error trying to connect: dns error: No such host is known. (os error 11001)); using driver found in the cache</msg>
<arg>${URL}</arg>
<arg>Edge</arg>
<doc>Opens a new browser instance to the optional ``url``.</doc>
<status status="PASS" start="2026-02-19T10:00:55.788107" elapsed="3.055636"/>
</kw>
<kw name="Maximize Browser Window" owner="SeleniumLibrary">
<doc>Maximizes current browser window.</doc>
<status status="PASS" start="2026-02-19T10:00:58.844246" elapsed="0.078181"/>
</kw>
<status status="PASS" start="2026-02-19T10:00:55.787802" elapsed="3.134863"/>
</branch>
<branch type="ELSE IF" condition="'${BROWSER}' == 'Firefox'">
<kw name="Evaluate" owner="BuiltIn">
<var>${ff_options}</var>
<arg>sys.modules['selenium.webdriver'].FirefoxOptions()</arg>
<arg>sys, selenium.webdriver</arg>
<doc>Evaluates the given expression in Python and returns the result.</doc>
<status status="NOT RUN" start="2026-02-19T10:00:58.923236" elapsed="0.000138"/>
</kw>
<kw name="Call Method" owner="BuiltIn">
<arg>${ff_options}</arg>
<arg>add_argument</arg>
<arg>-private</arg>
<doc>Calls the named method of the given object with the provided arguments.</doc>
<status status="NOT RUN" start="2026-02-19T10:00:58.923765" elapsed="0.000113"/>
</kw>
<kw name="Create Webdriver" owner="SeleniumLibrary">
<arg>Firefox</arg>
<arg>options=${ff_options}</arg>
<doc>Creates an instance of Selenium WebDriver.</doc>
<status status="NOT RUN" start="2026-02-19T10:00:58.924234" elapsed="0.000099"/>
</kw>
<kw name="Go To" owner="SeleniumLibrary">
<arg>${URL}</arg>
<doc>Navigates the current browser window to the provided ``url``.</doc>
<status status="NOT RUN" start="2026-02-19T10:00:58.924628" elapsed="0.000090"/>
</kw>
<status status="NOT RUN" start="2026-02-19T10:00:58.922813" elapsed="0.002026"/>
</branch>
<status status="PASS" start="2026-02-19T10:00:55.784189" elapsed="3.140768"/>
</if>
<kw name="Wait Until Element Is Visible" owner="SeleniumLibrary">
<arg>id=user-name</arg>
<arg>timeout=10s</arg>
<doc>Waits until the element ``locator`` is visible.</doc>
<status status="PASS" start="2026-02-19T10:00:58.925261" elapsed="0.075713"/>
</kw>
<kw name="Sleep" owner="BuiltIn">
<msg time="2026-02-19T10:00:59.702955" level="INFO">Slept 700 milliseconds.</msg>
<arg>${DELAY}</arg>
<doc>Pauses the test executed for the given time.</doc>
<status status="PASS" start="2026-02-19T10:00:59.001513" elapsed="0.701672"/>
</kw>
<status status="PASS" start="2026-02-19T10:00:55.783985" elapsed="3.919413"/>
</kw>
<test id="s1-s4-t1" name="User Can Add Four Products To Cart" line="7">
<kw name="Login To Application" owner="ecommerce_keywords">
<kw name="Input Text" owner="SeleniumLibrary">
<msg time="2026-02-19T10:00:59.705744" level="INFO">Typing text 'standard_user' into text field 'id=user-name'.</msg>
<arg>id=user-name</arg>
<arg>${USERNAME}</arg>
<doc>Types the given ``text`` into the text field identified by ``locator``.</doc>
<status status="PASS" start="2026-02-19T10:00:59.705312" elapsed="0.229336"/>
</kw>
<kw name="Sleep" owner="BuiltIn">
<msg time="2026-02-19T10:01:00.636587" level="INFO">Slept 700 milliseconds.</msg>
<arg>${DELAY}</arg>
<doc>Pauses the test executed for the given time.</doc>
<status status="PASS" start="2026-02-19T10:00:59.935109" elapsed="0.701645"/>
</kw>
<kw name="Input Text" owner="SeleniumLibrary">
<msg time="2026-02-19T10:01:00.637397" level="INFO">Typing text 'secret_sauce' into text field 'id=password'.</msg>
<arg>id=password</arg>
<arg>${PASSWORD}</arg>
<doc>Types the given ``text`` into the text field identified by ``locator``.</doc>
<status status="PASS" start="2026-02-19T10:01:00.637057" elapsed="0.105070"/>
</kw>
<kw name="Sleep" owner="BuiltIn">
<msg time="2026-02-19T10:01:01.443579" level="INFO">Slept 700 milliseconds.</msg>
<arg>${DELAY}</arg>
<doc>Pauses the test executed for the given time.</doc>
<status status="PASS" start="2026-02-19T10:01:00.742401" elapsed="0.701444"/>
</kw>
<kw name="Click Button" owner="SeleniumLibrary">
<msg time="2026-02-19T10:01:01.445173" level="INFO">Clicking button 'id=login-button'.</msg>
<arg>id=login-button</arg>
<doc>Clicks the button identified by ``locator``.</doc>
<status status="PASS" start="2026-02-19T10:01:01.444449" elapsed="0.430973"/>
</kw>
<kw name="Wait Until Page Contains Element" owner="SeleniumLibrary">
<arg>css=.inventory_list</arg>
<doc>Waits until the element ``locator`` appears on the current page.</doc>
<status status="PASS" start="2026-02-19T10:01:01.876183" elapsed="0.049001"/>
</kw>
<kw name="Sleep" owner="BuiltIn">
<msg time="2026-02-19T10:01:02.627604" level="INFO">Slept 700 milliseconds.</msg>
<arg>${DELAY}</arg>
<doc>Pauses the test executed for the given time.</doc>
<status status="PASS" start="2026-02-19T10:01:01.925701" elapsed="0.702149"/>
</kw>
<status status="PASS" start="2026-02-19T10:00:59.704781" elapsed="2.923554"/>
</kw>
<kw name="Add Four Products To Cart" owner="ecommerce_keywords">
<kw name="Get WebElements" owner="SeleniumLibrary">
<msg time="2026-02-19T10:01:02.657605" level="INFO">${buttons} = [&lt;selenium.webdriver.remote.webelement.WebElement (session="f9650675964905310401354d5b08391a", element="f.B00DCEEBC9ECF32E8EE95326D87893D8.d.1622C3A3F1F8CAEFC44579E9B6327701.e.27")&gt;, &lt;selenium.webdriv...</msg>
<var>${buttons}</var>
<arg>xpath=//button[contains(text(),'Add to cart')]</arg>
<doc>Returns a list of WebElement objects matching the ``locator``.</doc>
<status status="PASS" start="2026-02-19T10:01:02.629715" elapsed="0.028014"/>
</kw>
<for flavor="IN RANGE">
<iter>
<kw name="Click Element" owner="SeleniumLibrary">
<msg time="2026-02-19T10:01:02.659403" level="INFO">Clicking element '&lt;selenium.webdriver.remote.webelement.WebElement (session="f9650675964905310401354d5b08391a", element="f.B00DCEEBC9ECF32E8EE95326D87893D8.d.1622C3A3F1F8CAEFC44579E9B6327701.e.27")&gt;'.</msg>
<arg>${buttons}[${index}]</arg>
<doc>Click the element identified by ``locator``.</doc>
<status status="PASS" start="2026-02-19T10:01:02.658847" elapsed="0.110506"/>
</kw>
<kw name="Sleep" owner="BuiltIn">
<msg time="2026-02-19T10:01:03.471154" level="INFO">Slept 700 milliseconds.</msg>
<arg>${DELAY}</arg>
<doc>Pauses the test executed for the given time.</doc>
<status status="PASS" start="2026-02-19T10:01:02.769911" elapsed="0.701588"/>
</kw>
<var name="${index}">0</var>
<status status="PASS" start="2026-02-19T10:01:02.658561" elapsed="0.813196"/>
</iter>
<iter>
<kw name="Click Element" owner="SeleniumLibrary">
<msg time="2026-02-19T10:01:03.473708" level="INFO">Clicking element '&lt;selenium.webdriver.remote.webelement.WebElement (session="f9650675964905310401354d5b08391a", element="f.B00DCEEBC9ECF32E8EE95326D87893D8.d.1622C3A3F1F8CAEFC44579E9B6327701.e.28")&gt;'.</msg>
<arg>${buttons}[${index}]</arg>
<doc>Click the element identified by ``locator``.</doc>
<status status="PASS" start="2026-02-19T10:01:03.472838" elapsed="0.081990"/>
</kw>
<kw name="Sleep" owner="BuiltIn">
<msg time="2026-02-19T10:01:04.256716" level="INFO">Slept 700 milliseconds.</msg>
<arg>${DELAY}</arg>
<doc>Pauses the test executed for the given time.</doc>
<status status="PASS" start="2026-02-19T10:01:03.555375" elapsed="0.701515"/>
</kw>
<var name="${index}">1</var>
<status status="PASS" start="2026-02-19T10:01:03.472352" elapsed="0.784834"/>
</iter>
<iter>
<kw name="Click Element" owner="SeleniumLibrary">
<msg time="2026-02-19T10:01:04.258406" level="INFO">Clicking element '&lt;selenium.webdriver.remote.webelement.WebElement (session="f9650675964905310401354d5b08391a", element="f.B00DCEEBC9ECF32E8EE95326D87893D8.d.1622C3A3F1F8CAEFC44579E9B6327701.e.29")&gt;'.</msg>
<arg>${buttons}[${index}]</arg>
<doc>Click the element identified by ``locator``.</doc>
<status status="PASS" start="2026-02-19T10:01:04.257863" elapsed="0.076107"/>
</kw>
<kw name="Sleep" owner="BuiltIn">
<msg time="2026-02-19T10:01:05.035267" level="INFO">Slept 700 milliseconds.</msg>
<arg>${DELAY}</arg>
<doc>Pauses the test executed for the given time.</doc>
<status status="PASS" start="2026-02-19T10:01:04.334271" elapsed="0.701162"/>
</kw>
<var name="${index}">2</var>
<status status="PASS" start="2026-02-19T10:01:04.257613" elapsed="0.777927"/>
</iter>
<iter>
<kw name="Click Element" owner="SeleniumLibrary">
<msg time="2026-02-19T10:01:05.036179" level="INFO">Clicking element '&lt;selenium.webdriver.remote.webelement.WebElement (session="f9650675964905310401354d5b08391a", element="f.B00DCEEBC9ECF32E8EE95326D87893D8.d.1622C3A3F1F8CAEFC44579E9B6327701.e.30")&gt;'.</msg>
<arg>${buttons}[${index}]</arg>
<doc>Click the element identified by ``locator``.</doc>
<status status="PASS" start="2026-02-19T10:01:05.035936" elapsed="0.053991"/>
</kw>
<kw name="Sleep" owner="BuiltIn">
<msg time="2026-02-19T10:01:05.791284" level="INFO">Slept 700 milliseconds.</msg>
<arg>${DELAY}</arg>
<doc>Pauses the test executed for the given time.</doc>
<status status="PASS" start="2026-02-19T10:01:05.090341" elapsed="0.701176"/>
</kw>
<var name="${index}">3</var>
<status status="PASS" start="2026-02-19T10:01:05.035788" elapsed="0.755923"/>
</iter>
<var>${index}</var>
<value>0</value>
<value>4</value>
<status status="PASS" start="2026-02-19T10:01:02.657981" elapsed="3.133892"/>
</for>
<status status="PASS" start="2026-02-19T10:01:02.629097" elapsed="3.163062"/>
</kw>
<kw name="Verify Cart Has Four Items" owner="ecommerce_keywords">
<kw name="Get Text" owner="SeleniumLibrary">
<msg time="2026-02-19T10:01:05.822992" level="INFO">${count} = 4</msg>
<var>${count}</var>
<arg>css=.shopping_cart_badge</arg>
<doc>Returns the text value of the element identified by ``locator``.</doc>
<status status="PASS" start="2026-02-19T10:01:05.793110" elapsed="0.029956"/>
</kw>
<kw name="Should Be Equal" owner="BuiltIn">
<arg>${count}</arg>
<arg>4</arg>
<doc>Fails if the given objects are unequal.</doc>
<status status="PASS" start="2026-02-19T10:01:05.823292" elapsed="0.000498"/>
</kw>
<kw name="Sleep" owner="BuiltIn">
<msg time="2026-02-19T10:01:06.524745" level="INFO">Slept 700 milliseconds.</msg>
<arg>${DELAY}</arg>
<doc>Pauses the test executed for the given time.</doc>
<status status="PASS" start="2026-02-19T10:01:05.823946" elapsed="0.700938"/>
</kw>
<status status="PASS" start="2026-02-19T10:01:05.792741" elapsed="0.732286"/>
</kw>
<kw name="Go To Cart" owner="ecommerce_keywords">
<kw name="Click Element" owner="SeleniumLibrary">
<msg time="2026-02-19T10:01:06.526132" level="INFO">Clicking element 'css=.shopping_cart_link'.</msg>
<arg>css=.shopping_cart_link</arg>
<doc>Click the element identified by ``locator``.</doc>
<status status="PASS" start="2026-02-19T10:01:06.525957" elapsed="0.073829"/>
</kw>
<kw name="Wait Until Page Contains" owner="SeleniumLibrary">
<arg>Your Cart</arg>
<doc>Waits until ``text`` appears on the current page.</doc>
<status status="PASS" start="2026-02-19T10:01:06.600036" elapsed="0.016300"/>
</kw>
<kw name="Sleep" owner="BuiltIn">
<msg time="2026-02-19T10:01:07.317598" level="INFO">Slept 700 milliseconds.</msg>
<arg>${DELAY}</arg>
<doc>Pauses the test executed for the given time.</doc>
<status status="PASS" start="2026-02-19T10:01:06.616673" elapsed="0.701070"/>
</kw>
<status status="PASS" start="2026-02-19T10:01:06.525671" elapsed="0.792235"/>
</kw>
<kw name="Page Should Contain" owner="SeleniumLibrary">
<msg time="2026-02-19T10:01:07.330072" level="INFO">Current page contains text 'Your Cart'.</msg>
<arg>Your Cart</arg>
<doc>Verifies that current page contains ``text``.</doc>
<status status="PASS" start="2026-02-19T10:01:07.318346" elapsed="0.011848"/>
</kw>
<status status="PASS" start="2026-02-19T10:00:59.703561" elapsed="7.626958"/>
</test>
<kw name="Close Website" owner="ecommerce_keywords" type="TEARDOWN">
<kw name="Sleep" owner="BuiltIn">
<msg time="2026-02-19T10:01:08.032673" level="INFO">Slept 700 milliseconds.</msg>
<arg>${DELAY}</arg>
<doc>Pauses the test executed for the given time.</doc>
<status status="PASS" start="2026-02-19T10:01:07.331641" elapsed="0.701327"/>
</kw>
<kw name="Close Browser" owner="SeleniumLibrary">
<doc>Closes the current browser.</doc>
<status status="PASS" start="2026-02-19T10:01:08.033394" elapsed="2.386607"/>
</kw>
<status status="PASS" start="2026-02-19T10:01:07.331305" elapsed="3.089009"/>
</kw>
<status status="PASS" start="2026-02-19T10:00:55.780425" elapsed="14.639983"/>
</suite>
<suite id="s1-s5" name="04 Update Cart" source="C:\Users\user\Desktop\CAPSTONE PROJECT\Ecommerce\robot-framework\tests\04_update_cart.robot">
<kw name="Open Website" owner="ecommerce_keywords" type="SETUP">
<if>
<branch type="IF" condition="'${BROWSER}' == 'Chrome'">
<kw name="Evaluate" owner="BuiltIn">
<var>${options}</var>
<arg>sys.modules['selenium.webdriver'].ChromeOptions()</arg>
<arg>sys, selenium.webdriver</arg>
<doc>Evaluates the given expression in Python and returns the result.</doc>
<status status="NOT RUN" start="2026-02-19T10:01:10.428246" elapsed="0.000062"/>
</kw>
<kw name="Evaluate" owner="BuiltIn">
<var>${temp_dir}</var>
<arg>__import__('tempfile').mkdtemp()</arg>
<doc>Evaluates the given expression in Python and returns the result.</doc>
<status status="NOT RUN" start="2026-02-19T10:01:10.428600" elapsed="0.000047"/>
</kw>
<kw name="Create Dictionary" owner="BuiltIn">
<var>${prefs}</var>
<arg>credentials_enable_service=False</arg>
<arg>profile.password_manager_enabled=False</arg>
<arg>profile.default_content_setting_values.notifications=2</arg>
<doc>Creates and returns a dictionary based on the given ``items``.</doc>
<status status="NOT RUN" start="2026-02-19T10:01:10.428813" elapsed="0.000042"/>
</kw>
<kw name="Call Method" owner="BuiltIn">
<arg>${options}</arg>
<arg>add_experimental_option</arg>
<arg>prefs</arg>
<arg>${prefs}</arg>
<doc>Calls the named method of the given object with the provided arguments.</doc>
<status status="NOT RUN" start="2026-02-19T10:01:10.429001" elapsed="0.000042"/>
</kw>
<kw name="Set Variable" owner="BuiltIn">
<var>${incognito}</var>
<arg>--incognito</arg>
<doc>Returns the given values which can then be assigned to a variables.</doc>
<status status="NOT RUN" start="2026-02-19T10:01:10.429199" elapsed="0.000043"/>
</kw>
<kw name="Set Variable" owner="BuiltIn">
<var>${disable_pw}</var>
<arg>--disable-features=PasswordLeakDetection</arg>
<doc>Returns the given values which can then be assigned to a variables.</doc>
<status status="NOT RUN" start="2026-02-19T10:01:10.429379" elapsed="0.000037"/>
</kw>
<kw name="Set Variable" owner="BuiltIn">
<var>${disable_notify}</var>
<arg>--disable-notifications</arg>
<doc>Returns the given values which can then be assigned to a variables.</doc>
<status status="NOT RUN" start="2026-02-19T10:01:10.429547" elapsed="0.000034"/>
</kw>
<kw name="Set Variable" owner="BuiltIn">
<var>${no_first}</var>
<arg>--no-first-run</arg>
<doc>Returns the given values which can then be assigned to a variables.</doc>
<status status="NOT RUN" start="2026-02-19T10:01:10.429719" elapsed="0.000037"/>
</kw>
<kw name="Set Variable" owner="BuiltIn">
<var>${no_default}</var>
<arg>--no-default-browser-check</arg>
<doc>Returns the given values which can then be assigned to a variables.</doc>
<status status="NOT RUN" start="2026-02-19T10:01:10.429884" elapsed="0.000037"/>
</kw>
<kw name="Set Variable" owner="BuiltIn">
<var>${maximize}</var>
<arg>--start-maximized</arg>
<doc>Returns the given values which can then be assigned to a variables.</doc>
<status status="NOT RUN" start="2026-02-19T10:01:10.430046" elapsed="0.000038"/>
</kw>
<kw name="Set Variable" owner="BuiltIn">
<var>${profile}</var>
<arg>--user-data-dir=${temp_dir}</arg>
<doc>Returns the given values which can then be assigned to a variables.</doc>
<status status="NOT RUN" start="2026-02-19T10:01:10.430207" elapsed="0.000036"/>
</kw>
<kw name="Call Method" owner="BuiltIn">
<arg>${options}</arg>
<arg>add_argument</arg>
<arg>${incognito}</arg>
<doc>Calls the named method of the given object with the provided arguments.</doc>
<status status="NOT RUN" start="2026-02-19T10:01:10.430364" elapsed="0.000038"/>
</kw>
<kw name="Call Method" owner="BuiltIn">
<arg>${options}</arg>
<arg>add_argument</arg>
<arg>${disable_pw}</arg>
<doc>Calls the named method of the given object with the provided arguments.</doc>
<status status="NOT RUN" start="2026-02-19T10:01:10.430524" elapsed="0.000044"/>
</kw>
<kw name="Call Method" owner="BuiltIn">
<arg>${options}</arg>
<arg>add_argument</arg>
<arg>${disable_notify}</arg>
<doc>Calls the named method of the given object with the provided arguments.</doc>
<status status="NOT RUN" start="2026-02-19T10:01:10.430689" elapsed="0.000035"/>
</kw>
<kw name="Call Method" owner="BuiltIn">
<arg>${options}</arg>
<arg>add_argument</arg>
<arg>${no_first}</arg>
<doc>Calls the named method of the given object with the provided arguments.</doc>
<status status="NOT RUN" start="2026-02-19T10:01:10.430843" elapsed="0.000033"/>
</kw>
<kw name="Call Method" owner="BuiltIn">
<arg>${options}</arg>
<arg>add_argument</arg>
<arg>${no_default}</arg>
<doc>Calls the named method of the given object with the provided arguments.</doc>
<status status="NOT RUN" start="2026-02-19T10:01:10.430997" elapsed="0.000036"/>
</kw>
<kw name="Call Method" owner="BuiltIn">
<arg>${options}</arg>
<arg>add_argument</arg>
<arg>${maximize}</arg>
<doc>Calls the named method of the given object with the provided arguments.</doc>
<status status="NOT RUN" start="2026-02-19T10:01:10.431157" elapsed="0.000034"/>
</kw>
<kw name="Call Method" owner="BuiltIn">
<arg>${options}</arg>
<arg>add_argument</arg>
<arg>${profile}</arg>
<doc>Calls the named method of the given object with the provided arguments.</doc>
<status status="NOT RUN" start="2026-02-19T10:01:10.431314" elapsed="0.000038"/>
</kw>
<kw name="Create Webdriver" owner="SeleniumLibrary">
<arg>Chrome</arg>
<arg>options=${options}</arg>
<doc>Creates an instance of Selenium WebDriver.</doc>
<status status="NOT RUN" start="2026-02-19T10:01:10.431499" elapsed="0.000041"/>
</kw>
<kw name="Go To" owner="SeleniumLibrary">
<arg>${URL}</arg>
<doc>Navigates the current browser window to the provided ``url``.</doc>
<status status="NOT RUN" start="2026-02-19T10:01:10.431678" elapsed="0.000037"/>
</kw>
<status status="NOT RUN" start="2026-02-19T10:01:10.427721" elapsed="0.004048"/>
</branch>
<branch type="ELSE IF" condition="'${BROWSER}' == 'Edge'">
<kw name="Open Browser" owner="SeleniumLibrary">
<msg time="2026-02-19T10:01:10.432545" level="INFO">Opening browser 'Edge' to base url 'https://www.saucedemo.com/'.</msg>
<msg time="2026-02-19T10:01:11.218061" level="WARN">There was an error managing MicrosoftEdge (error sending request for url (https://msedgedriver.azureedge.net/LATEST_RELEASE_145_WINDOWS): error trying to connect: dns error: No such host is known. (os error 11001)); using driver found in the cache</msg>
<arg>${URL}</arg>
<arg>Edge</arg>
<doc>Opens a new browser instance to the optional ``url``.</doc>
<status status="PASS" start="2026-02-19T10:01:10.432204" elapsed="3.652942"/>
</kw>
<kw name="Maximize Browser Window" owner="SeleniumLibrary">
<doc>Maximizes current browser window.</doc>
<status status="PASS" start="2026-02-19T10:01:14.086697" elapsed="0.122617"/>
</kw>
<status status="PASS" start="2026-02-19T10:01:10.431835" elapsed="3.777768"/>
</branch>
<branch type="ELSE IF" condition="'${BROWSER}' == 'Firefox'">
<kw name="Evaluate" owner="BuiltIn">
<var>${ff_options}</var>
<arg>sys.modules['selenium.webdriver'].FirefoxOptions()</arg>
<arg>sys, selenium.webdriver</arg>
<doc>Evaluates the given expression in Python and returns the result.</doc>
<status status="NOT RUN" start="2026-02-19T10:01:14.210401" elapsed="0.000151"/>
</kw>
<kw name="Call Method" owner="BuiltIn">
<arg>${ff_options}</arg>
<arg>add_argument</arg>
<arg>-private</arg>
<doc>Calls the named method of the given object with the provided arguments.</doc>
<status status="NOT RUN" start="2026-02-19T10:01:14.211010" elapsed="0.000114"/>
</kw>
<kw name="Create Webdriver" owner="SeleniumLibrary">
<arg>Firefox</arg>
<arg>options=${ff_options}</arg>
<doc>Creates an instance of Selenium WebDriver.</doc>
<status status="NOT RUN" start="2026-02-19T10:01:14.211910" elapsed="0.000732"/>
</kw>
<kw name="Go To" owner="SeleniumLibrary">
<arg>${URL}</arg>
<doc>Navigates the current browser window to the provided ``url``.</doc>
<status status="NOT RUN" start="2026-02-19T10:01:14.213858" elapsed="0.000268"/>
</kw>
<status status="NOT RUN" start="2026-02-19T10:01:14.209792" elapsed="0.006091"/>
</branch>
<status status="PASS" start="2026-02-19T10:01:10.427669" elapsed="3.788940"/>
</if>
<kw name="Wait Until Element Is Visible" owner="SeleniumLibrary">
<arg>id=user-name</arg>
<arg>timeout=10s</arg>
<doc>Waits until the element ``locator`` is visible.</doc>
<status status="PASS" start="2026-02-19T10:01:14.217539" elapsed="0.107248"/>
</kw>
<kw name="Sleep" owner="BuiltIn">
<msg time="2026-02-19T10:01:15.027620" level="INFO">Slept 700 milliseconds.</msg>
<arg>${DELAY}</arg>
<doc>Pauses the test executed for the given time.</doc>
<status status="PASS" start="2026-02-19T10:01:14.325350" elapsed="0.702566"/>
</kw>
<status status="PASS" start="2026-02-19T10:01:10.427316" elapsed="4.600874"/>
</kw>
<test id="s1-s5-t1" name="User Can Remove Product From Cart" line="7">
<kw name="Login To Application" owner="ecommerce_keywords">
<kw name="Input Text" owner="SeleniumLibrary">
<msg time="2026-02-19T10:01:15.030930" level="INFO">Typing text 'standard_user' into text field 'id=user-name'.</msg>
<arg>id=user-name</arg>
<arg>${USERNAME}</arg>
<doc>Types the given ``text`` into the text field identified by ``locator``.</doc>
<status status="PASS" start="2026-02-19T10:01:15.030367" elapsed="0.283589"/>
</kw>
<kw name="Sleep" owner="BuiltIn">
<msg time="2026-02-19T10:01:16.016197" level="INFO">Slept 700 milliseconds.</msg>
<arg>${DELAY}</arg>
<doc>Pauses the test executed for the given time.</doc>
<status status="PASS" start="2026-02-19T10:01:15.314581" elapsed="0.701951"/>
</kw>
<kw name="Input Text" owner="SeleniumLibrary">
<msg time="2026-02-19T10:01:16.017316" level="INFO">Typing text 'secret_sauce' into text field 'id=password'.</msg>
<arg>id=password</arg>
<arg>${PASSWORD}</arg>
<doc>Types the given ``text`` into the text field identified by ``locator``.</doc>
<status status="PASS" start="2026-02-19T10:01:16.016874" elapsed="0.121146"/>
</kw>
<kw name="Sleep" owner="BuiltIn">
<msg time="2026-02-19T10:01:16.839546" level="INFO">Slept 700 milliseconds.</msg>
<arg>${DELAY}</arg>
<doc>Pauses the test executed for the given time.</doc>
<status status="PASS" start="2026-02-19T10:01:16.138392" elapsed="0.701387"/>
</kw>
<kw name="Click Button" owner="SeleniumLibrary">
<msg time="2026-02-19T10:01:16.840617" level="INFO">Clicking button 'id=login-button'.</msg>
<arg>id=login-button</arg>
<doc>Clicks the button identified by ``locator``.</doc>
<status status="PASS" start="2026-02-19T10:01:16.840160" elapsed="0.215704"/>
</kw>
<kw name="Wait Until Page Contains Element" owner="SeleniumLibrary">
<arg>css=.inventory_list</arg>
<doc>Waits until the element ``locator`` appears on the current page.</doc>
<status status="PASS" start="2026-02-19T10:01:17.056461" elapsed="0.033757"/>
</kw>
<kw name="Sleep" owner="BuiltIn">
<msg time="2026-02-19T10:01:17.792066" level="INFO">Slept 700 milliseconds.</msg>
<arg>${DELAY}</arg>
<doc>Pauses the test executed for the given time.</doc>
<status status="PASS" start="2026-02-19T10:01:17.090685" elapsed="0.701605"/>
</kw>
<status status="PASS" start="2026-02-19T10:01:15.029683" elapsed="2.762795"/>
</kw>
<kw name="Add Four Products To Cart" owner="ecommerce_keywords">
<kw name="Get WebElements" owner="SeleniumLibrary">
<msg time="2026-02-19T10:01:17.817230" level="INFO">${buttons} = [&lt;selenium.webdriver.remote.webelement.WebElement (session="3d0b34454dd0b6d7fcb39c5f431176a5", element="f.C92BE857F9923C332D84A9908FAB91B6.d.6A49AEB7E36E1322CB4CE3D2388856C0.e.27")&gt;, &lt;selenium.webdriv...</msg>
<var>${buttons}</var>
<arg>xpath=//button[contains(text(),'Add to cart')]</arg>
<doc>Returns a list of WebElement objects matching the ``locator``.</doc>
<status status="PASS" start="2026-02-19T10:01:17.793650" elapsed="0.023697"/>
</kw>
<for flavor="IN RANGE">
<iter>
<kw name="Click Element" owner="SeleniumLibrary">
<msg time="2026-02-19T10:01:17.818737" level="INFO">Clicking element '&lt;selenium.webdriver.remote.webelement.WebElement (session="3d0b34454dd0b6d7fcb39c5f431176a5", element="f.C92BE857F9923C332D84A9908FAB91B6.d.6A49AEB7E36E1322CB4CE3D2388856C0.e.27")&gt;'.</msg>
<arg>${buttons}[${index}]</arg>
<doc>Click the element identified by ``locator``.</doc>
<status status="PASS" start="2026-02-19T10:01:17.818217" elapsed="0.098041"/>
</kw>
<kw name="Sleep" owner="BuiltIn">
<msg time="2026-02-19T10:01:18.617796" level="INFO">Slept 700 milliseconds.</msg>
<arg>${DELAY}</arg>
<doc>Pauses the test executed for the given time.</doc>
<status status="PASS" start="2026-02-19T10:01:17.916635" elapsed="0.701314"/>
</kw>
<var name="${index}">0</var>
<status status="PASS" start="2026-02-19T10:01:17.817983" elapsed="0.800072"/>
</iter>
<iter>
<kw name="Click Element" owner="SeleniumLibrary">
<msg time="2026-02-19T10:01:18.618806" level="INFO">Clicking element '&lt;selenium.webdriver.remote.webelement.WebElement (session="3d0b34454dd0b6d7fcb39c5f431176a5", element="f.C92BE857F9923C332D84A9908FAB91B6.d.6A49AEB7E36E1322CB4CE3D2388856C0.e.28")&gt;'.</msg>
<arg>${buttons}[${index}]</arg>
<doc>Click the element identified by ``locator``.</doc>
<status status="PASS" start="2026-02-19T10:01:18.618453" elapsed="0.054476"/>
</kw>
<kw name="Sleep" owner="BuiltIn">
<msg time="2026-02-19T10:01:19.374055" level="INFO">Slept 700 milliseconds.</msg>
<arg>${DELAY}</arg>
<doc>Pauses the test executed for the given time.</doc>
<status status="PASS" start="2026-02-19T10:01:18.673167" elapsed="0.701026"/>
</kw>
<var name="${index}">1</var>
<status status="PASS" start="2026-02-19T10:01:18.618272" elapsed="0.756017"/>
</iter>
<iter>
<kw name="Click Element" owner="SeleniumLibrary">
<msg time="2026-02-19T10:01:19.374909" level="INFO">Clicking element '&lt;selenium.webdriver.remote.webelement.WebElement (session="3d0b34454dd0b6d7fcb39c5f431176a5", element="f.C92BE857F9923C332D84A9908FAB91B6.d.6A49AEB7E36E1322CB4CE3D2388856C0.e.29")&gt;'.</msg>
<arg>${buttons}[${index}]</arg>
<doc>Click the element identified by ``locator``.</doc>
<status status="PASS" start="2026-02-19T10:01:19.374625" elapsed="0.046806"/>
</kw>
<kw name="Sleep" owner="BuiltIn">
<msg time="2026-02-19T10:01:20.122281" level="INFO">Slept 700 milliseconds.</msg>
<arg>${DELAY}</arg>
<doc>Pauses the test executed for the given time.</doc>
<status status="PASS" start="2026-02-19T10:01:19.421618" elapsed="0.700841"/>
</kw>
<var name="${index}">2</var>
<status status="PASS" start="2026-02-19T10:01:19.374482" elapsed="0.748092"/>
</iter>
<iter>
<kw name="Click Element" owner="SeleniumLibrary">
<msg time="2026-02-19T10:01:20.123470" level="INFO">Clicking element '&lt;selenium.webdriver.remote.webelement.WebElement (session="3d0b34454dd0b6d7fcb39c5f431176a5", element="f.C92BE857F9923C332D84A9908FAB91B6.d.6A49AEB7E36E1322CB4CE3D2388856C0.e.30")&gt;'.</msg>
<arg>${buttons}[${index}]</arg>
<doc>Click the element identified by ``locator``.</doc>
<status status="PASS" start="2026-02-19T10:01:20.123027" elapsed="0.050581"/>
</kw>
<kw name="Sleep" owner="BuiltIn">
<msg time="2026-02-19T10:01:20.874733" level="INFO">Slept 700 milliseconds.</msg>
<arg>${DELAY}</arg>
<doc>Pauses the test executed for the given time.</doc>
<status status="PASS" start="2026-02-19T10:01:20.173875" elapsed="0.701000"/>
</kw>
<var name="${index}">3</var>
<status status="PASS" start="2026-02-19T10:01:20.122805" elapsed="0.752172"/>
</iter>
<var>${index}</var>
<value>0</value>
<value>4</value>
<status status="PASS" start="2026-02-19T10:01:17.817541" elapsed="3.057518"/>
</for>
<status status="PASS" start="2026-02-19T10:01:17.793263" elapsed="3.081925"/>
</kw>
<kw name="Go To Cart" owner="ecommerce_keywords">
<kw name="Click Element" owner="SeleniumLibrary">
<msg time="2026-02-19T10:01:20.876668" level="INFO">Clicking element 'css=.shopping_cart_link'.</msg>
<arg>css=.shopping_cart_link</arg>
<doc>Click the element identified by ``locator``.</doc>
<status status="PASS" start="2026-02-19T10:01:20.876421" elapsed="0.083300"/>
</kw>
<kw name="Wait Until Page Contains" owner="SeleniumLibrary">
<arg>Your Cart</arg>
<doc>Waits until ``text`` appears on the current page.</doc>
<status status="PASS" start="2026-02-19T10:01:20.959986" elapsed="0.018582"/>
</kw>
<kw name="Sleep" owner="BuiltIn">
<msg time="2026-02-19T10:01:21.679648" level="INFO">Slept 700 milliseconds.</msg>
<arg>${DELAY}</arg>
<doc>Pauses the test executed for the given time.</doc>
<status status="PASS" start="2026-02-19T10:01:20.978839" elapsed="0.701135"/>
</kw>
<status status="PASS" start="2026-02-19T10:01:20.876028" elapsed="0.804166"/>
</kw>
<kw name="Remove All Items From Cart" owner="ecommerce_keywords">
<kw name="Get WebElements" owner="SeleniumLibrary">
<msg time="2026-02-19T10:01:21.700306" level="INFO">${remove_buttons} = [&lt;selenium.webdriver.remote.webelement.WebElement (session="3d0b34454dd0b6d7fcb39c5f431176a5", element="f.C92BE857F9923C332D84A9908FAB91B6.d.6A49AEB7E36E1322CB4CE3D2388856C0.e.43")&gt;, &lt;selenium.webdriv...</msg>
<var>${remove_buttons}</var>
<arg>xpath=//button[text()='Remove']</arg>
<doc>Returns a list of WebElement objects matching the ``locator``.</doc>
<status status="PASS" start="2026-02-19T10:01:21.681444" elapsed="0.018976"/>
</kw>
<for flavor="IN">
<iter>
<kw name="Click Element" owner="SeleniumLibrary">
<msg time="2026-02-19T10:01:21.701547" level="INFO">Clicking element '&lt;selenium.webdriver.remote.webelement.WebElement (session="3d0b34454dd0b6d7fcb39c5f431176a5", element="f.C92BE857F9923C332D84A9908FAB91B6.d.6A49AEB7E36E1322CB4CE3D2388856C0.e.43")&gt;'.</msg>
<arg>${btn}</arg>
<doc>Click the element identified by ``locator``.</doc>
<status status="PASS" start="2026-02-19T10:01:21.701206" elapsed="0.091862"/>
</kw>
<kw name="Sleep" owner="BuiltIn">
<msg time="2026-02-19T10:01:22.494460" level="INFO">Slept 700 milliseconds.</msg>
<arg>${DELAY}</arg>
<doc>Pauses the test executed for the given time.</doc>
<status status="PASS" start="2026-02-19T10:01:21.793392" elapsed="0.701260"/>
</kw>
<var name="${btn}">&lt;selenium.webdriver.remote.webelement.WebElement (session="3d0b34454dd0b6d7fcb39c5f431176a5", element="f.C92BE857F9923C332D84A9908FAB91B6.d.6A49AEB7E36E1322CB4CE3D2388856C0.e.43")&gt;</var>
<status status="PASS" start="2026-02-19T10:01:21.700997" elapsed="0.793760"/>
</iter>
<iter>
<kw name="Click Element" owner="SeleniumLibrary">
<msg time="2026-02-19T10:01:22.495856" level="INFO">Clicking element '&lt;selenium.webdriver.remote.webelement.WebElement (session="3d0b34454dd0b6d7fcb39c5f431176a5", element="f.C92BE857F9923C332D84A9908FAB91B6.d.6A49AEB7E36E1322CB4CE3D2388856C0.e.44")&gt;'.</msg>
<arg>${btn}</arg>
<doc>Click the element identified by ``locator``.</doc>
<status status="PASS" start="2026-02-19T10:01:22.495135" elapsed="0.055583"/>
</kw>
<kw name="Sleep" owner="BuiltIn">
<msg time="2026-02-19T10:01:23.251648" level="INFO">Slept 700 milliseconds.</msg>
<arg>${DELAY}</arg>
<doc>Pauses the test executed for the given time.</doc>
<status status="PASS" start="2026-02-19T10:01:22.550990" elapsed="0.700945"/>
</kw>
<var name="${btn}">&lt;selenium.webdriver.remote.webelement.WebElement (session="3d0b34454dd0b6d7fcb39c5f431176a5", element="f.C92BE857F9923C332D84A9908FAB91B6.d.6A49AEB7E36E1322CB4CE3D2388856C0.e.44")&gt;</var>
<status status="PASS" start="2026-02-19T10:01:22.494969" elapsed="0.757164"/>
</iter>
<iter>
<kw name="Click Element" owner="SeleniumLibrary">
<msg time="2026-02-19T10:01:23.253596" level="INFO">Clicking element '&lt;selenium.webdriver.remote.webelement.WebElement (session="3d0b34454dd0b6d7fcb39c5f431176a5", element="f.C92BE857F9923C332D84A9908FAB91B6.d.6A49AEB7E36E1322CB4CE3D2388856C0.e.45")&gt;'.</msg>
<arg>${btn}</arg>
<doc>Click the element identified by ``locator``.</doc>
<status status="PASS" start="2026-02-19T10:01:23.252899" elapsed="0.047018"/>
</kw>
<kw name="Sleep" owner="BuiltIn">
<msg time="2026-02-19T10:01:24.001194" level="INFO">Slept 700 milliseconds.</msg>
<arg>${DELAY}</arg>
<doc>Pauses the test executed for the given time.</doc>
<status status="PASS" start="2026-02-19T10:01:23.300165" elapsed="0.701251"/>
</kw>
<var name="${btn}">&lt;selenium.webdriver.remote.webelement.WebElement (session="3d0b34454dd0b6d7fcb39c5f431176a5", element="f.C92BE857F9923C332D84A9908FAB91B6.d.6A49AEB7E36E1322CB4CE3D2388856C0.e.45")&gt;</var>
<status status="PASS" start="2026-02-19T10:01:23.252572" elapsed="0.749011"/>
</iter>
<iter>
<kw name="Click Element" owner="SeleniumLibrary">
<msg time="2026-02-19T10:01:24.002541" level="INFO">Clicking element '&lt;selenium.webdriver.remote.webelement.WebElement (session="3d0b34454dd0b6d7fcb39c5f431176a5", element="f.C92BE857F9923C332D84A9908FAB91B6.d.6A49AEB7E36E1322CB4CE3D2388856C0.e.46")&gt;'.</msg>
<arg>${btn}</arg>
<doc>Click the element identified by ``locator``.</doc>
<status status="PASS" start="2026-02-19T10:01:24.002229" elapsed="0.043505"/>
</kw>
<kw name="Sleep" owner="BuiltIn">
<msg time="2026-02-19T10:01:24.746348" level="INFO">Slept 700 milliseconds.</msg>
<arg>${DELAY}</arg>
<doc>Pauses the test executed for the given time.</doc>
<status status="PASS" start="2026-02-19T10:01:24.045902" elapsed="0.700594"/>
</kw>
<var name="${btn}">&lt;selenium.webdriver.remote.webelement.WebElement (session="3d0b34454dd0b6d7fcb39c5f431176a5", element="f.C92BE857F9923C332D84A9908FAB91B6.d.6A49AEB7E36E1322CB4CE3D2388856C0.e.46")&gt;</var>
<status status="PASS" start="2026-02-19T10:01:24.001945" elapsed="0.744648"/>
</iter>
<var>${btn}</var>
<value>@{remove_buttons}</value>
<status status="PASS" start="2026-02-19T10:01:21.700596" elapsed="3.046080"/>
</for>
<status status="PASS" start="2026-02-19T10:01:21.680946" elapsed="3.065850"/>
</kw>
<kw name="Page Should Not Contain Element" owner="SeleniumLibrary">
<msg time="2026-02-19T10:01:24.758397" level="INFO">Current page does not contain element 'css=.cart_item'.</msg>
<arg>css=.cart_item</arg>
<doc>Verifies that element ``locator`` is not found on the current page.</doc>
<status status="PASS" start="2026-02-19T10:01:24.747355" elapsed="0.011160"/>
</kw>
<status status="PASS" start="2026-02-19T10:01:15.028389" elapsed="9.730507"/>
</test>
<kw name="Close Website" owner="ecommerce_keywords" type="TEARDOWN">
<kw name="Sleep" owner="BuiltIn">
<msg time="2026-02-19T10:01:25.460800" level="INFO">Slept 700 milliseconds.</msg>
<arg>${DELAY}</arg>
<doc>Pauses the test executed for the given time.</doc>
<status status="PASS" start="2026-02-19T10:01:24.759938" elapsed="0.700996"/>
</kw>
<kw name="Close Browser" owner="SeleniumLibrary">
<doc>Closes the current browser.</doc>
<status status="PASS" start="2026-02-19T10:01:25.461128" elapsed="2.258718"/>
</kw>
<status status="PASS" start="2026-02-19T10:01:24.759692" elapsed="2.960320"/>
</kw>
<status status="PASS" start="2026-02-19T10:01:10.421965" elapsed="17.298106"/>
</suite>
<suite id="s1-s6" name="05 Logout" source="C:\Users\user\Desktop\CAPSTONE PROJECT\Ecommerce\robot-framework\tests\05_logout.robot">
<kw name="Open Website" owner="ecommerce_keywords" type="SETUP">
<if>
<branch type="IF" condition="'${BROWSER}' == 'Chrome'">
<kw name="Evaluate" owner="BuiltIn">
<var>${options}</var>
<arg>sys.modules['selenium.webdriver'].ChromeOptions()</arg>
<arg>sys, selenium.webdriver</arg>
<doc>Evaluates the given expression in Python and returns the result.</doc>
<status status="NOT RUN" start="2026-02-19T10:01:27.725486" elapsed="0.000046"/>
</kw>
<kw name="Evaluate" owner="BuiltIn">
<var>${temp_dir}</var>
<arg>__import__('tempfile').mkdtemp()</arg>
<doc>Evaluates the given expression in Python and returns the result.</doc>
<status status="NOT RUN" start="2026-02-19T10:01:27.725687" elapsed="0.000038"/>
</kw>
<kw name="Create Dictionary" owner="BuiltIn">
<var>${prefs}</var>
<arg>credentials_enable_service=False</arg>
<arg>profile.password_manager_enabled=False</arg>
<arg>profile.default_content_setting_values.notifications=2</arg>
<doc>Creates and returns a dictionary based on the given ``items``.</doc>
<status status="NOT RUN" start="2026-02-19T10:01:27.725860" elapsed="0.000035"/>
</kw>
<kw name="Call Method" owner="BuiltIn">
<arg>${options}</arg>
<arg>add_experimental_option</arg>
<arg>prefs</arg>
<arg>${prefs}</arg>
<doc>Calls the named method of the given object with the provided arguments.</doc>
<status status="NOT RUN" start="2026-02-19T10:01:27.726023" elapsed="0.000074"/>
</kw>
<kw name="Set Variable" owner="BuiltIn">
<var>${incognito}</var>
<arg>--incognito</arg>
<doc>Returns the given values which can then be assigned to a variables.</doc>
<status status="NOT RUN" start="2026-02-19T10:01:27.726248" elapsed="0.000037"/>
</kw>
<kw name="Set Variable" owner="BuiltIn">
<var>${disable_pw}</var>
<arg>--disable-features=PasswordLeakDetection</arg>
<doc>Returns the given values which can then be assigned to a variables.</doc>
<status status="NOT RUN" start="2026-02-19T10:01:27.726410" elapsed="0.000231"/>
</kw>
<kw name="Set Variable" owner="BuiltIn">
<var>${disable_notify}</var>
<arg>--disable-notifications</arg>
<doc>Returns the given values which can then be assigned to a variables.</doc>
<status status="NOT RUN" start="2026-02-19T10:01:27.726939" elapsed="0.000075"/>
</kw>
<kw name="Set Variable" owner="BuiltIn">
<var>${no_first}</var>
<arg>--no-first-run</arg>
<doc>Returns the given values which can then be assigned to a variables.</doc>
<status status="NOT RUN" start="2026-02-19T10:01:27.727176" elapsed="0.000036"/>
</kw>
<kw name="Set Variable" owner="BuiltIn">
<var>${no_default}</var>
<arg>--no-default-browser-check</arg>
<doc>Returns the given values which can then be assigned to a variables.</doc>
<status status="NOT RUN" start="2026-02-19T10:01:27.727334" elapsed="0.000033"/>
</kw>
<kw name="Set Variable" owner="BuiltIn">
<var>${maximize}</var>
<arg>--start-maximized</arg>
<doc>Returns the given values which can then be assigned to a variables.</doc>
<status status="NOT RUN" start="2026-02-19T10:01:27.727481" elapsed="0.000030"/>
</kw>
<kw name="Set Variable" owner="BuiltIn">
<var>${profile}</var>
<arg>--user-data-dir=${temp_dir}</arg>
<doc>Returns the given values which can then be assigned to a variables.</doc>
<status status="NOT RUN" start="2026-02-19T10:01:27.727621" elapsed="0.000031"/>
</kw>
<kw name="Call Method" owner="BuiltIn">
<arg>${options}</arg>
<arg>add_argument</arg>
<arg>${incognito}</arg>
<doc>Calls the named method of the given object with the provided arguments.</doc>
<status status="NOT RUN" start="2026-02-19T10:01:27.727756" elapsed="0.000031"/>
</kw>
<kw name="Call Method" owner="BuiltIn">
<arg>${options}</arg>
<arg>add_argument</arg>
<arg>${disable_pw}</arg>
<doc>Calls the named method of the given object with the provided arguments.</doc>
<status status="NOT RUN" start="2026-02-19T10:01:27.727894" elapsed="0.000030"/>
</kw>
<kw name="Call Method" owner="BuiltIn">
<arg>${options}</arg>
<arg>add_argument</arg>
<arg>${disable_notify}</arg>
<doc>Calls the named method of the given object with the provided arguments.</doc>
<status status="NOT RUN" start="2026-02-19T10:01:27.728026" elapsed="0.000028"/>
</kw>
<kw name="Call Method" owner="BuiltIn">
<arg>${options}</arg>
<arg>add_argument</arg>
<arg>${no_first}</arg>
<doc>Calls the named method of the given object with the provided arguments.</doc>
<status status="NOT RUN" start="2026-02-19T10:01:27.728158" elapsed="0.000029"/>
</kw>
<kw name="Call Method" owner="BuiltIn">
<arg>${options}</arg>
<arg>add_argument</arg>
<arg>${no_default}</arg>
<doc>Calls the named method of the given object with the provided arguments.</doc>
<status status="NOT RUN" start="2026-02-19T10:01:27.728286" elapsed="0.000028"/>
</kw>
<kw name="Call Method" owner="BuiltIn">
<arg>${options}</arg>
<arg>add_argument</arg>
<arg>${maximize}</arg>
<doc>Calls the named method of the given object with the provided arguments.</doc>
<status status="NOT RUN" start="2026-02-19T10:01:27.728415" elapsed="0.000028"/>
</kw>
<kw name="Call Method" owner="BuiltIn">
<arg>${options}</arg>
<arg>add_argument</arg>
<arg>${profile}</arg>
<doc>Calls the named method of the given object with the provided arguments.</doc>
<status status="NOT RUN" start="2026-02-19T10:01:27.728549" elapsed="0.000030"/>
</kw>
<kw name="Create Webdriver" owner="SeleniumLibrary">
<arg>Chrome</arg>
<arg>options=${options}</arg>
<doc>Creates an instance of Selenium WebDriver.</doc>
<status status="NOT RUN" start="2026-02-19T10:01:27.728697" elapsed="0.000032"/>
</kw>
<kw name="Go To" owner="SeleniumLibrary">
<arg>${URL}</arg>
<doc>Navigates the current browser window to the provided ``url``.</doc>
<status status="NOT RUN" start="2026-02-19T10:01:27.728836" elapsed="0.000029"/>
</kw>
<status status="NOT RUN" start="2026-02-19T10:01:27.725195" elapsed="0.003714"/>
</branch>
<branch type="ELSE IF" condition="'${BROWSER}' == 'Edge'">
<kw name="Open Browser" owner="SeleniumLibrary">
<msg time="2026-02-19T10:01:27.729567" level="INFO">Opening browser 'Edge' to base url 'https://www.saucedemo.com/'.</msg>
<msg time="2026-02-19T10:01:28.364013" level="WARN">There was an error managing MicrosoftEdge (error sending request for url (https://msedgedriver.azureedge.net/LATEST_RELEASE_145_WINDOWS): error trying to connect: dns error: No such host is known. (os error 11001)); using driver found in the cache</msg>
<arg>${URL}</arg>
<arg>Edge</arg>
<doc>Opens a new browser instance to the optional ``url``.</doc>
<status status="PASS" start="2026-02-19T10:01:27.729279" elapsed="3.280558"/>
</kw>
<kw name="Maximize Browser Window" owner="SeleniumLibrary">
<doc>Maximizes current browser window.</doc>
<status status="PASS" start="2026-02-19T10:01:31.010531" elapsed="0.095429"/>
</kw>
<status status="PASS" start="2026-02-19T10:01:27.728966" elapsed="3.377345"/>
</branch>
<branch type="ELSE IF" condition="'${BROWSER}' == 'Firefox'">
<kw name="Evaluate" owner="BuiltIn">
<var>${ff_options}</var>
<arg>sys.modules['selenium.webdriver'].FirefoxOptions()</arg>
<arg>sys, selenium.webdriver</arg>
<doc>Evaluates the given expression in Python and returns the result.</doc>
<status status="NOT RUN" start="2026-02-19T10:01:31.107145" elapsed="0.000142"/>
</kw>
<kw name="Call Method" owner="BuiltIn">
<arg>${ff_options}</arg>
<arg>add_argument</arg>
<arg>-private</arg>
<doc>Calls the named method of the given object with the provided arguments.</doc>
<status status="NOT RUN" start="2026-02-19T10:01:31.107819" elapsed="0.000178"/>
</kw>
<kw name="Create Webdriver" owner="SeleniumLibrary">
<arg>Firefox</arg>
<arg>options=${ff_options}</arg>
<doc>Creates an instance of Selenium WebDriver.</doc>
<status status="NOT RUN" start="2026-02-19T10:01:31.108870" elapsed="0.000213"/>
</kw>
<kw name="Go To" owner="SeleniumLibrary">
<arg>${URL}</arg>
<doc>Navigates the current browser window to the provided ``url``.</doc>
<status status="NOT RUN" start="2026-02-19T10:01:31.109606" elapsed="0.000138"/>
</kw>
<status status="NOT RUN" start="2026-02-19T10:01:31.106563" elapsed="0.003386"/>
</branch>
<status status="PASS" start="2026-02-19T10:01:27.725079" elapsed="3.385079"/>
</if>
<kw name="Wait Until Element Is Visible" owner="SeleniumLibrary">
<arg>id=user-name</arg>
<arg>timeout=10s</arg>
<doc>Waits until the element ``locator`` is visible.</doc>
<status status="PASS" start="2026-02-19T10:01:31.110638" elapsed="0.101837"/>
</kw>
<kw name="Sleep" owner="BuiltIn">
<msg time="2026-02-19T10:01:31.915076" level="INFO">Slept 700 milliseconds.</msg>
<arg>${DELAY}</arg>
<doc>Pauses the test executed for the given time.</doc>
<status status="PASS" start="2026-02-19T10:01:31.213143" elapsed="0.702897"/>
</kw>
<status status="PASS" start="2026-02-19T10:01:27.724891" elapsed="4.191951"/>
</kw>
<test id="s1-s6-t1" name="User Logout And Session Validation" line="7">
<kw name="Login To Application" owner="ecommerce_keywords">
<kw name="Input Text" owner="SeleniumLibrary">
<msg time="2026-02-19T10:01:31.920564" level="INFO">Typing text 'standard_user' into text field 'id=user-name'.</msg>
<arg>id=user-name</arg>
<arg>${USERNAME}</arg>
<doc>Types the given ``text`` into the text field identified by ``locator``.</doc>
<status status="PASS" start="2026-02-19T10:01:31.919884" elapsed="0.235957"/>
</kw>
<kw name="Sleep" owner="BuiltIn">
<msg time="2026-02-19T10:01:32.857708" level="INFO">Slept 700 milliseconds.</msg>
<arg>${DELAY}</arg>
<doc>Pauses the test executed for the given time.</doc>
<status status="PASS" start="2026-02-19T10:01:32.156539" elapsed="0.701365"/>
</kw>
<kw name="Input Text" owner="SeleniumLibrary">
<msg time="2026-02-19T10:01:32.858600" level="INFO">Typing text 'secret_sauce' into text field 'id=password'.</msg>
<arg>id=password</arg>
<arg>${PASSWORD}</arg>
<doc>Types the given ``text`` into the text field identified by ``locator``.</doc>
<status status="PASS" start="2026-02-19T10:01:32.858179" elapsed="0.118835"/>
</kw>
<kw name="Sleep" owner="BuiltIn">
<msg time="2026-02-19T10:01:33.678587" level="INFO">Slept 700 milliseconds.</msg>
<arg>${DELAY}</arg>
<doc>Pauses the test executed for the given time.</doc>
<status status="PASS" start="2026-02-19T10:01:32.977508" elapsed="0.701327"/>
</kw>
<kw name="Click Button" owner="SeleniumLibrary">
<msg time="2026-02-19T10:01:33.679734" level="INFO">Clicking button 'id=login-button'.</msg>
<arg>id=login-button</arg>
<doc>Clicks the button identified by ``locator``.</doc>
<status status="PASS" start="2026-02-19T10:01:33.679250" elapsed="0.225485"/>
</kw>
<kw name="Wait Until Page Contains Element" owner="SeleniumLibrary">
<arg>css=.inventory_list</arg>
<doc>Waits until the element ``locator`` appears on the current page.</doc>
<status status="PASS" start="2026-02-19T10:01:33.905136" elapsed="0.048898"/>
</kw>
<kw name="Sleep" owner="BuiltIn">
<msg time="2026-02-19T10:01:34.655905" level="INFO">Slept 700 milliseconds.</msg>
<arg>${DELAY}</arg>
<doc>Pauses the test executed for the given time.</doc>
<status status="PASS" start="2026-02-19T10:01:33.954505" elapsed="0.702011"/>
</kw>
<status status="PASS" start="2026-02-19T10:01:31.919132" elapsed="2.737717"/>
</kw>
<kw name="Logout From Application" owner="ecommerce_keywords">
<kw name="Click Element" owner="SeleniumLibrary">
<msg time="2026-02-19T10:01:34.659011" level="INFO">Clicking element 'id=react-burger-menu-btn'.</msg>
<arg>id=react-burger-menu-btn</arg>
<doc>Click the element identified by ``locator``.</doc>
<status status="PASS" start="2026-02-19T10:01:34.658405" elapsed="0.104511"/>
</kw>
<kw name="Sleep" owner="BuiltIn">
<msg time="2026-02-19T10:01:35.464508" level="INFO">Slept 700 milliseconds.</msg>
<arg>${DELAY}</arg>
<doc>Pauses the test executed for the given time.</doc>
<status status="PASS" start="2026-02-19T10:01:34.763230" elapsed="0.701798"/>
</kw>
<kw name="Click Element" owner="SeleniumLibrary">
<msg time="2026-02-19T10:01:35.466589" level="INFO">Clicking element 'id=logout_sidebar_link'.</msg>
<arg>id=logout_sidebar_link</arg>
<doc>Click the element identified by ``locator``.</doc>
<status status="PASS" start="2026-02-19T10:01:35.465905" elapsed="0.115408"/>
</kw>
<kw name="Wait Until Element Is Visible" owner="SeleniumLibrary">
<arg>id=login-button</arg>
<doc>Waits until the element ``locator`` is visible.</doc>
<status status="PASS" start="2026-02-19T10:01:35.581565" elapsed="0.021794"/>
</kw>
<kw name="Sleep" owner="BuiltIn">
<msg time="2026-02-19T10:01:36.304569" level="INFO">Slept 700 milliseconds.</msg>
<arg>${DELAY}</arg>
<doc>Pauses the test executed for the given time.</doc>
<status status="PASS" start="2026-02-19T10:01:35.603559" elapsed="0.701153"/>
</kw>
<status status="PASS" start="2026-02-19T10:01:34.657914" elapsed="1.646928"/>
</kw>
<kw name="Wait Until Element Is Visible" owner="SeleniumLibrary">
<arg>id=login-button</arg>
<arg>timeout=10s</arg>
<doc>Waits until the element ``locator`` is visible.</doc>
<status status="PASS" start="2026-02-19T10:01:36.305335" elapsed="0.018229"/>
</kw>
<kw name="Location Should Contain" owner="SeleniumLibrary">
<msg time="2026-02-19T10:01:36.330689" level="INFO">Current location contains 'saucedemo.com'.</msg>
<arg>saucedemo.com</arg>
<doc>Verifies that the current URL contains ``expected``.</doc>
<status status="PASS" start="2026-02-19T10:01:36.324297" elapsed="0.006495"/>
</kw>
<status status="PASS" start="2026-02-19T10:01:31.917429" elapsed="4.413705"/>
</test>
<kw name="Close Website" owner="ecommerce_keywords" type="TEARDOWN">
<kw name="Sleep" owner="BuiltIn">
<msg time="2026-02-19T10:01:37.033283" level="INFO">Slept 700 milliseconds.</msg>
<arg>${DELAY}</arg>
<doc>Pauses the test executed for the given time.</doc>
<status status="PASS" start="2026-02-19T10:01:36.332247" elapsed="0.701163"/>
</kw>
<kw name="Close Browser" owner="SeleniumLibrary">
<doc>Closes the current browser.</doc>
<status status="PASS" start="2026-02-19T10:01:37.033572" elapsed="2.279923"/>
</kw>
<status status="PASS" start="2026-02-19T10:01:36.331992" elapsed="2.981672"/>
</kw>
<status status="PASS" start="2026-02-19T10:01:27.721302" elapsed="11.592422"/>
</suite>
<suite id="s1-s7" name="06 Checkout" source="C:\Users\user\Desktop\CAPSTONE PROJECT\Ecommerce\robot-framework\tests\06_checkout.robot">
<kw name="Open Website" owner="ecommerce_keywords" type="SETUP">
<if>
<branch type="IF" condition="'${BROWSER}' == 'Chrome'">
<kw name="Evaluate" owner="BuiltIn">
<var>${options}</var>
<arg>sys.modules['selenium.webdriver'].ChromeOptions()</arg>
<arg>sys, selenium.webdriver</arg>
<doc>Evaluates the given expression in Python and returns the result.</doc>
<status status="NOT RUN" start="2026-02-19T10:01:39.369798" elapsed="0.000049"/>
</kw>
<kw name="Evaluate" owner="BuiltIn">
<var>${temp_dir}</var>
<arg>__import__('tempfile').mkdtemp()</arg>
<doc>Evaluates the given expression in Python and returns the result.</doc>
<status status="NOT RUN" start="2026-02-19T10:01:39.370008" elapsed="0.000033"/>
</kw>
<kw name="Create Dictionary" owner="BuiltIn">
<var>${prefs}</var>
<arg>credentials_enable_service=False</arg>
<arg>profile.password_manager_enabled=False</arg>
<arg>profile.default_content_setting_values.notifications=2</arg>
<doc>Creates and returns a dictionary based on the given ``items``.</doc>
<status status="NOT RUN" start="2026-02-19T10:01:39.370250" elapsed="0.000034"/>
</kw>
<kw name="Call Method" owner="BuiltIn">
<arg>${options}</arg>
<arg>add_experimental_option</arg>
<arg>prefs</arg>
<arg>${prefs}</arg>
<doc>Calls the named method of the given object with the provided arguments.</doc>
<status status="NOT RUN" start="2026-02-19T10:01:39.370418" elapsed="0.000032"/>
</kw>
<kw name="Set Variable" owner="BuiltIn">
<var>${incognito}</var>
<arg>--incognito</arg>
<doc>Returns the given values which can then be assigned to a variables.</doc>
<status status="NOT RUN" start="2026-02-19T10:01:39.370573" elapsed="0.000032"/>
</kw>
<kw name="Set Variable" owner="BuiltIn">
<var>${disable_pw}</var>
<arg>--disable-features=PasswordLeakDetection</arg>
<doc>Returns the given values which can then be assigned to a variables.</doc>
<status status="NOT RUN" start="2026-02-19T10:01:39.370720" elapsed="0.000032"/>
</kw>
<kw name="Set Variable" owner="BuiltIn">
<var>${disable_notify}</var>
<arg>--disable-notifications</arg>
<doc>Returns the given values which can then be assigned to a variables.</doc>
<status status="NOT RUN" start="2026-02-19T10:01:39.370861" elapsed="0.000030"/>
</kw>
<kw name="Set Variable" owner="BuiltIn">
<var>${no_first}</var>
<arg>--no-first-run</arg>
<doc>Returns the given values which can then be assigned to a variables.</doc>
<status status="NOT RUN" start="2026-02-19T10:01:39.371006" elapsed="0.000029"/>
</kw>
<kw name="Set Variable" owner="BuiltIn">
<var>${no_default}</var>
<arg>--no-default-browser-check</arg>
<doc>Returns the given values which can then be assigned to a variables.</doc>
<status status="NOT RUN" start="2026-02-19T10:01:39.371149" elapsed="0.000032"/>
</kw>
<kw name="Set Variable" owner="BuiltIn">
<var>${maximize}</var>
<arg>--start-maximized</arg>
<doc>Returns the given values which can then be assigned to a variables.</doc>
<status status="NOT RUN" start="2026-02-19T10:01:39.371289" elapsed="0.000030"/>
</kw>
<kw name="Set Variable" owner="BuiltIn">
<var>${profile}</var>
<arg>--user-data-dir=${temp_dir}</arg>
<doc>Returns the given values which can then be assigned to a variables.</doc>
<status status="NOT RUN" start="2026-02-19T10:01:39.371428" elapsed="0.000033"/>
</kw>
<kw name="Call Method" owner="BuiltIn">
<arg>${options}</arg>
<arg>add_argument</arg>
<arg>${incognito}</arg>
<doc>Calls the named method of the given object with the provided arguments.</doc>
<status status="NOT RUN" start="2026-02-19T10:01:39.371568" elapsed="0.000030"/>
</kw>
<kw name="Call Method" owner="BuiltIn">
<arg>${options}</arg>
<arg>add_argument</arg>
<arg>${disable_pw}</arg>
<doc>Calls the named method of the given object with the provided arguments.</doc>
<status status="NOT RUN" start="2026-02-19T10:01:39.371709" elapsed="0.000030"/>
</kw>
<kw name="Call Method" owner="BuiltIn">
<arg>${options}</arg>
<arg>add_argument</arg>
<arg>${disable_notify}</arg>
<doc>Calls the named method of the given object with the provided arguments.</doc>
<status status="NOT RUN" start="2026-02-19T10:01:39.372055" elapsed="0.000041"/>
</kw>
<kw name="Call Method" owner="BuiltIn">
<arg>${options}</arg>
<arg>add_argument</arg>
<arg>${no_first}</arg>
<doc>Calls the named method of the given object with the provided arguments.</doc>
<status status="NOT RUN" start="2026-02-19T10:01:39.372230" elapsed="0.000032"/>
</kw>
<kw name="Call Method" owner="BuiltIn">
<arg>${options}</arg>
<arg>add_argument</arg>
<arg>${no_default}</arg>
<doc>Calls the named method of the given object with the provided arguments.</doc>
<status status="NOT RUN" start="2026-02-19T10:01:39.372380" elapsed="0.000031"/>
</kw>
<kw name="Call Method" owner="BuiltIn">
<arg>${options}</arg>
<arg>add_argument</arg>
<arg>${maximize}</arg>
<doc>Calls the named method of the given object with the provided arguments.</doc>
<status status="NOT RUN" start="2026-02-19T10:01:39.372526" elapsed="0.000031"/>
</kw>
<kw name="Call Method" owner="BuiltIn">
<arg>${options}</arg>
<arg>add_argument</arg>
<arg>${profile}</arg>
<doc>Calls the named method of the given object with the provided arguments.</doc>
<status status="NOT RUN" start="2026-02-19T10:01:39.372669" elapsed="0.000031"/>
</kw>
<kw name="Create Webdriver" owner="SeleniumLibrary">
<arg>Chrome</arg>
<arg>options=${options}</arg>
<doc>Creates an instance of Selenium WebDriver.</doc>
<status status="NOT RUN" start="2026-02-19T10:01:39.372838" elapsed="0.000034"/>
</kw>
<kw name="Go To" owner="SeleniumLibrary">
<arg>${URL}</arg>
<doc>Navigates the current browser window to the provided ``url``.</doc>
<status status="NOT RUN" start="2026-02-19T10:01:39.372990" elapsed="0.000030"/>
</kw>
<status status="NOT RUN" start="2026-02-19T10:01:39.369236" elapsed="0.003833"/>
</branch>
<branch type="ELSE IF" condition="'${BROWSER}' == 'Edge'">
<kw name="Open Browser" owner="SeleniumLibrary">
<msg time="2026-02-19T10:01:39.373687" level="INFO">Opening browser 'Edge' to base url 'https://www.saucedemo.com/'.</msg>
<msg time="2026-02-19T10:01:40.001809" level="WARN">There was an error managing MicrosoftEdge (error sending request for url (https://msedgedriver.azureedge.net/LATEST_RELEASE_145_WINDOWS): error trying to connect: dns error: No such host is known. (os error 11001)); using driver found in the cache</msg>
<arg>${URL}</arg>
<arg>Edge</arg>
<doc>Opens a new browser instance to the optional ``url``.</doc>
<status status="PASS" start="2026-02-19T10:01:39.373411" elapsed="3.230172"/>
</kw>
<kw name="Maximize Browser Window" owner="SeleniumLibrary">
<doc>Maximizes current browser window.</doc>
<status status="PASS" start="2026-02-19T10:01:42.604450" elapsed="0.081032"/>
</kw>
<status status="PASS" start="2026-02-19T10:01:39.373131" elapsed="3.312792"/>
</branch>
<branch type="ELSE IF" condition="'${BROWSER}' == 'Firefox'">
<kw name="Evaluate" owner="BuiltIn">
<var>${ff_options}</var>
<arg>sys.modules['selenium.webdriver'].FirefoxOptions()</arg>
<arg>sys, selenium.webdriver</arg>
<doc>Evaluates the given expression in Python and returns the result.</doc>
<status status="NOT RUN" start="2026-02-19T10:01:42.686815" elapsed="0.000141"/>
</kw>
<kw name="Call Method" owner="BuiltIn">
<arg>${ff_options}</arg>
<arg>add_argument</arg>
<arg>-private</arg>
<doc>Calls the named method of the given object with the provided arguments.</doc>
<status status="NOT RUN" start="2026-02-19T10:01:42.687413" elapsed="0.000153"/>
</kw>
<kw name="Create Webdriver" owner="SeleniumLibrary">
<arg>Firefox</arg>
<arg>options=${ff_options}</arg>
<doc>Creates an instance of Selenium WebDriver.</doc>
<status status="NOT RUN" start="2026-02-19T10:01:42.687974" elapsed="0.000115"/>
</kw>
<kw name="Go To" owner="SeleniumLibrary">
<arg>${URL}</arg>
<doc>Navigates the current browser window to the provided ``url``.</doc>
<status status="NOT RUN" start="2026-02-19T10:01:42.688463" elapsed="0.000107"/>
</kw>
<status status="NOT RUN" start="2026-02-19T10:01:42.686326" elapsed="0.002394"/>
</branch>
<status status="PASS" start="2026-02-19T10:01:39.369206" elapsed="3.319646"/>
</if>
<kw name="Wait Until Element Is Visible" owner="SeleniumLibrary">
<arg>id=user-name</arg>
<arg>timeout=10s</arg>
<doc>Waits until the element ``locator`` is visible.</doc>
<status status="PASS" start="2026-02-19T10:01:42.689179" elapsed="0.082066"/>
</kw>
<kw name="Sleep" owner="BuiltIn">
<msg time="2026-02-19T10:01:43.473088" level="INFO">Slept 700 milliseconds.</msg>
<arg>${DELAY}</arg>
<doc>Pauses the test executed for the given time.</doc>
<status status="PASS" start="2026-02-19T10:01:42.771793" elapsed="0.701573"/>
</kw>
<status status="PASS" start="2026-02-19T10:01:39.368996" elapsed="4.104624"/>
</kw>
<test id="s1-s7-t1" name="Checkout With Multiple Users From CSV" line="11">
<kw name="Get File" owner="OperatingSystem">
<msg time="2026-02-19T10:01:43.475488" level="INFO" html="true">Getting file '&lt;a href="file://C:\Users\user\Desktop\CAPSTONE PROJECT\Ecommerce\robot-framework\data\checkout_data.csv"&gt;C:\Users\user\Desktop\CAPSTONE PROJECT\Ecommerce\robot-framework\data\checkout_data.csv&lt;/a&gt;'.</msg>
<msg time="2026-02-19T10:01:43.477748" level="INFO">${file} = first_name,last_name,postal_code
Praseed,S,45678
Sai,Prakash,98765
Prashant,Kumar,12345
Mahendra,Chowdam,45678
Bhagyashree,N,67891
Ravinesh,Tiwari,45678
</msg>
<var>${file}</var>
<arg>C:\\Users\\user\\Desktop\\CAPSTONE PROJECT\\Ecommerce\\robot-framework\\tests/../data/checkout_data.csv</arg>
<doc>Returns the contents of a specified file.</doc>
<status status="PASS" start="2026-02-19T10:01:43.475020" elapsed="0.002869"/>
</kw>
<kw name="Split To Lines" owner="String">
<msg time="2026-02-19T10:01:43.479042" level="INFO">7 lines returned.</msg>
<msg time="2026-02-19T10:01:43.479319" level="INFO">${lines} = ['first_name,last_name,postal_code', 'Praseed,S,45678', 'Sai,Prakash,98765', 'Prashant,Kumar,12345', 'Mahendra,Chowdam,45678', 'Bhagyashree,N,67891', 'Ravinesh,Tiwari,45678']</msg>
<var>${lines}</var>
<arg>${file}</arg>
<doc>Splits the given string to lines.</doc>
<status status="PASS" start="2026-02-19T10:01:43.478567" elapsed="0.000846"/>
</kw>
<kw name="Get Slice From List" owner="Collections">
<msg time="2026-02-19T10:01:43.480743" level="INFO">${data} = ['Praseed,S,45678', 'Sai,Prakash,98765', 'Prashant,Kumar,12345', 'Mahendra,Chowdam,45678', 'Bhagyashree,N,67891', 'Ravinesh,Tiwari,45678']</msg>
<var>${data}</var>
<arg>${lines}</arg>
<arg>1</arg>
<doc>Returns a slice of the given list between ``start`` and ``end`` indexes.</doc>
<status status="PASS" start="2026-02-19T10:01:43.480042" elapsed="0.000805"/>
</kw>
<for flavor="IN">
<iter>
<kw name="Split String" owner="String">
<msg time="2026-02-19T10:01:43.482986" level="INFO">${columns} = ['Praseed', 'S', '45678']</msg>
<var>${columns}</var>
<arg>${row}</arg>
<arg>,</arg>
<doc>Splits the ``string`` using ``separator`` as a delimiter string.</doc>
<status status="PASS" start="2026-02-19T10:01:43.482359" elapsed="0.000714"/>
</kw>
<kw name="Get From List" owner="Collections">
<msg time="2026-02-19T10:01:43.483942" level="INFO">${first_name} = Praseed</msg>
<var>${first_name}</var>
<arg>${columns}</arg>
<arg>0</arg>
<doc>Returns the value specified with an ``index`` from ``list``.</doc>
<status status="PASS" start="2026-02-19T10:01:43.483418" elapsed="0.000606"/>
</kw>
<kw name="Get From List" owner="Collections">
<msg time="2026-02-19T10:01:43.484962" level="INFO">${last_name} = S</msg>
<var>${last_name}</var>
<arg>${columns}</arg>
<arg>1</arg>
<doc>Returns the value specified with an ``index`` from ``list``.</doc>
<status status="PASS" start="2026-02-19T10:01:43.484329" elapsed="0.000802"/>
</kw>
<kw name="Get From List" owner="Collections">
<msg time="2026-02-19T10:01:43.487000" level="INFO">${postal_code} = 45678</msg>
<var>${postal_code}</var>
<arg>${columns}</arg>
<arg>2</arg>
<doc>Returns the value specified with an ``index`` from ``list``.</doc>
<status status="PASS" start="2026-02-19T10:01:43.485786" elapsed="0.001339"/>
</kw>
<kw name="Checkout With User Data" owner="ecommerce_keywords">
<kw name="Login To Application" owner="ecommerce_keywords">
<kw name="Input Text" owner="SeleniumLibrary">
<msg time="2026-02-19T10:01:43.491157" level="INFO">Typing text 'standard_user' into text field 'id=user-name'.</msg>
<arg>id=user-name</arg>
<arg>${USERNAME}</arg>
<doc>Types the given ``text`` into the text field identified by ``locator``.</doc>
<status status="PASS" start="2026-02-19T10:01:43.490481" elapsed="0.234679"/>
</kw>
<kw name="Sleep" owner="BuiltIn">
<msg time="2026-02-19T10:01:44.427990" level="INFO">Slept 700 milliseconds.</msg>
<arg>${DELAY}</arg>
<doc>Pauses the test executed for the given time.</doc>
<status status="PASS" start="2026-02-19T10:01:43.725618" elapsed="0.702518"/>
</kw>
<kw name="Input Text" owner="SeleniumLibrary">
<msg time="2026-02-19T10:01:44.428663" level="INFO">Typing text 'secret_sauce' into text field 'id=password'.</msg>
<arg>id=password</arg>
<arg>${PASSWORD}</arg>
<doc>Types the given ``text`` into the text field identified by ``locator``.</doc>
<status status="PASS" start="2026-02-19T10:01:44.428360" elapsed="0.117535"/>
</kw>
<kw name="Sleep" owner="BuiltIn">
<msg time="2026-02-19T10:01:45.247089" level="INFO">Slept 700 milliseconds.</msg>
<arg>${DELAY}</arg>
<doc>Pauses the test executed for the given time.</doc>
<status status="PASS" start="2026-02-19T10:01:44.546226" elapsed="0.701075"/>
</kw>
<kw name="Click Button" owner="SeleniumLibrary">
<msg time="2026-02-19T10:01:45.248050" level="INFO">Clicking button 'id=login-button'.</msg>
<arg>id=login-button</arg>
<doc>Clicks the button identified by ``locator``.</doc>
<status status="PASS" start="2026-02-19T10:01:45.247659" elapsed="0.198714"/>
</kw>
<kw name="Wait Until Page Contains Element" owner="SeleniumLibrary">
<arg>css=.inventory_list</arg>
<doc>Waits until the element ``locator`` appears on the current page.</doc>
<status status="PASS" start="2026-02-19T10:01:45.446824" elapsed="0.024614"/>
</kw>
<kw name="Sleep" owner="BuiltIn">
<msg time="2026-02-19T10:01:46.173355" level="INFO">Slept 700 milliseconds.</msg>
<arg>${DELAY}</arg>
<doc>Pauses the test executed for the given time.</doc>
<status status="PASS" start="2026-02-19T10:01:45.471903" elapsed="0.701837"/>
</kw>
<status status="PASS" start="2026-02-19T10:01:43.489646" elapsed="2.684480"/>
</kw>
<kw name="Sort Products Low To High" owner="ecommerce_keywords">
<kw name="Select From List By Value" owner="SeleniumLibrary">
<msg time="2026-02-19T10:01:46.176817" level="INFO">Selecting options from selection list 'css=.product_sort_container' by value lohi.</msg>
<arg>css=.product_sort_container</arg>
<arg>lohi</arg>
<doc>Selects options from selection list ``locator`` by ``values``.</doc>
<status status="PASS" start="2026-02-19T10:01:46.175942" elapsed="0.161365"/>
</kw>
<kw name="Sleep" owner="BuiltIn">
<msg time="2026-02-19T10:01:47.038874" level="INFO">Slept 700 milliseconds.</msg>
<arg>${DELAY}</arg>
<doc>Pauses the test executed for the given time.</doc>
<status status="PASS" start="2026-02-19T10:01:46.337674" elapsed="0.701355"/>
</kw>
<status status="PASS" start="2026-02-19T10:01:46.174818" elapsed="0.864356"/>
</kw>
<kw name="Add Four Products To Cart" owner="ecommerce_keywords">
<kw name="Get WebElements" owner="SeleniumLibrary">
<msg time="2026-02-19T10:01:47.056749" level="INFO">${buttons} = [&lt;selenium.webdriver.remote.webelement.WebElement (session="76e16be2a10ae100f42255dc2ef32931", element="f.1E1B6CC048311B4F5711D0F1CF41BDDE.d.ECE35B29C34B2F3E47C3E1010427ADEB.e.35")&gt;, &lt;selenium.webdriv...</msg>
<var>${buttons}</var>
<arg>xpath=//button[contains(text(),'Add to cart')]</arg>
<doc>Returns a list of WebElement objects matching the ``locator``.</doc>
<status status="PASS" start="2026-02-19T10:01:47.040654" elapsed="0.016175"/>
</kw>
<for flavor="IN RANGE">
<iter>
<kw name="Click Element" owner="SeleniumLibrary">
<msg time="2026-02-19T10:01:47.057755" level="INFO">Clicking element '&lt;selenium.webdriver.remote.webelement.WebElement (session="76e16be2a10ae100f42255dc2ef32931", element="f.1E1B6CC048311B4F5711D0F1CF41BDDE.d.ECE35B29C34B2F3E47C3E1010427ADEB.e.35")&gt;'.</msg>
<arg>${buttons}[${index}]</arg>
<doc>Click the element identified by ``locator``.</doc>
<status status="PASS" start="2026-02-19T10:01:47.057436" elapsed="0.056939"/>
</kw>
<kw name="Sleep" owner="BuiltIn">
<msg time="2026-02-19T10:01:47.815852" level="INFO">Slept 700 milliseconds.</msg>
<arg>${DELAY}</arg>
<doc>Pauses the test executed for the given time.</doc>
<status status="PASS" start="2026-02-19T10:01:47.114732" elapsed="0.701250"/>
</kw>
<var name="${index}">0</var>
<status status="PASS" start="2026-02-19T10:01:47.057260" elapsed="0.758800"/>
</iter>
<iter>
<kw name="Click Element" owner="SeleniumLibrary">
<msg time="2026-02-19T10:01:47.816539" level="INFO">Clicking element '&lt;selenium.webdriver.remote.webelement.WebElement (session="76e16be2a10ae100f42255dc2ef32931", element="f.1E1B6CC048311B4F5711D0F1CF41BDDE.d.ECE35B29C34B2F3E47C3E1010427ADEB.e.36")&gt;'.</msg>
<arg>${buttons}[${index}]</arg>
<doc>Click the element identified by ``locator``.</doc>
<status status="PASS" start="2026-02-19T10:01:47.816315" elapsed="0.061174"/>
</kw>
<kw name="Sleep" owner="BuiltIn">
<msg time="2026-02-19T10:01:48.578366" level="INFO">Slept 700 milliseconds.</msg>
<arg>${DELAY}</arg>
<doc>Pauses the test executed for the given time.</doc>
<status status="PASS" start="2026-02-19T10:01:47.877734" elapsed="0.700792"/>
</kw>
<var name="${index}">1</var>
<status status="PASS" start="2026-02-19T10:01:47.816196" elapsed="0.762471"/>
</iter>
<iter>
<kw name="Click Element" owner="SeleniumLibrary">
<msg time="2026-02-19T10:01:48.579642" level="INFO">Clicking element '&lt;selenium.webdriver.remote.webelement.WebElement (session="76e16be2a10ae100f42255dc2ef32931", element="f.1E1B6CC048311B4F5711D0F1CF41BDDE.d.ECE35B29C34B2F3E47C3E1010427ADEB.e.37")&gt;'.</msg>
<arg>${buttons}[${index}]</arg>
<doc>Click the element identified by ``locator``.</doc>
<status status="PASS" start="2026-02-19T10:01:48.579342" elapsed="0.046432"/>
</kw>
<kw name="Sleep" owner="BuiltIn">
<msg time="2026-02-19T10:01:49.327009" level="INFO">Slept 700 milliseconds.</msg>
<arg>${DELAY}</arg>
<doc>Pauses the test executed for the given time.</doc>
<status status="PASS" start="2026-02-19T10:01:48.626023" elapsed="0.701125"/>
</kw>
<var name="${index}">2</var>
<status status="PASS" start="2026-02-19T10:01:48.579034" elapsed="0.748213"/>
</iter>
<iter>
<kw name="Click Element" owner="SeleniumLibrary">
<msg time="2026-02-19T10:01:49.327932" level="INFO">Clicking element '&lt;selenium.webdriver.remote.webelement.WebElement (session="76e16be2a10ae100f42255dc2ef32931", element="f.1E1B6CC048311B4F5711D0F1CF41BDDE.d.ECE35B29C34B2F3E47C3E1010427ADEB.e.38")&gt;'.</msg>
<arg>${buttons}[${index}]</arg>
<doc>Click the element identified by ``locator``.</doc>
<status status="PASS" start="2026-02-19T10:01:49.327630" elapsed="0.043790"/>
</kw>
<kw name="Sleep" owner="BuiltIn">
<msg time="2026-02-19T10:01:50.072273" level="INFO">Slept 700 milliseconds.</msg>
<arg>${DELAY}</arg>
<doc>Pauses the test executed for the given time.</doc>
<status status="PASS" start="2026-02-19T10:01:49.371658" elapsed="0.700760"/>
</kw>
<var name="${index}">3</var>
<status status="PASS" start="2026-02-19T10:01:49.327458" elapsed="0.745057"/>
</iter>
<var>${index}</var>
<value>0</value>
<value>4</value>
<status status="PASS" start="2026-02-19T10:01:47.056971" elapsed="3.015626"/>
</for>
<status status="PASS" start="2026-02-19T10:01:47.039692" elapsed="3.033031"/>
</kw>
<kw name="Verify Cart Has Four Items" owner="ecommerce_keywords">
<kw name="Get Text" owner="SeleniumLibrary">
<msg time="2026-02-19T10:01:50.112364" level="INFO">${count} = 4</msg>
<var>${count}</var>
<arg>css=.shopping_cart_badge</arg>
<doc>Returns the text value of the element identified by ``locator``.</doc>
<status status="PASS" start="2026-02-19T10:01:50.073353" elapsed="0.039055"/>
</kw>
<kw name="Should Be Equal" owner="BuiltIn">
<arg>${count}</arg>
<arg>4</arg>
<doc>Fails if the given objects are unequal.</doc>
<status status="PASS" start="2026-02-19T10:01:50.112560" elapsed="0.000312"/>
</kw>
<kw name="Sleep" owner="BuiltIn">
<msg time="2026-02-19T10:01:50.813484" level="INFO">Slept 700 milliseconds.</msg>
<arg>${DELAY}</arg>
<doc>Pauses the test executed for the given time.</doc>
<status status="PASS" start="2026-02-19T10:01:50.112980" elapsed="0.700741"/>
</kw>
<status status="PASS" start="2026-02-19T10:01:50.073032" elapsed="0.740916"/>
</kw>
<kw name="Go To Cart" owner="ecommerce_keywords">
<kw name="Click Element" owner="SeleniumLibrary">
<msg time="2026-02-19T10:01:50.815374" level="INFO">Clicking element 'css=.shopping_cart_link'.</msg>
<arg>css=.shopping_cart_link</arg>
<doc>Click the element identified by ``locator``.</doc>
<status status="PASS" start="2026-02-19T10:01:50.814933" elapsed="0.078345"/>
</kw>
<kw name="Wait Until Page Contains" owner="SeleniumLibrary">
<arg>Your Cart</arg>
<doc>Waits until ``text`` appears on the current page.</doc>
<status status="PASS" start="2026-02-19T10:01:50.893542" elapsed="0.027825"/>
</kw>
<kw name="Sleep" owner="BuiltIn">
<msg time="2026-02-19T10:01:51.622408" level="INFO">Slept 700 milliseconds.</msg>
<arg>${DELAY}</arg>
<doc>Pauses the test executed for the given time.</doc>
<status status="PASS" start="2026-02-19T10:01:50.921613" elapsed="0.701099"/>
</kw>
<status status="PASS" start="2026-02-19T10:01:50.814335" elapsed="0.808682"/>
</kw>
<kw name="Sleep" owner="BuiltIn">
<msg time="2026-02-19T10:01:52.325059" level="INFO">Slept 700 milliseconds.</msg>
<arg>${DELAY}</arg>
<doc>Pauses the test executed for the given time.</doc>
<status status="PASS" start="2026-02-19T10:01:51.623393" elapsed="0.702066"/>
</kw>
<kw name="Click Button" owner="SeleniumLibrary">
<msg time="2026-02-19T10:01:52.326522" level="INFO">Clicking button 'id=checkout'.</msg>
<arg>id=checkout</arg>
<doc>Clicks the button identified by ``locator``.</doc>
<status status="PASS" start="2026-02-19T10:01:52.326187" elapsed="0.100320"/>
</kw>
<kw name="Sleep" owner="BuiltIn">
<msg time="2026-02-19T10:01:53.127874" level="INFO">Slept 700 milliseconds.</msg>
<arg>${DELAY}</arg>
<doc>Pauses the test executed for the given time.</doc>
<status status="PASS" start="2026-02-19T10:01:52.426803" elapsed="0.701210"/>
</kw>
<kw name="Input Text" owner="SeleniumLibrary">
<msg time="2026-02-19T10:01:53.128535" level="INFO">Typing text 'Praseed' into text field 'id=first-name'.</msg>
<arg>id=first-name</arg>
<arg>${first_name}</arg>
<doc>Types the given ``text`` into the text field identified by ``locator``.</doc>
<status status="PASS" start="2026-02-19T10:01:53.128231" elapsed="0.096635"/>
</kw>
<kw name="Sleep" owner="BuiltIn">
<msg time="2026-02-19T10:01:53.926274" level="INFO">Slept 700 milliseconds.</msg>
<arg>${DELAY}</arg>
<doc>Pauses the test executed for the given time.</doc>
<status status="PASS" start="2026-02-19T10:01:53.225146" elapsed="0.701247"/>
</kw>
<kw name="Input Text" owner="SeleniumLibrary">
<msg time="2026-02-19T10:01:53.926820" level="INFO">Typing text 'S' into text field 'id=last-name'.</msg>
<arg>id=last-name</arg>
<arg>${last_name}</arg>
<doc>Types the given ``text`` into the text field identified by ``locator``.</doc>
<status status="PASS" start="2026-02-19T10:01:53.926562" elapsed="0.074195"/>
</kw>
<kw name="Sleep" owner="BuiltIn">
<msg time="2026-02-19T10:01:54.702084" level="INFO">Slept 700 milliseconds.</msg>
<arg>${DELAY}</arg>
<doc>Pauses the test executed for the given time.</doc>
<status status="PASS" start="2026-02-19T10:01:54.001068" elapsed="0.701156"/>
</kw>
<kw name="Input Text" owner="SeleniumLibrary">
<msg time="2026-02-19T10:01:54.702737" level="INFO">Typing text '45678' into text field 'id=postal-code'.</msg>
<arg>id=postal-code</arg>
<arg>${postal_code}</arg>
<doc>Types the given ``text`` into the text field identified by ``locator``.</doc>
<status status="PASS" start="2026-02-19T10:01:54.702441" elapsed="0.088830"/>
</kw>
<kw name="Sleep" owner="BuiltIn">
<msg time="2026-02-19T10:01:55.492274" level="INFO">Slept 700 milliseconds.</msg>
<arg>${DELAY}</arg>
<doc>Pauses the test executed for the given time.</doc>
<status status="PASS" start="2026-02-19T10:01:54.791567" elapsed="0.700975"/>
</kw>
<kw name="Click Button" owner="SeleniumLibrary">
<msg time="2026-02-19T10:01:55.493500" level="INFO">Clicking button 'id=continue'.</msg>
<arg>id=continue</arg>
<doc>Clicks the button identified by ``locator``.</doc>
<status status="PASS" start="2026-02-19T10:01:55.492990" elapsed="0.087068"/>
</kw>
<kw name="Sleep" owner="BuiltIn">
<msg time="2026-02-19T10:01:56.281164" level="INFO">Slept 700 milliseconds.</msg>
<arg>${DELAY}</arg>
<doc>Pauses the test executed for the given time.</doc>
<status status="PASS" start="2026-02-19T10:01:55.580305" elapsed="0.701086"/>
</kw>
<kw name="Click Button" owner="SeleniumLibrary">
<msg time="2026-02-19T10:01:56.281981" level="INFO">Clicking button 'id=finish'.</msg>
<arg>id=finish</arg>
<doc>Clicks the button identified by ``locator``.</doc>
<status status="PASS" start="2026-02-19T10:01:56.281736" elapsed="0.075760"/>
</kw>
<kw name="Sleep" owner="BuiltIn">
<msg time="2026-02-19T10:01:57.058434" level="INFO">Slept 700 milliseconds.</msg>
<arg>${DELAY}</arg>
<doc>Pauses the test executed for the given time.</doc>
<status status="PASS" start="2026-02-19T10:01:56.357761" elapsed="0.700836"/>
</kw>
<kw name="Page Should Contain" owner="SeleniumLibrary">
<msg time="2026-02-19T10:01:57.073400" level="INFO">Current page contains text 'Thank you for your order!'.</msg>
<arg>Thank you for your order!</arg>
<doc>Verifies that current page contains ``text``.</doc>
<status status="PASS" start="2026-02-19T10:01:57.058980" elapsed="0.014595"/>
</kw>
<kw name="Click Button" owner="SeleniumLibrary">
<msg time="2026-02-19T10:01:57.074033" level="INFO">Clicking button 'id=back-to-products'.</msg>
<arg>id=back-to-products</arg>
<doc>Clicks the button identified by ``locator``.</doc>
<status status="PASS" start="2026-02-19T10:01:57.073803" elapsed="0.079050"/>
</kw>
<kw name="Logout From Application" owner="ecommerce_keywords">
<kw name="Click Element" owner="SeleniumLibrary">
<msg time="2026-02-19T10:01:57.153774" level="INFO">Clicking element 'id=react-burger-menu-btn'.</msg>
<arg>id=react-burger-menu-btn</arg>
<doc>Click the element identified by ``locator``.</doc>
<status status="PASS" start="2026-02-19T10:01:57.153503" elapsed="0.064153"/>
</kw>
<kw name="Sleep" owner="BuiltIn">
<msg time="2026-02-19T10:01:57.918873" level="INFO">Slept 700 milliseconds.</msg>
<arg>${DELAY}</arg>
<doc>Pauses the test executed for the given time.</doc>
<status status="PASS" start="2026-02-19T10:01:57.217914" elapsed="0.701070"/>
</kw>
<kw name="Click Element" owner="SeleniumLibrary">
<msg time="2026-02-19T10:01:57.919337" level="INFO">Clicking element 'id=logout_sidebar_link'.</msg>
<arg>id=logout_sidebar_link</arg>
<doc>Click the element identified by ``locator``.</doc>
<status status="PASS" start="2026-02-19T10:01:57.919151" elapsed="0.073403"/>
</kw>
<kw name="Wait Until Element Is Visible" owner="SeleniumLibrary">
<arg>id=login-button</arg>
<doc>Waits until the element ``locator`` is visible.</doc>
<status status="PASS" start="2026-02-19T10:01:57.993039" elapsed="0.022747"/>
</kw>
<kw name="Sleep" owner="BuiltIn">
<msg time="2026-02-19T10:01:58.717298" level="INFO">Slept 700 milliseconds.</msg>
<arg>${DELAY}</arg>
<doc>Pauses the test executed for the given time.</doc>
<status status="PASS" start="2026-02-19T10:01:58.016088" elapsed="0.701356"/>
</kw>
<status status="PASS" start="2026-02-19T10:01:57.153162" elapsed="1.564393"/>
</kw>
<arg>${first_name}</arg>
<arg>${last_name}</arg>
<arg>${postal_code}</arg>
<status status="PASS" start="2026-02-19T10:01:43.488165" elapsed="15.229501"/>
</kw>
<var name="${row}">Praseed,S,45678</var>
<status status="PASS" start="2026-02-19T10:01:43.482059" elapsed="15.235651"/>
</iter>
<iter>
<kw name="Split String" owner="String">
<msg time="2026-02-19T10:01:58.718250" level="INFO">${columns} = ['Sai', 'Prakash', '98765']</msg>
<var>${columns}</var>
<arg>${row}</arg>
<arg>,</arg>
<doc>Splits the ``string`` using ``separator`` as a delimiter string.</doc>
<status status="PASS" start="2026-02-19T10:01:58.718003" elapsed="0.000273"/>
</kw>
<kw name="Get From List" owner="Collections">
<msg time="2026-02-19T10:01:58.718597" level="INFO">${first_name} = Sai</msg>
<var>${first_name}</var>
<arg>${columns}</arg>
<arg>0</arg>
<doc>Returns the value specified with an ``index`` from ``list``.</doc>
<status status="PASS" start="2026-02-19T10:01:58.718387" elapsed="0.000245"/>
</kw>
<kw name="Get From List" owner="Collections">
<msg time="2026-02-19T10:01:58.718998" level="INFO">${last_name} = Prakash</msg>
<var>${last_name}</var>
<arg>${columns}</arg>
<arg>1</arg>
<doc>Returns the value specified with an ``index`` from ``list``.</doc>
<status status="PASS" start="2026-02-19T10:01:58.718764" elapsed="0.000272"/>
</kw>
<kw name="Get From List" owner="Collections">
<msg time="2026-02-19T10:01:58.719408" level="INFO">${postal_code} = 98765</msg>
<var>${postal_code}</var>
<arg>${columns}</arg>
<arg>2</arg>
<doc>Returns the value specified with an ``index`` from ``list``.</doc>
<status status="PASS" start="2026-02-19T10:01:58.719186" elapsed="0.000258"/>
</kw>
<kw name="Checkout With User Data" owner="ecommerce_keywords">
<kw name="Login To Application" owner="ecommerce_keywords">
<kw name="Input Text" owner="SeleniumLibrary">
<msg time="2026-02-19T10:01:58.722359" level="INFO">Typing text 'standard_user' into text field 'id=user-name'.</msg>
<arg>id=user-name</arg>
<arg>${USERNAME}</arg>
<doc>Types the given ``text`` into the text field identified by ``locator``.</doc>
<status status="PASS" start="2026-02-19T10:01:58.721715" elapsed="0.100747"/>
</kw>
<kw name="Sleep" owner="BuiltIn">
<msg time="2026-02-19T10:01:59.523557" level="INFO">Slept 700 milliseconds.</msg>
<arg>${DELAY}</arg>
<doc>Pauses the test executed for the given time.</doc>
<status status="PASS" start="2026-02-19T10:01:58.822731" elapsed="0.701234"/>
</kw>
<kw name="Input Text" owner="SeleniumLibrary">
<msg time="2026-02-19T10:01:59.524952" level="INFO">Typing text 'secret_sauce' into text field 'id=password'.</msg>
<arg>id=password</arg>
<arg>${PASSWORD}</arg>
<doc>Types the given ``text`` into the text field identified by ``locator``.</doc>
<status status="PASS" start="2026-02-19T10:01:59.524409" elapsed="0.073091"/>
</kw>
<kw name="Sleep" owner="BuiltIn">
<msg time="2026-02-19T10:02:00.298934" level="INFO">Slept 700 milliseconds.</msg>
<arg>${DELAY}</arg>
<doc>Pauses the test executed for the given time.</doc>
<status status="PASS" start="2026-02-19T10:01:59.597795" elapsed="0.701245"/>
</kw>
<kw name="Click Button" owner="SeleniumLibrary">
<msg time="2026-02-19T10:02:00.299373" level="INFO">Clicking button 'id=login-button'.</msg>
<arg>id=login-button</arg>
<doc>Clicks the button identified by ``locator``.</doc>
<status status="PASS" start="2026-02-19T10:02:00.299198" elapsed="0.068779"/>
</kw>
<kw name="Wait Until Page Contains Element" owner="SeleniumLibrary">
<arg>css=.inventory_list</arg>
<doc>Waits until the element ``locator`` appears on the current page.</doc>
<status status="PASS" start="2026-02-19T10:02:00.368271" elapsed="0.009871"/>
</kw>
<kw name="Sleep" owner="BuiltIn">
<msg time="2026-02-19T10:02:01.079825" level="INFO">Slept 700 milliseconds.</msg>
<arg>${DELAY}</arg>
<doc>Pauses the test executed for the given time.</doc>
<status status="PASS" start="2026-02-19T10:02:00.378429" elapsed="0.701564"/>
</kw>
<status status="PASS" start="2026-02-19T10:01:58.720962" elapsed="2.359168"/>
</kw>
<kw name="Sort Products Low To High" owner="ecommerce_keywords">
<kw name="Select From List By Value" owner="SeleniumLibrary">
<msg time="2026-02-19T10:02:01.080979" level="INFO">Selecting options from selection list 'css=.product_sort_container' by value lohi.</msg>
<arg>css=.product_sort_container</arg>
<arg>lohi</arg>
<doc>Selects options from selection list ``locator`` by ``values``.</doc>
<status status="PASS" start="2026-02-19T10:02:01.080736" elapsed="0.066681"/>
</kw>
<kw name="Sleep" owner="BuiltIn">
<msg time="2026-02-19T10:02:01.848583" level="INFO">Slept 700 milliseconds.</msg>
<arg>${DELAY}</arg>
<doc>Pauses the test executed for the given time.</doc>
<status status="PASS" start="2026-02-19T10:02:01.147702" elapsed="0.701059"/>
</kw>
<status status="PASS" start="2026-02-19T10:02:01.080371" elapsed="0.768558"/>
</kw>
<kw name="Add Four Products To Cart" owner="ecommerce_keywords">
<kw name="Get WebElements" owner="SeleniumLibrary">
<msg time="2026-02-19T10:02:01.860316" level="INFO">${buttons} = [&lt;selenium.webdriver.remote.webelement.WebElement (session="76e16be2a10ae100f42255dc2ef32931", element="f.1E1B6CC048311B4F5711D0F1CF41BDDE.d.ECE35B29C34B2F3E47C3E1010427ADEB.e.99")&gt;, &lt;selenium.webdriv...</msg>
<var>${buttons}</var>
<arg>xpath=//button[contains(text(),'Add to cart')]</arg>
<doc>Returns a list of WebElement objects matching the ``locator``.</doc>
<status status="PASS" start="2026-02-19T10:02:01.849686" elapsed="0.010718"/>
</kw>
<for flavor="IN RANGE">
<iter>
<kw name="Click Element" owner="SeleniumLibrary">
<msg time="2026-02-19T10:02:01.861448" level="INFO">Clicking element '&lt;selenium.webdriver.remote.webelement.WebElement (session="76e16be2a10ae100f42255dc2ef32931", element="f.1E1B6CC048311B4F5711D0F1CF41BDDE.d.ECE35B29C34B2F3E47C3E1010427ADEB.e.99")&gt;'.</msg>
<arg>${buttons}[${index}]</arg>
<doc>Click the element identified by ``locator``.</doc>
<status status="PASS" start="2026-02-19T10:02:01.861077" elapsed="0.062272"/>
</kw>
<kw name="Sleep" owner="BuiltIn">
<msg time="2026-02-19T10:02:02.624479" level="INFO">Slept 700 milliseconds.</msg>
<arg>${DELAY}</arg>
<doc>Pauses the test executed for the given time.</doc>
<status status="PASS" start="2026-02-19T10:02:01.923636" elapsed="0.701019"/>
</kw>
<var name="${index}">0</var>
<status status="PASS" start="2026-02-19T10:02:01.860889" elapsed="0.763879"/>
</iter>
<iter>
<kw name="Click Element" owner="SeleniumLibrary">
<msg time="2026-02-19T10:02:02.625872" level="INFO">Clicking element '&lt;selenium.webdriver.remote.webelement.WebElement (session="76e16be2a10ae100f42255dc2ef32931", element="f.1E1B6CC048311B4F5711D0F1CF41BDDE.d.ECE35B29C34B2F3E47C3E1010427ADEB.e.100")&gt;'.</msg>
<arg>${buttons}[${index}]</arg>
<doc>Click the element identified by ``locator``.</doc>
<status status="PASS" start="2026-02-19T10:02:02.625207" elapsed="0.075067"/>
</kw>
<kw name="Sleep" owner="BuiltIn">
<msg time="2026-02-19T10:02:03.402157" level="INFO">Slept 700 milliseconds.</msg>
<arg>${DELAY}</arg>
<doc>Pauses the test executed for the given time.</doc>
<status status="PASS" start="2026-02-19T10:02:02.700632" elapsed="0.701685"/>
</kw>
<var name="${index}">1</var>
<status status="PASS" start="2026-02-19T10:02:02.625004" elapsed="0.777423"/>
</iter>
<iter>
<kw name="Click Element" owner="SeleniumLibrary">
<msg time="2026-02-19T10:02:03.403585" level="INFO">Clicking element '&lt;selenium.webdriver.remote.webelement.WebElement (session="76e16be2a10ae100f42255dc2ef32931", element="f.1E1B6CC048311B4F5711D0F1CF41BDDE.d.ECE35B29C34B2F3E47C3E1010427ADEB.e.101")&gt;'.</msg>
<arg>${buttons}[${index}]</arg>
<doc>Click the element identified by ``locator``.</doc>
<status status="PASS" start="2026-02-19T10:02:03.402867" elapsed="0.067789"/>
</kw>
<kw name="Sleep" owner="BuiltIn">
<msg time="2026-02-19T10:02:04.171875" level="INFO">Slept 700 milliseconds.</msg>
<arg>${DELAY}</arg>
<doc>Pauses the test executed for the given time.</doc>
<status status="PASS" start="2026-02-19T10:02:03.470956" elapsed="0.701095"/>
</kw>
<var name="${index}">2</var>
<status status="PASS" start="2026-02-19T10:02:03.402675" elapsed="0.769594"/>
</iter>
<iter>
<kw name="Click Element" owner="SeleniumLibrary">
<msg time="2026-02-19T10:02:04.173155" level="INFO">Clicking element '&lt;selenium.webdriver.remote.webelement.WebElement (session="76e16be2a10ae100f42255dc2ef32931", element="f.1E1B6CC048311B4F5711D0F1CF41BDDE.d.ECE35B29C34B2F3E47C3E1010427ADEB.e.102")&gt;'.</msg>
<arg>${buttons}[${index}]</arg>
<doc>Click the element identified by ``locator``.</doc>
<status status="PASS" start="2026-02-19T10:02:04.172751" elapsed="0.072412"/>
</kw>
<kw name="Sleep" owner="BuiltIn">
<msg time="2026-02-19T10:02:04.947267" level="INFO">Slept 700 milliseconds.</msg>
<arg>${DELAY}</arg>
<doc>Pauses the test executed for the given time.</doc>
<status status="PASS" start="2026-02-19T10:02:04.245508" elapsed="0.701921"/>
</kw>
<var name="${index}">3</var>
<status status="PASS" start="2026-02-19T10:02:04.172538" elapsed="0.774990"/>
</iter>
<var>${index}</var>
<value>0</value>
<value>4</value>
<status status="PASS" start="2026-02-19T10:02:01.860561" elapsed="3.087054"/>
</for>
<status status="PASS" start="2026-02-19T10:02:01.849283" elapsed="3.098533"/>
</kw>
<kw name="Verify Cart Has Four Items" owner="ecommerce_keywords">
<kw name="Get Text" owner="SeleniumLibrary">
<msg time="2026-02-19T10:02:04.974355" level="INFO">${count} = 4</msg>
<var>${count}</var>
<arg>css=.shopping_cart_badge</arg>
<doc>Returns the text value of the element identified by ``locator``.</doc>
<status status="PASS" start="2026-02-19T10:02:04.948344" elapsed="0.026081"/>
</kw>
<kw name="Should Be Equal" owner="BuiltIn">
<arg>${count}</arg>
<arg>4</arg>
<doc>Fails if the given objects are unequal.</doc>
<status status="PASS" start="2026-02-19T10:02:04.974667" elapsed="0.000486"/>
</kw>
<kw name="Sleep" owner="BuiltIn">
<msg time="2026-02-19T10:02:05.677452" level="INFO">Slept 700 milliseconds.</msg>
<arg>${DELAY}</arg>
<doc>Pauses the test executed for the given time.</doc>
<status status="PASS" start="2026-02-19T10:02:04.975339" elapsed="0.702241"/>
</kw>
<status status="PASS" start="2026-02-19T10:02:04.948067" elapsed="0.729611"/>
</kw>
<kw name="Go To Cart" owner="ecommerce_keywords">
<kw name="Click Element" owner="SeleniumLibrary">
<msg time="2026-02-19T10:02:05.678313" level="INFO">Clicking element 'css=.shopping_cart_link'.</msg>
<arg>css=.shopping_cart_link</arg>
<doc>Click the element identified by ``locator``.</doc>
<status status="PASS" start="2026-02-19T10:02:05.678125" elapsed="0.067801"/>
</kw>
<kw name="Wait Until Page Contains" owner="SeleniumLibrary">
<arg>Your Cart</arg>
<doc>Waits until ``text`` appears on the current page.</doc>
<status status="PASS" start="2026-02-19T10:02:05.746248" elapsed="0.011627"/>
</kw>
<kw name="Sleep" owner="BuiltIn">
<msg time="2026-02-19T10:02:06.459264" level="INFO">Slept 700 milliseconds.</msg>
<arg>${DELAY}</arg>
<doc>Pauses the test executed for the given time.</doc>
<status status="PASS" start="2026-02-19T10:02:05.758142" elapsed="0.701385"/>
</kw>
<status status="PASS" start="2026-02-19T10:02:05.677866" elapsed="0.781897"/>
</kw>
<kw name="Sleep" owner="BuiltIn">
<msg time="2026-02-19T10:02:07.160946" level="INFO">Slept 700 milliseconds.</msg>
<arg>${DELAY}</arg>
<doc>Pauses the test executed for the given time.</doc>
<status status="PASS" start="2026-02-19T10:02:06.460111" elapsed="0.700981"/>
</kw>
<kw name="Click Button" owner="SeleniumLibrary">
<msg time="2026-02-19T10:02:07.161548" level="INFO">Clicking button 'id=checkout'.</msg>
<arg>id=checkout</arg>
<doc>Clicks the button identified by ``locator``.</doc>
<status status="PASS" start="2026-02-19T10:02:07.161311" elapsed="0.096991"/>
</kw>
<kw name="Sleep" owner="BuiltIn">
<msg time="2026-02-19T10:02:07.959831" level="INFO">Slept 700 milliseconds.</msg>
<arg>${DELAY}</arg>
<doc>Pauses the test executed for the given time.</doc>
<status status="PASS" start="2026-02-19T10:02:07.258573" elapsed="0.701510"/>
</kw>
<kw name="Input Text" owner="SeleniumLibrary">
<msg time="2026-02-19T10:02:07.961107" level="INFO">Typing text 'Sai' into text field 'id=first-name'.</msg>
<arg>id=first-name</arg>
<arg>${first_name}</arg>
<doc>Types the given ``text`` into the text field identified by ``locator``.</doc>
<status status="PASS" start="2026-02-19T10:02:07.960508" elapsed="0.080182"/>
</kw>
<kw name="Sleep" owner="BuiltIn">
<msg time="2026-02-19T10:02:08.741735" level="INFO">Slept 700 milliseconds.</msg>
<arg>${DELAY}</arg>
<doc>Pauses the test executed for the given time.</doc>
<status status="PASS" start="2026-02-19T10:02:08.040961" elapsed="0.701078"/>
</kw>
<kw name="Input Text" owner="SeleniumLibrary">
<msg time="2026-02-19T10:02:08.743168" level="INFO">Typing text 'Prakash' into text field 'id=last-name'.</msg>
<arg>id=last-name</arg>
<arg>${last_name}</arg>
<doc>Types the given ``text`` into the text field identified by ``locator``.</doc>
<status status="PASS" start="2026-02-19T10:02:08.742514" elapsed="0.090783"/>
</kw>
<kw name="Sleep" owner="BuiltIn">
<msg time="2026-02-19T10:02:09.535093" level="INFO">Slept 700 milliseconds.</msg>
<arg>${DELAY}</arg>
<doc>Pauses the test executed for the given time.</doc>
<status status="PASS" start="2026-02-19T10:02:08.833795" elapsed="0.702276"/>
</kw>
<kw name="Input Text" owner="SeleniumLibrary">
<msg time="2026-02-19T10:02:09.538971" level="INFO">Typing text '98765' into text field 'id=postal-code'.</msg>
<arg>id=postal-code</arg>
<arg>${postal_code}</arg>
<doc>Types the given ``text`` into the text field identified by ``locator``.</doc>
<status status="PASS" start="2026-02-19T10:02:09.537559" elapsed="0.107888"/>
</kw>
<kw name="Sleep" owner="BuiltIn">
<msg time="2026-02-19T10:02:10.347000" level="INFO">Slept 700 milliseconds.</msg>
<arg>${DELAY}</arg>
<doc>Pauses the test executed for the given time.</doc>
<status status="PASS" start="2026-02-19T10:02:09.645864" elapsed="0.701280"/>
</kw>
<kw name="Click Button" owner="SeleniumLibrary">
<msg time="2026-02-19T10:02:10.347627" level="INFO">Clicking button 'id=continue'.</msg>
<arg>id=continue</arg>
<doc>Clicks the button identified by ``locator``.</doc>
<status status="PASS" start="2026-02-19T10:02:10.347371" elapsed="0.108059"/>
</kw>
<kw name="Sleep" owner="BuiltIn">
<msg time="2026-02-19T10:02:11.157929" level="INFO">Slept 700 milliseconds.</msg>
<arg>${DELAY}</arg>
<doc>Pauses the test executed for the given time.</doc>
<status status="PASS" start="2026-02-19T10:02:10.456140" elapsed="0.701940"/>
</kw>
<kw name="Click Button" owner="SeleniumLibrary">
<msg time="2026-02-19T10:02:11.158606" level="INFO">Clicking button 'id=finish'.</msg>
<arg>id=finish</arg>
<doc>Clicks the button identified by ``locator``.</doc>
<status status="PASS" start="2026-02-19T10:02:11.158350" elapsed="0.088637"/>
</kw>
<kw name="Sleep" owner="BuiltIn">
<msg time="2026-02-19T10:02:11.948378" level="INFO">Slept 700 milliseconds.</msg>
<arg>${DELAY}</arg>
<doc>Pauses the test executed for the given time.</doc>
<status status="PASS" start="2026-02-19T10:02:11.247276" elapsed="0.701341"/>
</kw>
<kw name="Page Should Contain" owner="SeleniumLibrary">
<msg time="2026-02-19T10:02:11.976413" level="INFO">Current page contains text 'Thank you for your order!'.</msg>
<arg>Thank you for your order!</arg>
<doc>Verifies that current page contains ``text``.</doc>
<status status="PASS" start="2026-02-19T10:02:11.949019" elapsed="0.027519"/>
</kw>
<kw name="Click Button" owner="SeleniumLibrary">
<msg time="2026-02-19T10:02:11.976978" level="INFO">Clicking button 'id=back-to-products'.</msg>
<arg>id=back-to-products</arg>
<doc>Clicks the button identified by ``locator``.</doc>
<status status="PASS" start="2026-02-19T10:02:11.976753" elapsed="0.074981"/>
</kw>
<kw name="Logout From Application" owner="ecommerce_keywords">
<kw name="Click Element" owner="SeleniumLibrary">
<msg time="2026-02-19T10:02:12.052761" level="INFO">Clicking element 'id=react-burger-menu-btn'.</msg>
<arg>id=react-burger-menu-btn</arg>
<doc>Click the element identified by ``locator``.</doc>
<status status="PASS" start="2026-02-19T10:02:12.052499" elapsed="0.057363"/>
</kw>
<kw name="Sleep" owner="BuiltIn">
<msg time="2026-02-19T10:02:12.811318" level="INFO">Slept 700 milliseconds.</msg>
<arg>${DELAY}</arg>
<doc>Pauses the test executed for the given time.</doc>
<status status="PASS" start="2026-02-19T10:02:12.110209" elapsed="0.701497"/>
</kw>
<kw name="Click Element" owner="SeleniumLibrary">
<msg time="2026-02-19T10:02:12.812970" level="INFO">Clicking element 'id=logout_sidebar_link'.</msg>
<arg>id=logout_sidebar_link</arg>
<doc>Click the element identified by ``locator``.</doc>
<status status="PASS" start="2026-02-19T10:02:12.812296" elapsed="0.074361"/>
</kw>
<kw name="Wait Until Element Is Visible" owner="SeleniumLibrary">
<arg>id=login-button</arg>
<doc>Waits until the element ``locator`` is visible.</doc>
<status status="PASS" start="2026-02-19T10:02:12.886947" elapsed="0.024535"/>
</kw>
<kw name="Sleep" owner="BuiltIn">
<msg time="2026-02-19T10:02:13.612776" level="INFO">Slept 700 milliseconds.</msg>
<arg>${DELAY}</arg>
<doc>Pauses the test executed for the given time.</doc>
<status status="PASS" start="2026-02-19T10:02:12.911732" elapsed="0.701305"/>
</kw>
<status status="PASS" start="2026-02-19T10:02:12.052108" elapsed="1.561183"/>
</kw>
<arg>${first_name}</arg>
<arg>${last_name}</arg>
<arg>${postal_code}</arg>
<status status="PASS" start="2026-02-19T10:01:58.719740" elapsed="14.893711"/>
</kw>
<var name="${row}">Sai,Prakash,98765</var>
<status status="PASS" start="2026-02-19T10:01:58.717861" elapsed="14.895723"/>
</iter>
<iter>
<kw name="Split String" owner="String">
<msg time="2026-02-19T10:02:13.614896" level="INFO">${columns} = ['Prashant', 'Kumar', '12345']</msg>
<var>${columns}</var>
<arg>${row}</arg>
<arg>,</arg>
<doc>Splits the ``string`` using ``separator`` as a delimiter string.</doc>
<status status="PASS" start="2026-02-19T10:02:13.614285" elapsed="0.000692"/>
</kw>
<kw name="Get From List" owner="Collections">
<msg time="2026-02-19T10:02:13.616037" level="INFO">${first_name} = Prashant</msg>
<var>${first_name}</var>
<arg>${columns}</arg>
<arg>0</arg>
<doc>Returns the value specified with an ``index`` from ``list``.</doc>
<status status="PASS" start="2026-02-19T10:02:13.615285" elapsed="0.000824"/>
</kw>
<kw name="Get From List" owner="Collections">
<msg time="2026-02-19T10:02:13.616537" level="INFO">${last_name} = Kumar</msg>
<var>${last_name}</var>
<arg>${columns}</arg>
<arg>1</arg>
<doc>Returns the value specified with an ``index`` from ``list``.</doc>
<status status="PASS" start="2026-02-19T10:02:13.616294" elapsed="0.000281"/>
</kw>
<kw name="Get From List" owner="Collections">
<msg time="2026-02-19T10:02:13.616944" level="INFO">${postal_code} = 12345</msg>
<var>${postal_code}</var>
<arg>${columns}</arg>
<arg>2</arg>
<doc>Returns the value specified with an ``index`` from ``list``.</doc>
<status status="PASS" start="2026-02-19T10:02:13.616730" elapsed="0.000253"/>
</kw>
<kw name="Checkout With User Data" owner="ecommerce_keywords">
<kw name="Login To Application" owner="ecommerce_keywords">
<kw name="Input Text" owner="SeleniumLibrary">
<msg time="2026-02-19T10:02:13.619981" level="INFO">Typing text 'standard_user' into text field 'id=user-name'.</msg>
<arg>id=user-name</arg>
<arg>${USERNAME}</arg>
<doc>Types the given ``text`` into the text field identified by ``locator``.</doc>
<status status="PASS" start="2026-02-19T10:02:13.618388" elapsed="0.082602"/>
</kw>
<kw name="Sleep" owner="BuiltIn">
<msg time="2026-02-19T10:02:14.402466" level="INFO">Slept 700 milliseconds.</msg>
<arg>${DELAY}</arg>
<doc>Pauses the test executed for the given time.</doc>
<status status="PASS" start="2026-02-19T10:02:13.701246" elapsed="0.701343"/>
</kw>
<kw name="Input Text" owner="SeleniumLibrary">
<msg time="2026-02-19T10:02:14.403007" level="INFO">Typing text 'secret_sauce' into text field 'id=password'.</msg>
<arg>id=password</arg>
<arg>${PASSWORD}</arg>
<doc>Types the given ``text`` into the text field identified by ``locator``.</doc>
<status status="PASS" start="2026-02-19T10:02:14.402765" elapsed="0.107740"/>
</kw>
<kw name="Sleep" owner="BuiltIn">
<msg time="2026-02-19T10:02:15.211699" level="INFO">Slept 700 milliseconds.</msg>
<arg>${DELAY}</arg>
<doc>Pauses the test executed for the given time.</doc>
<status status="PASS" start="2026-02-19T10:02:14.510837" elapsed="0.701009"/>
</kw>
<kw name="Click Button" owner="SeleniumLibrary">
<msg time="2026-02-19T10:02:15.212317" level="INFO">Clicking button 'id=login-button'.</msg>
<arg>id=login-button</arg>
<doc>Clicks the button identified by ``locator``.</doc>
<status status="PASS" start="2026-02-19T10:02:15.212069" elapsed="0.071700"/>
</kw>
<kw name="Wait Until Page Contains Element" owner="SeleniumLibrary">
<arg>css=.inventory_list</arg>
<doc>Waits until the element ``locator`` appears on the current page.</doc>
<status status="PASS" start="2026-02-19T10:02:15.284040" elapsed="0.008784"/>
</kw>
<kw name="Sleep" owner="BuiltIn">
<msg time="2026-02-19T10:02:15.994479" level="INFO">Slept 700 milliseconds.</msg>
<arg>${DELAY}</arg>
<doc>Pauses the test executed for the given time.</doc>
<status status="PASS" start="2026-02-19T10:02:15.293088" elapsed="0.701539"/>
</kw>
<status status="PASS" start="2026-02-19T10:02:13.617928" elapsed="2.376803"/>
</kw>
<kw name="Sort Products Low To High" owner="ecommerce_keywords">
<kw name="Select From List By Value" owner="SeleniumLibrary">
<msg time="2026-02-19T10:02:15.995559" level="INFO">Selecting options from selection list 'css=.product_sort_container' by value lohi.</msg>
<arg>css=.product_sort_container</arg>
<arg>lohi</arg>
<doc>Selects options from selection list ``locator`` by ``values``.</doc>
<status status="PASS" start="2026-02-19T10:02:15.995163" elapsed="0.067423"/>
</kw>
<kw name="Sleep" owner="BuiltIn">
<msg time="2026-02-19T10:02:16.763983" level="INFO">Slept 700 milliseconds.</msg>
<arg>${DELAY}</arg>
<doc>Pauses the test executed for the given time.</doc>
<status status="PASS" start="2026-02-19T10:02:16.062864" elapsed="0.701272"/>
</kw>
<status status="PASS" start="2026-02-19T10:02:15.994903" elapsed="0.769370"/>
</kw>
<kw name="Add Four Products To Cart" owner="ecommerce_keywords">
<kw name="Get WebElements" owner="SeleniumLibrary">
<msg time="2026-02-19T10:02:16.777325" level="INFO">${buttons} = [&lt;selenium.webdriver.remote.webelement.WebElement (session="76e16be2a10ae100f42255dc2ef32931", element="f.1E1B6CC048311B4F5711D0F1CF41BDDE.d.ECE35B29C34B2F3E47C3E1010427ADEB.e.158")&gt;, &lt;selenium.webdri...</msg>
<var>${buttons}</var>
<arg>xpath=//button[contains(text(),'Add to cart')]</arg>
<doc>Returns a list of WebElement objects matching the ``locator``.</doc>
<status status="PASS" start="2026-02-19T10:02:16.764893" elapsed="0.012498"/>
</kw>
<for flavor="IN RANGE">
<iter>
<kw name="Click Element" owner="SeleniumLibrary">
<msg time="2026-02-19T10:02:16.778377" level="INFO">Clicking element '&lt;selenium.webdriver.remote.webelement.WebElement (session="76e16be2a10ae100f42255dc2ef32931", element="f.1E1B6CC048311B4F5711D0F1CF41BDDE.d.ECE35B29C34B2F3E47C3E1010427ADEB.e.158")&gt;'.</msg>
<arg>${buttons}[${index}]</arg>
<doc>Click the element identified by ``locator``.</doc>
<status status="PASS" start="2026-02-19T10:02:16.777994" elapsed="0.051200"/>
</kw>
<kw name="Sleep" owner="BuiltIn">
<msg time="2026-02-19T10:02:17.530513" level="INFO">Slept 700 milliseconds.</msg>
<arg>${DELAY}</arg>
<doc>Pauses the test executed for the given time.</doc>
<status status="PASS" start="2026-02-19T10:02:16.829436" elapsed="0.701188"/>
</kw>
<var name="${index}">0</var>
<status status="PASS" start="2026-02-19T10:02:16.777829" elapsed="0.752864"/>
</iter>
<iter>
<kw name="Click Element" owner="SeleniumLibrary">
<msg time="2026-02-19T10:02:17.531152" level="INFO">Clicking element '&lt;selenium.webdriver.remote.webelement.WebElement (session="76e16be2a10ae100f42255dc2ef32931", element="f.1E1B6CC048311B4F5711D0F1CF41BDDE.d.ECE35B29C34B2F3E47C3E1010427ADEB.e.159")&gt;'.</msg>
<arg>${buttons}[${index}]</arg>
<doc>Click the element identified by ``locator``.</doc>
<status status="PASS" start="2026-02-19T10:02:17.530942" elapsed="0.045885"/>
</kw>
<kw name="Sleep" owner="BuiltIn">
<msg time="2026-02-19T10:02:18.277900" level="INFO">Slept 700 milliseconds.</msg>
<arg>${DELAY}</arg>
<doc>Pauses the test executed for the given time.</doc>
<status status="PASS" start="2026-02-19T10:02:17.577058" elapsed="0.701001"/>
</kw>
<var name="${index}">1</var>
<status status="PASS" start="2026-02-19T10:02:17.530826" elapsed="0.747333"/>
</iter>
<iter>
<kw name="Click Element" owner="SeleniumLibrary">
<msg time="2026-02-19T10:02:18.279072" level="INFO">Clicking element '&lt;selenium.webdriver.remote.webelement.WebElement (session="76e16be2a10ae100f42255dc2ef32931", element="f.1E1B6CC048311B4F5711D0F1CF41BDDE.d.ECE35B29C34B2F3E47C3E1010427ADEB.e.160")&gt;'.</msg>
<arg>${buttons}[${index}]</arg>
<doc>Click the element identified by ``locator``.</doc>
<status status="PASS" start="2026-02-19T10:02:18.278537" elapsed="0.039002"/>
</kw>
<kw name="Sleep" owner="BuiltIn">
<msg time="2026-02-19T10:02:19.018396" level="INFO">Slept 700 milliseconds.</msg>
<arg>${DELAY}</arg>
<doc>Pauses the test executed for the given time.</doc>
<status status="PASS" start="2026-02-19T10:02:18.317779" elapsed="0.700748"/>
</kw>
<var name="${index}">2</var>
<status status="PASS" start="2026-02-19T10:02:18.278364" elapsed="0.740249"/>
</iter>
<iter>
<kw name="Click Element" owner="SeleniumLibrary">
<msg time="2026-02-19T10:02:19.019237" level="INFO">Clicking element '&lt;selenium.webdriver.remote.webelement.WebElement (session="76e16be2a10ae100f42255dc2ef32931", element="f.1E1B6CC048311B4F5711D0F1CF41BDDE.d.ECE35B29C34B2F3E47C3E1010427ADEB.e.161")&gt;'.</msg>
<arg>${buttons}[${index}]</arg>
<doc>Click the element identified by ``locator``.</doc>
<status status="PASS" start="2026-02-19T10:02:19.018957" elapsed="0.038154"/>
</kw>
<kw name="Sleep" owner="BuiltIn">
<msg time="2026-02-19T10:02:19.758432" level="INFO">Slept 700 milliseconds.</msg>
<arg>${DELAY}</arg>
<doc>Pauses the test executed for the given time.</doc>
<status status="PASS" start="2026-02-19T10:02:19.057400" elapsed="0.701211"/>
</kw>
<var name="${index}">3</var>
<status status="PASS" start="2026-02-19T10:02:19.018803" elapsed="0.739930"/>
</iter>
<var>${index}</var>
<value>0</value>
<value>4</value>
<status status="PASS" start="2026-02-19T10:02:16.777519" elapsed="2.981296"/>
</for>
<status status="PASS" start="2026-02-19T10:02:16.764550" elapsed="2.994383"/>
</kw>
<kw name="Verify Cart Has Four Items" owner="ecommerce_keywords">
<kw name="Get Text" owner="SeleniumLibrary">
<msg time="2026-02-19T10:02:19.773558" level="INFO">${count} = 4</msg>
<var>${count}</var>
<arg>css=.shopping_cart_badge</arg>
<doc>Returns the text value of the element identified by ``locator``.</doc>
<status status="PASS" start="2026-02-19T10:02:19.759443" elapsed="0.014213"/>
</kw>
<kw name="Should Be Equal" owner="BuiltIn">
<arg>${count}</arg>
<arg>4</arg>
<doc>Fails if the given objects are unequal.</doc>
<status status="PASS" start="2026-02-19T10:02:19.773858" elapsed="0.000408"/>
</kw>
<kw name="Sleep" owner="BuiltIn">
<msg time="2026-02-19T10:02:20.474901" level="INFO">Slept 700 milliseconds.</msg>
<arg>${DELAY}</arg>
<doc>Pauses the test executed for the given time.</doc>
<status status="PASS" start="2026-02-19T10:02:19.774406" elapsed="0.700647"/>
</kw>
<status status="PASS" start="2026-02-19T10:02:19.759142" elapsed="0.716039"/>
</kw>
<kw name="Go To Cart" owner="ecommerce_keywords">
<kw name="Click Element" owner="SeleniumLibrary">
<msg time="2026-02-19T10:02:20.476647" level="INFO">Clicking element 'css=.shopping_cart_link'.</msg>
<arg>css=.shopping_cart_link</arg>
<doc>Click the element identified by ``locator``.</doc>
<status status="PASS" start="2026-02-19T10:02:20.476438" elapsed="0.056309"/>
</kw>
<kw name="Wait Until Page Contains" owner="SeleniumLibrary">
<arg>Your Cart</arg>
<doc>Waits until ``text`` appears on the current page.</doc>
<status status="PASS" start="2026-02-19T10:02:20.533001" elapsed="0.008406"/>
</kw>
<kw name="Sleep" owner="BuiltIn">
<msg time="2026-02-19T10:02:21.242751" level="INFO">Slept 700 milliseconds.</msg>
<arg>${DELAY}</arg>
<doc>Pauses the test executed for the given time.</doc>
<status status="PASS" start="2026-02-19T10:02:20.541654" elapsed="0.701264"/>
</kw>
<status status="PASS" start="2026-02-19T10:02:20.475460" elapsed="0.767618"/>
</kw>
<kw name="Sleep" owner="BuiltIn">
<msg time="2026-02-19T10:02:21.944604" level="INFO">Slept 700 milliseconds.</msg>
<arg>${DELAY}</arg>
<doc>Pauses the test executed for the given time.</doc>
<status status="PASS" start="2026-02-19T10:02:21.243285" elapsed="0.701776"/>
</kw>
<kw name="Click Button" owner="SeleniumLibrary">
<msg time="2026-02-19T10:02:21.946616" level="INFO">Clicking button 'id=checkout'.</msg>
<arg>id=checkout</arg>
<doc>Clicks the button identified by ``locator``.</doc>
<status status="PASS" start="2026-02-19T10:02:21.945777" elapsed="0.102105"/>
</kw>
<kw name="Sleep" owner="BuiltIn">
<msg time="2026-02-19T10:02:22.749085" level="INFO">Slept 700 milliseconds.</msg>
<arg>${DELAY}</arg>
<doc>Pauses the test executed for the given time.</doc>
<status status="PASS" start="2026-02-19T10:02:22.048167" elapsed="0.701065"/>
</kw>
<kw name="Input Text" owner="SeleniumLibrary">
<msg time="2026-02-19T10:02:22.749755" level="INFO">Typing text 'Prashant' into text field 'id=first-name'.</msg>
<arg>id=first-name</arg>
<arg>${first_name}</arg>
<doc>Types the given ``text`` into the text field identified by ``locator``.</doc>
<status status="PASS" start="2026-02-19T10:02:22.749453" elapsed="0.081271"/>
</kw>
<kw name="Sleep" owner="BuiltIn">
<msg time="2026-02-19T10:02:23.532395" level="INFO">Slept 700 milliseconds.</msg>
<arg>${DELAY}</arg>
<doc>Pauses the test executed for the given time.</doc>
<status status="PASS" start="2026-02-19T10:02:22.831120" elapsed="0.701439"/>
</kw>
<kw name="Input Text" owner="SeleniumLibrary">
<msg time="2026-02-19T10:02:23.533072" level="INFO">Typing text 'Kumar' into text field 'id=last-name'.</msg>
<arg>id=last-name</arg>
<arg>${last_name}</arg>
<doc>Types the given ``text`` into the text field identified by ``locator``.</doc>
<status status="PASS" start="2026-02-19T10:02:23.532784" elapsed="0.071880"/>
</kw>
<kw name="Sleep" owner="BuiltIn">
<msg time="2026-02-19T10:02:24.306634" level="INFO">Slept 700 milliseconds.</msg>
<arg>${DELAY}</arg>
<doc>Pauses the test executed for the given time.</doc>
<status status="PASS" start="2026-02-19T10:02:23.605309" elapsed="0.701473"/>
</kw>
<kw name="Input Text" owner="SeleniumLibrary">
<msg time="2026-02-19T10:02:24.307312" level="INFO">Typing text '12345' into text field 'id=postal-code'.</msg>
<arg>id=postal-code</arg>
<arg>${postal_code}</arg>
<doc>Types the given ``text`` into the text field identified by ``locator``.</doc>
<status status="PASS" start="2026-02-19T10:02:24.307020" elapsed="0.071239"/>
</kw>
<kw name="Sleep" owner="BuiltIn">
<msg time="2026-02-19T10:02:25.079245" level="INFO">Slept 700 milliseconds.</msg>
<arg>${DELAY}</arg>
<doc>Pauses the test executed for the given time.</doc>
<status status="PASS" start="2026-02-19T10:02:24.378511" elapsed="0.700910"/>
</kw>
<kw name="Click Button" owner="SeleniumLibrary">
<msg time="2026-02-19T10:02:25.079980" level="INFO">Clicking button 'id=continue'.</msg>
<arg>id=continue</arg>
<doc>Clicks the button identified by ``locator``.</doc>
<status status="PASS" start="2026-02-19T10:02:25.079689" elapsed="0.079013"/>
</kw>
<kw name="Sleep" owner="BuiltIn">
<msg time="2026-02-19T10:02:25.859943" level="INFO">Slept 700 milliseconds.</msg>
<arg>${DELAY}</arg>
<doc>Pauses the test executed for the given time.</doc>
<status status="PASS" start="2026-02-19T10:02:25.158969" elapsed="0.701262"/>
</kw>
<kw name="Click Button" owner="SeleniumLibrary">
<msg time="2026-02-19T10:02:25.861150" level="INFO">Clicking button 'id=finish'.</msg>
<arg>id=finish</arg>
<doc>Clicks the button identified by ``locator``.</doc>
<status status="PASS" start="2026-02-19T10:02:25.860655" elapsed="0.085207"/>
</kw>
<kw name="Sleep" owner="BuiltIn">
<msg time="2026-02-19T10:02:26.646688" level="INFO">Slept 700 milliseconds.</msg>
<arg>${DELAY}</arg>
<doc>Pauses the test executed for the given time.</doc>
<status status="PASS" start="2026-02-19T10:02:25.946160" elapsed="0.700705"/>
</kw>
<kw name="Page Should Contain" owner="SeleniumLibrary">
<msg time="2026-02-19T10:02:26.659500" level="INFO">Current page contains text 'Thank you for your order!'.</msg>
<arg>Thank you for your order!</arg>
<doc>Verifies that current page contains ``text``.</doc>
<status status="PASS" start="2026-02-19T10:02:26.647207" elapsed="0.012419"/>
</kw>
<kw name="Click Button" owner="SeleniumLibrary">
<msg time="2026-02-19T10:02:26.660069" level="INFO">Clicking button 'id=back-to-products'.</msg>
<arg>id=back-to-products</arg>
<doc>Clicks the button identified by ``locator``.</doc>
<status status="PASS" start="2026-02-19T10:02:26.659835" elapsed="0.079511"/>
</kw>
<kw name="Logout From Application" owner="ecommerce_keywords">
<kw name="Click Element" owner="SeleniumLibrary">
<msg time="2026-02-19T10:02:26.740533" level="INFO">Clicking element 'id=react-burger-menu-btn'.</msg>
<arg>id=react-burger-menu-btn</arg>
<doc>Click the element identified by ``locator``.</doc>
<status status="PASS" start="2026-02-19T10:02:26.740260" elapsed="0.066797"/>
</kw>
<kw name="Sleep" owner="BuiltIn">
<msg time="2026-02-19T10:02:27.508349" level="INFO">Slept 700 milliseconds.</msg>
<arg>${DELAY}</arg>
<doc>Pauses the test executed for the given time.</doc>
<status status="PASS" start="2026-02-19T10:02:26.807319" elapsed="0.701256"/>
</kw>
<kw name="Click Element" owner="SeleniumLibrary">
<msg time="2026-02-19T10:02:27.509080" level="INFO">Clicking element 'id=logout_sidebar_link'.</msg>
<arg>id=logout_sidebar_link</arg>
<doc>Click the element identified by ``locator``.</doc>
<status status="PASS" start="2026-02-19T10:02:27.508829" elapsed="0.079829"/>
</kw>
<kw name="Wait Until Element Is Visible" owner="SeleniumLibrary">
<arg>id=login-button</arg>
<doc>Waits until the element ``locator`` is visible.</doc>
<status status="PASS" start="2026-02-19T10:02:27.588910" elapsed="0.018224"/>
</kw>
<kw name="Sleep" owner="BuiltIn">
<msg time="2026-02-19T10:02:28.308484" level="INFO">Slept 700 milliseconds.</msg>
<arg>${DELAY}</arg>
<doc>Pauses the test executed for the given time.</doc>
<status status="PASS" start="2026-02-19T10:02:27.607483" elapsed="0.701188"/>
</kw>
<status status="PASS" start="2026-02-19T10:02:26.739722" elapsed="1.569140"/>
</kw>
<arg>${first_name}</arg>
<arg>${last_name}</arg>
<arg>${postal_code}</arg>
<status status="PASS" start="2026-02-19T10:02:13.617245" elapsed="14.691744"/>
</kw>
<var name="${row}">Prashant,Kumar,12345</var>
<status status="PASS" start="2026-02-19T10:02:13.613986" elapsed="14.695110"/>
</iter>
<iter>
<kw name="Split String" owner="String">
<msg time="2026-02-19T10:02:28.310088" level="INFO">${columns} = ['Mahendra', 'Chowdam', '45678']</msg>
<var>${columns}</var>
<arg>${row}</arg>
<arg>,</arg>
<doc>Splits the ``string`` using ``separator`` as a delimiter string.</doc>
<status status="PASS" start="2026-02-19T10:02:28.309619" elapsed="0.000531"/>
</kw>
<kw name="Get From List" owner="Collections">
<msg time="2026-02-19T10:02:28.310613" level="INFO">${first_name} = Mahendra</msg>
<var>${first_name}</var>
<arg>${columns}</arg>
<arg>0</arg>
<doc>Returns the value specified with an ``index`` from ``list``.</doc>
<status status="PASS" start="2026-02-19T10:02:28.310371" elapsed="0.000271"/>
</kw>
<kw name="Get From List" owner="Collections">
<msg time="2026-02-19T10:02:28.310914" level="INFO">${last_name} = Chowdam</msg>
<var>${last_name}</var>
<arg>${columns}</arg>
<arg>1</arg>
<doc>Returns the value specified with an ``index`` from ``list``.</doc>
<status status="PASS" start="2026-02-19T10:02:28.310760" elapsed="0.000178"/>
</kw>
<kw name="Get From List" owner="Collections">
<msg time="2026-02-19T10:02:28.311178" level="INFO">${postal_code} = 45678</msg>
<var>${postal_code}</var>
<arg>${columns}</arg>
<arg>2</arg>
<doc>Returns the value specified with an ``index`` from ``list``.</doc>
<status status="PASS" start="2026-02-19T10:02:28.311032" elapsed="0.000168"/>
</kw>
<kw name="Checkout With User Data" owner="ecommerce_keywords">
<kw name="Login To Application" owner="ecommerce_keywords">
<kw name="Input Text" owner="SeleniumLibrary">
<msg time="2026-02-19T10:02:28.312023" level="INFO">Typing text 'standard_user' into text field 'id=user-name'.</msg>
<arg>id=user-name</arg>
<arg>${USERNAME}</arg>
<doc>Types the given ``text`` into the text field identified by ``locator``.</doc>
<status status="PASS" start="2026-02-19T10:02:28.311863" elapsed="0.080893"/>
</kw>
<kw name="Sleep" owner="BuiltIn">
<msg time="2026-02-19T10:02:29.094063" level="INFO">Slept 700 milliseconds.</msg>
<arg>${DELAY}</arg>
<doc>Pauses the test executed for the given time.</doc>
<status status="PASS" start="2026-02-19T10:02:28.393065" elapsed="0.701126"/>
</kw>
<kw name="Input Text" owner="SeleniumLibrary">
<msg time="2026-02-19T10:02:29.094666" level="INFO">Typing text 'secret_sauce' into text field 'id=password'.</msg>
<arg>id=password</arg>
<arg>${PASSWORD}</arg>
<doc>Types the given ``text`` into the text field identified by ``locator``.</doc>
<status status="PASS" start="2026-02-19T10:02:29.094391" elapsed="0.069603"/>
</kw>
<kw name="Sleep" owner="BuiltIn">
<msg time="2026-02-19T10:02:29.865083" level="INFO">Slept 700 milliseconds.</msg>
<arg>${DELAY}</arg>
<doc>Pauses the test executed for the given time.</doc>
<status status="PASS" start="2026-02-19T10:02:29.164243" elapsed="0.701092"/>
</kw>
<kw name="Click Button" owner="SeleniumLibrary">
<msg time="2026-02-19T10:02:29.866401" level="INFO">Clicking button 'id=login-button'.</msg>
<arg>id=login-button</arg>
<doc>Clicks the button identified by ``locator``.</doc>
<status status="PASS" start="2026-02-19T10:02:29.865741" elapsed="0.066411"/>
</kw>
<kw name="Wait Until Page Contains Element" owner="SeleniumLibrary">
<arg>css=.inventory_list</arg>
<doc>Waits until the element ``locator`` appears on the current page.</doc>
<status status="PASS" start="2026-02-19T10:02:29.932406" elapsed="0.010607"/>
</kw>
<kw name="Sleep" owner="BuiltIn">
<msg time="2026-02-19T10:02:30.644070" level="INFO">Slept 700 milliseconds.</msg>
<arg>${DELAY}</arg>
<doc>Pauses the test executed for the given time.</doc>
<status status="PASS" start="2026-02-19T10:02:29.943265" elapsed="0.700945"/>
</kw>
<status status="PASS" start="2026-02-19T10:02:28.311697" elapsed="2.332642"/>
</kw>
<kw name="Sort Products Low To High" owner="ecommerce_keywords">
<kw name="Select From List By Value" owner="SeleniumLibrary">
<msg time="2026-02-19T10:02:30.645095" level="INFO">Selecting options from selection list 'css=.product_sort_container' by value lohi.</msg>
<arg>css=.product_sort_container</arg>
<arg>lohi</arg>
<doc>Selects options from selection list ``locator`` by ``values``.</doc>
<status status="PASS" start="2026-02-19T10:02:30.644881" elapsed="0.048507"/>
</kw>
<kw name="Sleep" owner="BuiltIn">
<msg time="2026-02-19T10:02:31.394278" level="INFO">Slept 700 milliseconds.</msg>
<arg>${DELAY}</arg>
<doc>Pauses the test executed for the given time.</doc>
<status status="PASS" start="2026-02-19T10:02:30.693637" elapsed="0.700776"/>
</kw>
<status status="PASS" start="2026-02-19T10:02:30.644561" elapsed="0.749970"/>
</kw>
<kw name="Add Four Products To Cart" owner="ecommerce_keywords">
<kw name="Get WebElements" owner="SeleniumLibrary">
<msg time="2026-02-19T10:02:31.403342" level="INFO">${buttons} = [&lt;selenium.webdriver.remote.webelement.WebElement (session="76e16be2a10ae100f42255dc2ef32931", element="f.1E1B6CC048311B4F5711D0F1CF41BDDE.d.ECE35B29C34B2F3E47C3E1010427ADEB.e.217")&gt;, &lt;selenium.webdri...</msg>
<var>${buttons}</var>
<arg>xpath=//button[contains(text(),'Add to cart')]</arg>
<doc>Returns a list of WebElement objects matching the ``locator``.</doc>
<status status="PASS" start="2026-02-19T10:02:31.395155" elapsed="0.008247"/>
</kw>
<for flavor="IN RANGE">
<iter>
<kw name="Click Element" owner="SeleniumLibrary">
<msg time="2026-02-19T10:02:31.404267" level="INFO">Clicking element '&lt;selenium.webdriver.remote.webelement.WebElement (session="76e16be2a10ae100f42255dc2ef32931", element="f.1E1B6CC048311B4F5711D0F1CF41BDDE.d.ECE35B29C34B2F3E47C3E1010427ADEB.e.217")&gt;'.</msg>
<arg>${buttons}[${index}]</arg>
<doc>Click the element identified by ``locator``.</doc>
<status status="PASS" start="2026-02-19T10:02:31.403991" elapsed="0.038966"/>
</kw>
<kw name="Sleep" owner="BuiltIn">
<msg time="2026-02-19T10:02:32.143849" level="INFO">Slept 700 milliseconds.</msg>
<arg>${DELAY}</arg>
<doc>Pauses the test executed for the given time.</doc>
<status status="PASS" start="2026-02-19T10:02:31.443192" elapsed="0.700794"/>
</kw>
<var name="${index}">0</var>
<status status="PASS" start="2026-02-19T10:02:31.403845" elapsed="0.740226"/>
</iter>
<iter>
<kw name="Click Element" owner="SeleniumLibrary">
<msg time="2026-02-19T10:02:32.144778" level="INFO">Clicking element '&lt;selenium.webdriver.remote.webelement.WebElement (session="76e16be2a10ae100f42255dc2ef32931", element="f.1E1B6CC048311B4F5711D0F1CF41BDDE.d.ECE35B29C34B2F3E47C3E1010427ADEB.e.218")&gt;'.</msg>
<arg>${buttons}[${index}]</arg>
<doc>Click the element identified by ``locator``.</doc>
<status status="PASS" start="2026-02-19T10:02:32.144455" elapsed="0.044509"/>
</kw>
<kw name="Sleep" owner="BuiltIn">
<msg time="2026-02-19T10:02:32.890117" level="INFO">Slept 700 milliseconds.</msg>
<arg>${DELAY}</arg>
<doc>Pauses the test executed for the given time.</doc>
<status status="PASS" start="2026-02-19T10:02:32.189191" elapsed="0.701085"/>
</kw>
<var name="${index}">1</var>
<status status="PASS" start="2026-02-19T10:02:32.144239" elapsed="0.746149"/>
</iter>
<iter>
<kw name="Click Element" owner="SeleniumLibrary">
<msg time="2026-02-19T10:02:32.891139" level="INFO">Clicking element '&lt;selenium.webdriver.remote.webelement.WebElement (session="76e16be2a10ae100f42255dc2ef32931", element="f.1E1B6CC048311B4F5711D0F1CF41BDDE.d.ECE35B29C34B2F3E47C3E1010427ADEB.e.219")&gt;'.</msg>
<arg>${buttons}[${index}]</arg>
<doc>Click the element identified by ``locator``.</doc>
<status status="PASS" start="2026-02-19T10:02:32.890792" elapsed="0.042312"/>
</kw>
<kw name="Sleep" owner="BuiltIn">
<msg time="2026-02-19T10:02:33.634401" level="INFO">Slept 700 milliseconds.</msg>
<arg>${DELAY}</arg>
<doc>Pauses the test executed for the given time.</doc>
<status status="PASS" start="2026-02-19T10:02:32.933341" elapsed="0.701311"/>
</kw>
<var name="${index}">2</var>
<status status="PASS" start="2026-02-19T10:02:32.890612" elapsed="0.744208"/>
</iter>
<iter>
<kw name="Click Element" owner="SeleniumLibrary">
<msg time="2026-02-19T10:02:33.636017" level="INFO">Clicking element '&lt;selenium.webdriver.remote.webelement.WebElement (session="76e16be2a10ae100f42255dc2ef32931", element="f.1E1B6CC048311B4F5711D0F1CF41BDDE.d.ECE35B29C34B2F3E47C3E1010427ADEB.e.220")&gt;'.</msg>
<arg>${buttons}[${index}]</arg>
<doc>Click the element identified by ``locator``.</doc>
<status status="PASS" start="2026-02-19T10:02:33.635446" elapsed="0.038407"/>
</kw>
<kw name="Sleep" owner="BuiltIn">
<msg time="2026-02-19T10:02:34.374828" level="INFO">Slept 700 milliseconds.</msg>
<arg>${DELAY}</arg>
<doc>Pauses the test executed for the given time.</doc>
<status status="PASS" start="2026-02-19T10:02:33.674109" elapsed="0.700862"/>
</kw>
<var name="${index}">3</var>
<status status="PASS" start="2026-02-19T10:02:33.635164" elapsed="0.739901"/>
</iter>
<var>${index}</var>
<value>0</value>
<value>4</value>
<status status="PASS" start="2026-02-19T10:02:31.403593" elapsed="2.971551"/>
</for>
<status status="PASS" start="2026-02-19T10:02:31.394748" elapsed="2.980522"/>
</kw>
<kw name="Verify Cart Has Four Items" owner="ecommerce_keywords">
<kw name="Get Text" owner="SeleniumLibrary">
<msg time="2026-02-19T10:02:34.390642" level="INFO">${count} = 4</msg>
<var>${count}</var>
<arg>css=.shopping_cart_badge</arg>
<doc>Returns the text value of the element identified by ``locator``.</doc>
<status status="PASS" start="2026-02-19T10:02:34.375904" elapsed="0.014817"/>
</kw>
<kw name="Should Be Equal" owner="BuiltIn">
<arg>${count}</arg>
<arg>4</arg>
<doc>Fails if the given objects are unequal.</doc>
<status status="PASS" start="2026-02-19T10:02:34.390946" elapsed="0.000461"/>
</kw>
<kw name="Sleep" owner="BuiltIn">
<msg time="2026-02-19T10:02:35.092359" level="INFO">Slept 700 milliseconds.</msg>
<arg>${DELAY}</arg>
<doc>Pauses the test executed for the given time.</doc>
<status status="PASS" start="2026-02-19T10:02:34.391559" elapsed="0.700941"/>
</kw>
<status status="PASS" start="2026-02-19T10:02:34.375603" elapsed="0.717026"/>
</kw>
<kw name="Go To Cart" owner="ecommerce_keywords">
<kw name="Click Element" owner="SeleniumLibrary">
<msg time="2026-02-19T10:02:35.093348" level="INFO">Clicking element 'css=.shopping_cart_link'.</msg>
<arg>css=.shopping_cart_link</arg>
<doc>Click the element identified by ``locator``.</doc>
<status status="PASS" start="2026-02-19T10:02:35.093154" elapsed="0.056070"/>
</kw>
<kw name="Wait Until Page Contains" owner="SeleniumLibrary">
<arg>Your Cart</arg>
<doc>Waits until ``text`` appears on the current page.</doc>
<status status="PASS" start="2026-02-19T10:02:35.149521" elapsed="0.009470"/>
</kw>
<kw name="Sleep" owner="BuiltIn">
<msg time="2026-02-19T10:02:35.860313" level="INFO">Slept 700 milliseconds.</msg>
<arg>${DELAY}</arg>
<doc>Pauses the test executed for the given time.</doc>
<status status="PASS" start="2026-02-19T10:02:35.159251" elapsed="0.701292"/>
</kw>
<status status="PASS" start="2026-02-19T10:02:35.092841" elapsed="0.767915"/>
</kw>
<kw name="Sleep" owner="BuiltIn">
<msg time="2026-02-19T10:02:36.562201" level="INFO">Slept 700 milliseconds.</msg>
<arg>${DELAY}</arg>
<doc>Pauses the test executed for the given time.</doc>
<status status="PASS" start="2026-02-19T10:02:35.861035" elapsed="0.701302"/>
</kw>
<kw name="Click Button" owner="SeleniumLibrary">
<msg time="2026-02-19T10:02:36.562775" level="INFO">Clicking button 'id=checkout'.</msg>
<arg>id=checkout</arg>
<doc>Clicks the button identified by ``locator``.</doc>
<status status="PASS" start="2026-02-19T10:02:36.562548" elapsed="0.092258"/>
</kw>
<kw name="Sleep" owner="BuiltIn">
<msg time="2026-02-19T10:02:37.355942" level="INFO">Slept 700 milliseconds.</msg>
<arg>${DELAY}</arg>
<doc>Pauses the test executed for the given time.</doc>
<status status="PASS" start="2026-02-19T10:02:36.655028" elapsed="0.701449"/>
</kw>
<kw name="Input Text" owner="SeleniumLibrary">
<msg time="2026-02-19T10:02:37.357016" level="INFO">Typing text 'Mahendra' into text field 'id=first-name'.</msg>
<arg>id=first-name</arg>
<arg>${first_name}</arg>
<doc>Types the given ``text`` into the text field identified by ``locator``.</doc>
<status status="PASS" start="2026-02-19T10:02:37.356724" elapsed="0.093931"/>
</kw>
<kw name="Sleep" owner="BuiltIn">
<msg time="2026-02-19T10:02:38.152050" level="INFO">Slept 700 milliseconds.</msg>
<arg>${DELAY}</arg>
<doc>Pauses the test executed for the given time.</doc>
<status status="PASS" start="2026-02-19T10:02:37.450911" elapsed="0.701391"/>
</kw>
<kw name="Input Text" owner="SeleniumLibrary">
<msg time="2026-02-19T10:02:38.153287" level="INFO">Typing text 'Chowdam' into text field 'id=last-name'.</msg>
<arg>id=last-name</arg>
<arg>${last_name}</arg>
<doc>Types the given ``text`` into the text field identified by ``locator``.</doc>
<status status="PASS" start="2026-02-19T10:02:38.152732" elapsed="0.074980"/>
</kw>
<kw name="Sleep" owner="BuiltIn">
<msg time="2026-02-19T10:02:38.929176" level="INFO">Slept 700 milliseconds.</msg>
<arg>${DELAY}</arg>
<doc>Pauses the test executed for the given time.</doc>
<status status="PASS" start="2026-02-19T10:02:38.228034" elapsed="0.701372"/>
</kw>
<kw name="Input Text" owner="SeleniumLibrary">
<msg time="2026-02-19T10:02:38.930459" level="INFO">Typing text '45678' into text field 'id=postal-code'.</msg>
<arg>id=postal-code</arg>
<arg>${postal_code}</arg>
<doc>Types the given ``text`` into the text field identified by ``locator``.</doc>
<status status="PASS" start="2026-02-19T10:02:38.929903" elapsed="0.082735"/>
</kw>
<kw name="Sleep" owner="BuiltIn">
<msg time="2026-02-19T10:02:39.713885" level="INFO">Slept 700 milliseconds.</msg>
<arg>${DELAY}</arg>
<doc>Pauses the test executed for the given time.</doc>
<status status="PASS" start="2026-02-19T10:02:39.012897" elapsed="0.701104"/>
</kw>
<kw name="Click Button" owner="SeleniumLibrary">
<msg time="2026-02-19T10:02:39.714365" level="INFO">Clicking button 'id=continue'.</msg>
<arg>id=continue</arg>
<doc>Clicks the button identified by ``locator``.</doc>
<status status="PASS" start="2026-02-19T10:02:39.714175" elapsed="0.065409"/>
</kw>
<kw name="Sleep" owner="BuiltIn">
<msg time="2026-02-19T10:02:40.480805" level="INFO">Slept 700 milliseconds.</msg>
<arg>${DELAY}</arg>
<doc>Pauses the test executed for the given time.</doc>
<status status="PASS" start="2026-02-19T10:02:39.779852" elapsed="0.701091"/>
</kw>
<kw name="Click Button" owner="SeleniumLibrary">
<msg time="2026-02-19T10:02:40.481377" level="INFO">Clicking button 'id=finish'.</msg>
<arg>id=finish</arg>
<doc>Clicks the button identified by ``locator``.</doc>
<status status="PASS" start="2026-02-19T10:02:40.481158" elapsed="0.069705"/>
</kw>
<kw name="Sleep" owner="BuiltIn">
<msg time="2026-02-19T10:02:41.252074" level="INFO">Slept 700 milliseconds.</msg>
<arg>${DELAY}</arg>
<doc>Pauses the test executed for the given time.</doc>
<status status="PASS" start="2026-02-19T10:02:40.551140" elapsed="0.701347"/>
</kw>
<kw name="Page Should Contain" owner="SeleniumLibrary">
<msg time="2026-02-19T10:02:41.269127" level="INFO">Current page contains text 'Thank you for your order!'.</msg>
<arg>Thank you for your order!</arg>
<doc>Verifies that current page contains ``text``.</doc>
<status status="PASS" start="2026-02-19T10:02:41.253153" elapsed="0.016201"/>
</kw>
<kw name="Click Button" owner="SeleniumLibrary">
<msg time="2026-02-19T10:02:41.269979" level="INFO">Clicking button 'id=back-to-products'.</msg>
<arg>id=back-to-products</arg>
<doc>Clicks the button identified by ``locator``.</doc>
<status status="PASS" start="2026-02-19T10:02:41.269699" elapsed="0.104019"/>
</kw>
<kw name="Logout From Application" owner="ecommerce_keywords">
<kw name="Click Element" owner="SeleniumLibrary">
<msg time="2026-02-19T10:02:41.375013" level="INFO">Clicking element 'id=react-burger-menu-btn'.</msg>
<arg>id=react-burger-menu-btn</arg>
<doc>Click the element identified by ``locator``.</doc>
<status status="PASS" start="2026-02-19T10:02:41.374634" elapsed="0.076622"/>
</kw>
<kw name="Sleep" owner="BuiltIn">
<msg time="2026-02-19T10:02:42.153359" level="INFO">Slept 700 milliseconds.</msg>
<arg>${DELAY}</arg>
<doc>Pauses the test executed for the given time.</doc>
<status status="PASS" start="2026-02-19T10:02:41.451906" elapsed="0.701632"/>
</kw>
<kw name="Click Element" owner="SeleniumLibrary">
<msg time="2026-02-19T10:02:42.154174" level="INFO">Clicking element 'id=logout_sidebar_link'.</msg>
<arg>id=logout_sidebar_link</arg>
<doc>Click the element identified by ``locator``.</doc>
<status status="PASS" start="2026-02-19T10:02:42.153843" elapsed="0.077859"/>
</kw>
<kw name="Wait Until Element Is Visible" owner="SeleniumLibrary">
<arg>id=login-button</arg>
<doc>Waits until the element ``locator`` is visible.</doc>
<status status="PASS" start="2026-02-19T10:02:42.232018" elapsed="0.024055"/>
</kw>
<kw name="Sleep" owner="BuiltIn">
<msg time="2026-02-19T10:02:42.957269" level="INFO">Slept 700 milliseconds.</msg>
<arg>${DELAY}</arg>
<doc>Pauses the test executed for the given time.</doc>
<status status="PASS" start="2026-02-19T10:02:42.256355" elapsed="0.701030"/>
</kw>
<status status="PASS" start="2026-02-19T10:02:41.374130" elapsed="1.583368"/>
</kw>
<arg>${first_name}</arg>
<arg>${last_name}</arg>
<arg>${postal_code}</arg>
<status status="PASS" start="2026-02-19T10:02:28.311395" elapsed="14.646157"/>
</kw>
<var name="${row}">Mahendra,Chowdam,45678</var>
<status status="PASS" start="2026-02-19T10:02:28.309392" elapsed="14.648209"/>
</iter>
<iter>
<kw name="Split String" owner="String">
<msg time="2026-02-19T10:02:42.958115" level="INFO">${columns} = ['Bhagyashree', 'N', '67891']</msg>
<var>${columns}</var>
<arg>${row}</arg>
<arg>,</arg>
<doc>Splits the ``string`` using ``separator`` as a delimiter string.</doc>
<status status="PASS" start="2026-02-19T10:02:42.957885" elapsed="0.000257"/>
</kw>
<kw name="Get From List" owner="Collections">
<msg time="2026-02-19T10:02:42.958411" level="INFO">${first_name} = Bhagyashree</msg>
<var>${first_name}</var>
<arg>${columns}</arg>
<arg>0</arg>
<doc>Returns the value specified with an ``index`` from ``list``.</doc>
<status status="PASS" start="2026-02-19T10:02:42.958253" elapsed="0.000182"/>
</kw>
<kw name="Get From List" owner="Collections">
<msg time="2026-02-19T10:02:42.959473" level="INFO">${last_name} = N</msg>
<var>${last_name}</var>
<arg>${columns}</arg>
<arg>1</arg>
<doc>Returns the value specified with an ``index`` from ``list``.</doc>
<status status="PASS" start="2026-02-19T10:02:42.958721" elapsed="0.000860"/>
</kw>
<kw name="Get From List" owner="Collections">
<msg time="2026-02-19T10:02:42.960642" level="INFO">${postal_code} = 67891</msg>
<var>${postal_code}</var>
<arg>${columns}</arg>
<arg>2</arg>
<doc>Returns the value specified with an ``index`` from ``list``.</doc>
<status status="PASS" start="2026-02-19T10:02:42.960005" elapsed="0.000691"/>
</kw>
<kw name="Checkout With User Data" owner="ecommerce_keywords">
<kw name="Login To Application" owner="ecommerce_keywords">
<kw name="Input Text" owner="SeleniumLibrary">
<msg time="2026-02-19T10:02:42.962635" level="INFO">Typing text 'standard_user' into text field 'id=user-name'.</msg>
<arg>id=user-name</arg>
<arg>${USERNAME}</arg>
<doc>Types the given ``text`` into the text field identified by ``locator``.</doc>
<status status="PASS" start="2026-02-19T10:02:42.962318" elapsed="0.094903"/>
</kw>
<kw name="Sleep" owner="BuiltIn">
<msg time="2026-02-19T10:02:43.758389" level="INFO">Slept 700 milliseconds.</msg>
<arg>${DELAY}</arg>
<doc>Pauses the test executed for the given time.</doc>
<status status="PASS" start="2026-02-19T10:02:43.057500" elapsed="0.701053"/>
</kw>
<kw name="Input Text" owner="SeleniumLibrary">
<msg time="2026-02-19T10:02:43.759426" level="INFO">Typing text 'secret_sauce' into text field 'id=password'.</msg>
<arg>id=password</arg>
<arg>${PASSWORD}</arg>
<doc>Types the given ``text`` into the text field identified by ``locator``.</doc>
<status status="PASS" start="2026-02-19T10:02:43.758816" elapsed="0.069978"/>
</kw>
<kw name="Sleep" owner="BuiltIn">
<msg time="2026-02-19T10:02:44.529696" level="INFO">Slept 700 milliseconds.</msg>
<arg>${DELAY}</arg>
<doc>Pauses the test executed for the given time.</doc>
<status status="PASS" start="2026-02-19T10:02:43.829050" elapsed="0.700783"/>
</kw>
<kw name="Click Button" owner="SeleniumLibrary">
<msg time="2026-02-19T10:02:44.530270" level="INFO">Clicking button 'id=login-button'.</msg>
<arg>id=login-button</arg>
<doc>Clicks the button identified by ``locator``.</doc>
<status status="PASS" start="2026-02-19T10:02:44.530049" elapsed="0.065456"/>
</kw>
<kw name="Wait Until Page Contains Element" owner="SeleniumLibrary">
<arg>css=.inventory_list</arg>
<doc>Waits until the element ``locator`` appears on the current page.</doc>
<status status="PASS" start="2026-02-19T10:02:44.595915" elapsed="0.009954"/>
</kw>
<kw name="Sleep" owner="BuiltIn">
<msg time="2026-02-19T10:02:45.306751" level="INFO">Slept 700 milliseconds.</msg>
<arg>${DELAY}</arg>
<doc>Pauses the test executed for the given time.</doc>
<status status="PASS" start="2026-02-19T10:02:44.606134" elapsed="0.700753"/>
</kw>
<status status="PASS" start="2026-02-19T10:02:42.961613" elapsed="2.345480"/>
</kw>
<kw name="Sort Products Low To High" owner="ecommerce_keywords">
<kw name="Select From List By Value" owner="SeleniumLibrary">
<msg time="2026-02-19T10:02:45.307865" level="INFO">Selecting options from selection list 'css=.product_sort_container' by value lohi.</msg>
<arg>css=.product_sort_container</arg>
<arg>lohi</arg>
<doc>Selects options from selection list ``locator`` by ``values``.</doc>
<status status="PASS" start="2026-02-19T10:02:45.307642" elapsed="0.050898"/>
</kw>
<kw name="Sleep" owner="BuiltIn">
<msg time="2026-02-19T10:02:46.059648" level="INFO">Slept 700 milliseconds.</msg>
<arg>${DELAY}</arg>
<doc>Pauses the test executed for the given time.</doc>
<status status="PASS" start="2026-02-19T10:02:45.358798" elapsed="0.701131"/>
</kw>
<status status="PASS" start="2026-02-19T10:02:45.307318" elapsed="0.752881"/>
</kw>
<kw name="Add Four Products To Cart" owner="ecommerce_keywords">
<kw name="Get WebElements" owner="SeleniumLibrary">
<msg time="2026-02-19T10:02:46.071142" level="INFO">${buttons} = [&lt;selenium.webdriver.remote.webelement.WebElement (session="76e16be2a10ae100f42255dc2ef32931", element="f.1E1B6CC048311B4F5711D0F1CF41BDDE.d.ECE35B29C34B2F3E47C3E1010427ADEB.e.274")&gt;, &lt;selenium.webdri...</msg>
<var>${buttons}</var>
<arg>xpath=//button[contains(text(),'Add to cart')]</arg>
<doc>Returns a list of WebElement objects matching the ``locator``.</doc>
<status status="PASS" start="2026-02-19T10:02:46.061036" elapsed="0.010168"/>
</kw>
<for flavor="IN RANGE">
<iter>
<kw name="Click Element" owner="SeleniumLibrary">
<msg time="2026-02-19T10:02:46.072139" level="INFO">Clicking element '&lt;selenium.webdriver.remote.webelement.WebElement (session="76e16be2a10ae100f42255dc2ef32931", element="f.1E1B6CC048311B4F5711D0F1CF41BDDE.d.ECE35B29C34B2F3E47C3E1010427ADEB.e.274")&gt;'.</msg>
<arg>${buttons}[${index}]</arg>
<doc>Click the element identified by ``locator``.</doc>
<status status="PASS" start="2026-02-19T10:02:46.071813" elapsed="0.042392"/>
</kw>
<kw name="Sleep" owner="BuiltIn">
<msg time="2026-02-19T10:02:46.815289" level="INFO">Slept 700 milliseconds.</msg>
<arg>${DELAY}</arg>
<doc>Pauses the test executed for the given time.</doc>
<status status="PASS" start="2026-02-19T10:02:46.114483" elapsed="0.700959"/>
</kw>
<var name="${index}">0</var>
<status status="PASS" start="2026-02-19T10:02:46.071612" elapsed="0.743936"/>
</iter>
<iter>
<kw name="Click Element" owner="SeleniumLibrary">
<msg time="2026-02-19T10:02:46.816522" level="INFO">Clicking element '&lt;selenium.webdriver.remote.webelement.WebElement (session="76e16be2a10ae100f42255dc2ef32931", element="f.1E1B6CC048311B4F5711D0F1CF41BDDE.d.ECE35B29C34B2F3E47C3E1010427ADEB.e.275")&gt;'.</msg>
<arg>${buttons}[${index}]</arg>
<doc>Click the element identified by ``locator``.</doc>
<status status="PASS" start="2026-02-19T10:02:46.816148" elapsed="0.041171"/>
</kw>
<kw name="Sleep" owner="BuiltIn">
<msg time="2026-02-19T10:02:47.558384" level="INFO">Slept 700 milliseconds.</msg>
<arg>${DELAY}</arg>
<doc>Pauses the test executed for the given time.</doc>
<status status="PASS" start="2026-02-19T10:02:46.857751" elapsed="0.700775"/>
</kw>
<var name="${index}">1</var>
<status status="PASS" start="2026-02-19T10:02:46.815848" elapsed="0.742773"/>
</iter>
<iter>
<kw name="Click Element" owner="SeleniumLibrary">
<msg time="2026-02-19T10:02:47.559277" level="INFO">Clicking element '&lt;selenium.webdriver.remote.webelement.WebElement (session="76e16be2a10ae100f42255dc2ef32931", element="f.1E1B6CC048311B4F5711D0F1CF41BDDE.d.ECE35B29C34B2F3E47C3E1010427ADEB.e.276")&gt;'.</msg>
<arg>${buttons}[${index}]</arg>
<doc>Click the element identified by ``locator``.</doc>
<status status="PASS" start="2026-02-19T10:02:47.558975" elapsed="0.040851"/>
</kw>
<kw name="Sleep" owner="BuiltIn">
<msg time="2026-02-19T10:02:48.301004" level="INFO">Slept 700 milliseconds.</msg>
<arg>${DELAY}</arg>
<doc>Pauses the test executed for the given time.</doc>
<status status="PASS" start="2026-02-19T10:02:47.600048" elapsed="0.701173"/>
</kw>
<var name="${index}">2</var>
<status status="PASS" start="2026-02-19T10:02:47.558812" elapsed="0.742571"/>
</iter>
<iter>
<kw name="Click Element" owner="SeleniumLibrary">
<msg time="2026-02-19T10:02:48.302499" level="INFO">Clicking element '&lt;selenium.webdriver.remote.webelement.WebElement (session="76e16be2a10ae100f42255dc2ef32931", element="f.1E1B6CC048311B4F5711D0F1CF41BDDE.d.ECE35B29C34B2F3E47C3E1010427ADEB.e.277")&gt;'.</msg>
<arg>${buttons}[${index}]</arg>
<doc>Click the element identified by ``locator``.</doc>
<status status="PASS" start="2026-02-19T10:02:48.301984" elapsed="0.065217"/>
</kw>
<kw name="Sleep" owner="BuiltIn">
<msg time="2026-02-19T10:02:49.068383" level="INFO">Slept 700 milliseconds.</msg>
<arg>${DELAY}</arg>
<doc>Pauses the test executed for the given time.</doc>
<status status="PASS" start="2026-02-19T10:02:48.367420" elapsed="0.701069"/>
</kw>
<var name="${index}">3</var>
<status status="PASS" start="2026-02-19T10:02:48.301712" elapsed="0.766842"/>
</iter>
<var>${index}</var>
<value>0</value>
<value>4</value>
<status status="PASS" start="2026-02-19T10:02:46.071324" elapsed="2.997278"/>
</for>
<status status="PASS" start="2026-02-19T10:02:46.060577" elapsed="3.008116"/>
</kw>
<kw name="Verify Cart Has Four Items" owner="ecommerce_keywords">
<kw name="Get Text" owner="SeleniumLibrary">
<msg time="2026-02-19T10:02:49.085651" level="INFO">${count} = 4</msg>
<var>${count}</var>
<arg>css=.shopping_cart_badge</arg>
<doc>Returns the text value of the element identified by ``locator``.</doc>
<status status="PASS" start="2026-02-19T10:02:49.070043" elapsed="0.015676"/>
</kw>
<kw name="Should Be Equal" owner="BuiltIn">
<arg>${count}</arg>
<arg>4</arg>
<doc>Fails if the given objects are unequal.</doc>
<status status="PASS" start="2026-02-19T10:02:49.085899" elapsed="0.000336"/>
</kw>
<kw name="Sleep" owner="BuiltIn">
<msg time="2026-02-19T10:02:49.786908" level="INFO">Slept 700 milliseconds.</msg>
<arg>${DELAY}</arg>
<doc>Pauses the test executed for the given time.</doc>
<status status="PASS" start="2026-02-19T10:02:49.086364" elapsed="0.700681"/>
</kw>
<status status="PASS" start="2026-02-19T10:02:49.069273" elapsed="0.718030"/>
</kw>
<kw name="Go To Cart" owner="ecommerce_keywords">
<kw name="Click Element" owner="SeleniumLibrary">
<msg time="2026-02-19T10:02:49.787901" level="INFO">Clicking element 'css=.shopping_cart_link'.</msg>
<arg>css=.shopping_cart_link</arg>
<doc>Click the element identified by ``locator``.</doc>
<status status="PASS" start="2026-02-19T10:02:49.787742" elapsed="0.055925"/>
</kw>
<kw name="Wait Until Page Contains" owner="SeleniumLibrary">
<arg>Your Cart</arg>
<doc>Waits until ``text`` appears on the current page.</doc>
<status status="PASS" start="2026-02-19T10:02:49.843979" elapsed="0.011975"/>
</kw>
<kw name="Sleep" owner="BuiltIn">
<msg time="2026-02-19T10:02:50.557331" level="INFO">Slept 700 milliseconds.</msg>
<arg>${DELAY}</arg>
<doc>Pauses the test executed for the given time.</doc>
<status status="PASS" start="2026-02-19T10:02:49.856225" elapsed="0.701218"/>
</kw>
<status status="PASS" start="2026-02-19T10:02:49.787504" elapsed="0.770028"/>
</kw>
<kw name="Sleep" owner="BuiltIn">
<msg time="2026-02-19T10:02:51.258601" level="INFO">Slept 700 milliseconds.</msg>
<arg>${DELAY}</arg>
<doc>Pauses the test executed for the given time.</doc>
<status status="PASS" start="2026-02-19T10:02:50.557651" elapsed="0.701107"/>
</kw>
<kw name="Click Button" owner="SeleniumLibrary">
<msg time="2026-02-19T10:02:51.259306" level="INFO">Clicking button 'id=checkout'.</msg>
<arg>id=checkout</arg>
<doc>Clicks the button identified by ``locator``.</doc>
<status status="PASS" start="2026-02-19T10:02:51.259039" elapsed="0.073576"/>
</kw>
<kw name="Sleep" owner="BuiltIn">
<msg time="2026-02-19T10:02:52.033621" level="INFO">Slept 700 milliseconds.</msg>
<arg>${DELAY}</arg>
<doc>Pauses the test executed for the given time.</doc>
<status status="PASS" start="2026-02-19T10:02:51.332891" elapsed="0.700935"/>
</kw>
<kw name="Input Text" owner="SeleniumLibrary">
<msg time="2026-02-19T10:02:52.034469" level="INFO">Typing text 'Bhagyashree' into text field 'id=first-name'.</msg>
<arg>id=first-name</arg>
<arg>${first_name}</arg>
<doc>Types the given ``text`` into the text field identified by ``locator``.</doc>
<status status="PASS" start="2026-02-19T10:02:52.034138" elapsed="0.089730"/>
</kw>
<kw name="Sleep" owner="BuiltIn">
<msg time="2026-02-19T10:02:52.825241" level="INFO">Slept 700 milliseconds.</msg>
<arg>${DELAY}</arg>
<doc>Pauses the test executed for the given time.</doc>
<status status="PASS" start="2026-02-19T10:02:52.124121" elapsed="0.701484"/>
</kw>
<kw name="Input Text" owner="SeleniumLibrary">
<msg time="2026-02-19T10:02:52.826187" level="INFO">Typing text 'N' into text field 'id=last-name'.</msg>
<arg>id=last-name</arg>
<arg>${last_name}</arg>
<doc>Types the given ``text`` into the text field identified by ``locator``.</doc>
<status status="PASS" start="2026-02-19T10:02:52.825872" elapsed="0.084591"/>
</kw>
<kw name="Sleep" owner="BuiltIn">
<msg time="2026-02-19T10:02:53.612605" level="INFO">Slept 700 milliseconds.</msg>
<arg>${DELAY}</arg>
<doc>Pauses the test executed for the given time.</doc>
<status status="PASS" start="2026-02-19T10:02:52.910747" elapsed="0.702081"/>
</kw>
<kw name="Input Text" owner="SeleniumLibrary">
<msg time="2026-02-19T10:02:53.613533" level="INFO">Typing text '67891' into text field 'id=postal-code'.</msg>
<arg>id=postal-code</arg>
<arg>${postal_code}</arg>
<doc>Types the given ``text`` into the text field identified by ``locator``.</doc>
<status status="PASS" start="2026-02-19T10:02:53.613133" elapsed="0.072002"/>
</kw>
<kw name="Sleep" owner="BuiltIn">
<msg time="2026-02-19T10:02:54.386604" level="INFO">Slept 700 milliseconds.</msg>
<arg>${DELAY}</arg>
<doc>Pauses the test executed for the given time.</doc>
<status status="PASS" start="2026-02-19T10:02:53.685433" elapsed="0.701384"/>
</kw>
<kw name="Click Button" owner="SeleniumLibrary">
<msg time="2026-02-19T10:02:54.387297" level="INFO">Clicking button 'id=continue'.</msg>
<arg>id=continue</arg>
<doc>Clicks the button identified by ``locator``.</doc>
<status status="PASS" start="2026-02-19T10:02:54.387054" elapsed="0.091234"/>
</kw>
<kw name="Sleep" owner="BuiltIn">
<msg time="2026-02-19T10:02:55.179667" level="INFO">Slept 700 milliseconds.</msg>
<arg>${DELAY}</arg>
<doc>Pauses the test executed for the given time.</doc>
<status status="PASS" start="2026-02-19T10:02:54.478657" elapsed="0.701273"/>
</kw>
<kw name="Click Button" owner="SeleniumLibrary">
<msg time="2026-02-19T10:02:55.180634" level="INFO">Clicking button 'id=finish'.</msg>
<arg>id=finish</arg>
<doc>Clicks the button identified by ``locator``.</doc>
<status status="PASS" start="2026-02-19T10:02:55.180351" elapsed="0.072102"/>
</kw>
<kw name="Sleep" owner="BuiltIn">
<msg time="2026-02-19T10:02:55.953491" level="INFO">Slept 700 milliseconds.</msg>
<arg>${DELAY}</arg>
<doc>Pauses the test executed for the given time.</doc>
<status status="PASS" start="2026-02-19T10:02:55.252725" elapsed="0.700913"/>
</kw>
<kw name="Page Should Contain" owner="SeleniumLibrary">
<msg time="2026-02-19T10:02:55.965118" level="INFO">Current page contains text 'Thank you for your order!'.</msg>
<arg>Thank you for your order!</arg>
<doc>Verifies that current page contains ``text``.</doc>
<status status="PASS" start="2026-02-19T10:02:55.953866" elapsed="0.011369"/>
</kw>
<kw name="Click Button" owner="SeleniumLibrary">
<msg time="2026-02-19T10:02:55.965780" level="INFO">Clicking button 'id=back-to-products'.</msg>
<arg>id=back-to-products</arg>
<doc>Clicks the button identified by ``locator``.</doc>
<status status="PASS" start="2026-02-19T10:02:55.965445" elapsed="0.074249"/>
</kw>
<kw name="Logout From Application" owner="ecommerce_keywords">
<kw name="Click Element" owner="SeleniumLibrary">
<msg time="2026-02-19T10:02:56.041193" level="INFO">Clicking element 'id=react-burger-menu-btn'.</msg>
<arg>id=react-burger-menu-btn</arg>
<doc>Click the element identified by ``locator``.</doc>
<status status="PASS" start="2026-02-19T10:02:56.040905" elapsed="0.050141"/>
</kw>
<kw name="Sleep" owner="BuiltIn">
<msg time="2026-02-19T10:02:56.792692" level="INFO">Slept 700 milliseconds.</msg>
<arg>${DELAY}</arg>
<doc>Pauses the test executed for the given time.</doc>
<status status="PASS" start="2026-02-19T10:02:56.091614" elapsed="0.701389"/>
</kw>
<kw name="Click Element" owner="SeleniumLibrary">
<msg time="2026-02-19T10:02:56.794141" level="INFO">Clicking element 'id=logout_sidebar_link'.</msg>
<arg>id=logout_sidebar_link</arg>
<doc>Click the element identified by ``locator``.</doc>
<status status="PASS" start="2026-02-19T10:02:56.793539" elapsed="0.074319"/>
</kw>
<kw name="Wait Until Element Is Visible" owner="SeleniumLibrary">
<arg>id=login-button</arg>
<doc>Waits until the element ``locator`` is visible.</doc>
<status status="PASS" start="2026-02-19T10:02:56.868131" elapsed="0.038211"/>
</kw>
<kw name="Sleep" owner="BuiltIn">
<msg time="2026-02-19T10:02:57.607335" level="INFO">Slept 700 milliseconds.</msg>
<arg>${DELAY}</arg>
<doc>Pauses the test executed for the given time.</doc>
<status status="PASS" start="2026-02-19T10:02:56.906643" elapsed="0.700837"/>
</kw>
<status status="PASS" start="2026-02-19T10:02:56.040320" elapsed="1.567284"/>
</kw>
<arg>${first_name}</arg>
<arg>${last_name}</arg>
<arg>${postal_code}</arg>
<status status="PASS" start="2026-02-19T10:02:42.961023" elapsed="14.646661"/>
</kw>
<var name="${row}">Bhagyashree,N,67891</var>
<status status="PASS" start="2026-02-19T10:02:42.957761" elapsed="14.649989"/>
</iter>
<iter>
<kw name="Split String" owner="String">
<msg time="2026-02-19T10:02:57.608469" level="INFO">${columns} = ['Ravinesh', 'Tiwari', '45678']</msg>
<var>${columns}</var>
<arg>${row}</arg>
<arg>,</arg>
<doc>Splits the ``string`` using ``separator`` as a delimiter string.</doc>
<status status="PASS" start="2026-02-19T10:02:57.608114" elapsed="0.000442"/>
</kw>
<kw name="Get From List" owner="Collections">
<msg time="2026-02-19T10:02:57.609420" level="INFO">${first_name} = Ravinesh</msg>
<var>${first_name}</var>
<arg>${columns}</arg>
<arg>0</arg>
<doc>Returns the value specified with an ``index`` from ``list``.</doc>
<status status="PASS" start="2026-02-19T10:02:57.608883" elapsed="0.000622"/>
</kw>
<kw name="Get From List" owner="Collections">
<msg time="2026-02-19T10:02:57.610300" level="INFO">${last_name} = Tiwari</msg>
<var>${last_name}</var>
<arg>${columns}</arg>
<arg>1</arg>
<doc>Returns the value specified with an ``index`` from ``list``.</doc>
<status status="PASS" start="2026-02-19T10:02:57.609826" elapsed="0.000555"/>
</kw>
<kw name="Get From List" owner="Collections">
<msg time="2026-02-19T10:02:57.611176" level="INFO">${postal_code} = 45678</msg>
<var>${postal_code}</var>
<arg>${columns}</arg>
<arg>2</arg>
<doc>Returns the value specified with an ``index`` from ``list``.</doc>
<status status="PASS" start="2026-02-19T10:02:57.610691" elapsed="0.000567"/>
</kw>
<kw name="Checkout With User Data" owner="ecommerce_keywords">
<kw name="Login To Application" owner="ecommerce_keywords">
<kw name="Input Text" owner="SeleniumLibrary">
<msg time="2026-02-19T10:02:57.614044" level="INFO">Typing text 'standard_user' into text field 'id=user-name'.</msg>
<arg>id=user-name</arg>
<arg>${USERNAME}</arg>
<doc>Types the given ``text`` into the text field identified by ``locator``.</doc>
<status status="PASS" start="2026-02-19T10:02:57.613531" elapsed="0.097297"/>
</kw>
<kw name="Sleep" owner="BuiltIn">
<msg time="2026-02-19T10:02:58.412274" level="INFO">Slept 700 milliseconds.</msg>
<arg>${DELAY}</arg>
<doc>Pauses the test executed for the given time.</doc>
<status status="PASS" start="2026-02-19T10:02:57.711116" elapsed="0.701333"/>
</kw>
<kw name="Input Text" owner="SeleniumLibrary">
<msg time="2026-02-19T10:02:58.413143" level="INFO">Typing text 'secret_sauce' into text field 'id=password'.</msg>
<arg>id=password</arg>
<arg>${PASSWORD}</arg>
<doc>Types the given ``text`` into the text field identified by ``locator``.</doc>
<status status="PASS" start="2026-02-19T10:02:58.412738" elapsed="0.112528"/>
</kw>
<kw name="Sleep" owner="BuiltIn">
<msg time="2026-02-19T10:02:59.227031" level="INFO">Slept 700 milliseconds.</msg>
<arg>${DELAY}</arg>
<doc>Pauses the test executed for the given time.</doc>
<status status="PASS" start="2026-02-19T10:02:58.525645" elapsed="0.701530"/>
</kw>
<kw name="Click Button" owner="SeleniumLibrary">
<msg time="2026-02-19T10:02:59.227662" level="INFO">Clicking button 'id=login-button'.</msg>
<arg>id=login-button</arg>
<doc>Clicks the button identified by ``locator``.</doc>
<status status="PASS" start="2026-02-19T10:02:59.227406" elapsed="0.097766"/>
</kw>
<kw name="Wait Until Page Contains Element" owner="SeleniumLibrary">
<arg>css=.inventory_list</arg>
<doc>Waits until the element ``locator`` appears on the current page.</doc>
<status status="PASS" start="2026-02-19T10:02:59.325701" elapsed="0.009763"/>
</kw>
<kw name="Sleep" owner="BuiltIn">
<msg time="2026-02-19T10:03:00.037248" level="INFO">Slept 700 milliseconds.</msg>
<arg>${DELAY}</arg>
<doc>Pauses the test executed for the given time.</doc>
<status status="PASS" start="2026-02-19T10:02:59.336238" elapsed="0.701205"/>
</kw>
<status status="PASS" start="2026-02-19T10:02:57.612942" elapsed="2.424641"/>
</kw>
<kw name="Sort Products Low To High" owner="ecommerce_keywords">
<kw name="Select From List By Value" owner="SeleniumLibrary">
<msg time="2026-02-19T10:03:00.038391" level="INFO">Selecting options from selection list 'css=.product_sort_container' by value lohi.</msg>
<arg>css=.product_sort_container</arg>
<arg>lohi</arg>
<doc>Selects options from selection list ``locator`` by ``values``.</doc>
<status status="PASS" start="2026-02-19T10:03:00.038154" elapsed="0.062808"/>
</kw>
<kw name="Sleep" owner="BuiltIn">
<msg time="2026-02-19T10:03:00.802521" level="INFO">Slept 700 milliseconds.</msg>
<arg>${DELAY}</arg>
<doc>Pauses the test executed for the given time.</doc>
<status status="PASS" start="2026-02-19T10:03:00.101204" elapsed="0.701457"/>
</kw>
<status status="PASS" start="2026-02-19T10:03:00.037810" elapsed="0.764993"/>
</kw>
<kw name="Add Four Products To Cart" owner="ecommerce_keywords">
<kw name="Get WebElements" owner="SeleniumLibrary">
<msg time="2026-02-19T10:03:00.810563" level="INFO">${buttons} = [&lt;selenium.webdriver.remote.webelement.WebElement (session="76e16be2a10ae100f42255dc2ef32931", element="f.1E1B6CC048311B4F5711D0F1CF41BDDE.d.ECE35B29C34B2F3E47C3E1010427ADEB.e.333")&gt;, &lt;selenium.webdri...</msg>
<var>${buttons}</var>
<arg>xpath=//button[contains(text(),'Add to cart')]</arg>
<doc>Returns a list of WebElement objects matching the ``locator``.</doc>
<status status="PASS" start="2026-02-19T10:03:00.803378" elapsed="0.007245"/>
</kw>
<for flavor="IN RANGE">
<iter>
<kw name="Click Element" owner="SeleniumLibrary">
<msg time="2026-02-19T10:03:00.811439" level="INFO">Clicking element '&lt;selenium.webdriver.remote.webelement.WebElement (session="76e16be2a10ae100f42255dc2ef32931", element="f.1E1B6CC048311B4F5711D0F1CF41BDDE.d.ECE35B29C34B2F3E47C3E1010427ADEB.e.333")&gt;'.</msg>
<arg>${buttons}[${index}]</arg>
<doc>Click the element identified by ``locator``.</doc>
<status status="PASS" start="2026-02-19T10:03:00.811163" elapsed="0.039446"/>
</kw>
<kw name="Sleep" owner="BuiltIn">
<msg time="2026-02-19T10:03:01.551609" level="INFO">Slept 700 milliseconds.</msg>
<arg>${DELAY}</arg>
<doc>Pauses the test executed for the given time.</doc>
<status status="PASS" start="2026-02-19T10:03:00.850836" elapsed="0.701138"/>
</kw>
<var name="${index}">0</var>
<status status="PASS" start="2026-02-19T10:03:00.811008" elapsed="0.741222"/>
</iter>
<iter>
<kw name="Click Element" owner="SeleniumLibrary">
<msg time="2026-02-19T10:03:01.554110" level="INFO">Clicking element '&lt;selenium.webdriver.remote.webelement.WebElement (session="76e16be2a10ae100f42255dc2ef32931", element="f.1E1B6CC048311B4F5711D0F1CF41BDDE.d.ECE35B29C34B2F3E47C3E1010427ADEB.e.334")&gt;'.</msg>
<arg>${buttons}[${index}]</arg>
<doc>Click the element identified by ``locator``.</doc>
<status status="PASS" start="2026-02-19T10:03:01.553208" elapsed="0.059792"/>
</kw>
<kw name="Sleep" owner="BuiltIn">
<msg time="2026-02-19T10:03:02.314419" level="INFO">Slept 700 milliseconds.</msg>
<arg>${DELAY}</arg>
<doc>Pauses the test executed for the given time.</doc>
<status status="PASS" start="2026-02-19T10:03:01.613244" elapsed="0.701500"/>
</kw>
<var name="${index}">1</var>
<status status="PASS" start="2026-02-19T10:03:01.552769" elapsed="0.762222"/>
</iter>
<iter>
<kw name="Click Element" owner="SeleniumLibrary">
<msg time="2026-02-19T10:03:02.316105" level="INFO">Clicking element '&lt;selenium.webdriver.remote.webelement.WebElement (session="76e16be2a10ae100f42255dc2ef32931", element="f.1E1B6CC048311B4F5711D0F1CF41BDDE.d.ECE35B29C34B2F3E47C3E1010427ADEB.e.335")&gt;'.</msg>
<arg>${buttons}[${index}]</arg>
<doc>Click the element identified by ``locator``.</doc>
<status status="PASS" start="2026-02-19T10:03:02.315823" elapsed="0.047026"/>
</kw>
<kw name="Sleep" owner="BuiltIn">
<msg time="2026-02-19T10:03:03.064172" level="INFO">Slept 700 milliseconds.</msg>
<arg>${DELAY}</arg>
<doc>Pauses the test executed for the given time.</doc>
<status status="PASS" start="2026-02-19T10:03:02.363079" elapsed="0.701349"/>
</kw>
<var name="${index}">2</var>
<status status="PASS" start="2026-02-19T10:03:02.315605" elapsed="0.749003"/>
</iter>
<iter>
<kw name="Click Element" owner="SeleniumLibrary">
<msg time="2026-02-19T10:03:03.065989" level="INFO">Clicking element '&lt;selenium.webdriver.remote.webelement.WebElement (session="76e16be2a10ae100f42255dc2ef32931", element="f.1E1B6CC048311B4F5711D0F1CF41BDDE.d.ECE35B29C34B2F3E47C3E1010427ADEB.e.336")&gt;'.</msg>
<arg>${buttons}[${index}]</arg>
<doc>Click the element identified by ``locator``.</doc>
<status status="PASS" start="2026-02-19T10:03:03.065262" elapsed="0.054643"/>
</kw>
<kw name="Sleep" owner="BuiltIn">
<msg time="2026-02-19T10:03:03.821206" level="INFO">Slept 700 milliseconds.</msg>
<arg>${DELAY}</arg>
<doc>Pauses the test executed for the given time.</doc>
<status status="PASS" start="2026-02-19T10:03:03.120139" elapsed="0.701209"/>
</kw>
<var name="${index}">3</var>
<status status="PASS" start="2026-02-19T10:03:03.064963" elapsed="0.756475"/>
</iter>
<var>${index}</var>
<value>0</value>
<value>4</value>
<status status="PASS" start="2026-02-19T10:03:00.810746" elapsed="3.010766"/>
</for>
<status status="PASS" start="2026-02-19T10:03:00.803059" elapsed="3.018574"/>
</kw>
<kw name="Verify Cart Has Four Items" owner="ecommerce_keywords">
<kw name="Get Text" owner="SeleniumLibrary">
<msg time="2026-02-19T10:03:03.838454" level="INFO">${count} = 4</msg>
<var>${count}</var>
<arg>css=.shopping_cart_badge</arg>
<doc>Returns the text value of the element identified by ``locator``.</doc>
<status status="PASS" start="2026-02-19T10:03:03.822157" elapsed="0.016343"/>
</kw>
<kw name="Should Be Equal" owner="BuiltIn">
<arg>${count}</arg>
<arg>4</arg>
<doc>Fails if the given objects are unequal.</doc>
<status status="PASS" start="2026-02-19T10:03:03.838735" elapsed="0.000513"/>
</kw>
<kw name="Sleep" owner="BuiltIn">
<msg time="2026-02-19T10:03:04.540018" level="INFO">Slept 700 milliseconds.</msg>
<arg>${DELAY}</arg>
<doc>Pauses the test executed for the given time.</doc>
<status status="PASS" start="2026-02-19T10:03:03.839443" elapsed="0.700821"/>
</kw>
<status status="PASS" start="2026-02-19T10:03:03.821849" elapsed="0.718657"/>
</kw>
<kw name="Go To Cart" owner="ecommerce_keywords">
<kw name="Click Element" owner="SeleniumLibrary">
<msg time="2026-02-19T10:03:04.542002" level="INFO">Clicking element 'css=.shopping_cart_link'.</msg>
<arg>css=.shopping_cart_link</arg>
<doc>Click the element identified by ``locator``.</doc>
<status status="PASS" start="2026-02-19T10:03:04.541593" elapsed="0.058603"/>
</kw>
<kw name="Wait Until Page Contains" owner="SeleniumLibrary">
<arg>Your Cart</arg>
<doc>Waits until ``text`` appears on the current page.</doc>
<status status="PASS" start="2026-02-19T10:03:04.600661" elapsed="0.008926"/>
</kw>
<kw name="Sleep" owner="BuiltIn">
<msg time="2026-02-19T10:03:05.310690" level="INFO">Slept 700 milliseconds.</msg>
<arg>${DELAY}</arg>
<doc>Pauses the test executed for the given time.</doc>
<status status="PASS" start="2026-02-19T10:03:04.609845" elapsed="0.701105"/>
</kw>
<status status="PASS" start="2026-02-19T10:03:04.540952" elapsed="0.770250"/>
</kw>
<kw name="Sleep" owner="BuiltIn">
<msg time="2026-02-19T10:03:06.012573" level="INFO">Slept 700 milliseconds.</msg>
<arg>${DELAY}</arg>
<doc>Pauses the test executed for the given time.</doc>
<status status="PASS" start="2026-02-19T10:03:05.311523" elapsed="0.701319"/>
</kw>
<kw name="Click Button" owner="SeleniumLibrary">
<msg time="2026-02-19T10:03:06.013729" level="INFO">Clicking button 'id=checkout'.</msg>
<arg>id=checkout</arg>
<doc>Clicks the button identified by ``locator``.</doc>
<status status="PASS" start="2026-02-19T10:03:06.013275" elapsed="0.077359"/>
</kw>
<kw name="Sleep" owner="BuiltIn">
<msg time="2026-02-19T10:03:06.792323" level="INFO">Slept 700 milliseconds.</msg>
<arg>${DELAY}</arg>
<doc>Pauses the test executed for the given time.</doc>
<status status="PASS" start="2026-02-19T10:03:06.091099" elapsed="0.701342"/>
</kw>
<kw name="Input Text" owner="SeleniumLibrary">
<msg time="2026-02-19T10:03:06.792843" level="INFO">Typing text 'Ravinesh' into text field 'id=first-name'.</msg>
<arg>id=first-name</arg>
<arg>${first_name}</arg>
<doc>Types the given ``text`` into the text field identified by ``locator``.</doc>
<status status="PASS" start="2026-02-19T10:03:06.792611" elapsed="0.078313"/>
</kw>
<kw name="Sleep" owner="BuiltIn">
<msg time="2026-02-19T10:03:07.571931" level="INFO">Slept 700 milliseconds.</msg>
<arg>${DELAY}</arg>
<doc>Pauses the test executed for the given time.</doc>
<status status="PASS" start="2026-02-19T10:03:06.871188" elapsed="0.700996"/>
</kw>
<kw name="Input Text" owner="SeleniumLibrary">
<msg time="2026-02-19T10:03:07.573133" level="INFO">Typing text 'Tiwari' into text field 'id=last-name'.</msg>
<arg>id=last-name</arg>
<arg>${last_name}</arg>
<doc>Types the given ``text`` into the text field identified by ``locator``.</doc>
<status status="PASS" start="2026-02-19T10:03:07.572569" elapsed="0.076578"/>
</kw>
<kw name="Sleep" owner="BuiltIn">
<msg time="2026-02-19T10:03:08.350077" level="INFO">Slept 700 milliseconds.</msg>
<arg>${DELAY}</arg>
<doc>Pauses the test executed for the given time.</doc>
<status status="PASS" start="2026-02-19T10:03:07.649375" elapsed="0.700840"/>
</kw>
<kw name="Input Text" owner="SeleniumLibrary">
<msg time="2026-02-19T10:03:08.350856" level="INFO">Typing text '45678' into text field 'id=postal-code'.</msg>
<arg>id=postal-code</arg>
<arg>${postal_code}</arg>
<doc>Types the given ``text`` into the text field identified by ``locator``.</doc>
<status status="PASS" start="2026-02-19T10:03:08.350464" elapsed="0.089056"/>
</kw>
<kw name="Sleep" owner="BuiltIn">
<msg time="2026-02-19T10:03:09.140826" level="INFO">Slept 700 milliseconds.</msg>
<arg>${DELAY}</arg>
<doc>Pauses the test executed for the given time.</doc>
<status status="PASS" start="2026-02-19T10:03:08.439855" elapsed="0.701114"/>
</kw>
<kw name="Click Button" owner="SeleniumLibrary">
<msg time="2026-02-19T10:03:09.141433" level="INFO">Clicking button 'id=continue'.</msg>
<arg>id=continue</arg>
<doc>Clicks the button identified by ``locator``.</doc>
<status status="PASS" start="2026-02-19T10:03:09.141195" elapsed="0.091666"/>
</kw>
<kw name="Sleep" owner="BuiltIn">
<msg time="2026-02-19T10:03:09.933727" level="INFO">Slept 700 milliseconds.</msg>
<arg>${DELAY}</arg>
<doc>Pauses the test executed for the given time.</doc>
<status status="PASS" start="2026-02-19T10:03:09.233127" elapsed="0.700747"/>
</kw>
<kw name="Click Button" owner="SeleniumLibrary">
<msg time="2026-02-19T10:03:09.934335" level="INFO">Clicking button 'id=finish'.</msg>
<arg>id=finish</arg>
<doc>Clicks the button identified by ``locator``.</doc>
<status status="PASS" start="2026-02-19T10:03:09.934092" elapsed="0.072022"/>
</kw>
<kw name="Sleep" owner="BuiltIn">
<msg time="2026-02-19T10:03:10.707708" level="INFO">Slept 700 milliseconds.</msg>
<arg>${DELAY}</arg>
<doc>Pauses the test executed for the given time.</doc>
<status status="PASS" start="2026-02-19T10:03:10.006394" elapsed="0.701460"/>
</kw>
<kw name="Page Should Contain" owner="SeleniumLibrary">
<msg time="2026-02-19T10:03:10.718461" level="INFO">Current page contains text 'Thank you for your order!'.</msg>
<arg>Thank you for your order!</arg>
<doc>Verifies that current page contains ``text``.</doc>
<status status="PASS" start="2026-02-19T10:03:10.708080" elapsed="0.010495"/>
</kw>
<kw name="Click Button" owner="SeleniumLibrary">
<msg time="2026-02-19T10:03:10.718998" level="INFO">Clicking button 'id=back-to-products'.</msg>
<arg>id=back-to-products</arg>
<doc>Clicks the button identified by ``locator``.</doc>
<status status="PASS" start="2026-02-19T10:03:10.718783" elapsed="0.100847"/>
</kw>
<kw name="Logout From Application" owner="ecommerce_keywords">
<kw name="Click Element" owner="SeleniumLibrary">
<msg time="2026-02-19T10:03:10.820590" level="INFO">Clicking element 'id=react-burger-menu-btn'.</msg>
<arg>id=react-burger-menu-btn</arg>
<doc>Click the element identified by ``locator``.</doc>
<status status="PASS" start="2026-02-19T10:03:10.820314" elapsed="0.054435"/>
</kw>
<kw name="Sleep" owner="BuiltIn">
<msg time="2026-02-19T10:03:11.576469" level="INFO">Slept 700 milliseconds.</msg>
<arg>${DELAY}</arg>
<doc>Pauses the test executed for the given time.</doc>
<status status="PASS" start="2026-02-19T10:03:10.875262" elapsed="0.701381"/>
</kw>
<kw name="Click Element" owner="SeleniumLibrary">
<msg time="2026-02-19T10:03:11.577234" level="INFO">Clicking element 'id=logout_sidebar_link'.</msg>
<arg>id=logout_sidebar_link</arg>
<doc>Click the element identified by ``locator``.</doc>
<status status="PASS" start="2026-02-19T10:03:11.577003" elapsed="0.058811"/>
</kw>
<kw name="Wait Until Element Is Visible" owner="SeleniumLibrary">
<arg>id=login-button</arg>
<doc>Waits until the element ``locator`` is visible.</doc>
<status status="PASS" start="2026-02-19T10:03:11.636087" elapsed="0.019816"/>
</kw>
<kw name="Sleep" owner="BuiltIn">
<msg time="2026-02-19T10:03:12.356715" level="INFO">Slept 700 milliseconds.</msg>
<arg>${DELAY}</arg>
<doc>Pauses the test executed for the given time.</doc>
<status status="PASS" start="2026-02-19T10:03:11.656098" elapsed="0.700729"/>
</kw>
<status status="PASS" start="2026-02-19T10:03:10.819942" elapsed="1.536980"/>
</kw>
<arg>${first_name}</arg>
<arg>${last_name}</arg>
<arg>${postal_code}</arg>
<status status="PASS" start="2026-02-19T10:02:57.611869" elapsed="14.745103"/>
</kw>
<var name="${row}">Ravinesh,Tiwari,45678</var>
<status status="PASS" start="2026-02-19T10:02:57.607960" elapsed="14.749051"/>
</iter>
<var>${row}</var>
<value>@{data}</value>
<status status="PASS" start="2026-02-19T10:01:43.481463" elapsed="88.875595"/>
</for>
<status status="PASS" start="2026-02-19T10:01:43.473802" elapsed="88.883589"/>
</test>
<kw name="Close Website" owner="ecommerce_keywords" type="TEARDOWN">
<kw name="Sleep" owner="BuiltIn">
<msg time="2026-02-19T10:03:13.059100" level="INFO">Slept 700 milliseconds.</msg>
<arg>${DELAY}</arg>
<doc>Pauses the test executed for the given time.</doc>
<status status="PASS" start="2026-02-19T10:03:12.358452" elapsed="0.700760"/>
</kw>
<kw name="Close Browser" owner="SeleniumLibrary">
<doc>Closes the current browser.</doc>
<status status="PASS" start="2026-02-19T10:03:13.059386" elapsed="2.287542"/>
</kw>
<status status="PASS" start="2026-02-19T10:03:12.358271" elapsed="2.988834"/>
</kw>
<status status="PASS" start="2026-02-19T10:01:39.314948" elapsed="96.032222"/>
</suite>
<status status="PASS" start="2026-02-19T10:00:24.131387" elapsed="171.217193"/>
</suite>
<statistics>
<total>
<stat pass="7" fail="0" skip="0">All Tests</stat>
</total>
<tag>
</tag>
<suite>
<stat name="Tests" id="s1" pass="7" fail="0" skip="0">Tests</stat>
<stat name="00 Invalid Login" id="s1-s1" pass="1" fail="0" skip="0">Tests.00 Invalid Login</stat>
<stat name="01 Login" id="s1-s2" pass="1" fail="0" skip="0">Tests.01 Login</stat>
<stat name="02 Product" id="s1-s3" pass="1" fail="0" skip="0">Tests.02 Product</stat>
<stat name="03 Add To Cart" id="s1-s4" pass="1" fail="0" skip="0">Tests.03 Add To Cart</stat>
<stat name="04 Update Cart" id="s1-s5" pass="1" fail="0" skip="0">Tests.04 Update Cart</stat>
<stat name="05 Logout" id="s1-s6" pass="1" fail="0" skip="0">Tests.05 Logout</stat>
<stat name="06 Checkout" id="s1-s7" pass="1" fail="0" skip="0">Tests.06 Checkout</stat>
</suite>
</statistics>
<errors>
<msg time="2026-02-19T10:00:25.630206" level="WARN">There was an error managing MicrosoftEdge (error sending request for url (https://msedgedriver.azureedge.net/LATEST_RELEASE_145_WINDOWS): error trying to connect: dns error: No such host is known. (os error 11001)); using driver found in the cache</msg>
<msg time="2026-02-19T10:00:35.163377" level="WARN">There was an error managing MicrosoftEdge (error sending request for url (https://msedgedriver.azureedge.net/LATEST_RELEASE_145_WINDOWS): error trying to connect: dns error: No such host is known. (os error 11001)); using driver found in the cache</msg>
<msg time="2026-02-19T10:00:45.600131" level="WARN">There was an error managing MicrosoftEdge (error sending request for url (https://msedgedriver.azureedge.net/LATEST_RELEASE_145_WINDOWS): error trying to connect: dns error: No such host is known. (os error 11001)); using driver found in the cache</msg>
<msg time="2026-02-19T10:00:56.416284" level="WARN">There was an error managing MicrosoftEdge (error sending request for url (https://msedgedriver.azureedge.net/LATEST_RELEASE_145_WINDOWS): error trying to connect: dns error: No such host is known. (os error 11001)); using driver found in the cache</msg>
<msg time="2026-02-19T10:01:11.218061" level="WARN">There was an error managing MicrosoftEdge (error sending request for url (https://msedgedriver.azureedge.net/LATEST_RELEASE_145_WINDOWS): error trying to connect: dns error: No such host is known. (os error 11001)); using driver found in the cache</msg>
<msg time="2026-02-19T10:01:28.364013" level="WARN">There was an error managing MicrosoftEdge (error sending request for url (https://msedgedriver.azureedge.net/LATEST_RELEASE_145_WINDOWS): error trying to connect: dns error: No such host is known. (os error 11001)); using driver found in the cache</msg>
<msg time="2026-02-19T10:01:40.001809" level="WARN">There was an error managing MicrosoftEdge (error sending request for url (https://msedgedriver.azureedge.net/LATEST_RELEASE_145_WINDOWS): error trying to connect: dns error: No such host is known. (os error 11001)); using driver found in the cache</msg>
</errors>
</robot>
