<?xml version="1.0" encoding="UTF-8"?>
<robot generator="Robot 7.4.1 (Python 3.13.11 on win32)" generated="2026-02-19T10:22:13.946787" rpa="false" schemaversion="5">
<suite id="s1" name="Tests" source="C:\Users\user\Desktop\CAPSTONE PROJECT\Ecommerce\robot-framework\tests">
<suite id="s1-s1" name="00 Invalid Login" source="C:\Users\user\Desktop\CAPSTONE PROJECT\Ecommerce\robot-framework\tests\00_invalid_login.robot">
<kw name="Open Website" owner="ecommerce_keywords" type="SETUP">
<if>
<branch type="IF" condition="'${BROWSER}' == 'Chrome'">
<kw name="Evaluate" owner="BuiltIn">
<var>${options}</var>
<arg>sys.modules['selenium.webdriver'].ChromeOptions()</arg>
<arg>sys, selenium.webdriver</arg>
<doc>Evaluates the given expression in Python and returns the result.</doc>
<status status="NOT RUN" start="2026-02-19T10:22:14.104192" elapsed="0.000034"/>
</kw>
<kw name="Evaluate" owner="BuiltIn">
<var>${temp_dir}</var>
<arg>__import__('tempfile').mkdtemp()</arg>
<doc>Evaluates the given expression in Python and returns the result.</doc>
<status status="NOT RUN" start="2026-02-19T10:22:14.104352" elapsed="0.000025"/>
</kw>
<kw name="Create Dictionary" owner="BuiltIn">
<var>${prefs}</var>
<arg>credentials_enable_service=False</arg>
<arg>profile.password_manager_enabled=False</arg>
<arg>profile.default_content_setting_values.notifications=2</arg>
<doc>Creates and returns a dictionary based on the given ``items``.</doc>
<status status="NOT RUN" start="2026-02-19T10:22:14.104466" elapsed="0.000021"/>
</kw>
<kw name="Call Method" owner="BuiltIn">
<arg>${options}</arg>
<arg>add_experimental_option</arg>
<arg>prefs</arg>
<arg>${prefs}</arg>
<doc>Calls the named method of the given object with the provided arguments.</doc>
<status status="NOT RUN" start="2026-02-19T10:22:14.104558" elapsed="0.000019"/>
</kw>
<kw name="Set Variable" owner="BuiltIn">
<var>${incognito}</var>
<arg>--incognito</arg>
<doc>Returns the given values which can then be assigned to a variables.</doc>
<status status="NOT RUN" start="2026-02-19T10:22:14.104652" elapsed="0.000019"/>
</kw>
<kw name="Set Variable" owner="BuiltIn">
<var>${disable_pw}</var>
<arg>--disable-features=PasswordLeakDetection</arg>
<doc>Returns the given values which can then be assigned to a variables.</doc>
<status status="NOT RUN" start="2026-02-19T10:22:14.104732" elapsed="0.000016"/>
</kw>
<kw name="Set Variable" owner="BuiltIn">
<var>${disable_notify}</var>
<arg>--disable-notifications</arg>
<doc>Returns the given values which can then be assigned to a variables.</doc>
<status status="NOT RUN" start="2026-02-19T10:22:14.104806" elapsed="0.000016"/>
</kw>
<kw name="Set Variable" owner="BuiltIn">
<var>${no_first}</var>
<arg>--no-first-run</arg>
<doc>Returns the given values which can then be assigned to a variables.</doc>
<status status="NOT RUN" start="2026-02-19T10:22:14.104879" elapsed="0.000017"/>
</kw>
<kw name="Set Variable" owner="BuiltIn">
<var>${no_default}</var>
<arg>--no-default-browser-check</arg>
<doc>Returns the given values which can then be assigned to a variables.</doc>
<status status="NOT RUN" start="2026-02-19T10:22:14.104958" elapsed="0.000017"/>
</kw>
<kw name="Set Variable" owner="BuiltIn">
<var>${maximize}</var>
<arg>--start-maximized</arg>
<doc>Returns the given values which can then be assigned to a variables.</doc>
<status status="NOT RUN" start="2026-02-19T10:22:14.105033" elapsed="0.000017"/>
</kw>
<kw name="Set Variable" owner="BuiltIn">
<var>${profile}</var>
<arg>--user-data-dir=${temp_dir}</arg>
<doc>Returns the given values which can then be assigned to a variables.</doc>
<status status="NOT RUN" start="2026-02-19T10:22:14.105106" elapsed="0.000015"/>
</kw>
<kw name="Call Method" owner="BuiltIn">
<arg>${options}</arg>
<arg>add_argument</arg>
<arg>${incognito}</arg>
<doc>Calls the named method of the given object with the provided arguments.</doc>
<status status="NOT RUN" start="2026-02-19T10:22:14.105177" elapsed="0.000017"/>
</kw>
<kw name="Call Method" owner="BuiltIn">
<arg>${options}</arg>
<arg>add_argument</arg>
<arg>${disable_pw}</arg>
<doc>Calls the named method of the given object with the provided arguments.</doc>
<status status="NOT RUN" start="2026-02-19T10:22:14.105251" elapsed="0.000016"/>
</kw>
<kw name="Call Method" owner="BuiltIn">
<arg>${options}</arg>
<arg>add_argument</arg>
<arg>${disable_notify}</arg>
<doc>Calls the named method of the given object with the provided arguments.</doc>
<status status="NOT RUN" start="2026-02-19T10:22:14.105325" elapsed="0.000016"/>
</kw>
<kw name="Call Method" owner="BuiltIn">
<arg>${options}</arg>
<arg>add_argument</arg>
<arg>${no_first}</arg>
<doc>Calls the named method of the given object with the provided arguments.</doc>
<status status="NOT RUN" start="2026-02-19T10:22:14.105397" elapsed="0.000016"/>
</kw>
<kw name="Call Method" owner="BuiltIn">
<arg>${options}</arg>
<arg>add_argument</arg>
<arg>${no_default}</arg>
<doc>Calls the named method of the given object with the provided arguments.</doc>
<status status="NOT RUN" start="2026-02-19T10:22:14.105467" elapsed="0.000017"/>
</kw>
<kw name="Call Method" owner="BuiltIn">
<arg>${options}</arg>
<arg>add_argument</arg>
<arg>${maximize}</arg>
<doc>Calls the named method of the given object with the provided arguments.</doc>
<status status="NOT RUN" start="2026-02-19T10:22:14.105538" elapsed="0.000016"/>
</kw>
<kw name="Call Method" owner="BuiltIn">
<arg>${options}</arg>
<arg>add_argument</arg>
<arg>${profile}</arg>
<doc>Calls the named method of the given object with the provided arguments.</doc>
<status status="NOT RUN" start="2026-02-19T10:22:14.105612" elapsed="0.000016"/>
</kw>
<kw name="Create Webdriver" owner="SeleniumLibrary">
<arg>Chrome</arg>
<arg>options=${options}</arg>
<doc>Creates an instance of Selenium WebDriver.</doc>
<status status="NOT RUN" start="2026-02-19T10:22:14.105696" elapsed="0.000018"/>
</kw>
<kw name="Go To" owner="SeleniumLibrary">
<arg>${URL}</arg>
<doc>Navigates the current browser window to the provided ``url``.</doc>
<status status="NOT RUN" start="2026-02-19T10:22:14.105774" elapsed="0.000016"/>
</kw>
<status status="NOT RUN" start="2026-02-19T10:22:14.103718" elapsed="0.002097"/>
</branch>
<branch type="ELSE IF" condition="'${BROWSER}' == 'Edge'">
<kw name="Open Browser" owner="SeleniumLibrary">
<arg>${URL}</arg>
<arg>Edge</arg>
<doc>Opens a new browser instance to the optional ``url``.</doc>
<status status="NOT RUN" start="2026-02-19T10:22:14.106024" elapsed="0.000020"/>
</kw>
<kw name="Maximize Browser Window" owner="SeleniumLibrary">
<doc>Maximizes current browser window.</doc>
<status status="NOT RUN" start="2026-02-19T10:22:14.106114" elapsed="0.000017"/>
</kw>
<status status="NOT RUN" start="2026-02-19T10:22:14.105851" elapsed="0.000309"/>
</branch>
<branch type="ELSE IF" condition="'${BROWSER}' == 'Firefox'">
<kw name="Evaluate" owner="BuiltIn">
<msg time="2026-02-19T10:22:14.106880" level="INFO">${ff_options} = &lt;selenium.webdriver.firefox.options.Options object at 0x000001FE6CF6ABA0&gt;</msg>
<var>${ff_options}</var>
<arg>sys.modules['selenium.webdriver'].FirefoxOptions()</arg>
<arg>sys, selenium.webdriver</arg>
<doc>Evaluates the given expression in Python and returns the result.</doc>
<status status="PASS" start="2026-02-19T10:22:14.106401" elapsed="0.000511"/>
</kw>
<kw name="Call Method" owner="BuiltIn">
<arg>${ff_options}</arg>
<arg>add_argument</arg>
<arg>-private</arg>
<doc>Calls the named method of the given object with the provided arguments.</doc>
<status status="PASS" start="2026-02-19T10:22:14.107002" elapsed="0.000232"/>
</kw>
<kw name="Create Webdriver" owner="SeleniumLibrary">
<msg time="2026-02-19T10:22:14.107479" level="INFO">Creating an instance of the Firefox WebDriver.</msg>
<arg>Firefox</arg>
<arg>options=${ff_options}</arg>
<doc>Creates an instance of Selenium WebDriver.</doc>
<status status="PASS" start="2026-02-19T10:22:14.107326" elapsed="9.784043"/>
</kw>
<kw name="Go To" owner="SeleniumLibrary">
<msg time="2026-02-19T10:22:23.895988" level="INFO">Opening url 'https://www.saucedemo.com/'</msg>
<arg>${URL}</arg>
<doc>Navigates the current browser window to the provided ``url``.</doc>
<status status="PASS" start="2026-02-19T10:22:23.893170" elapsed="1.406559"/>
</kw>
<status status="PASS" start="2026-02-19T10:22:14.106221" elapsed="11.193880"/>
</branch>
<status status="PASS" start="2026-02-19T10:22:14.103691" elapsed="11.196707"/>
</if>
<kw name="Wait Until Element Is Visible" owner="SeleniumLibrary">
<arg>id=user-name</arg>
<arg>timeout=10s</arg>
<doc>Waits until the element ``locator`` is visible.</doc>
<status status="PASS" start="2026-02-19T10:22:25.300931" elapsed="0.146968"/>
</kw>
<kw name="Sleep" owner="BuiltIn">
<msg time="2026-02-19T10:22:26.150909" level="INFO">Slept 700 milliseconds.</msg>
<arg>${DELAY}</arg>
<doc>Pauses the test executed for the given time.</doc>
<status status="PASS" start="2026-02-19T10:22:25.448637" elapsed="0.702799"/>
</kw>
<status status="PASS" start="2026-02-19T10:22:14.103527" elapsed="12.048293"/>
</kw>
<test id="s1-s1-t1" name="User Cannot Login With Invalid Credentials" line="7">
<kw name="Input Text" owner="SeleniumLibrary">
<msg time="2026-02-19T10:22:26.154558" level="INFO">Typing text 'invalid_user' into text field 'id=user-name'.</msg>
<arg>id=user-name</arg>
<arg>invalid_user</arg>
<doc>Types the given ``text`` into the text field identified by ``locator``.</doc>
<status status="PASS" start="2026-02-19T10:22:26.153843" elapsed="0.175903"/>
</kw>
<kw name="Input Text" owner="SeleniumLibrary">
<msg time="2026-02-19T10:22:26.332740" level="INFO">Typing text 'wrong_password' into text field 'id=password'.</msg>
<arg>id=password</arg>
<arg>wrong_password</arg>
<doc>Types the given ``text`` into the text field identified by ``locator``.</doc>
<status status="PASS" start="2026-02-19T10:22:26.331419" elapsed="0.197690"/>
</kw>
<kw name="Click Button" owner="SeleniumLibrary">
<msg time="2026-02-19T10:22:26.537106" level="INFO">Clicking button 'id=login-button'.</msg>
<arg>id=login-button</arg>
<doc>Clicks the button identified by ``locator``.</doc>
<status status="PASS" start="2026-02-19T10:22:26.531832" elapsed="0.222932"/>
</kw>
<kw name="Wait Until Page Contains Element" owner="SeleniumLibrary">
<arg>css=h3[data-test="error"]</arg>
<arg>timeout=10s</arg>
<doc>Waits until the element ``locator`` appears on the current page.</doc>
<status status="PASS" start="2026-02-19T10:22:26.755594" elapsed="0.052542"/>
</kw>
<kw name="Page Should Contain" owner="SeleniumLibrary">
<msg time="2026-02-19T10:22:26.831279" level="INFO">Current page contains text 'Username and password do not match'.</msg>
<arg>Username and password do not match</arg>
<doc>Verifies that current page contains ``text``.</doc>
<status status="PASS" start="2026-02-19T10:22:26.809350" elapsed="0.022254"/>
</kw>
<status status="PASS" start="2026-02-19T10:22:26.152105" elapsed="0.680952"/>
</test>
<kw name="Close Website" owner="ecommerce_keywords" type="TEARDOWN">
<kw name="Sleep" owner="BuiltIn">
<msg time="2026-02-19T10:22:27.543028" level="INFO">Slept 700 milliseconds.</msg>
<arg>${DELAY}</arg>
<doc>Pauses the test executed for the given time.</doc>
<status status="PASS" start="2026-02-19T10:22:26.841178" elapsed="0.702062"/>
</kw>
<kw name="Close Browser" owner="SeleniumLibrary">
<doc>Closes the current browser.</doc>
<status status="PASS" start="2026-02-19T10:22:27.543554" elapsed="4.544597"/>
</kw>
<status status="PASS" start="2026-02-19T10:22:26.840066" elapsed="5.248237"/>
</kw>
<status status="PASS" start="2026-02-19T10:22:13.976337" elapsed="18.112022"/>
</suite>
<suite id="s1-s2" name="01 Login" source="C:\Users\user\Desktop\CAPSTONE PROJECT\Ecommerce\robot-framework\tests\01_login.robot">
<kw name="Open Website" owner="ecommerce_keywords" type="SETUP">
<if>
<branch type="IF" condition="'${BROWSER}' == 'Chrome'">
<kw name="Evaluate" owner="BuiltIn">
<var>${options}</var>
<arg>sys.modules['selenium.webdriver'].ChromeOptions()</arg>
<arg>sys, selenium.webdriver</arg>
<doc>Evaluates the given expression in Python and returns the result.</doc>
<status status="NOT RUN" start="2026-02-19T10:22:32.092868" elapsed="0.000021"/>
</kw>
<kw name="Evaluate" owner="BuiltIn">
<var>${temp_dir}</var>
<arg>__import__('tempfile').mkdtemp()</arg>
<doc>Evaluates the given expression in Python and returns the result.</doc>
<status status="NOT RUN" start="2026-02-19T10:22:32.092964" elapsed="0.000015"/>
</kw>
<kw name="Create Dictionary" owner="BuiltIn">
<var>${prefs}</var>
<arg>credentials_enable_service=False</arg>
<arg>profile.password_manager_enabled=False</arg>
<arg>profile.default_content_setting_values.notifications=2</arg>
<doc>Creates and returns a dictionary based on the given ``items``.</doc>
<status status="NOT RUN" start="2026-02-19T10:22:32.093103" elapsed="0.000048"/>
</kw>
<kw name="Call Method" owner="BuiltIn">
<arg>${options}</arg>
<arg>add_experimental_option</arg>
<arg>prefs</arg>
<arg>${prefs}</arg>
<doc>Calls the named method of the given object with the provided arguments.</doc>
<status status="NOT RUN" start="2026-02-19T10:22:32.093274" elapsed="0.000031"/>
</kw>
<kw name="Set Variable" owner="BuiltIn">
<var>${incognito}</var>
<arg>--incognito</arg>
<doc>Returns the given values which can then be assigned to a variables.</doc>
<status status="NOT RUN" start="2026-02-19T10:22:32.093412" elapsed="0.000028"/>
</kw>
<kw name="Set Variable" owner="BuiltIn">
<var>${disable_pw}</var>
<arg>--disable-features=PasswordLeakDetection</arg>
<doc>Returns the given values which can then be assigned to a variables.</doc>
<status status="NOT RUN" start="2026-02-19T10:22:32.093538" elapsed="0.000028"/>
</kw>
<kw name="Set Variable" owner="BuiltIn">
<var>${disable_notify}</var>
<arg>--disable-notifications</arg>
<doc>Returns the given values which can then be assigned to a variables.</doc>
<status status="NOT RUN" start="2026-02-19T10:22:32.093664" elapsed="0.000028"/>
</kw>
<kw name="Set Variable" owner="BuiltIn">
<var>${no_first}</var>
<arg>--no-first-run</arg>
<doc>Returns the given values which can then be assigned to a variables.</doc>
<status status="NOT RUN" start="2026-02-19T10:22:32.093787" elapsed="0.000026"/>
</kw>
<kw name="Set Variable" owner="BuiltIn">
<var>${no_default}</var>
<arg>--no-default-browser-check</arg>
<doc>Returns the given values which can then be assigned to a variables.</doc>
<status status="NOT RUN" start="2026-02-19T10:22:32.093904" elapsed="0.000025"/>
</kw>
<kw name="Set Variable" owner="BuiltIn">
<var>${maximize}</var>
<arg>--start-maximized</arg>
<doc>Returns the given values which can then be assigned to a variables.</doc>
<status status="NOT RUN" start="2026-02-19T10:22:32.094019" elapsed="0.000028"/>
</kw>
<kw name="Set Variable" owner="BuiltIn">
<var>${profile}</var>
<arg>--user-data-dir=${temp_dir}</arg>
<doc>Returns the given values which can then be assigned to a variables.</doc>
<status status="NOT RUN" start="2026-02-19T10:22:32.094136" elapsed="0.000026"/>
</kw>
<kw name="Call Method" owner="BuiltIn">
<arg>${options}</arg>
<arg>add_argument</arg>
<arg>${incognito}</arg>
<doc>Calls the named method of the given object with the provided arguments.</doc>
<status status="NOT RUN" start="2026-02-19T10:22:32.094257" elapsed="0.000027"/>
</kw>
<kw name="Call Method" owner="BuiltIn">
<arg>${options}</arg>
<arg>add_argument</arg>
<arg>${disable_pw}</arg>
<doc>Calls the named method of the given object with the provided arguments.</doc>
<status status="NOT RUN" start="2026-02-19T10:22:32.094374" elapsed="0.000026"/>
</kw>
<kw name="Call Method" owner="BuiltIn">
<arg>${options}</arg>
<arg>add_argument</arg>
<arg>${disable_notify}</arg>
<doc>Calls the named method of the given object with the provided arguments.</doc>
<status status="NOT RUN" start="2026-02-19T10:22:32.094495" elapsed="0.000027"/>
</kw>
<kw name="Call Method" owner="BuiltIn">
<arg>${options}</arg>
<arg>add_argument</arg>
<arg>${no_first}</arg>
<doc>Calls the named method of the given object with the provided arguments.</doc>
<status status="NOT RUN" start="2026-02-19T10:22:32.094610" elapsed="0.000027"/>
</kw>
<kw name="Call Method" owner="BuiltIn">
<arg>${options}</arg>
<arg>add_argument</arg>
<arg>${no_default}</arg>
<doc>Calls the named method of the given object with the provided arguments.</doc>
<status status="NOT RUN" start="2026-02-19T10:22:32.094870" elapsed="0.000032"/>
</kw>
<kw name="Call Method" owner="BuiltIn">
<arg>${options}</arg>
<arg>add_argument</arg>
<arg>${maximize}</arg>
<doc>Calls the named method of the given object with the provided arguments.</doc>
<status status="NOT RUN" start="2026-02-19T10:22:32.094998" elapsed="0.000029"/>
</kw>
<kw name="Call Method" owner="BuiltIn">
<arg>${options}</arg>
<arg>add_argument</arg>
<arg>${profile}</arg>
<doc>Calls the named method of the given object with the provided arguments.</doc>
<status status="NOT RUN" start="2026-02-19T10:22:32.095611" elapsed="0.000036"/>
</kw>
<kw name="Create Webdriver" owner="SeleniumLibrary">
<arg>Chrome</arg>
<arg>options=${options}</arg>
<doc>Creates an instance of Selenium WebDriver.</doc>
<status status="NOT RUN" start="2026-02-19T10:22:32.095763" elapsed="0.000030"/>
</kw>
<kw name="Go To" owner="SeleniumLibrary">
<arg>${URL}</arg>
<doc>Navigates the current browser window to the provided ``url``.</doc>
<status status="NOT RUN" start="2026-02-19T10:22:32.095893" elapsed="0.000032"/>
</kw>
<status status="NOT RUN" start="2026-02-19T10:22:32.092707" elapsed="0.003264"/>
</branch>
<branch type="ELSE IF" condition="'${BROWSER}' == 'Edge'">
<kw name="Open Browser" owner="SeleniumLibrary">
<arg>${URL}</arg>
<arg>Edge</arg>
<doc>Opens a new browser instance to the optional ``url``.</doc>
<status status="NOT RUN" start="2026-02-19T10:22:32.096619" elapsed="0.000039"/>
</kw>
<kw name="Maximize Browser Window" owner="SeleniumLibrary">
<doc>Maximizes current browser window.</doc>
<status status="NOT RUN" start="2026-02-19T10:22:32.096774" elapsed="0.000027"/>
</kw>
<status status="NOT RUN" start="2026-02-19T10:22:32.096268" elapsed="0.000576"/>
</branch>
<branch type="ELSE IF" condition="'${BROWSER}' == 'Firefox'">
<kw name="Evaluate" owner="BuiltIn">
<msg time="2026-02-19T10:22:32.097568" level="INFO">${ff_options} = &lt;selenium.webdriver.firefox.options.Options object at 0x000001FE6CF5E0D0&gt;</msg>
<var>${ff_options}</var>
<arg>sys.modules['selenium.webdriver'].FirefoxOptions()</arg>
<arg>sys, selenium.webdriver</arg>
<doc>Evaluates the given expression in Python and returns the result.</doc>
<status status="PASS" start="2026-02-19T10:22:32.097101" elapsed="0.000494"/>
</kw>
<kw name="Call Method" owner="BuiltIn">
<arg>${ff_options}</arg>
<arg>add_argument</arg>
<arg>-private</arg>
<doc>Calls the named method of the given object with the provided arguments.</doc>
<status status="PASS" start="2026-02-19T10:22:32.097682" elapsed="0.000395"/>
</kw>
<kw name="Create Webdriver" owner="SeleniumLibrary">
<msg time="2026-02-19T10:22:32.098425" level="INFO">Creating an instance of the Firefox WebDriver.</msg>
<arg>Firefox</arg>
<arg>options=${ff_options}</arg>
<doc>Creates an instance of Selenium WebDriver.</doc>
<status status="PASS" start="2026-02-19T10:22:32.098223" elapsed="8.105695"/>
</kw>
<kw name="Go To" owner="SeleniumLibrary">
<msg time="2026-02-19T10:22:40.204967" level="INFO">Opening url 'https://www.saucedemo.com/'</msg>
<arg>${URL}</arg>
<doc>Navigates the current browser window to the provided ``url``.</doc>
<status status="PASS" start="2026-02-19T10:22:40.204436" elapsed="1.080663"/>
</kw>
<status status="PASS" start="2026-02-19T10:22:32.096889" elapsed="9.188695"/>
</branch>
<status status="PASS" start="2026-02-19T10:22:32.092688" elapsed="9.193402"/>
</if>
<kw name="Wait Until Element Is Visible" owner="SeleniumLibrary">
<arg>id=user-name</arg>
<arg>timeout=10s</arg>
<doc>Waits until the element ``locator`` is visible.</doc>
<status status="PASS" start="2026-02-19T10:22:41.286998" elapsed="0.108834"/>
</kw>
<kw name="Sleep" owner="BuiltIn">
<msg time="2026-02-19T10:22:42.098412" level="INFO">Slept 700 milliseconds.</msg>
<arg>${DELAY}</arg>
<doc>Pauses the test executed for the given time.</doc>
<status status="PASS" start="2026-02-19T10:22:41.396321" elapsed="0.702364"/>
</kw>
<status status="PASS" start="2026-02-19T10:22:32.092569" elapsed="10.006373"/>
</kw>
<test id="s1-s2-t1" name="User Login Successful" line="7">
<kw name="Login To Application" owner="ecommerce_keywords">
<kw name="Input Text" owner="SeleniumLibrary">
<msg time="2026-02-19T10:22:42.101934" level="INFO">Typing text 'standard_user' into text field 'id=user-name'.</msg>
<arg>id=user-name</arg>
<arg>${USERNAME}</arg>
<doc>Types the given ``text`` into the text field identified by ``locator``.</doc>
<status status="PASS" start="2026-02-19T10:22:42.101334" elapsed="0.244308"/>
</kw>
<kw name="Sleep" owner="BuiltIn">
<msg time="2026-02-19T10:22:43.048063" level="INFO">Slept 700 milliseconds.</msg>
<arg>${DELAY}</arg>
<doc>Pauses the test executed for the given time.</doc>
<status status="PASS" start="2026-02-19T10:22:42.346321" elapsed="0.702015"/>
</kw>
<kw name="Input Text" owner="SeleniumLibrary">
<msg time="2026-02-19T10:22:43.049405" level="INFO">Typing text 'secret_sauce' into text field 'id=password'.</msg>
<arg>id=password</arg>
<arg>${PASSWORD}</arg>
<doc>Types the given ``text`` into the text field identified by ``locator``.</doc>
<status status="PASS" start="2026-02-19T10:22:43.048761" elapsed="0.070484"/>
</kw>
<kw name="Sleep" owner="BuiltIn">
<msg time="2026-02-19T10:22:43.823267" level="INFO">Slept 700 milliseconds.</msg>
<arg>${DELAY}</arg>
<doc>Pauses the test executed for the given time.</doc>
<status status="PASS" start="2026-02-19T10:22:43.119869" elapsed="0.703768"/>
</kw>
<kw name="Click Button" owner="SeleniumLibrary">
<msg time="2026-02-19T10:22:43.824911" level="INFO">Clicking button 'id=login-button'.</msg>
<arg>id=login-button</arg>
<doc>Clicks the button identified by ``locator``.</doc>
<status status="PASS" start="2026-02-19T10:22:43.824243" elapsed="0.114124"/>
</kw>
<kw name="Wait Until Page Contains Element" owner="SeleniumLibrary">
<arg>css=.inventory_list</arg>
<doc>Waits until the element ``locator`` appears on the current page.</doc>
<status status="PASS" start="2026-02-19T10:22:43.938678" elapsed="0.003883"/>
</kw>
<kw name="Sleep" owner="BuiltIn">
<msg time="2026-02-19T10:22:44.643577" level="INFO">Slept 700 milliseconds.</msg>
<arg>${DELAY}</arg>
<doc>Pauses the test executed for the given time.</doc>
<status status="PASS" start="2026-02-19T10:22:43.942758" elapsed="0.701060"/>
</kw>
<status status="PASS" start="2026-02-19T10:22:42.100541" elapsed="2.543538"/>
</kw>
<kw name="Location Should Contain" owner="SeleniumLibrary">
<msg time="2026-02-19T10:22:44.647354" level="INFO">Current location contains 'inventory'.</msg>
<arg>inventory</arg>
<doc>Verifies that the current URL contains ``expected``.</doc>
<status status="PASS" start="2026-02-19T10:22:44.644720" elapsed="0.002750"/>
</kw>
<status status="PASS" start="2026-02-19T10:22:42.099129" elapsed="2.548784"/>
</test>
<kw name="Close Website" owner="ecommerce_keywords" type="TEARDOWN">
<kw name="Sleep" owner="BuiltIn">
<msg time="2026-02-19T10:22:45.350904" level="INFO">Slept 700 milliseconds.</msg>
<arg>${DELAY}</arg>
<doc>Pauses the test executed for the given time.</doc>
<status status="PASS" start="2026-02-19T10:22:44.649869" elapsed="0.701236"/>
</kw>
<kw name="Close Browser" owner="SeleniumLibrary">
<doc>Closes the current browser.</doc>
<status status="PASS" start="2026-02-19T10:22:45.351431" elapsed="3.336818"/>
</kw>
<status status="PASS" start="2026-02-19T10:22:44.649519" elapsed="4.038933"/>
</kw>
<status status="PASS" start="2026-02-19T10:22:32.089413" elapsed="16.599108"/>
</suite>
<suite id="s1-s3" name="02 Product" source="C:\Users\user\Desktop\CAPSTONE PROJECT\Ecommerce\robot-framework\tests\02_product.robot">
<kw name="Open Website" owner="ecommerce_keywords" type="SETUP">
<if>
<branch type="IF" condition="'${BROWSER}' == 'Chrome'">
<kw name="Evaluate" owner="BuiltIn">
<var>${options}</var>
<arg>sys.modules['selenium.webdriver'].ChromeOptions()</arg>
<arg>sys, selenium.webdriver</arg>
<doc>Evaluates the given expression in Python and returns the result.</doc>
<status status="NOT RUN" start="2026-02-19T10:22:48.699050" elapsed="0.000059"/>
</kw>
<kw name="Evaluate" owner="BuiltIn">
<var>${temp_dir}</var>
<arg>__import__('tempfile').mkdtemp()</arg>
<doc>Evaluates the given expression in Python and returns the result.</doc>
<status status="NOT RUN" start="2026-02-19T10:22:48.699279" elapsed="0.000041"/>
</kw>
<kw name="Create Dictionary" owner="BuiltIn">
<var>${prefs}</var>
<arg>credentials_enable_service=False</arg>
<arg>profile.password_manager_enabled=False</arg>
<arg>profile.default_content_setting_values.notifications=2</arg>
<doc>Creates and returns a dictionary based on the given ``items``.</doc>
<status status="NOT RUN" start="2026-02-19T10:22:48.699470" elapsed="0.000040"/>
</kw>
<kw name="Call Method" owner="BuiltIn">
<arg>${options}</arg>
<arg>add_experimental_option</arg>
<arg>prefs</arg>
<arg>${prefs}</arg>
<doc>Calls the named method of the given object with the provided arguments.</doc>
<status status="NOT RUN" start="2026-02-19T10:22:48.699649" elapsed="0.000039"/>
</kw>
<kw name="Set Variable" owner="BuiltIn">
<var>${incognito}</var>
<arg>--incognito</arg>
<doc>Returns the given values which can then be assigned to a variables.</doc>
<status status="NOT RUN" start="2026-02-19T10:22:48.699823" elapsed="0.000035"/>
</kw>
<kw name="Set Variable" owner="BuiltIn">
<var>${disable_pw}</var>
<arg>--disable-features=PasswordLeakDetection</arg>
<doc>Returns the given values which can then be assigned to a variables.</doc>
<status status="NOT RUN" start="2026-02-19T10:22:48.699973" elapsed="0.000032"/>
</kw>
<kw name="Set Variable" owner="BuiltIn">
<var>${disable_notify}</var>
<arg>--disable-notifications</arg>
<doc>Returns the given values which can then be assigned to a variables.</doc>
<status status="NOT RUN" start="2026-02-19T10:22:48.700128" elapsed="0.000035"/>
</kw>
<kw name="Set Variable" owner="BuiltIn">
<var>${no_first}</var>
<arg>--no-first-run</arg>
<doc>Returns the given values which can then be assigned to a variables.</doc>
<status status="NOT RUN" start="2026-02-19T10:22:48.700274" elapsed="0.000034"/>
</kw>
<kw name="Set Variable" owner="BuiltIn">
<var>${no_default}</var>
<arg>--no-default-browser-check</arg>
<doc>Returns the given values which can then be assigned to a variables.</doc>
<status status="NOT RUN" start="2026-02-19T10:22:48.700430" elapsed="0.000033"/>
</kw>
<kw name="Set Variable" owner="BuiltIn">
<var>${maximize}</var>
<arg>--start-maximized</arg>
<doc>Returns the given values which can then be assigned to a variables.</doc>
<status status="NOT RUN" start="2026-02-19T10:22:48.700571" elapsed="0.000032"/>
</kw>
<kw name="Set Variable" owner="BuiltIn">
<var>${profile}</var>
<arg>--user-data-dir=${temp_dir}</arg>
<doc>Returns the given values which can then be assigned to a variables.</doc>
<status status="NOT RUN" start="2026-02-19T10:22:48.700712" elapsed="0.000031"/>
</kw>
<kw name="Call Method" owner="BuiltIn">
<arg>${options}</arg>
<arg>add_argument</arg>
<arg>${incognito}</arg>
<doc>Calls the named method of the given object with the provided arguments.</doc>
<status status="NOT RUN" start="2026-02-19T10:22:48.700972" elapsed="0.000076"/>
</kw>
<kw name="Call Method" owner="BuiltIn">
<arg>${options}</arg>
<arg>add_argument</arg>
<arg>${disable_pw}</arg>
<doc>Calls the named method of the given object with the provided arguments.</doc>
<status status="NOT RUN" start="2026-02-19T10:22:48.701223" elapsed="0.000045"/>
</kw>
<kw name="Call Method" owner="BuiltIn">
<arg>${options}</arg>
<arg>add_argument</arg>
<arg>${disable_notify}</arg>
<doc>Calls the named method of the given object with the provided arguments.</doc>
<status status="NOT RUN" start="2026-02-19T10:22:48.701406" elapsed="0.000042"/>
</kw>
<kw name="Call Method" owner="BuiltIn">
<arg>${options}</arg>
<arg>add_argument</arg>
<arg>${no_first}</arg>
<doc>Calls the named method of the given object with the provided arguments.</doc>
<status status="NOT RUN" start="2026-02-19T10:22:48.701582" elapsed="0.000047"/>
</kw>
<kw name="Call Method" owner="BuiltIn">
<arg>${options}</arg>
<arg>add_argument</arg>
<arg>${no_default}</arg>
<doc>Calls the named method of the given object with the provided arguments.</doc>
<status status="NOT RUN" start="2026-02-19T10:22:48.702067" elapsed="0.000095"/>
</kw>
<kw name="Call Method" owner="BuiltIn">
<arg>${options}</arg>
<arg>add_argument</arg>
<arg>${maximize}</arg>
<doc>Calls the named method of the given object with the provided arguments.</doc>
<status status="NOT RUN" start="2026-02-19T10:22:48.702536" elapsed="0.000103"/>
</kw>
<kw name="Call Method" owner="BuiltIn">
<arg>${options}</arg>
<arg>add_argument</arg>
<arg>${profile}</arg>
<doc>Calls the named method of the given object with the provided arguments.</doc>
<status status="NOT RUN" start="2026-02-19T10:22:48.702827" elapsed="0.000057"/>
</kw>
<kw name="Create Webdriver" owner="SeleniumLibrary">
<arg>Chrome</arg>
<arg>options=${options}</arg>
<doc>Creates an instance of Selenium WebDriver.</doc>
<status status="NOT RUN" start="2026-02-19T10:22:48.703533" elapsed="0.000288"/>
</kw>
<kw name="Go To" owner="SeleniumLibrary">
<arg>${URL}</arg>
<doc>Navigates the current browser window to the provided ``url``.</doc>
<status status="NOT RUN" start="2026-02-19T10:22:48.704453" elapsed="0.000092"/>
</kw>
<status status="NOT RUN" start="2026-02-19T10:22:48.698470" elapsed="0.006196"/>
</branch>
<branch type="ELSE IF" condition="'${BROWSER}' == 'Edge'">
<kw name="Open Browser" owner="SeleniumLibrary">
<arg>${URL}</arg>
<arg>Edge</arg>
<doc>Opens a new browser instance to the optional ``url``.</doc>
<status status="NOT RUN" start="2026-02-19T10:22:48.706433" elapsed="0.000108"/>
</kw>
<kw name="Maximize Browser Window" owner="SeleniumLibrary">
<doc>Maximizes current browser window.</doc>
<status status="NOT RUN" start="2026-02-19T10:22:48.707014" elapsed="0.000067"/>
</kw>
<status status="NOT RUN" start="2026-02-19T10:22:48.704743" elapsed="0.002404"/>
</branch>
<branch type="ELSE IF" condition="'${BROWSER}' == 'Firefox'">
<kw name="Evaluate" owner="BuiltIn">
<msg time="2026-02-19T10:22:48.708575" level="INFO">${ff_options} = &lt;selenium.webdriver.firefox.options.Options object at 0x000001FE6CB06350&gt;</msg>
<var>${ff_options}</var>
<arg>sys.modules['selenium.webdriver'].FirefoxOptions()</arg>
<arg>sys, selenium.webdriver</arg>
<doc>Evaluates the given expression in Python and returns the result.</doc>
<status status="PASS" start="2026-02-19T10:22:48.707734" elapsed="0.000903"/>
</kw>
<kw name="Call Method" owner="BuiltIn">
<arg>${ff_options}</arg>
<arg>add_argument</arg>
<arg>-private</arg>
<doc>Calls the named method of the given object with the provided arguments.</doc>
<status status="PASS" start="2026-02-19T10:22:48.708850" elapsed="0.000632"/>
</kw>
<kw name="Create Webdriver" owner="SeleniumLibrary">
<msg time="2026-02-19T10:22:48.709837" level="INFO">Creating an instance of the Firefox WebDriver.</msg>
<arg>Firefox</arg>
<arg>options=${ff_options}</arg>
<doc>Creates an instance of Selenium WebDriver.</doc>
<status status="PASS" start="2026-02-19T10:22:48.709644" elapsed="10.232244"/>
</kw>
<kw name="Go To" owner="SeleniumLibrary">
<msg time="2026-02-19T10:22:58.942215" level="INFO">Opening url 'https://www.saucedemo.com/'</msg>
<msg time="2026-02-19T10:22:58.948213" level="WARN">Keyword 'Capture Page Screenshot' could not be run on failure: Message: Browsing context has been discarded
Stacktrace:
RemoteError@chrome://remote/content/shared/RemoteError.sys.mjs:8:8
WebDriverError@chrome://remote/content/shared/webdriver/Errors.sys.mjs:202:5
NoSuchWindowError@chrome://remote/content/shared/webdriver/Errors.sys.mjs:782:5
assert.that/&lt;@chrome://remote/content/shared/webdriver/Assert.sys.mjs:581:13
assert.open@chrome://remote/content/shared/webdriver/Assert.sys.mjs:169:4
GeckoDriver.prototype.takeScreenshot@chrome://remote/content/marionette/driver.sys.mjs:2963:15
dispatch@chrome://remote/content/marionette/server.sys.mjs:318:40
execute@chrome://remote/content/marionette/server.sys.mjs:289:16
onPacket/&lt;@chrome://remote/content/marionette/server.sys.mjs:262:20
onPacket@chrome://remote/content/marionette/server.sys.mjs:263:9
_onJSONObjectReady/&lt;@chrome://remote/content/marionette/transport.sys.mjs:494:20
</msg>
<msg time="2026-02-19T10:22:58.949030" level="FAIL">NoSuchWindowException: Message: Browsing context has been discarded
Stacktrace:
RemoteError@chrome://remote/content/shared/RemoteError.sys.mjs:8:8
WebDriverError@chrome://remote/content/shared/webdriver/Errors.sys.mjs:202:5
NoSuchWindowError@chrome://remote/content/shared/webdriver/Errors.sys.mjs:782:5
assert.that/&lt;@chrome://remote/content/shared/webdriver/Assert.sys.mjs:581:13
assert.open@chrome://remote/content/shared/webdriver/Assert.sys.mjs:169:4
GeckoDriver.prototype.navigateTo@chrome://remote/content/marionette/driver.sys.mjs:1184:39
dispatch@chrome://remote/content/marionette/server.sys.mjs:318:40
execute@chrome://remote/content/marionette/server.sys.mjs:289:16
onPacket/&lt;@chrome://remote/content/marionette/server.sys.mjs:262:20
onPacket@chrome://remote/content/marionette/server.sys.mjs:263:9
_onJSONObjectReady/&lt;@chrome://remote/content/marionette/transport.sys.mjs:494:20
</msg>
<arg>${URL}</arg>
<doc>Navigates the current browser window to the provided ``url``.</doc>
<status status="FAIL" start="2026-02-19T10:22:58.942062" elapsed="0.009161">NoSuchWindowException: Message: Browsing context has been discarded
Stacktrace:
RemoteError@chrome://remote/content/shared/RemoteError.sys.mjs:8:8
WebDriverError@chrome://remote/content/shared/webdriver/Errors.sys.mjs:202:5
NoSuchWindowError@chrome://remote/content/shared/webdriver/Errors.sys.mjs:782:5
assert.that/&lt;@chrome://remote/content/shared/webdriver/Assert.sys.mjs:581:13
assert.open@chrome://remote/content/shared/webdriver/Assert.sys.mjs:169:4
GeckoDriver.prototype.navigateTo@chrome://remote/content/marionette/driver.sys.mjs:1184:39
dispatch@chrome://remote/content/marionette/server.sys.mjs:318:40
execute@chrome://remote/content/marionette/server.sys.mjs:289:16
onPacket/&lt;@chrome://remote/content/marionette/server.sys.mjs:262:20
onPacket@chrome://remote/content/marionette/server.sys.mjs:263:9
_onJSONObjectReady/&lt;@chrome://remote/content/marionette/transport.sys.mjs:494:20
</status>
</kw>
<status status="FAIL" start="2026-02-19T10:22:48.707302" elapsed="10.244059">NoSuchWindowException: Message: Browsing context has been discarded
Stacktrace:
RemoteError@chrome://remote/content/shared/RemoteError.sys.mjs:8:8
WebDriverError@chrome://remote/content/shared/webdriver/Errors.sys.mjs:202:5
NoSuchWindowError@chrome://remote/content/shared/webdriver/Errors.sys.mjs:782:5
assert.that/&lt;@chrome://remote/content/shared/webdriver/Assert.sys.mjs:581:13
assert.open@chrome://remote/content/shared/webdriver/Assert.sys.mjs:169:4
GeckoDriver.prototype.navigateTo@chrome://remote/content/marionette/driver.sys.mjs:1184:39
dispatch@chrome://remote/content/marionette/server.sys.mjs:318:40
execute@chrome://remote/content/marionette/server.sys.mjs:289:16
onPacket/&lt;@chrome://remote/content/marionette/server.sys.mjs:262:20
onPacket@chrome://remote/content/marionette/server.sys.mjs:263:9
_onJSONObjectReady/&lt;@chrome://remote/content/marionette/transport.sys.mjs:494:20
</status>
</branch>
<status status="FAIL" start="2026-02-19T10:22:48.698430" elapsed="10.252995">NoSuchWindowException: Message: Browsing context has been discarded
Stacktrace:
RemoteError@chrome://remote/content/shared/RemoteError.sys.mjs:8:8
WebDriverError@chrome://remote/content/shared/webdriver/Errors.sys.mjs:202:5
NoSuchWindowError@chrome://remote/content/shared/webdriver/Errors.sys.mjs:782:5
assert.that/&lt;@chrome://remote/content/shared/webdriver/Assert.sys.mjs:581:13
assert.open@chrome://remote/content/shared/webdriver/Assert.sys.mjs:169:4
GeckoDriver.prototype.navigateTo@chrome://remote/content/marionette/driver.sys.mjs:1184:39
dispatch@chrome://remote/content/marionette/server.sys.mjs:318:40
execute@chrome://remote/content/marionette/server.sys.mjs:289:16
onPacket/&lt;@chrome://remote/content/marionette/server.sys.mjs:262:20
onPacket@chrome://remote/content/marionette/server.sys.mjs:263:9
_onJSONObjectReady/&lt;@chrome://remote/content/marionette/transport.sys.mjs:494:20
</status>
</if>
<kw name="Wait Until Element Is Visible" owner="SeleniumLibrary">
<arg>id=user-name</arg>
<arg>timeout=10s</arg>
<doc>Waits until the element ``locator`` is visible.</doc>
<status status="NOT RUN" start="2026-02-19T10:22:58.951572" elapsed="0.000037"/>
</kw>
<kw name="Sleep" owner="BuiltIn">
<arg>${DELAY}</arg>
<doc>Pauses the test executed for the given time.</doc>
<status status="NOT RUN" start="2026-02-19T10:22:58.951707" elapsed="0.000028"/>
</kw>
<status status="FAIL" start="2026-02-19T10:22:48.698155" elapsed="10.253700">NoSuchWindowException: Message: Browsing context has been discarded
Stacktrace:
RemoteError@chrome://remote/content/shared/RemoteError.sys.mjs:8:8
WebDriverError@chrome://remote/content/shared/webdriver/Errors.sys.mjs:202:5
NoSuchWindowError@chrome://remote/content/shared/webdriver/Errors.sys.mjs:782:5
assert.that/&lt;@chrome://remote/content/shared/webdriver/Assert.sys.mjs:581:13
assert.open@chrome://remote/content/shared/webdriver/Assert.sys.mjs:169:4
GeckoDriver.prototype.navigateTo@chrome://remote/content/marionette/driver.sys.mjs:1184:39
dispatch@chrome://remote/content/marionette/server.sys.mjs:318:40
execute@chrome://remote/content/marionette/server.sys.mjs:289:16
onPacket/&lt;@chrome://remote/content/marionette/server.sys.mjs:262:20
onPacket@chrome://remote/content/marionette/server.sys.mjs:263:9
_onJSONObjectReady/&lt;@chrome://remote/content/marionette/transport.sys.mjs:494:20
</status>
</kw>
<test id="s1-s3-t1" name="User Can View Product Details" line="7">
<status status="FAIL" start="2026-02-19T10:22:58.951943" elapsed="0.000458">Parent suite setup failed:
NoSuchWindowException: Message: Browsing context has been discarded
Stacktrace:
RemoteError@chrome://remote/content/shared/RemoteError.sys.mjs:8:8
WebDriverError@chrome://remote/content/shared/webdriver/Errors.sys.mjs:202:5
NoSuchWindowError@chrome://remote/content/shared/webdriver/Errors.sys.mjs:782:5
assert.that/&lt;@chrome://remote/content/shared/webdriver/Assert.sys.mjs:581:13
assert.open@chrome://remote/content/shared/webdriver/Assert.sys.mjs:169:4
GeckoDriver.prototype.navigateTo@chrome://remote/content/marionette/driver.sys.mjs:1184:39
dispatch@chrome://remote/content/marionette/server.sys.mjs:318:40
execute@chrome://remote/content/marionette/server.sys.mjs:289:16
onPacket/&lt;@chrome://remote/content/marionette/server.sys.mjs:262:20
onPacket@chrome://remote/content/marionette/server.sys.mjs:263:9
_onJSONObjectReady/&lt;@chrome://remote/content/marionette/transport.sys.mjs:494:20
</status>
</test>
<kw name="Close Website" owner="ecommerce_keywords" type="TEARDOWN">
<kw name="Sleep" owner="BuiltIn">
<msg time="2026-02-19T10:22:59.654264" level="INFO">Slept 700 milliseconds.</msg>
<arg>${DELAY}</arg>
<doc>Pauses the test executed for the given time.</doc>
<status status="PASS" start="2026-02-19T10:22:58.953585" elapsed="0.700902"/>
</kw>
<kw name="Close Browser" owner="SeleniumLibrary">
<doc>Closes the current browser.</doc>
<status status="PASS" start="2026-02-19T10:22:59.654823" elapsed="2.866599"/>
</kw>
<status status="PASS" start="2026-02-19T10:22:58.953469" elapsed="3.568085"/>
</kw>
<status status="FAIL" start="2026-02-19T10:22:48.690655" elapsed="13.830951">Suite setup failed:
NoSuchWindowException: Message: Browsing context has been discarded
Stacktrace:
RemoteError@chrome://remote/content/shared/RemoteError.sys.mjs:8:8
WebDriverError@chrome://remote/content/shared/webdriver/Errors.sys.mjs:202:5
NoSuchWindowError@chrome://remote/content/shared/webdriver/Errors.sys.mjs:782:5
assert.that/&lt;@chrome://remote/content/shared/webdriver/Assert.sys.mjs:581:13
assert.open@chrome://remote/content/shared/webdriver/Assert.sys.mjs:169:4
GeckoDriver.prototype.navigateTo@chrome://remote/content/marionette/driver.sys.mjs:1184:39
dispatch@chrome://remote/content/marionette/server.sys.mjs:318:40
execute@chrome://remote/content/marionette/server.sys.mjs:289:16
onPacket/&lt;@chrome://remote/content/marionette/server.sys.mjs:262:20
onPacket@chrome://remote/content/marionette/server.sys.mjs:263:9
_onJSONObjectReady/&lt;@chrome://remote/content/marionette/transport.sys.mjs:494:20
</status>
</suite>
<suite id="s1-s4" name="03 Add To Cart" source="C:\Users\user\Desktop\CAPSTONE PROJECT\Ecommerce\robot-framework\tests\03_add_to_cart.robot">
<kw name="Open Website" owner="ecommerce_keywords" type="SETUP">
<if>
<branch type="IF" condition="'${BROWSER}' == 'Chrome'">
<kw name="Evaluate" owner="BuiltIn">
<var>${options}</var>
<arg>sys.modules['selenium.webdriver'].ChromeOptions()</arg>
<arg>sys, selenium.webdriver</arg>
<doc>Evaluates the given expression in Python and returns the result.</doc>
<status status="NOT RUN" start="2026-02-19T10:23:02.527365" elapsed="0.000041"/>
</kw>
<kw name="Evaluate" owner="BuiltIn">
<var>${temp_dir}</var>
<arg>__import__('tempfile').mkdtemp()</arg>
<doc>Evaluates the given expression in Python and returns the result.</doc>
<status status="NOT RUN" start="2026-02-19T10:23:02.527542" elapsed="0.000032"/>
</kw>
<kw name="Create Dictionary" owner="BuiltIn">
<var>${prefs}</var>
<arg>credentials_enable_service=False</arg>
<arg>profile.password_manager_enabled=False</arg>
<arg>profile.default_content_setting_values.notifications=2</arg>
<doc>Creates and returns a dictionary based on the given ``items``.</doc>
<status status="NOT RUN" start="2026-02-19T10:23:02.527693" elapsed="0.000029"/>
</kw>
<kw name="Call Method" owner="BuiltIn">
<arg>${options}</arg>
<arg>add_experimental_option</arg>
<arg>prefs</arg>
<arg>${prefs}</arg>
<doc>Calls the named method of the given object with the provided arguments.</doc>
<status status="NOT RUN" start="2026-02-19T10:23:02.527829" elapsed="0.000034"/>
</kw>
<kw name="Set Variable" owner="BuiltIn">
<var>${incognito}</var>
<arg>--incognito</arg>
<doc>Returns the given values which can then be assigned to a variables.</doc>
<status status="NOT RUN" start="2026-02-19T10:23:02.527971" elapsed="0.000028"/>
</kw>
<kw name="Set Variable" owner="BuiltIn">
<var>${disable_pw}</var>
<arg>--disable-features=PasswordLeakDetection</arg>
<doc>Returns the given values which can then be assigned to a variables.</doc>
<status status="NOT RUN" start="2026-02-19T10:23:02.528095" elapsed="0.000027"/>
</kw>
<kw name="Set Variable" owner="BuiltIn">
<var>${disable_notify}</var>
<arg>--disable-notifications</arg>
<doc>Returns the given values which can then be assigned to a variables.</doc>
<status status="NOT RUN" start="2026-02-19T10:23:02.528214" elapsed="0.000028"/>
</kw>
<kw name="Set Variable" owner="BuiltIn">
<var>${no_first}</var>
<arg>--no-first-run</arg>
<doc>Returns the given values which can then be assigned to a variables.</doc>
<status status="NOT RUN" start="2026-02-19T10:23:02.528334" elapsed="0.000028"/>
</kw>
<kw name="Set Variable" owner="BuiltIn">
<var>${no_default}</var>
<arg>--no-default-browser-check</arg>
<doc>Returns the given values which can then be assigned to a variables.</doc>
<status status="NOT RUN" start="2026-02-19T10:23:02.528463" elapsed="0.000025"/>
</kw>
<kw name="Set Variable" owner="BuiltIn">
<var>${maximize}</var>
<arg>--start-maximized</arg>
<doc>Returns the given values which can then be assigned to a variables.</doc>
<status status="NOT RUN" start="2026-02-19T10:23:02.528574" elapsed="0.000029"/>
</kw>
<kw name="Set Variable" owner="BuiltIn">
<var>${profile}</var>
<arg>--user-data-dir=${temp_dir}</arg>
<doc>Returns the given values which can then be assigned to a variables.</doc>
<status status="NOT RUN" start="2026-02-19T10:23:02.528692" elapsed="0.000026"/>
</kw>
<kw name="Call Method" owner="BuiltIn">
<arg>${options}</arg>
<arg>add_argument</arg>
<arg>${incognito}</arg>
<doc>Calls the named method of the given object with the provided arguments.</doc>
<status status="NOT RUN" start="2026-02-19T10:23:02.528802" elapsed="0.000026"/>
</kw>
<kw name="Call Method" owner="BuiltIn">
<arg>${options}</arg>
<arg>add_argument</arg>
<arg>${disable_pw}</arg>
<doc>Calls the named method of the given object with the provided arguments.</doc>
<status status="NOT RUN" start="2026-02-19T10:23:02.528915" elapsed="0.000026"/>
</kw>
<kw name="Call Method" owner="BuiltIn">
<arg>${options}</arg>
<arg>add_argument</arg>
<arg>${disable_notify}</arg>
<doc>Calls the named method of the given object with the provided arguments.</doc>
<status status="NOT RUN" start="2026-02-19T10:23:02.529029" elapsed="0.000025"/>
</kw>
<kw name="Call Method" owner="BuiltIn">
<arg>${options}</arg>
<arg>add_argument</arg>
<arg>${no_first}</arg>
<doc>Calls the named method of the given object with the provided arguments.</doc>
<status status="NOT RUN" start="2026-02-19T10:23:02.529140" elapsed="0.000025"/>
</kw>
<kw name="Call Method" owner="BuiltIn">
<arg>${options}</arg>
<arg>add_argument</arg>
<arg>${no_default}</arg>
<doc>Calls the named method of the given object with the provided arguments.</doc>
<status status="NOT RUN" start="2026-02-19T10:23:02.529253" elapsed="0.000025"/>
</kw>
<kw name="Call Method" owner="BuiltIn">
<arg>${options}</arg>
<arg>add_argument</arg>
<arg>${maximize}</arg>
<doc>Calls the named method of the given object with the provided arguments.</doc>
<status status="NOT RUN" start="2026-02-19T10:23:02.529369" elapsed="0.000027"/>
</kw>
<kw name="Call Method" owner="BuiltIn">
<arg>${options}</arg>
<arg>add_argument</arg>
<arg>${profile}</arg>
<doc>Calls the named method of the given object with the provided arguments.</doc>
<status status="NOT RUN" start="2026-02-19T10:23:02.529485" elapsed="0.000026"/>
</kw>
<kw name="Create Webdriver" owner="SeleniumLibrary">
<arg>Chrome</arg>
<arg>options=${options}</arg>
<doc>Creates an instance of Selenium WebDriver.</doc>
<status status="NOT RUN" start="2026-02-19T10:23:02.529617" elapsed="0.000028"/>
</kw>
<kw name="Go To" owner="SeleniumLibrary">
<arg>${URL}</arg>
<doc>Navigates the current browser window to the provided ``url``.</doc>
<status status="NOT RUN" start="2026-02-19T10:23:02.529749" elapsed="0.000035"/>
</kw>
<status status="NOT RUN" start="2026-02-19T10:23:02.527102" elapsed="0.002734"/>
</branch>
<branch type="ELSE IF" condition="'${BROWSER}' == 'Edge'">
<kw name="Open Browser" owner="SeleniumLibrary">
<arg>${URL}</arg>
<arg>Edge</arg>
<doc>Opens a new browser instance to the optional ``url``.</doc>
<status status="NOT RUN" start="2026-02-19T10:23:02.530402" elapsed="0.000075"/>
</kw>
<kw name="Maximize Browser Window" owner="SeleniumLibrary">
<doc>Maximizes current browser window.</doc>
<status status="NOT RUN" start="2026-02-19T10:23:02.530701" elapsed="0.000026"/>
</kw>
<status status="NOT RUN" start="2026-02-19T10:23:02.529897" elapsed="0.000873"/>
</branch>
<branch type="ELSE IF" condition="'${BROWSER}' == 'Firefox'">
<kw name="Evaluate" owner="BuiltIn">
<msg time="2026-02-19T10:23:02.531732" level="INFO">${ff_options} = &lt;selenium.webdriver.firefox.options.Options object at 0x000001FE6CF716E0&gt;</msg>
<var>${ff_options}</var>
<arg>sys.modules['selenium.webdriver'].FirefoxOptions()</arg>
<arg>sys, selenium.webdriver</arg>
<doc>Evaluates the given expression in Python and returns the result.</doc>
<status status="PASS" start="2026-02-19T10:23:02.531013" elapsed="0.000755"/>
</kw>
<kw name="Call Method" owner="BuiltIn">
<arg>${ff_options}</arg>
<arg>add_argument</arg>
<arg>-private</arg>
<doc>Calls the named method of the given object with the provided arguments.</doc>
<status status="PASS" start="2026-02-19T10:23:02.531886" elapsed="0.000470"/>
</kw>
<kw name="Create Webdriver" owner="SeleniumLibrary">
<msg time="2026-02-19T10:23:02.532825" level="INFO">Creating an instance of the Firefox WebDriver.</msg>
<arg>Firefox</arg>
<arg>options=${ff_options}</arg>
<doc>Creates an instance of Selenium WebDriver.</doc>
<status status="PASS" start="2026-02-19T10:23:02.532565" elapsed="9.139460"/>
</kw>
<kw name="Go To" owner="SeleniumLibrary">
<msg time="2026-02-19T10:23:11.672806" level="INFO">Opening url 'https://www.saucedemo.com/'</msg>
<arg>${URL}</arg>
<doc>Navigates the current browser window to the provided ``url``.</doc>
<status status="PASS" start="2026-02-19T10:23:11.672425" elapsed="2.282650"/>
</kw>
<status status="PASS" start="2026-02-19T10:23:02.530812" elapsed="11.424403"/>
</branch>
<status status="PASS" start="2026-02-19T10:23:02.527073" elapsed="11.428402"/>
</if>
<kw name="Wait Until Element Is Visible" owner="SeleniumLibrary">
<arg>id=user-name</arg>
<arg>timeout=10s</arg>
<doc>Waits until the element ``locator`` is visible.</doc>
<status status="PASS" start="2026-02-19T10:23:13.955829" elapsed="0.047760"/>
</kw>
<kw name="Sleep" owner="BuiltIn">
<msg time="2026-02-19T10:23:14.704770" level="INFO">Slept 700 milliseconds.</msg>
<arg>${DELAY}</arg>
<doc>Pauses the test executed for the given time.</doc>
<status status="PASS" start="2026-02-19T10:23:14.003850" elapsed="0.701115"/>
</kw>
<status status="PASS" start="2026-02-19T10:23:02.526859" elapsed="12.178273"/>
</kw>
<test id="s1-s4-t1" name="User Can Add Four Products To Cart" line="7">
<kw name="Login To Application" owner="ecommerce_keywords">
<kw name="Input Text" owner="SeleniumLibrary">
<msg time="2026-02-19T10:23:14.707382" level="INFO">Typing text 'standard_user' into text field 'id=user-name'.</msg>
<arg>id=user-name</arg>
<arg>${USERNAME}</arg>
<doc>Types the given ``text`` into the text field identified by ``locator``.</doc>
<status status="PASS" start="2026-02-19T10:23:14.706972" elapsed="0.154580"/>
</kw>
<kw name="Sleep" owner="BuiltIn">
<msg time="2026-02-19T10:23:15.562979" level="INFO">Slept 700 milliseconds.</msg>
<arg>${DELAY}</arg>
<doc>Pauses the test executed for the given time.</doc>
<status status="PASS" start="2026-02-19T10:23:14.861938" elapsed="0.701261"/>
</kw>
<kw name="Input Text" owner="SeleniumLibrary">
<msg time="2026-02-19T10:23:15.563995" level="INFO">Typing text 'secret_sauce' into text field 'id=password'.</msg>
<arg>id=password</arg>
<arg>${PASSWORD}</arg>
<doc>Types the given ``text`` into the text field identified by ``locator``.</doc>
<status status="PASS" start="2026-02-19T10:23:15.563524" elapsed="0.074733"/>
</kw>
<kw name="Sleep" owner="BuiltIn">
<msg time="2026-02-19T10:23:16.340011" level="INFO">Slept 700 milliseconds.</msg>
<arg>${DELAY}</arg>
<doc>Pauses the test executed for the given time.</doc>
<status status="PASS" start="2026-02-19T10:23:15.638714" elapsed="0.701445"/>
</kw>
<kw name="Click Button" owner="SeleniumLibrary">
<msg time="2026-02-19T10:23:16.340701" level="INFO">Clicking button 'id=login-button'.</msg>
<arg>id=login-button</arg>
<doc>Clicks the button identified by ``locator``.</doc>
<status status="PASS" start="2026-02-19T10:23:16.340373" elapsed="0.148947"/>
</kw>
<kw name="Wait Until Page Contains Element" owner="SeleniumLibrary">
<arg>css=.inventory_list</arg>
<doc>Waits until the element ``locator`` appears on the current page.</doc>
<status status="PASS" start="2026-02-19T10:23:16.489593" elapsed="0.004802"/>
</kw>
<kw name="Sleep" owner="BuiltIn">
<msg time="2026-02-19T10:23:17.196081" level="INFO">Slept 700 milliseconds.</msg>
<arg>${DELAY}</arg>
<doc>Pauses the test executed for the given time.</doc>
<status status="PASS" start="2026-02-19T10:23:16.494692" elapsed="0.702221"/>
</kw>
<status status="PASS" start="2026-02-19T10:23:14.706210" elapsed="2.490957"/>
</kw>
<kw name="Add Four Products To Cart" owner="ecommerce_keywords">
<kw name="Get WebElements" owner="SeleniumLibrary">
<msg time="2026-02-19T10:23:17.202773" level="INFO">${buttons} = [&lt;selenium.webdriver.remote.webelement.WebElement (session="89bbe0cd-8533-4920-a569-d64e4fa89425", element="36d2de82-f302-4786-b5d3-50212bbc06fb")&gt;, &lt;selenium.webdriver.remote.webelement.WebElement (s...</msg>
<var>${buttons}</var>
<arg>xpath=//button[contains(text(),'Add to cart')]</arg>
<doc>Returns a list of WebElement objects matching the ``locator``.</doc>
<status status="PASS" start="2026-02-19T10:23:17.198115" elapsed="0.004707"/>
</kw>
<for flavor="IN RANGE">
<iter>
<kw name="Click Element" owner="SeleniumLibrary">
<msg time="2026-02-19T10:23:17.203495" level="INFO">Clicking element '&lt;selenium.webdriver.remote.webelement.WebElement (session="89bbe0cd-8533-4920-a569-d64e4fa89425", element="36d2de82-f302-4786-b5d3-50212bbc06fb")&gt;'.</msg>
<arg>${buttons}[${index}]</arg>
<doc>Click the element identified by ``locator``.</doc>
<status status="PASS" start="2026-02-19T10:23:17.203276" elapsed="0.060817"/>
</kw>
<kw name="Sleep" owner="BuiltIn">
<msg time="2026-02-19T10:23:17.965135" level="INFO">Slept 700 milliseconds.</msg>
<arg>${DELAY}</arg>
<doc>Pauses the test executed for the given time.</doc>
<status status="PASS" start="2026-02-19T10:23:17.264248" elapsed="0.701041"/>
</kw>
<var name="${index}">0</var>
<status status="PASS" start="2026-02-19T10:23:17.203154" elapsed="0.762230"/>
</iter>
<iter>
<kw name="Click Element" owner="SeleniumLibrary">
<msg time="2026-02-19T10:23:17.966112" level="INFO">Clicking element '&lt;selenium.webdriver.remote.webelement.WebElement (session="89bbe0cd-8533-4920-a569-d64e4fa89425", element="e5a538c8-f7bc-4d03-bb73-3a9b3d642175")&gt;'.</msg>
<arg>${buttons}[${index}]</arg>
<doc>Click the element identified by ``locator``.</doc>
<status status="PASS" start="2026-02-19T10:23:17.965770" elapsed="0.076060"/>
</kw>
<kw name="Sleep" owner="BuiltIn">
<msg time="2026-02-19T10:23:18.742450" level="INFO">Slept 700 milliseconds.</msg>
<arg>${DELAY}</arg>
<doc>Pauses the test executed for the given time.</doc>
<status status="PASS" start="2026-02-19T10:23:18.041964" elapsed="0.700578"/>
</kw>
<var name="${index}">1</var>
<status status="PASS" start="2026-02-19T10:23:17.965605" elapsed="0.776992"/>
</iter>
<iter>
<kw name="Click Element" owner="SeleniumLibrary">
<msg time="2026-02-19T10:23:18.742987" level="INFO">Clicking element '&lt;selenium.webdriver.remote.webelement.WebElement (session="89bbe0cd-8533-4920-a569-d64e4fa89425", element="5ba30452-644d-486b-95e1-fe2e85a90627")&gt;'.</msg>
<arg>${buttons}[${index}]</arg>
<doc>Click the element identified by ``locator``.</doc>
<status status="PASS" start="2026-02-19T10:23:18.742812" elapsed="0.062014"/>
</kw>
<kw name="Sleep" owner="BuiltIn">
<msg time="2026-02-19T10:23:19.505678" level="INFO">Slept 700 milliseconds.</msg>
<arg>${DELAY}</arg>
<doc>Pauses the test executed for the given time.</doc>
<status status="PASS" start="2026-02-19T10:23:18.805006" elapsed="0.700858"/>
</kw>
<var name="${index}">2</var>
<status status="PASS" start="2026-02-19T10:23:18.742719" elapsed="0.763261"/>
</iter>
<iter>
<kw name="Click Element" owner="SeleniumLibrary">
<msg time="2026-02-19T10:23:19.507124" level="INFO">Clicking element '&lt;selenium.webdriver.remote.webelement.WebElement (session="89bbe0cd-8533-4920-a569-d64e4fa89425", element="2713cde9-27ef-4d6d-9546-7548b45d37a6")&gt;'.</msg>
<arg>${buttons}[${index}]</arg>
<doc>Click the element identified by ``locator``.</doc>
<status status="PASS" start="2026-02-19T10:23:19.506802" elapsed="0.075348"/>
</kw>
<kw name="Sleep" owner="BuiltIn">
<msg time="2026-02-19T10:23:20.283382" level="INFO">Slept 700 milliseconds.</msg>
<arg>${DELAY}</arg>
<doc>Pauses the test executed for the given time.</doc>
<status status="PASS" start="2026-02-19T10:23:19.582308" elapsed="0.701276"/>
</kw>
<var name="${index}">3</var>
<status status="PASS" start="2026-02-19T10:23:19.506596" elapsed="0.777114"/>
</iter>
<var>${index}</var>
<value>0</value>
<value>4</value>
<status status="PASS" start="2026-02-19T10:23:17.202925" elapsed="3.080875"/>
</for>
<status status="PASS" start="2026-02-19T10:23:17.197775" elapsed="3.086140"/>
</kw>
<kw name="Verify Cart Has Four Items" owner="ecommerce_keywords">
<kw name="Get Text" owner="SeleniumLibrary">
<msg time="2026-02-19T10:23:20.301621" level="INFO">${count} = 4</msg>
<var>${count}</var>
<arg>css=.shopping_cart_badge</arg>
<doc>Returns the text value of the element identified by ``locator``.</doc>
<status status="PASS" start="2026-02-19T10:23:20.284964" elapsed="0.016696"/>
</kw>
<kw name="Should Be Equal" owner="BuiltIn">
<arg>${count}</arg>
<arg>4</arg>
<doc>Fails if the given objects are unequal.</doc>
<status status="PASS" start="2026-02-19T10:23:20.301812" elapsed="0.000311"/>
</kw>
<kw name="Sleep" owner="BuiltIn">
<msg time="2026-02-19T10:23:21.003175" level="INFO">Slept 700 milliseconds.</msg>
<arg>${DELAY}</arg>
<doc>Pauses the test executed for the given time.</doc>
<status status="PASS" start="2026-02-19T10:23:20.302204" elapsed="0.701228"/>
</kw>
<status status="PASS" start="2026-02-19T10:23:20.284671" elapsed="0.718903"/>
</kw>
<kw name="Go To Cart" owner="ecommerce_keywords">
<kw name="Click Element" owner="SeleniumLibrary">
<msg time="2026-02-19T10:23:21.004953" level="INFO">Clicking element 'css=.shopping_cart_link'.</msg>
<arg>css=.shopping_cart_link</arg>
<doc>Click the element identified by ``locator``.</doc>
<status status="PASS" start="2026-02-19T10:23:21.004734" elapsed="0.089393"/>
</kw>
<kw name="Wait Until Page Contains" owner="SeleniumLibrary">
<arg>Your Cart</arg>
<doc>Waits until ``text`` appears on the current page.</doc>
<status status="PASS" start="2026-02-19T10:23:21.094277" elapsed="0.005522"/>
</kw>
<kw name="Sleep" owner="BuiltIn">
<msg time="2026-02-19T10:23:21.800933" level="INFO">Slept 700 milliseconds.</msg>
<arg>${DELAY}</arg>
<doc>Pauses the test executed for the given time.</doc>
<status status="PASS" start="2026-02-19T10:23:21.099942" elapsed="0.701136"/>
</kw>
<status status="PASS" start="2026-02-19T10:23:21.004364" elapsed="0.796836"/>
</kw>
<kw name="Page Should Contain" owner="SeleniumLibrary">
<msg time="2026-02-19T10:23:21.810616" level="INFO">Current page contains text 'Your Cart'.</msg>
<arg>Your Cart</arg>
<doc>Verifies that current page contains ``text``.</doc>
<status status="PASS" start="2026-02-19T10:23:21.801957" elapsed="0.008751"/>
</kw>
<status status="PASS" start="2026-02-19T10:23:14.705247" elapsed="7.106010"/>
</test>
<kw name="Close Website" owner="ecommerce_keywords" type="TEARDOWN">
<kw name="Sleep" owner="BuiltIn">
<msg time="2026-02-19T10:23:22.513175" level="INFO">Slept 700 milliseconds.</msg>
<arg>${DELAY}</arg>
<doc>Pauses the test executed for the given time.</doc>
<status status="PASS" start="2026-02-19T10:23:21.812165" elapsed="0.701143"/>
</kw>
<kw name="Close Browser" owner="SeleniumLibrary">
<doc>Closes the current browser.</doc>
<status status="PASS" start="2026-02-19T10:23:22.513493" elapsed="3.066981"/>
</kw>
<status status="PASS" start="2026-02-19T10:23:21.812023" elapsed="3.768589"/>
</kw>
<status status="PASS" start="2026-02-19T10:23:02.523437" elapsed="23.057225"/>
</suite>
<suite id="s1-s5" name="04 Update Cart" source="C:\Users\user\Desktop\CAPSTONE PROJECT\Ecommerce\robot-framework\tests\04_update_cart.robot">
<kw name="Open Website" owner="ecommerce_keywords" type="SETUP">
<if>
<branch type="IF" condition="'${BROWSER}' == 'Chrome'">
<kw name="Evaluate" owner="BuiltIn">
<var>${options}</var>
<arg>sys.modules['selenium.webdriver'].ChromeOptions()</arg>
<arg>sys, selenium.webdriver</arg>
<doc>Evaluates the given expression in Python and returns the result.</doc>
<status status="NOT RUN" start="2026-02-19T10:23:25.586767" elapsed="0.000022"/>
</kw>
<kw name="Evaluate" owner="BuiltIn">
<var>${temp_dir}</var>
<arg>__import__('tempfile').mkdtemp()</arg>
<doc>Evaluates the given expression in Python and returns the result.</doc>
<status status="NOT RUN" start="2026-02-19T10:23:25.586861" elapsed="0.000015"/>
</kw>
<kw name="Create Dictionary" owner="BuiltIn">
<var>${prefs}</var>
<arg>credentials_enable_service=False</arg>
<arg>profile.password_manager_enabled=False</arg>
<arg>profile.default_content_setting_values.notifications=2</arg>
<doc>Creates and returns a dictionary based on the given ``items``.</doc>
<status status="NOT RUN" start="2026-02-19T10:23:25.586938" elapsed="0.000016"/>
</kw>
<kw name="Call Method" owner="BuiltIn">
<arg>${options}</arg>
<arg>add_experimental_option</arg>
<arg>prefs</arg>
<arg>${prefs}</arg>
<doc>Calls the named method of the given object with the provided arguments.</doc>
<status status="NOT RUN" start="2026-02-19T10:23:25.587020" elapsed="0.000014"/>
</kw>
<kw name="Set Variable" owner="BuiltIn">
<var>${incognito}</var>
<arg>--incognito</arg>
<doc>Returns the given values which can then be assigned to a variables.</doc>
<status status="NOT RUN" start="2026-02-19T10:23:25.587090" elapsed="0.000015"/>
</kw>
<kw name="Set Variable" owner="BuiltIn">
<var>${disable_pw}</var>
<arg>--disable-features=PasswordLeakDetection</arg>
<doc>Returns the given values which can then be assigned to a variables.</doc>
<status status="NOT RUN" start="2026-02-19T10:23:25.587155" elapsed="0.000014"/>
</kw>
<kw name="Set Variable" owner="BuiltIn">
<var>${disable_notify}</var>
<arg>--disable-notifications</arg>
<doc>Returns the given values which can then be assigned to a variables.</doc>
<status status="NOT RUN" start="2026-02-19T10:23:25.587217" elapsed="0.000014"/>
</kw>
<kw name="Set Variable" owner="BuiltIn">
<var>${no_first}</var>
<arg>--no-first-run</arg>
<doc>Returns the given values which can then be assigned to a variables.</doc>
<status status="NOT RUN" start="2026-02-19T10:23:25.587279" elapsed="0.000013"/>
</kw>
<kw name="Set Variable" owner="BuiltIn">
<var>${no_default}</var>
<arg>--no-default-browser-check</arg>
<doc>Returns the given values which can then be assigned to a variables.</doc>
<status status="NOT RUN" start="2026-02-19T10:23:25.587340" elapsed="0.000013"/>
</kw>
<kw name="Set Variable" owner="BuiltIn">
<var>${maximize}</var>
<arg>--start-maximized</arg>
<doc>Returns the given values which can then be assigned to a variables.</doc>
<status status="NOT RUN" start="2026-02-19T10:23:25.587400" elapsed="0.000014"/>
</kw>
<kw name="Set Variable" owner="BuiltIn">
<var>${profile}</var>
<arg>--user-data-dir=${temp_dir}</arg>
<doc>Returns the given values which can then be assigned to a variables.</doc>
<status status="NOT RUN" start="2026-02-19T10:23:25.587467" elapsed="0.000016"/>
</kw>
<kw name="Call Method" owner="BuiltIn">
<arg>${options}</arg>
<arg>add_argument</arg>
<arg>${incognito}</arg>
<doc>Calls the named method of the given object with the provided arguments.</doc>
<status status="NOT RUN" start="2026-02-19T10:23:25.587536" elapsed="0.000014"/>
</kw>
<kw name="Call Method" owner="BuiltIn">
<arg>${options}</arg>
<arg>add_argument</arg>
<arg>${disable_pw}</arg>
<doc>Calls the named method of the given object with the provided arguments.</doc>
<status status="NOT RUN" start="2026-02-19T10:23:25.587599" elapsed="0.000014"/>
</kw>
<kw name="Call Method" owner="BuiltIn">
<arg>${options}</arg>
<arg>add_argument</arg>
<arg>${disable_notify}</arg>
<doc>Calls the named method of the given object with the provided arguments.</doc>
<status status="NOT RUN" start="2026-02-19T10:23:25.587660" elapsed="0.000014"/>
</kw>
<kw name="Call Method" owner="BuiltIn">
<arg>${options}</arg>
<arg>add_argument</arg>
<arg>${no_first}</arg>
<doc>Calls the named method of the given object with the provided arguments.</doc>
<status status="NOT RUN" start="2026-02-19T10:23:25.587919" elapsed="0.000041"/>
</kw>
<kw name="Call Method" owner="BuiltIn">
<arg>${options}</arg>
<arg>add_argument</arg>
<arg>${no_default}</arg>
<doc>Calls the named method of the given object with the provided arguments.</doc>
<status status="NOT RUN" start="2026-02-19T10:23:25.588097" elapsed="0.000058"/>
</kw>
<kw name="Call Method" owner="BuiltIn">
<arg>${options}</arg>
<arg>add_argument</arg>
<arg>${maximize}</arg>
<doc>Calls the named method of the given object with the provided arguments.</doc>
<status status="NOT RUN" start="2026-02-19T10:23:25.588341" elapsed="0.000052"/>
</kw>
<kw name="Call Method" owner="BuiltIn">
<arg>${options}</arg>
<arg>add_argument</arg>
<arg>${profile}</arg>
<doc>Calls the named method of the given object with the provided arguments.</doc>
<status status="NOT RUN" start="2026-02-19T10:23:25.588564" elapsed="0.000056"/>
</kw>
<kw name="Create Webdriver" owner="SeleniumLibrary">
<arg>Chrome</arg>
<arg>options=${options}</arg>
<doc>Creates an instance of Selenium WebDriver.</doc>
<status status="NOT RUN" start="2026-02-19T10:23:25.588820" elapsed="0.000052"/>
</kw>
<kw name="Go To" owner="SeleniumLibrary">
<arg>${URL}</arg>
<doc>Navigates the current browser window to the provided ``url``.</doc>
<status status="NOT RUN" start="2026-02-19T10:23:25.589058" elapsed="0.000050"/>
</kw>
<status status="NOT RUN" start="2026-02-19T10:23:25.586602" elapsed="0.002699"/>
</branch>
<branch type="ELSE IF" condition="'${BROWSER}' == 'Edge'">
<kw name="Open Browser" owner="SeleniumLibrary">
<arg>${URL}</arg>
<arg>Edge</arg>
<doc>Opens a new browser instance to the optional ``url``.</doc>
<status status="NOT RUN" start="2026-02-19T10:23:25.589794" elapsed="0.000052"/>
</kw>
<kw name="Maximize Browser Window" owner="SeleniumLibrary">
<doc>Maximizes current browser window.</doc>
<status status="NOT RUN" start="2026-02-19T10:23:25.590015" elapsed="0.000046"/>
</kw>
<status status="NOT RUN" start="2026-02-19T10:23:25.589389" elapsed="0.000740"/>
</branch>
<branch type="ELSE IF" condition="'${BROWSER}' == 'Firefox'">
<kw name="Evaluate" owner="BuiltIn">
<msg time="2026-02-19T10:23:25.591366" level="INFO">${ff_options} = &lt;selenium.webdriver.firefox.options.Options object at 0x000001FE6CF72B10&gt;</msg>
<var>${ff_options}</var>
<arg>sys.modules['selenium.webdriver'].FirefoxOptions()</arg>
<arg>sys, selenium.webdriver</arg>
<doc>Evaluates the given expression in Python and returns the result.</doc>
<status status="PASS" start="2026-02-19T10:23:25.590508" elapsed="0.000900"/>
</kw>
<kw name="Call Method" owner="BuiltIn">
<arg>${ff_options}</arg>
<arg>add_argument</arg>
<arg>-private</arg>
<doc>Calls the named method of the given object with the provided arguments.</doc>
<status status="PASS" start="2026-02-19T10:23:25.591536" elapsed="0.000377"/>
</kw>
<kw name="Create Webdriver" owner="SeleniumLibrary">
<msg time="2026-02-19T10:23:25.592401" level="INFO">Creating an instance of the Firefox WebDriver.</msg>
<arg>Firefox</arg>
<arg>options=${ff_options}</arg>
<doc>Creates an instance of Selenium WebDriver.</doc>
<status status="PASS" start="2026-02-19T10:23:25.592188" elapsed="9.834513"/>
</kw>
<kw name="Go To" owner="SeleniumLibrary">
<msg time="2026-02-19T10:23:35.427081" level="INFO">Opening url 'https://www.saucedemo.com/'</msg>
<msg time="2026-02-19T10:23:35.434832" level="WARN">Keyword 'Capture Page Screenshot' could not be run on failure: Message: Browsing context has been discarded
Stacktrace:
RemoteError@chrome://remote/content/shared/RemoteError.sys.mjs:8:8
WebDriverError@chrome://remote/content/shared/webdriver/Errors.sys.mjs:202:5
NoSuchWindowError@chrome://remote/content/shared/webdriver/Errors.sys.mjs:782:5
assert.that/&lt;@chrome://remote/content/shared/webdriver/Assert.sys.mjs:581:13
assert.open@chrome://remote/content/shared/webdriver/Assert.sys.mjs:169:4
GeckoDriver.prototype.takeScreenshot@chrome://remote/content/marionette/driver.sys.mjs:2963:15
dispatch@chrome://remote/content/marionette/server.sys.mjs:318:40
execute@chrome://remote/content/marionette/server.sys.mjs:289:16
onPacket/&lt;@chrome://remote/content/marionette/server.sys.mjs:262:20
onPacket@chrome://remote/content/marionette/server.sys.mjs:263:9
_onJSONObjectReady/&lt;@chrome://remote/content/marionette/transport.sys.mjs:494:20
</msg>
<msg time="2026-02-19T10:23:35.435550" level="FAIL">NoSuchWindowException: Message: Browsing context has been discarded
Stacktrace:
RemoteError@chrome://remote/content/shared/RemoteError.sys.mjs:8:8
WebDriverError@chrome://remote/content/shared/webdriver/Errors.sys.mjs:202:5
NoSuchWindowError@chrome://remote/content/shared/webdriver/Errors.sys.mjs:782:5
assert.that/&lt;@chrome://remote/content/shared/webdriver/Assert.sys.mjs:581:13
assert.open@chrome://remote/content/shared/webdriver/Assert.sys.mjs:169:4
GeckoDriver.prototype.navigateTo@chrome://remote/content/marionette/driver.sys.mjs:1184:39
dispatch@chrome://remote/content/marionette/server.sys.mjs:318:40
execute@chrome://remote/content/marionette/server.sys.mjs:289:16
onPacket/&lt;@chrome://remote/content/marionette/server.sys.mjs:262:20
onPacket@chrome://remote/content/marionette/server.sys.mjs:263:9
_onJSONObjectReady/&lt;@chrome://remote/content/marionette/transport.sys.mjs:494:20
</msg>
<arg>${URL}</arg>
<doc>Navigates the current browser window to the provided ``url``.</doc>
<status status="FAIL" start="2026-02-19T10:23:35.426906" elapsed="0.010498">NoSuchWindowException: Message: Browsing context has been discarded
Stacktrace:
RemoteError@chrome://remote/content/shared/RemoteError.sys.mjs:8:8
WebDriverError@chrome://remote/content/shared/webdriver/Errors.sys.mjs:202:5
NoSuchWindowError@chrome://remote/content/shared/webdriver/Errors.sys.mjs:782:5
assert.that/&lt;@chrome://remote/content/shared/webdriver/Assert.sys.mjs:581:13
assert.open@chrome://remote/content/shared/webdriver/Assert.sys.mjs:169:4
GeckoDriver.prototype.navigateTo@chrome://remote/content/marionette/driver.sys.mjs:1184:39
dispatch@chrome://remote/content/marionette/server.sys.mjs:318:40
execute@chrome://remote/content/marionette/server.sys.mjs:289:16
onPacket/&lt;@chrome://remote/content/marionette/server.sys.mjs:262:20
onPacket@chrome://remote/content/marionette/server.sys.mjs:263:9
_onJSONObjectReady/&lt;@chrome://remote/content/marionette/transport.sys.mjs:494:20
</status>
</kw>
<status status="FAIL" start="2026-02-19T10:23:25.590200" elapsed="9.847359">NoSuchWindowException: Message: Browsing context has been discarded
Stacktrace:
RemoteError@chrome://remote/content/shared/RemoteError.sys.mjs:8:8
WebDriverError@chrome://remote/content/shared/webdriver/Errors.sys.mjs:202:5
NoSuchWindowError@chrome://remote/content/shared/webdriver/Errors.sys.mjs:782:5
assert.that/&lt;@chrome://remote/content/shared/webdriver/Assert.sys.mjs:581:13
assert.open@chrome://remote/content/shared/webdriver/Assert.sys.mjs:169:4
GeckoDriver.prototype.navigateTo@chrome://remote/content/marionette/driver.sys.mjs:1184:39
dispatch@chrome://remote/content/marionette/server.sys.mjs:318:40
execute@chrome://remote/content/marionette/server.sys.mjs:289:16
onPacket/&lt;@chrome://remote/content/marionette/server.sys.mjs:262:20
onPacket@chrome://remote/content/marionette/server.sys.mjs:263:9
_onJSONObjectReady/&lt;@chrome://remote/content/marionette/transport.sys.mjs:494:20
</status>
</branch>
<status status="FAIL" start="2026-02-19T10:23:25.586586" elapsed="9.851045">NoSuchWindowException: Message: Browsing context has been discarded
Stacktrace:
RemoteError@chrome://remote/content/shared/RemoteError.sys.mjs:8:8
WebDriverError@chrome://remote/content/shared/webdriver/Errors.sys.mjs:202:5
NoSuchWindowError@chrome://remote/content/shared/webdriver/Errors.sys.mjs:782:5
assert.that/&lt;@chrome://remote/content/shared/webdriver/Assert.sys.mjs:581:13
assert.open@chrome://remote/content/shared/webdriver/Assert.sys.mjs:169:4
GeckoDriver.prototype.navigateTo@chrome://remote/content/marionette/driver.sys.mjs:1184:39
dispatch@chrome://remote/content/marionette/server.sys.mjs:318:40
execute@chrome://remote/content/marionette/server.sys.mjs:289:16
onPacket/&lt;@chrome://remote/content/marionette/server.sys.mjs:262:20
onPacket@chrome://remote/content/marionette/server.sys.mjs:263:9
_onJSONObjectReady/&lt;@chrome://remote/content/marionette/transport.sys.mjs:494:20
</status>
</if>
<kw name="Wait Until Element Is Visible" owner="SeleniumLibrary">
<arg>id=user-name</arg>
<arg>timeout=10s</arg>
<doc>Waits until the element ``locator`` is visible.</doc>
<status status="NOT RUN" start="2026-02-19T10:23:35.437791" elapsed="0.000040"/>
</kw>
<kw name="Sleep" owner="BuiltIn">
<arg>${DELAY}</arg>
<doc>Pauses the test executed for the given time.</doc>
<status status="NOT RUN" start="2026-02-19T10:23:35.437937" elapsed="0.000030"/>
</kw>
<status status="FAIL" start="2026-02-19T10:23:25.586455" elapsed="9.851642">NoSuchWindowException: Message: Browsing context has been discarded
Stacktrace:
RemoteError@chrome://remote/content/shared/RemoteError.sys.mjs:8:8
WebDriverError@chrome://remote/content/shared/webdriver/Errors.sys.mjs:202:5
NoSuchWindowError@chrome://remote/content/shared/webdriver/Errors.sys.mjs:782:5
assert.that/&lt;@chrome://remote/content/shared/webdriver/Assert.sys.mjs:581:13
assert.open@chrome://remote/content/shared/webdriver/Assert.sys.mjs:169:4
GeckoDriver.prototype.navigateTo@chrome://remote/content/marionette/driver.sys.mjs:1184:39
dispatch@chrome://remote/content/marionette/server.sys.mjs:318:40
execute@chrome://remote/content/marionette/server.sys.mjs:289:16
onPacket/&lt;@chrome://remote/content/marionette/server.sys.mjs:262:20
onPacket@chrome://remote/content/marionette/server.sys.mjs:263:9
_onJSONObjectReady/&lt;@chrome://remote/content/marionette/transport.sys.mjs:494:20
</status>
</kw>
<test id="s1-s5-t1" name="User Can Remove Product From Cart" line="7">
<status status="FAIL" start="2026-02-19T10:23:35.438260" elapsed="0.000631">Parent suite setup failed:
NoSuchWindowException: Message: Browsing context has been discarded
Stacktrace:
RemoteError@chrome://remote/content/shared/RemoteError.sys.mjs:8:8
WebDriverError@chrome://remote/content/shared/webdriver/Errors.sys.mjs:202:5
NoSuchWindowError@chrome://remote/content/shared/webdriver/Errors.sys.mjs:782:5
assert.that/&lt;@chrome://remote/content/shared/webdriver/Assert.sys.mjs:581:13
assert.open@chrome://remote/content/shared/webdriver/Assert.sys.mjs:169:4
GeckoDriver.prototype.navigateTo@chrome://remote/content/marionette/driver.sys.mjs:1184:39
dispatch@chrome://remote/content/marionette/server.sys.mjs:318:40
execute@chrome://remote/content/marionette/server.sys.mjs:289:16
onPacket/&lt;@chrome://remote/content/marionette/server.sys.mjs:262:20
onPacket@chrome://remote/content/marionette/server.sys.mjs:263:9
_onJSONObjectReady/&lt;@chrome://remote/content/marionette/transport.sys.mjs:494:20
</status>
</test>
<kw name="Close Website" owner="ecommerce_keywords" type="TEARDOWN">
<kw name="Sleep" owner="BuiltIn">
<msg time="2026-02-19T10:23:36.141171" level="INFO">Slept 700 milliseconds.</msg>
<arg>${DELAY}</arg>
<doc>Pauses the test executed for the given time.</doc>
<status status="PASS" start="2026-02-19T10:23:35.440581" elapsed="0.700726"/>
</kw>
<kw name="Close Browser" owner="SeleniumLibrary">
<doc>Closes the current browser.</doc>
<status status="PASS" start="2026-02-19T10:23:36.141495" elapsed="3.063736"/>
</kw>
<status status="PASS" start="2026-02-19T10:23:35.440375" elapsed="3.765111"/>
</kw>
<status status="FAIL" start="2026-02-19T10:23:25.581806" elapsed="13.623793">Suite setup failed:
NoSuchWindowException: Message: Browsing context has been discarded
Stacktrace:
RemoteError@chrome://remote/content/shared/RemoteError.sys.mjs:8:8
WebDriverError@chrome://remote/content/shared/webdriver/Errors.sys.mjs:202:5
NoSuchWindowError@chrome://remote/content/shared/webdriver/Errors.sys.mjs:782:5
assert.that/&lt;@chrome://remote/content/shared/webdriver/Assert.sys.mjs:581:13
assert.open@chrome://remote/content/shared/webdriver/Assert.sys.mjs:169:4
GeckoDriver.prototype.navigateTo@chrome://remote/content/marionette/driver.sys.mjs:1184:39
dispatch@chrome://remote/content/marionette/server.sys.mjs:318:40
execute@chrome://remote/content/marionette/server.sys.mjs:289:16
onPacket/&lt;@chrome://remote/content/marionette/server.sys.mjs:262:20
onPacket@chrome://remote/content/marionette/server.sys.mjs:263:9
_onJSONObjectReady/&lt;@chrome://remote/content/marionette/transport.sys.mjs:494:20
</status>
</suite>
<suite id="s1-s6" name="05 Logout" source="C:\Users\user\Desktop\CAPSTONE PROJECT\Ecommerce\robot-framework\tests\05_logout.robot">
<kw name="Open Website" owner="ecommerce_keywords" type="SETUP">
<if>
<branch type="IF" condition="'${BROWSER}' == 'Chrome'">
<kw name="Evaluate" owner="BuiltIn">
<var>${options}</var>
<arg>sys.modules['selenium.webdriver'].ChromeOptions()</arg>
<arg>sys, selenium.webdriver</arg>
<doc>Evaluates the given expression in Python and returns the result.</doc>
<status status="NOT RUN" start="2026-02-19T10:23:39.211944" elapsed="0.000109"/>
</kw>
<kw name="Evaluate" owner="BuiltIn">
<var>${temp_dir}</var>
<arg>__import__('tempfile').mkdtemp()</arg>
<doc>Evaluates the given expression in Python and returns the result.</doc>
<status status="NOT RUN" start="2026-02-19T10:23:39.212309" elapsed="0.000065"/>
</kw>
<kw name="Create Dictionary" owner="BuiltIn">
<var>${prefs}</var>
<arg>credentials_enable_service=False</arg>
<arg>profile.password_manager_enabled=False</arg>
<arg>profile.default_content_setting_values.notifications=2</arg>
<doc>Creates and returns a dictionary based on the given ``items``.</doc>
<status status="NOT RUN" start="2026-02-19T10:23:39.212610" elapsed="0.000061"/>
</kw>
<kw name="Call Method" owner="BuiltIn">
<arg>${options}</arg>
<arg>add_experimental_option</arg>
<arg>prefs</arg>
<arg>${prefs}</arg>
<doc>Calls the named method of the given object with the provided arguments.</doc>
<status status="NOT RUN" start="2026-02-19T10:23:39.212886" elapsed="0.000059"/>
</kw>
<kw name="Set Variable" owner="BuiltIn">
<var>${incognito}</var>
<arg>--incognito</arg>
<doc>Returns the given values which can then be assigned to a variables.</doc>
<status status="NOT RUN" start="2026-02-19T10:23:39.213168" elapsed="0.000055"/>
</kw>
<kw name="Set Variable" owner="BuiltIn">
<var>${disable_pw}</var>
<arg>--disable-features=PasswordLeakDetection</arg>
<doc>Returns the given values which can then be assigned to a variables.</doc>
<status status="NOT RUN" start="2026-02-19T10:23:39.213411" elapsed="0.000051"/>
</kw>
<kw name="Set Variable" owner="BuiltIn">
<var>${disable_notify}</var>
<arg>--disable-notifications</arg>
<doc>Returns the given values which can then be assigned to a variables.</doc>
<status status="NOT RUN" start="2026-02-19T10:23:39.213646" elapsed="0.000052"/>
</kw>
<kw name="Set Variable" owner="BuiltIn">
<var>${no_first}</var>
<arg>--no-first-run</arg>
<doc>Returns the given values which can then be assigned to a variables.</doc>
<status status="NOT RUN" start="2026-02-19T10:23:39.213877" elapsed="0.000048"/>
</kw>
<kw name="Set Variable" owner="BuiltIn">
<var>${no_default}</var>
<arg>--no-default-browser-check</arg>
<doc>Returns the given values which can then be assigned to a variables.</doc>
<status status="NOT RUN" start="2026-02-19T10:23:39.214100" elapsed="0.000055"/>
</kw>
<kw name="Set Variable" owner="BuiltIn">
<var>${maximize}</var>
<arg>--start-maximized</arg>
<doc>Returns the given values which can then be assigned to a variables.</doc>
<status status="NOT RUN" start="2026-02-19T10:23:39.214327" elapsed="0.000044"/>
</kw>
<kw name="Set Variable" owner="BuiltIn">
<var>${profile}</var>
<arg>--user-data-dir=${temp_dir}</arg>
<doc>Returns the given values which can then be assigned to a variables.</doc>
<status status="NOT RUN" start="2026-02-19T10:23:39.214526" elapsed="0.000043"/>
</kw>
<kw name="Call Method" owner="BuiltIn">
<arg>${options}</arg>
<arg>add_argument</arg>
<arg>${incognito}</arg>
<doc>Calls the named method of the given object with the provided arguments.</doc>
<status status="NOT RUN" start="2026-02-19T10:23:39.214723" elapsed="0.000044"/>
</kw>
<kw name="Call Method" owner="BuiltIn">
<arg>${options}</arg>
<arg>add_argument</arg>
<arg>${disable_pw}</arg>
<doc>Calls the named method of the given object with the provided arguments.</doc>
<status status="NOT RUN" start="2026-02-19T10:23:39.214922" elapsed="0.000060"/>
</kw>
<kw name="Call Method" owner="BuiltIn">
<arg>${options}</arg>
<arg>add_argument</arg>
<arg>${disable_notify}</arg>
<doc>Calls the named method of the given object with the provided arguments.</doc>
<status status="NOT RUN" start="2026-02-19T10:23:39.215135" elapsed="0.000041"/>
</kw>
<kw name="Call Method" owner="BuiltIn">
<arg>${options}</arg>
<arg>add_argument</arg>
<arg>${no_first}</arg>
<doc>Calls the named method of the given object with the provided arguments.</doc>
<status status="NOT RUN" start="2026-02-19T10:23:39.215320" elapsed="0.000042"/>
</kw>
<kw name="Call Method" owner="BuiltIn">
<arg>${options}</arg>
<arg>add_argument</arg>
<arg>${no_default}</arg>
<doc>Calls the named method of the given object with the provided arguments.</doc>
<status status="NOT RUN" start="2026-02-19T10:23:39.215744" elapsed="0.000058"/>
</kw>
<kw name="Call Method" owner="BuiltIn">
<arg>${options}</arg>
<arg>add_argument</arg>
<arg>${maximize}</arg>
<doc>Calls the named method of the given object with the provided arguments.</doc>
<status status="NOT RUN" start="2026-02-19T10:23:39.216015" elapsed="0.000158"/>
</kw>
<kw name="Call Method" owner="BuiltIn">
<arg>${options}</arg>
<arg>add_argument</arg>
<arg>${profile}</arg>
<doc>Calls the named method of the given object with the provided arguments.</doc>
<status status="NOT RUN" start="2026-02-19T10:23:39.216426" elapsed="0.000051"/>
</kw>
<kw name="Create Webdriver" owner="SeleniumLibrary">
<arg>Chrome</arg>
<arg>options=${options}</arg>
<doc>Creates an instance of Selenium WebDriver.</doc>
<status status="NOT RUN" start="2026-02-19T10:23:39.216727" elapsed="0.000047"/>
</kw>
<kw name="Go To" owner="SeleniumLibrary">
<arg>${URL}</arg>
<doc>Navigates the current browser window to the provided ``url``.</doc>
<status status="NOT RUN" start="2026-02-19T10:23:39.216888" elapsed="0.000030"/>
</kw>
<status status="NOT RUN" start="2026-02-19T10:23:39.211445" elapsed="0.005571"/>
</branch>
<branch type="ELSE IF" condition="'${BROWSER}' == 'Edge'">
<kw name="Open Browser" owner="SeleniumLibrary">
<arg>${URL}</arg>
<arg>Edge</arg>
<doc>Opens a new browser instance to the optional ``url``.</doc>
<status status="NOT RUN" start="2026-02-19T10:23:39.217356" elapsed="0.000033"/>
</kw>
<kw name="Maximize Browser Window" owner="SeleniumLibrary">
<doc>Maximizes current browser window.</doc>
<status status="NOT RUN" start="2026-02-19T10:23:39.217491" elapsed="0.000027"/>
</kw>
<status status="NOT RUN" start="2026-02-19T10:23:39.217095" elapsed="0.000461"/>
</branch>
<branch type="ELSE IF" condition="'${BROWSER}' == 'Firefox'">
<kw name="Evaluate" owner="BuiltIn">
<msg time="2026-02-19T10:23:39.218235" level="INFO">${ff_options} = &lt;selenium.webdriver.firefox.options.Options object at 0x000001FE6D1245F0&gt;</msg>
<var>${ff_options}</var>
<arg>sys.modules['selenium.webdriver'].FirefoxOptions()</arg>
<arg>sys, selenium.webdriver</arg>
<doc>Evaluates the given expression in Python and returns the result.</doc>
<status status="PASS" start="2026-02-19T10:23:39.217761" elapsed="0.000530"/>
</kw>
<kw name="Call Method" owner="BuiltIn">
<arg>${ff_options}</arg>
<arg>add_argument</arg>
<arg>-private</arg>
<doc>Calls the named method of the given object with the provided arguments.</doc>
<status status="PASS" start="2026-02-19T10:23:39.218465" elapsed="0.000393"/>
</kw>
<kw name="Create Webdriver" owner="SeleniumLibrary">
<msg time="2026-02-19T10:23:39.219283" level="INFO">Creating an instance of the Firefox WebDriver.</msg>
<arg>Firefox</arg>
<arg>options=${ff_options}</arg>
<doc>Creates an instance of Selenium WebDriver.</doc>
<status status="PASS" start="2026-02-19T10:23:39.219029" elapsed="7.808152"/>
</kw>
<kw name="Go To" owner="SeleniumLibrary">
<msg time="2026-02-19T10:23:47.027997" level="INFO">Opening url 'https://www.saucedemo.com/'</msg>
<arg>${URL}</arg>
<doc>Navigates the current browser window to the provided ``url``.</doc>
<status status="PASS" start="2026-02-19T10:23:47.027606" elapsed="1.279152"/>
</kw>
<status status="PASS" start="2026-02-19T10:23:39.217596" elapsed="9.089448"/>
</branch>
<status status="PASS" start="2026-02-19T10:23:39.211387" elapsed="9.095843"/>
</if>
<kw name="Wait Until Element Is Visible" owner="SeleniumLibrary">
<arg>id=user-name</arg>
<arg>timeout=10s</arg>
<doc>Waits until the element ``locator`` is visible.</doc>
<status status="PASS" start="2026-02-19T10:23:48.307680" elapsed="0.190698"/>
</kw>
<kw name="Sleep" owner="BuiltIn">
<msg time="2026-02-19T10:23:49.201718" level="INFO">Slept 700 milliseconds.</msg>
<arg>${DELAY}</arg>
<doc>Pauses the test executed for the given time.</doc>
<status status="PASS" start="2026-02-19T10:23:48.499092" elapsed="0.703046"/>
</kw>
<status status="PASS" start="2026-02-19T10:23:39.211060" elapsed="9.991498"/>
</kw>
<test id="s1-s6-t1" name="User Logout And Session Validation" line="7">
<kw name="Login To Application" owner="ecommerce_keywords">
<kw name="Input Text" owner="SeleniumLibrary">
<msg time="2026-02-19T10:23:49.207073" level="INFO">Typing text 'standard_user' into text field 'id=user-name'.</msg>
<arg>id=user-name</arg>
<arg>${USERNAME}</arg>
<doc>Types the given ``text`` into the text field identified by ``locator``.</doc>
<status status="PASS" start="2026-02-19T10:23:49.205930" elapsed="0.203994"/>
</kw>
<kw name="Sleep" owner="BuiltIn">
<msg time="2026-02-19T10:23:50.113105" level="INFO">Slept 700 milliseconds.</msg>
<arg>${DELAY}</arg>
<doc>Pauses the test executed for the given time.</doc>
<status status="PASS" start="2026-02-19T10:23:49.410475" elapsed="0.703367"/>
</kw>
<kw name="Input Text" owner="SeleniumLibrary">
<msg time="2026-02-19T10:23:50.118581" level="INFO">Typing text 'secret_sauce' into text field 'id=password'.</msg>
<arg>id=password</arg>
<arg>${PASSWORD}</arg>
<doc>Types the given ``text`` into the text field identified by ``locator``.</doc>
<status status="PASS" start="2026-02-19T10:23:50.114717" elapsed="0.177514"/>
</kw>
<kw name="Sleep" owner="BuiltIn">
<msg time="2026-02-19T10:23:50.995126" level="INFO">Slept 700 milliseconds.</msg>
<arg>${DELAY}</arg>
<doc>Pauses the test executed for the given time.</doc>
<status status="PASS" start="2026-02-19T10:23:50.292837" elapsed="0.702615"/>
</kw>
<kw name="Click Button" owner="SeleniumLibrary">
<msg time="2026-02-19T10:23:50.996418" level="INFO">Clicking button 'id=login-button'.</msg>
<arg>id=login-button</arg>
<doc>Clicks the button identified by ``locator``.</doc>
<status status="PASS" start="2026-02-19T10:23:50.995897" elapsed="0.132708"/>
</kw>
<kw name="Wait Until Page Contains Element" owner="SeleniumLibrary">
<arg>css=.inventory_list</arg>
<doc>Waits until the element ``locator`` appears on the current page.</doc>
<status status="PASS" start="2026-02-19T10:23:51.128882" elapsed="0.004775"/>
</kw>
<kw name="Sleep" owner="BuiltIn">
<msg time="2026-02-19T10:23:51.835385" level="INFO">Slept 700 milliseconds.</msg>
<arg>${DELAY}</arg>
<doc>Pauses the test executed for the given time.</doc>
<status status="PASS" start="2026-02-19T10:23:51.133930" elapsed="0.701793"/>
</kw>
<status status="PASS" start="2026-02-19T10:23:49.204825" elapsed="2.631305"/>
</kw>
<kw name="Logout From Application" owner="ecommerce_keywords">
<kw name="Click Element" owner="SeleniumLibrary">
<msg time="2026-02-19T10:23:51.837695" level="INFO">Clicking element 'id=react-burger-menu-btn'.</msg>
<arg>id=react-burger-menu-btn</arg>
<doc>Click the element identified by ``locator``.</doc>
<status status="PASS" start="2026-02-19T10:23:51.837458" elapsed="0.083057"/>
</kw>
<kw name="Sleep" owner="BuiltIn">
<msg time="2026-02-19T10:23:52.622237" level="INFO">Slept 700 milliseconds.</msg>
<arg>${DELAY}</arg>
<doc>Pauses the test executed for the given time.</doc>
<status status="PASS" start="2026-02-19T10:23:51.920954" elapsed="0.701623"/>
</kw>
<kw name="Click Element" owner="SeleniumLibrary">
<msg time="2026-02-19T10:23:52.623651" level="INFO">Clicking element 'id=logout_sidebar_link'.</msg>
<arg>id=logout_sidebar_link</arg>
<doc>Click the element identified by ``locator``.</doc>
<status status="PASS" start="2026-02-19T10:23:52.623109" elapsed="0.073930"/>
</kw>
<kw name="Wait Until Element Is Visible" owner="SeleniumLibrary">
<arg>id=login-button</arg>
<doc>Waits until the element ``locator`` is visible.</doc>
<status status="PASS" start="2026-02-19T10:23:52.697289" elapsed="0.017821"/>
</kw>
<kw name="Sleep" owner="BuiltIn">
<msg time="2026-02-19T10:23:53.416315" level="INFO">Slept 700 milliseconds.</msg>
<arg>${DELAY}</arg>
<doc>Pauses the test executed for the given time.</doc>
<status status="PASS" start="2026-02-19T10:23:52.715361" elapsed="0.701124"/>
</kw>
<status status="PASS" start="2026-02-19T10:23:51.837073" elapsed="1.579541"/>
</kw>
<kw name="Wait Until Element Is Visible" owner="SeleniumLibrary">
<arg>id=login-button</arg>
<arg>timeout=10s</arg>
<doc>Waits until the element ``locator`` is visible.</doc>
<status status="PASS" start="2026-02-19T10:23:53.417033" elapsed="0.017988"/>
</kw>
<kw name="Location Should Contain" owner="SeleniumLibrary">
<msg time="2026-02-19T10:23:53.437764" level="INFO">Current location contains 'saucedemo.com'.</msg>
<arg>saucedemo.com</arg>
<doc>Verifies that the current URL contains ``expected``.</doc>
<status status="PASS" start="2026-02-19T10:23:53.435485" elapsed="0.002382"/>
</kw>
<status status="PASS" start="2026-02-19T10:23:49.202870" elapsed="4.235328"/>
</test>
<kw name="Close Website" owner="ecommerce_keywords" type="TEARDOWN">
<kw name="Sleep" owner="BuiltIn">
<msg time="2026-02-19T10:23:54.140050" level="INFO">Slept 700 milliseconds.</msg>
<arg>${DELAY}</arg>
<doc>Pauses the test executed for the given time.</doc>
<status status="PASS" start="2026-02-19T10:23:53.439417" elapsed="0.700762"/>
</kw>
<kw name="Close Browser" owner="SeleniumLibrary">
<doc>Closes the current browser.</doc>
<status status="PASS" start="2026-02-19T10:23:54.140359" elapsed="3.230371"/>
</kw>
<status status="PASS" start="2026-02-19T10:23:53.439243" elapsed="3.931748"/>
</kw>
<status status="PASS" start="2026-02-19T10:23:39.207013" elapsed="18.164081"/>
</suite>
<suite id="s1-s7" name="06 Checkout" source="C:\Users\user\Desktop\CAPSTONE PROJECT\Ecommerce\robot-framework\tests\06_checkout.robot">
<kw name="Open Website" owner="ecommerce_keywords" type="SETUP">
<if>
<branch type="IF" condition="'${BROWSER}' == 'Chrome'">
<kw name="Evaluate" owner="BuiltIn">
<var>${options}</var>
<arg>sys.modules['selenium.webdriver'].ChromeOptions()</arg>
<arg>sys, selenium.webdriver</arg>
<doc>Evaluates the given expression in Python and returns the result.</doc>
<status status="NOT RUN" start="2026-02-19T10:23:57.419003" elapsed="0.000036"/>
</kw>
<kw name="Evaluate" owner="BuiltIn">
<var>${temp_dir}</var>
<arg>__import__('tempfile').mkdtemp()</arg>
<doc>Evaluates the given expression in Python and returns the result.</doc>
<status status="NOT RUN" start="2026-02-19T10:23:57.419181" elapsed="0.000033"/>
</kw>
<kw name="Create Dictionary" owner="BuiltIn">
<var>${prefs}</var>
<arg>credentials_enable_service=False</arg>
<arg>profile.password_manager_enabled=False</arg>
<arg>profile.default_content_setting_values.notifications=2</arg>
<doc>Creates and returns a dictionary based on the given ``items``.</doc>
<status status="NOT RUN" start="2026-02-19T10:23:57.419332" elapsed="0.000031"/>
</kw>
<kw name="Call Method" owner="BuiltIn">
<arg>${options}</arg>
<arg>add_experimental_option</arg>
<arg>prefs</arg>
<arg>${prefs}</arg>
<doc>Calls the named method of the given object with the provided arguments.</doc>
<status status="NOT RUN" start="2026-02-19T10:23:57.419475" elapsed="0.000030"/>
</kw>
<kw name="Set Variable" owner="BuiltIn">
<var>${incognito}</var>
<arg>--incognito</arg>
<doc>Returns the given values which can then be assigned to a variables.</doc>
<status status="NOT RUN" start="2026-02-19T10:23:57.419619" elapsed="0.000030"/>
</kw>
<kw name="Set Variable" owner="BuiltIn">
<var>${disable_pw}</var>
<arg>--disable-features=PasswordLeakDetection</arg>
<doc>Returns the given values which can then be assigned to a variables.</doc>
<status status="NOT RUN" start="2026-02-19T10:23:57.419751" elapsed="0.000029"/>
</kw>
<kw name="Set Variable" owner="BuiltIn">
<var>${disable_notify}</var>
<arg>--disable-notifications</arg>
<doc>Returns the given values which can then be assigned to a variables.</doc>
<status status="NOT RUN" start="2026-02-19T10:23:57.419886" elapsed="0.000029"/>
</kw>
<kw name="Set Variable" owner="BuiltIn">
<var>${no_first}</var>
<arg>--no-first-run</arg>
<doc>Returns the given values which can then be assigned to a variables.</doc>
<status status="NOT RUN" start="2026-02-19T10:23:57.420023" elapsed="0.000031"/>
</kw>
<kw name="Set Variable" owner="BuiltIn">
<var>${no_default}</var>
<arg>--no-default-browser-check</arg>
<doc>Returns the given values which can then be assigned to a variables.</doc>
<status status="NOT RUN" start="2026-02-19T10:23:57.420165" elapsed="0.000029"/>
</kw>
<kw name="Set Variable" owner="BuiltIn">
<var>${maximize}</var>
<arg>--start-maximized</arg>
<doc>Returns the given values which can then be assigned to a variables.</doc>
<status status="NOT RUN" start="2026-02-19T10:23:57.420300" elapsed="0.000032"/>
</kw>
<kw name="Set Variable" owner="BuiltIn">
<var>${profile}</var>
<arg>--user-data-dir=${temp_dir}</arg>
<doc>Returns the given values which can then be assigned to a variables.</doc>
<status status="NOT RUN" start="2026-02-19T10:23:57.420439" elapsed="0.000031"/>
</kw>
<kw name="Call Method" owner="BuiltIn">
<arg>${options}</arg>
<arg>add_argument</arg>
<arg>${incognito}</arg>
<doc>Calls the named method of the given object with the provided arguments.</doc>
<status status="NOT RUN" start="2026-02-19T10:23:57.420576" elapsed="0.000031"/>
</kw>
<kw name="Call Method" owner="BuiltIn">
<arg>${options}</arg>
<arg>add_argument</arg>
<arg>${disable_pw}</arg>
<doc>Calls the named method of the given object with the provided arguments.</doc>
<status status="NOT RUN" start="2026-02-19T10:23:57.420720" elapsed="0.000031"/>
</kw>
<kw name="Call Method" owner="BuiltIn">
<arg>${options}</arg>
<arg>add_argument</arg>
<arg>${disable_notify}</arg>
<doc>Calls the named method of the given object with the provided arguments.</doc>
<status status="NOT RUN" start="2026-02-19T10:23:57.420873" elapsed="0.000031"/>
</kw>
<kw name="Call Method" owner="BuiltIn">
<arg>${options}</arg>
<arg>add_argument</arg>
<arg>${no_first}</arg>
<doc>Calls the named method of the given object with the provided arguments.</doc>
<status status="NOT RUN" start="2026-02-19T10:23:57.421015" elapsed="0.000031"/>
</kw>
<kw name="Call Method" owner="BuiltIn">
<arg>${options}</arg>
<arg>add_argument</arg>
<arg>${no_default}</arg>
<doc>Calls the named method of the given object with the provided arguments.</doc>
<status status="NOT RUN" start="2026-02-19T10:23:57.421159" elapsed="0.000040"/>
</kw>
<kw name="Call Method" owner="BuiltIn">
<arg>${options}</arg>
<arg>add_argument</arg>
<arg>${maximize}</arg>
<doc>Calls the named method of the given object with the provided arguments.</doc>
<status status="NOT RUN" start="2026-02-19T10:23:57.421314" elapsed="0.000032"/>
</kw>
<kw name="Call Method" owner="BuiltIn">
<arg>${options}</arg>
<arg>add_argument</arg>
<arg>${profile}</arg>
<doc>Calls the named method of the given object with the provided arguments.</doc>
<status status="NOT RUN" start="2026-02-19T10:23:57.421462" elapsed="0.000035"/>
</kw>
<kw name="Create Webdriver" owner="SeleniumLibrary">
<arg>Chrome</arg>
<arg>options=${options}</arg>
<doc>Creates an instance of Selenium WebDriver.</doc>
<status status="NOT RUN" start="2026-02-19T10:23:57.421630" elapsed="0.000034"/>
</kw>
<kw name="Go To" owner="SeleniumLibrary">
<arg>${URL}</arg>
<doc>Navigates the current browser window to the provided ``url``.</doc>
<status status="NOT RUN" start="2026-02-19T10:23:57.421786" elapsed="0.000034"/>
</kw>
<status status="NOT RUN" start="2026-02-19T10:23:57.418470" elapsed="0.003405"/>
</branch>
<branch type="ELSE IF" condition="'${BROWSER}' == 'Edge'">
<kw name="Open Browser" owner="SeleniumLibrary">
<arg>${URL}</arg>
<arg>Edge</arg>
<doc>Opens a new browser instance to the optional ``url``.</doc>
<status status="NOT RUN" start="2026-02-19T10:23:57.422154" elapsed="0.000027"/>
</kw>
<kw name="Maximize Browser Window" owner="SeleniumLibrary">
<doc>Maximizes current browser window.</doc>
<status status="NOT RUN" start="2026-02-19T10:23:57.422275" elapsed="0.000024"/>
</kw>
<status status="NOT RUN" start="2026-02-19T10:23:57.421933" elapsed="0.000401"/>
</branch>
<branch type="ELSE IF" condition="'${BROWSER}' == 'Firefox'">
<kw name="Evaluate" owner="BuiltIn">
<msg time="2026-02-19T10:23:57.422923" level="INFO">${ff_options} = &lt;selenium.webdriver.firefox.options.Options object at 0x000001FE6CF57F00&gt;</msg>
<var>${ff_options}</var>
<arg>sys.modules['selenium.webdriver'].FirefoxOptions()</arg>
<arg>sys, selenium.webdriver</arg>
<doc>Evaluates the given expression in Python and returns the result.</doc>
<status status="PASS" start="2026-02-19T10:23:57.422524" elapsed="0.000432"/>
</kw>
<kw name="Call Method" owner="BuiltIn">
<arg>${ff_options}</arg>
<arg>add_argument</arg>
<arg>-private</arg>
<doc>Calls the named method of the given object with the provided arguments.</doc>
<status status="PASS" start="2026-02-19T10:23:57.423060" elapsed="0.000282"/>
</kw>
<kw name="Create Webdriver" owner="SeleniumLibrary">
<msg time="2026-02-19T10:23:57.423758" level="INFO">Creating an instance of the Firefox WebDriver.</msg>
<arg>Firefox</arg>
<arg>options=${ff_options}</arg>
<doc>Creates an instance of Selenium WebDriver.</doc>
<status status="PASS" start="2026-02-19T10:23:57.423455" elapsed="9.541294"/>
</kw>
<kw name="Go To" owner="SeleniumLibrary">
<msg time="2026-02-19T10:24:06.965923" level="INFO">Opening url 'https://www.saucedemo.com/'</msg>
<arg>${URL}</arg>
<doc>Navigates the current browser window to the provided ``url``.</doc>
<status status="PASS" start="2026-02-19T10:24:06.965357" elapsed="1.443770"/>
</kw>
<status status="PASS" start="2026-02-19T10:23:57.422371" elapsed="10.987029"/>
</branch>
<status status="PASS" start="2026-02-19T10:23:57.418424" elapsed="10.991150"/>
</if>
<kw name="Wait Until Element Is Visible" owner="SeleniumLibrary">
<arg>id=user-name</arg>
<arg>timeout=10s</arg>
<doc>Waits until the element ``locator`` is visible.</doc>
<status status="PASS" start="2026-02-19T10:24:08.410221" elapsed="0.125770"/>
</kw>
<kw name="Sleep" owner="BuiltIn">
<msg time="2026-02-19T10:24:09.239332" level="INFO">Slept 700 milliseconds.</msg>
<arg>${DELAY}</arg>
<doc>Pauses the test executed for the given time.</doc>
<status status="PASS" start="2026-02-19T10:24:08.536905" elapsed="0.704948"/>
</kw>
<status status="PASS" start="2026-02-19T10:23:57.418110" elapsed="11.824148"/>
</kw>
<test id="s1-s7-t1" name="Checkout With Multiple Users From CSV" line="11">
<kw name="Get File" owner="OperatingSystem">
<msg time="2026-02-19T10:24:09.248757" level="INFO" html="true">Getting file '&lt;a href="file://C:\Users\user\Desktop\CAPSTONE PROJECT\Ecommerce\robot-framework\data\checkout_data.csv"&gt;C:\Users\user\Desktop\CAPSTONE PROJECT\Ecommerce\robot-framework\data\checkout_data.csv&lt;/a&gt;'.</msg>
<msg time="2026-02-19T10:24:09.250342" level="INFO">${file} = first_name,last_name,postal_code
Praseed,S,45678
Sai,Prakash,98765
Prashant,Kumar,12345
Mahendra,Chowdam,45678
Bhagyashree,N,67891
Ravinesh,Tiwari,45678
</msg>
<var>${file}</var>
<arg>C:\\Users\\user\\Desktop\\CAPSTONE PROJECT\\Ecommerce\\robot-framework\\tests/../data/checkout_data.csv</arg>
<doc>Returns the contents of a specified file.</doc>
<status status="PASS" start="2026-02-19T10:24:09.247769" elapsed="0.002704"/>
</kw>
<kw name="Split To Lines" owner="String">
<msg time="2026-02-19T10:24:09.253280" level="INFO">7 lines returned.</msg>
<msg time="2026-02-19T10:24:09.253838" level="INFO">${lines} = ['first_name,last_name,postal_code', 'Praseed,S,45678', 'Sai,Prakash,98765', 'Prashant,Kumar,12345', 'Mahendra,Chowdam,45678', 'Bhagyashree,N,67891', 'Ravinesh,Tiwari,45678']</msg>
<var>${lines}</var>
<arg>${file}</arg>
<doc>Splits the given string to lines.</doc>
<status status="PASS" start="2026-02-19T10:24:09.251924" elapsed="0.002715"/>
</kw>
<kw name="Get Slice From List" owner="Collections">
<msg time="2026-02-19T10:24:09.274927" level="INFO">${data} = ['Praseed,S,45678', 'Sai,Prakash,98765', 'Prashant,Kumar,12345', 'Mahendra,Chowdam,45678', 'Bhagyashree,N,67891', 'Ravinesh,Tiwari,45678']</msg>
<var>${data}</var>
<arg>${lines}</arg>
<arg>1</arg>
<doc>Returns a slice of the given list between ``start`` and ``end`` indexes.</doc>
<status status="PASS" start="2026-02-19T10:24:09.264209" elapsed="0.010909"/>
</kw>
<for flavor="IN">
<iter>
<kw name="Split String" owner="String">
<msg time="2026-02-19T10:24:09.284181" level="INFO">${columns} = ['Praseed', 'S', '45678']</msg>
<var>${columns}</var>
<arg>${row}</arg>
<arg>,</arg>
<doc>Splits the ``string`` using ``separator`` as a delimiter string.</doc>
<status status="PASS" start="2026-02-19T10:24:09.280746" elapsed="0.003607"/>
</kw>
<kw name="Get From List" owner="Collections">
<msg time="2026-02-19T10:24:09.287994" level="INFO">${first_name} = Praseed</msg>
<var>${first_name}</var>
<arg>${columns}</arg>
<arg>0</arg>
<doc>Returns the value specified with an ``index`` from ``list``.</doc>
<status status="PASS" start="2026-02-19T10:24:09.285518" elapsed="0.002608"/>
</kw>
<kw name="Get From List" owner="Collections">
<msg time="2026-02-19T10:24:09.303227" level="INFO">${last_name} = S</msg>
<var>${last_name}</var>
<arg>${columns}</arg>
<arg>1</arg>
<doc>Returns the value specified with an ``index`` from ``list``.</doc>
<status status="PASS" start="2026-02-19T10:24:09.289190" elapsed="0.014192"/>
</kw>
<kw name="Get From List" owner="Collections">
<msg time="2026-02-19T10:24:09.308313" level="INFO">${postal_code} = 45678</msg>
<var>${postal_code}</var>
<arg>${columns}</arg>
<arg>2</arg>
<doc>Returns the value specified with an ``index`` from ``list``.</doc>
<status status="PASS" start="2026-02-19T10:24:09.305298" elapsed="0.003170"/>
</kw>
<kw name="Checkout With User Data" owner="ecommerce_keywords">
<kw name="Login To Application" owner="ecommerce_keywords">
<kw name="Input Text" owner="SeleniumLibrary">
<msg time="2026-02-19T10:24:09.312684" level="INFO">Typing text 'standard_user' into text field 'id=user-name'.</msg>
<arg>id=user-name</arg>
<arg>${USERNAME}</arg>
<doc>Types the given ``text`` into the text field identified by ``locator``.</doc>
<status status="PASS" start="2026-02-19T10:24:09.311967" elapsed="0.190974"/>
</kw>
<kw name="Sleep" owner="BuiltIn">
<msg time="2026-02-19T10:24:10.205782" level="INFO">Slept 700 milliseconds.</msg>
<arg>${DELAY}</arg>
<doc>Pauses the test executed for the given time.</doc>
<status status="PASS" start="2026-02-19T10:24:09.503468" elapsed="0.702711"/>
</kw>
<kw name="Input Text" owner="SeleniumLibrary">
<msg time="2026-02-19T10:24:10.207669" level="INFO">Typing text 'secret_sauce' into text field 'id=password'.</msg>
<arg>id=password</arg>
<arg>${PASSWORD}</arg>
<doc>Types the given ``text`` into the text field identified by ``locator``.</doc>
<status status="PASS" start="2026-02-19T10:24:10.207066" elapsed="0.072637"/>
</kw>
<kw name="Sleep" owner="BuiltIn">
<msg time="2026-02-19T10:24:10.981380" level="INFO">Slept 700 milliseconds.</msg>
<arg>${DELAY}</arg>
<doc>Pauses the test executed for the given time.</doc>
<status status="PASS" start="2026-02-19T10:24:10.280080" elapsed="0.701524"/>
</kw>
<kw name="Click Button" owner="SeleniumLibrary">
<msg time="2026-02-19T10:24:10.982086" level="INFO">Clicking button 'id=login-button'.</msg>
<arg>id=login-button</arg>
<doc>Clicks the button identified by ``locator``.</doc>
<status status="PASS" start="2026-02-19T10:24:10.981837" elapsed="0.127701"/>
</kw>
<kw name="Wait Until Page Contains Element" owner="SeleniumLibrary">
<arg>css=.inventory_list</arg>
<doc>Waits until the element ``locator`` appears on the current page.</doc>
<status status="PASS" start="2026-02-19T10:24:11.109876" elapsed="0.004731"/>
</kw>
<kw name="Sleep" owner="BuiltIn">
<msg time="2026-02-19T10:24:11.816427" level="INFO">Slept 700 milliseconds.</msg>
<arg>${DELAY}</arg>
<doc>Pauses the test executed for the given time.</doc>
<status status="PASS" start="2026-02-19T10:24:11.114955" elapsed="0.701607"/>
</kw>
<status status="PASS" start="2026-02-19T10:24:09.311126" elapsed="2.505542"/>
</kw>
<kw name="Sort Products Low To High" owner="ecommerce_keywords">
<kw name="Select From List By Value" owner="SeleniumLibrary">
<msg time="2026-02-19T10:24:11.817322" level="INFO">Selecting options from selection list 'css=.product_sort_container' by value lohi.</msg>
<arg>css=.product_sort_container</arg>
<arg>lohi</arg>
<doc>Selects options from selection list ``locator`` by ``values``.</doc>
<status status="PASS" start="2026-02-19T10:24:11.817131" elapsed="0.089412"/>
</kw>
<kw name="Sleep" owner="BuiltIn">
<msg time="2026-02-19T10:24:12.607571" level="INFO">Slept 700 milliseconds.</msg>
<arg>${DELAY}</arg>
<doc>Pauses the test executed for the given time.</doc>
<status status="PASS" start="2026-02-19T10:24:11.906765" elapsed="0.701042"/>
</kw>
<status status="PASS" start="2026-02-19T10:24:11.816899" elapsed="0.791029"/>
</kw>
<kw name="Add Four Products To Cart" owner="ecommerce_keywords">
<kw name="Get WebElements" owner="SeleniumLibrary">
<msg time="2026-02-19T10:24:12.613109" level="INFO">${buttons} = [&lt;selenium.webdriver.remote.webelement.WebElement (session="652f4f69-73d8-4be7-b42b-d4ecf665b3c2", element="35ae0328-a43a-45f7-b7d5-14328a8dedc1")&gt;, &lt;selenium.webdriver.remote.webelement.WebElement (s...</msg>
<var>${buttons}</var>
<arg>xpath=//button[contains(text(),'Add to cart')]</arg>
<doc>Returns a list of WebElement objects matching the ``locator``.</doc>
<status status="PASS" start="2026-02-19T10:24:12.608517" elapsed="0.004646"/>
</kw>
<for flavor="IN RANGE">
<iter>
<kw name="Click Element" owner="SeleniumLibrary">
<msg time="2026-02-19T10:24:12.614264" level="INFO">Clicking element '&lt;selenium.webdriver.remote.webelement.WebElement (session="652f4f69-73d8-4be7-b42b-d4ecf665b3c2", element="35ae0328-a43a-45f7-b7d5-14328a8dedc1")&gt;'.</msg>
<arg>${buttons}[${index}]</arg>
<doc>Click the element identified by ``locator``.</doc>
<status status="PASS" start="2026-02-19T10:24:12.613846" elapsed="0.060851"/>
</kw>
<kw name="Sleep" owner="BuiltIn">
<msg time="2026-02-19T10:24:13.375865" level="INFO">Slept 700 milliseconds.</msg>
<arg>${DELAY}</arg>
<doc>Pauses the test executed for the given time.</doc>
<status status="PASS" start="2026-02-19T10:24:12.674971" elapsed="0.701222"/>
</kw>
<var name="${index}">0</var>
<status status="PASS" start="2026-02-19T10:24:12.613605" elapsed="0.762749"/>
</iter>
<iter>
<kw name="Click Element" owner="SeleniumLibrary">
<msg time="2026-02-19T10:24:13.376974" level="INFO">Clicking element '&lt;selenium.webdriver.remote.webelement.WebElement (session="652f4f69-73d8-4be7-b42b-d4ecf665b3c2", element="a72f9ea3-00ab-499a-b67c-fbd76959c49f")&gt;'.</msg>
<arg>${buttons}[${index}]</arg>
<doc>Click the element identified by ``locator``.</doc>
<status status="PASS" start="2026-02-19T10:24:13.376693" elapsed="0.065153"/>
</kw>
<kw name="Sleep" owner="BuiltIn">
<msg time="2026-02-19T10:24:14.142975" level="INFO">Slept 700 milliseconds.</msg>
<arg>${DELAY}</arg>
<doc>Pauses the test executed for the given time.</doc>
<status status="PASS" start="2026-02-19T10:24:13.441973" elapsed="0.701181"/>
</kw>
<var name="${index}">1</var>
<status status="PASS" start="2026-02-19T10:24:13.376552" elapsed="0.766720"/>
</iter>
<iter>
<kw name="Click Element" owner="SeleniumLibrary">
<msg time="2026-02-19T10:24:14.144429" level="INFO">Clicking element '&lt;selenium.webdriver.remote.webelement.WebElement (session="652f4f69-73d8-4be7-b42b-d4ecf665b3c2", element="8e3cd9ea-8af2-492a-809c-5fc55457a9d5")&gt;'.</msg>
<arg>${buttons}[${index}]</arg>
<doc>Click the element identified by ``locator``.</doc>
<status status="PASS" start="2026-02-19T10:24:14.143738" elapsed="0.063565"/>
</kw>
<kw name="Sleep" owner="BuiltIn">
<msg time="2026-02-19T10:24:14.908141" level="INFO">Slept 700 milliseconds.</msg>
<arg>${DELAY}</arg>
<doc>Pauses the test executed for the given time.</doc>
<status status="PASS" start="2026-02-19T10:24:14.207452" elapsed="0.700892"/>
</kw>
<var name="${index}">2</var>
<status status="PASS" start="2026-02-19T10:24:14.143528" elapsed="0.764943"/>
</iter>
<iter>
<kw name="Click Element" owner="SeleniumLibrary">
<msg time="2026-02-19T10:24:14.909356" level="INFO">Clicking element '&lt;selenium.webdriver.remote.webelement.WebElement (session="652f4f69-73d8-4be7-b42b-d4ecf665b3c2", element="4cb5e97b-84ce-47fa-b3ab-6cbcd68cb902")&gt;'.</msg>
<arg>${buttons}[${index}]</arg>
<doc>Click the element identified by ``locator``.</doc>
<status status="PASS" start="2026-02-19T10:24:14.908959" elapsed="0.065655"/>
</kw>
<kw name="Sleep" owner="BuiltIn">
<msg time="2026-02-19T10:24:15.676182" level="INFO">Slept 700 milliseconds.</msg>
<arg>${DELAY}</arg>
<doc>Pauses the test executed for the given time.</doc>
<status status="PASS" start="2026-02-19T10:24:14.974815" elapsed="0.701635"/>
</kw>
<var name="${index}">3</var>
<status status="PASS" start="2026-02-19T10:24:14.908739" elapsed="0.767915"/>
</iter>
<var>${index}</var>
<value>0</value>
<value>4</value>
<status status="PASS" start="2026-02-19T10:24:12.613280" elapsed="3.063634"/>
</for>
<status status="PASS" start="2026-02-19T10:24:12.608196" elapsed="3.068930"/>
</kw>
<kw name="Verify Cart Has Four Items" owner="ecommerce_keywords">
<kw name="Get Text" owner="SeleniumLibrary">
<msg time="2026-02-19T10:24:15.690440" level="INFO">${count} = 4</msg>
<var>${count}</var>
<arg>css=.shopping_cart_badge</arg>
<doc>Returns the text value of the element identified by ``locator``.</doc>
<status status="PASS" start="2026-02-19T10:24:15.678100" elapsed="0.012391"/>
</kw>
<kw name="Should Be Equal" owner="BuiltIn">
<arg>${count}</arg>
<arg>4</arg>
<doc>Fails if the given objects are unequal.</doc>
<status status="PASS" start="2026-02-19T10:24:15.690666" elapsed="0.000391"/>
</kw>
<kw name="Sleep" owner="BuiltIn">
<msg time="2026-02-19T10:24:16.391928" level="INFO">Slept 700 milliseconds.</msg>
<arg>${DELAY}</arg>
<doc>Pauses the test executed for the given time.</doc>
<status status="PASS" start="2026-02-19T10:24:15.691186" elapsed="0.701025"/>
</kw>
<status status="PASS" start="2026-02-19T10:24:15.677730" elapsed="0.714883"/>
</kw>
<kw name="Go To Cart" owner="ecommerce_keywords">
<kw name="Click Element" owner="SeleniumLibrary">
<msg time="2026-02-19T10:24:16.393901" level="INFO">Clicking element 'css=.shopping_cart_link'.</msg>
<arg>css=.shopping_cart_link</arg>
<doc>Click the element identified by ``locator``.</doc>
<status status="PASS" start="2026-02-19T10:24:16.393586" elapsed="0.091112"/>
</kw>
<kw name="Wait Until Page Contains" owner="SeleniumLibrary">
<arg>Your Cart</arg>
<doc>Waits until ``text`` appears on the current page.</doc>
<status status="PASS" start="2026-02-19T10:24:16.485359" elapsed="0.005561"/>
</kw>
<kw name="Sleep" owner="BuiltIn">
<msg time="2026-02-19T10:24:17.192276" level="INFO">Slept 700 milliseconds.</msg>
<arg>${DELAY}</arg>
<doc>Pauses the test executed for the given time.</doc>
<status status="PASS" start="2026-02-19T10:24:16.491214" elapsed="0.701256"/>
</kw>
<status status="PASS" start="2026-02-19T10:24:16.393089" elapsed="0.799561"/>
</kw>
<kw name="Sleep" owner="BuiltIn">
<msg time="2026-02-19T10:24:17.894180" level="INFO">Slept 700 milliseconds.</msg>
<arg>${DELAY}</arg>
<doc>Pauses the test executed for the given time.</doc>
<status status="PASS" start="2026-02-19T10:24:17.192890" elapsed="0.701514"/>
</kw>
<kw name="Click Button" owner="SeleniumLibrary">
<msg time="2026-02-19T10:24:17.895073" level="INFO">Clicking button 'id=checkout'.</msg>
<arg>id=checkout</arg>
<doc>Clicks the button identified by ``locator``.</doc>
<status status="PASS" start="2026-02-19T10:24:17.894735" elapsed="0.080510"/>
</kw>
<kw name="Sleep" owner="BuiltIn">
<msg time="2026-02-19T10:24:18.676618" level="INFO">Slept 700 milliseconds.</msg>
<arg>${DELAY}</arg>
<doc>Pauses the test executed for the given time.</doc>
<status status="PASS" start="2026-02-19T10:24:17.975451" elapsed="0.701341"/>
</kw>
<kw name="Input Text" owner="SeleniumLibrary">
<msg time="2026-02-19T10:24:18.677375" level="INFO">Typing text 'Praseed' into text field 'id=first-name'.</msg>
<arg>id=first-name</arg>
<arg>${first_name}</arg>
<doc>Types the given ``text`` into the text field identified by ``locator``.</doc>
<status status="PASS" start="2026-02-19T10:24:18.677122" elapsed="0.035049"/>
</kw>
<kw name="Sleep" owner="BuiltIn">
<msg time="2026-02-19T10:24:19.413683" level="INFO">Slept 700 milliseconds.</msg>
<arg>${DELAY}</arg>
<doc>Pauses the test executed for the given time.</doc>
<status status="PASS" start="2026-02-19T10:24:18.712536" elapsed="0.701291"/>
</kw>
<kw name="Input Text" owner="SeleniumLibrary">
<msg time="2026-02-19T10:24:19.414340" level="INFO">Typing text 'S' into text field 'id=last-name'.</msg>
<arg>id=last-name</arg>
<arg>${last_name}</arg>
<doc>Types the given ``text`` into the text field identified by ``locator``.</doc>
<status status="PASS" start="2026-02-19T10:24:19.414034" elapsed="0.016032"/>
</kw>
<kw name="Sleep" owner="BuiltIn">
<msg time="2026-02-19T10:24:20.131352" level="INFO">Slept 700 milliseconds.</msg>
<arg>${DELAY}</arg>
<doc>Pauses the test executed for the given time.</doc>
<status status="PASS" start="2026-02-19T10:24:19.430409" elapsed="0.701238"/>
</kw>
<kw name="Input Text" owner="SeleniumLibrary">
<msg time="2026-02-19T10:24:20.132255" level="INFO">Typing text '45678' into text field 'id=postal-code'.</msg>
<arg>id=postal-code</arg>
<arg>${postal_code}</arg>
<doc>Types the given ``text`` into the text field identified by ``locator``.</doc>
<status status="PASS" start="2026-02-19T10:24:20.131901" elapsed="0.023198"/>
</kw>
<kw name="Sleep" owner="BuiltIn">
<msg time="2026-02-19T10:24:20.856309" level="INFO">Slept 700 milliseconds.</msg>
<arg>${DELAY}</arg>
<doc>Pauses the test executed for the given time.</doc>
<status status="PASS" start="2026-02-19T10:24:20.155371" elapsed="0.701076"/>
</kw>
<kw name="Click Button" owner="SeleniumLibrary">
<msg time="2026-02-19T10:24:20.856973" level="INFO">Clicking button 'id=continue'.</msg>
<arg>id=continue</arg>
<doc>Clicks the button identified by ``locator``.</doc>
<status status="PASS" start="2026-02-19T10:24:20.856696" elapsed="0.091294"/>
</kw>
<kw name="Sleep" owner="BuiltIn">
<msg time="2026-02-19T10:24:21.649269" level="INFO">Slept 700 milliseconds.</msg>
<arg>${DELAY}</arg>
<doc>Pauses the test executed for the given time.</doc>
<status status="PASS" start="2026-02-19T10:24:20.948186" elapsed="0.701223"/>
</kw>
<kw name="Click Button" owner="SeleniumLibrary">
<msg time="2026-02-19T10:24:21.649831" level="INFO">Clicking button 'id=finish'.</msg>
<arg>id=finish</arg>
<doc>Clicks the button identified by ``locator``.</doc>
<status status="PASS" start="2026-02-19T10:24:21.649609" elapsed="0.095324"/>
</kw>
<kw name="Sleep" owner="BuiltIn">
<msg time="2026-02-19T10:24:22.446470" level="INFO">Slept 700 milliseconds.</msg>
<arg>${DELAY}</arg>
<doc>Pauses the test executed for the given time.</doc>
<status status="PASS" start="2026-02-19T10:24:21.745115" elapsed="0.701672"/>
</kw>
<kw name="Page Should Contain" owner="SeleniumLibrary">
<msg time="2026-02-19T10:24:22.452428" level="INFO">Current page contains text 'Thank you for your order!'.</msg>
<arg>Thank you for your order!</arg>
<doc>Verifies that current page contains ``text``.</doc>
<status status="PASS" start="2026-02-19T10:24:22.446979" elapsed="0.005553"/>
</kw>
<kw name="Click Button" owner="SeleniumLibrary">
<msg time="2026-02-19T10:24:22.452895" level="INFO">Clicking button 'id=back-to-products'.</msg>
<arg>id=back-to-products</arg>
<doc>Clicks the button identified by ``locator``.</doc>
<status status="PASS" start="2026-02-19T10:24:22.452707" elapsed="0.089548"/>
</kw>
<kw name="Logout From Application" owner="ecommerce_keywords">
<kw name="Click Element" owner="SeleniumLibrary">
<msg time="2026-02-19T10:24:22.543865" level="INFO">Clicking element 'id=react-burger-menu-btn'.</msg>
<arg>id=react-burger-menu-btn</arg>
<doc>Click the element identified by ``locator``.</doc>
<status status="PASS" start="2026-02-19T10:24:22.543471" elapsed="0.078888"/>
</kw>
<kw name="Sleep" owner="BuiltIn">
<msg time="2026-02-19T10:24:23.323335" level="INFO">Slept 700 milliseconds.</msg>
<arg>${DELAY}</arg>
<doc>Pauses the test executed for the given time.</doc>
<status status="PASS" start="2026-02-19T10:24:22.622564" elapsed="0.700901"/>
</kw>
<kw name="Click Element" owner="SeleniumLibrary">
<msg time="2026-02-19T10:24:23.323876" level="INFO">Clicking element 'id=logout_sidebar_link'.</msg>
<arg>id=logout_sidebar_link</arg>
<doc>Click the element identified by ``locator``.</doc>
<status status="PASS" start="2026-02-19T10:24:23.323665" elapsed="0.078695"/>
</kw>
<kw name="Wait Until Element Is Visible" owner="SeleniumLibrary">
<arg>id=login-button</arg>
<doc>Waits until the element ``locator`` is visible.</doc>
<status status="PASS" start="2026-02-19T10:24:23.402630" elapsed="0.020172"/>
</kw>
<kw name="Sleep" owner="BuiltIn">
<msg time="2026-02-19T10:24:24.123971" level="INFO">Slept 700 milliseconds.</msg>
<arg>${DELAY}</arg>
<doc>Pauses the test executed for the given time.</doc>
<status status="PASS" start="2026-02-19T10:24:23.423041" elapsed="0.701267"/>
</kw>
<status status="PASS" start="2026-02-19T10:24:22.542841" elapsed="1.581778"/>
</kw>
<arg>${first_name}</arg>
<arg>${last_name}</arg>
<arg>${postal_code}</arg>
<status status="PASS" start="2026-02-19T10:24:09.309613" elapsed="14.815244"/>
</kw>
<var name="${row}">Praseed,S,45678</var>
<status status="PASS" start="2026-02-19T10:24:09.280227" elapsed="14.844813"/>
</iter>
<iter>
<kw name="Split String" owner="String">
<msg time="2026-02-19T10:24:24.126608" level="INFO">${columns} = ['Sai', 'Prakash', '98765']</msg>
<var>${columns}</var>
<arg>${row}</arg>
<arg>,</arg>
<doc>Splits the ``string`` using ``separator`` as a delimiter string.</doc>
<status status="PASS" start="2026-02-19T10:24:24.125903" elapsed="0.000753"/>
</kw>
<kw name="Get From List" owner="Collections">
<msg time="2026-02-19T10:24:24.127061" level="INFO">${first_name} = Sai</msg>
<var>${first_name}</var>
<arg>${columns}</arg>
<arg>0</arg>
<doc>Returns the value specified with an ``index`` from ``list``.</doc>
<status status="PASS" start="2026-02-19T10:24:24.126821" elapsed="0.000274"/>
</kw>
<kw name="Get From List" owner="Collections">
<msg time="2026-02-19T10:24:24.127422" level="INFO">${last_name} = Prakash</msg>
<var>${last_name}</var>
<arg>${columns}</arg>
<arg>1</arg>
<doc>Returns the value specified with an ``index`` from ``list``.</doc>
<status status="PASS" start="2026-02-19T10:24:24.127233" elapsed="0.000220"/>
</kw>
<kw name="Get From List" owner="Collections">
<msg time="2026-02-19T10:24:24.127767" level="INFO">${postal_code} = 98765</msg>
<var>${postal_code}</var>
<arg>${columns}</arg>
<arg>2</arg>
<doc>Returns the value specified with an ``index`` from ``list``.</doc>
<status status="PASS" start="2026-02-19T10:24:24.127580" elapsed="0.000219"/>
</kw>
<kw name="Checkout With User Data" owner="ecommerce_keywords">
<kw name="Login To Application" owner="ecommerce_keywords">
<kw name="Input Text" owner="SeleniumLibrary">
<msg time="2026-02-19T10:24:24.130684" level="INFO">Typing text 'standard_user' into text field 'id=user-name'.</msg>
<arg>id=user-name</arg>
<arg>${USERNAME}</arg>
<doc>Types the given ``text`` into the text field identified by ``locator``.</doc>
<status status="PASS" start="2026-02-19T10:24:24.130318" elapsed="0.028847"/>
</kw>
<kw name="Sleep" owner="BuiltIn">
<msg time="2026-02-19T10:24:24.860169" level="INFO">Slept 700 milliseconds.</msg>
<arg>${DELAY}</arg>
<doc>Pauses the test executed for the given time.</doc>
<status status="PASS" start="2026-02-19T10:24:24.159388" elapsed="0.701116"/>
</kw>
<kw name="Input Text" owner="SeleniumLibrary">
<msg time="2026-02-19T10:24:24.861719" level="INFO">Typing text 'secret_sauce' into text field 'id=password'.</msg>
<arg>id=password</arg>
<arg>${PASSWORD}</arg>
<doc>Types the given ``text`` into the text field identified by ``locator``.</doc>
<status status="PASS" start="2026-02-19T10:24:24.861006" elapsed="0.022327"/>
</kw>
<kw name="Sleep" owner="BuiltIn">
<msg time="2026-02-19T10:24:25.584256" level="INFO">Slept 700 milliseconds.</msg>
<arg>${DELAY}</arg>
<doc>Pauses the test executed for the given time.</doc>
<status status="PASS" start="2026-02-19T10:24:24.883530" elapsed="0.700971"/>
</kw>
<kw name="Click Button" owner="SeleniumLibrary">
<msg time="2026-02-19T10:24:25.585578" level="INFO">Clicking button 'id=login-button'.</msg>
<arg>id=login-button</arg>
<doc>Clicks the button identified by ``locator``.</doc>
<status status="PASS" start="2026-02-19T10:24:25.584983" elapsed="0.080311"/>
</kw>
<kw name="Wait Until Page Contains Element" owner="SeleniumLibrary">
<arg>css=.inventory_list</arg>
<doc>Waits until the element ``locator`` appears on the current page.</doc>
<status status="PASS" start="2026-02-19T10:24:25.665453" elapsed="0.004948"/>
</kw>
<kw name="Sleep" owner="BuiltIn">
<msg time="2026-02-19T10:24:26.371975" level="INFO">Slept 700 milliseconds.</msg>
<arg>${DELAY}</arg>
<doc>Pauses the test executed for the given time.</doc>
<status status="PASS" start="2026-02-19T10:24:25.670598" elapsed="0.701820"/>
</kw>
<status status="PASS" start="2026-02-19T10:24:24.129830" elapsed="2.242868"/>
</kw>
<kw name="Sort Products Low To High" owner="ecommerce_keywords">
<kw name="Select From List By Value" owner="SeleniumLibrary">
<msg time="2026-02-19T10:24:26.374374" level="INFO">Selecting options from selection list 'css=.product_sort_container' by value lohi.</msg>
<arg>css=.product_sort_container</arg>
<arg>lohi</arg>
<doc>Selects options from selection list ``locator`` by ``values``.</doc>
<status status="PASS" start="2026-02-19T10:24:26.373922" elapsed="0.090429"/>
</kw>
<kw name="Sleep" owner="BuiltIn">
<msg time="2026-02-19T10:24:27.165682" level="INFO">Slept 700 milliseconds.</msg>
<arg>${DELAY}</arg>
<doc>Pauses the test executed for the given time.</doc>
<status status="PASS" start="2026-02-19T10:24:26.464628" elapsed="0.701360"/>
</kw>
<status status="PASS" start="2026-02-19T10:24:26.373190" elapsed="0.793235"/>
</kw>
<kw name="Add Four Products To Cart" owner="ecommerce_keywords">
<kw name="Get WebElements" owner="SeleniumLibrary">
<msg time="2026-02-19T10:24:27.173530" level="INFO">${buttons} = [&lt;selenium.webdriver.remote.webelement.WebElement (session="652f4f69-73d8-4be7-b42b-d4ecf665b3c2", element="52de33a9-0fa4-496f-b588-d00d94539259")&gt;, &lt;selenium.webdriver.remote.webelement.WebElement (s...</msg>
<var>${buttons}</var>
<arg>xpath=//button[contains(text(),'Add to cart')]</arg>
<doc>Returns a list of WebElement objects matching the ``locator``.</doc>
<status status="PASS" start="2026-02-19T10:24:27.167167" elapsed="0.006458"/>
</kw>
<for flavor="IN RANGE">
<iter>
<kw name="Click Element" owner="SeleniumLibrary">
<msg time="2026-02-19T10:24:27.174907" level="INFO">Clicking element '&lt;selenium.webdriver.remote.webelement.WebElement (session="652f4f69-73d8-4be7-b42b-d4ecf665b3c2", element="52de33a9-0fa4-496f-b588-d00d94539259")&gt;'.</msg>
<arg>${buttons}[${index}]</arg>
<doc>Click the element identified by ``locator``.</doc>
<status status="PASS" start="2026-02-19T10:24:27.174440" elapsed="0.063927"/>
</kw>
<kw name="Sleep" owner="BuiltIn">
<msg time="2026-02-19T10:24:27.939669" level="INFO">Slept 700 milliseconds.</msg>
<arg>${DELAY}</arg>
<doc>Pauses the test executed for the given time.</doc>
<status status="PASS" start="2026-02-19T10:24:27.238589" elapsed="0.701377"/>
</kw>
<var name="${index}">0</var>
<status status="PASS" start="2026-02-19T10:24:27.174210" elapsed="0.765960"/>
</iter>
<iter>
<kw name="Click Element" owner="SeleniumLibrary">
<msg time="2026-02-19T10:24:27.941481" level="INFO">Clicking element '&lt;selenium.webdriver.remote.webelement.WebElement (session="652f4f69-73d8-4be7-b42b-d4ecf665b3c2", element="3ad056f7-a584-4001-bc1b-4bf0485241bd")&gt;'.</msg>
<arg>${buttons}[${index}]</arg>
<doc>Click the element identified by ``locator``.</doc>
<status status="PASS" start="2026-02-19T10:24:27.940896" elapsed="0.074476"/>
</kw>
<kw name="Sleep" owner="BuiltIn">
<msg time="2026-02-19T10:24:28.716625" level="INFO">Slept 700 milliseconds.</msg>
<arg>${DELAY}</arg>
<doc>Pauses the test executed for the given time.</doc>
<status status="PASS" start="2026-02-19T10:24:28.015680" elapsed="0.701111"/>
</kw>
<var name="${index}">1</var>
<status status="PASS" start="2026-02-19T10:24:27.940581" elapsed="0.776318"/>
</iter>
<iter>
<kw name="Click Element" owner="SeleniumLibrary">
<msg time="2026-02-19T10:24:28.717524" level="INFO">Clicking element '&lt;selenium.webdriver.remote.webelement.WebElement (session="652f4f69-73d8-4be7-b42b-d4ecf665b3c2", element="ca56549e-4349-45c4-9052-4f710ab04310")&gt;'.</msg>
<arg>${buttons}[${index}]</arg>
<doc>Click the element identified by ``locator``.</doc>
<status status="PASS" start="2026-02-19T10:24:28.717250" elapsed="0.066195"/>
</kw>
<kw name="Sleep" owner="BuiltIn">
<msg time="2026-02-19T10:24:29.484246" level="INFO">Slept 700 milliseconds.</msg>
<arg>${DELAY}</arg>
<doc>Pauses the test executed for the given time.</doc>
<status status="PASS" start="2026-02-19T10:24:28.783638" elapsed="0.700950"/>
</kw>
<var name="${index}">2</var>
<status status="PASS" start="2026-02-19T10:24:28.717107" elapsed="0.767748"/>
</iter>
<iter>
<kw name="Click Element" owner="SeleniumLibrary">
<msg time="2026-02-19T10:24:29.486458" level="INFO">Clicking element '&lt;selenium.webdriver.remote.webelement.WebElement (session="652f4f69-73d8-4be7-b42b-d4ecf665b3c2", element="2cb3a094-be89-4f43-b535-faa3854ebd8b")&gt;'.</msg>
<arg>${buttons}[${index}]</arg>
<doc>Click the element identified by ``locator``.</doc>
<status status="PASS" start="2026-02-19T10:24:29.485717" elapsed="0.064434"/>
</kw>
<kw name="Sleep" owner="BuiltIn">
<msg time="2026-02-19T10:24:30.251044" level="INFO">Slept 700 milliseconds.</msg>
<arg>${DELAY}</arg>
<doc>Pauses the test executed for the given time.</doc>
<status status="PASS" start="2026-02-19T10:24:29.550415" elapsed="0.700778"/>
</kw>
<var name="${index}">3</var>
<status status="PASS" start="2026-02-19T10:24:29.485333" elapsed="0.765963"/>
</iter>
<var>${index}</var>
<value>0</value>
<value>4</value>
<status status="PASS" start="2026-02-19T10:24:27.173808" elapsed="3.077582"/>
</for>
<status status="PASS" start="2026-02-19T10:24:27.166798" elapsed="3.084735"/>
</kw>
<kw name="Verify Cart Has Four Items" owner="ecommerce_keywords">
<kw name="Get Text" owner="SeleniumLibrary">
<msg time="2026-02-19T10:24:30.267276" level="INFO">${count} = 4</msg>
<var>${count}</var>
<arg>css=.shopping_cart_badge</arg>
<doc>Returns the text value of the element identified by ``locator``.</doc>
<status status="PASS" start="2026-02-19T10:24:30.252299" elapsed="0.015017"/>
</kw>
<kw name="Should Be Equal" owner="BuiltIn">
<arg>${count}</arg>
<arg>4</arg>
<doc>Fails if the given objects are unequal.</doc>
<status status="PASS" start="2026-02-19T10:24:30.267454" elapsed="0.000262"/>
</kw>
<kw name="Sleep" owner="BuiltIn">
<msg time="2026-02-19T10:24:30.968867" level="INFO">Slept 700 milliseconds.</msg>
<arg>${DELAY}</arg>
<doc>Pauses the test executed for the given time.</doc>
<status status="PASS" start="2026-02-19T10:24:30.267796" elapsed="0.701398"/>
</kw>
<status status="PASS" start="2026-02-19T10:24:30.251790" elapsed="0.717726"/>
</kw>
<kw name="Go To Cart" owner="ecommerce_keywords">
<kw name="Click Element" owner="SeleniumLibrary">
<msg time="2026-02-19T10:24:30.971312" level="INFO">Clicking element 'css=.shopping_cart_link'.</msg>
<arg>css=.shopping_cart_link</arg>
<doc>Click the element identified by ``locator``.</doc>
<status status="PASS" start="2026-02-19T10:24:30.970857" elapsed="0.083512"/>
</kw>
<kw name="Wait Until Page Contains" owner="SeleniumLibrary">
<arg>Your Cart</arg>
<doc>Waits until ``text`` appears on the current page.</doc>
<status status="PASS" start="2026-02-19T10:24:31.054647" elapsed="0.005362"/>
</kw>
<kw name="Sleep" owner="BuiltIn">
<msg time="2026-02-19T10:24:31.761776" level="INFO">Slept 700 milliseconds.</msg>
<arg>${DELAY}</arg>
<doc>Pauses the test executed for the given time.</doc>
<status status="PASS" start="2026-02-19T10:24:31.060355" elapsed="0.701582"/>
</kw>
<status status="PASS" start="2026-02-19T10:24:30.970063" elapsed="0.791997"/>
</kw>
<kw name="Sleep" owner="BuiltIn">
<msg time="2026-02-19T10:24:32.463638" level="INFO">Slept 700 milliseconds.</msg>
<arg>${DELAY}</arg>
<doc>Pauses the test executed for the given time.</doc>
<status status="PASS" start="2026-02-19T10:24:31.762402" elapsed="0.701384"/>
</kw>
<kw name="Click Button" owner="SeleniumLibrary">
<msg time="2026-02-19T10:24:32.464216" level="INFO">Clicking button 'id=checkout'.</msg>
<arg>id=checkout</arg>
<doc>Clicks the button identified by ``locator``.</doc>
<status status="PASS" start="2026-02-19T10:24:32.463993" elapsed="0.079275"/>
</kw>
<kw name="Sleep" owner="BuiltIn">
<msg time="2026-02-19T10:24:33.244050" level="INFO">Slept 700 milliseconds.</msg>
<arg>${DELAY}</arg>
<doc>Pauses the test executed for the given time.</doc>
<status status="PASS" start="2026-02-19T10:24:32.543446" elapsed="0.700782"/>
</kw>
<kw name="Input Text" owner="SeleniumLibrary">
<msg time="2026-02-19T10:24:33.244948" level="INFO">Typing text 'Sai' into text field 'id=first-name'.</msg>
<arg>id=first-name</arg>
<arg>${first_name}</arg>
<doc>Types the given ``text`` into the text field identified by ``locator``.</doc>
<status status="PASS" start="2026-02-19T10:24:33.244589" elapsed="0.020143"/>
</kw>
<kw name="Sleep" owner="BuiltIn">
<msg time="2026-02-19T10:24:33.966030" level="INFO">Slept 700 milliseconds.</msg>
<arg>${DELAY}</arg>
<doc>Pauses the test executed for the given time.</doc>
<status status="PASS" start="2026-02-19T10:24:33.264934" elapsed="0.701273"/>
</kw>
<kw name="Input Text" owner="SeleniumLibrary">
<msg time="2026-02-19T10:24:33.966942" level="INFO">Typing text 'Prakash' into text field 'id=last-name'.</msg>
<arg>id=last-name</arg>
<arg>${last_name}</arg>
<doc>Types the given ``text`` into the text field identified by ``locator``.</doc>
<status status="PASS" start="2026-02-19T10:24:33.966540" elapsed="0.027394"/>
</kw>
<kw name="Sleep" owner="BuiltIn">
<msg time="2026-02-19T10:24:34.695246" level="INFO">Slept 700 milliseconds.</msg>
<arg>${DELAY}</arg>
<doc>Pauses the test executed for the given time.</doc>
<status status="PASS" start="2026-02-19T10:24:33.994168" elapsed="0.701209"/>
</kw>
<kw name="Input Text" owner="SeleniumLibrary">
<msg time="2026-02-19T10:24:34.696202" level="INFO">Typing text '98765' into text field 'id=postal-code'.</msg>
<arg>id=postal-code</arg>
<arg>${postal_code}</arg>
<doc>Types the given ``text`` into the text field identified by ``locator``.</doc>
<status status="PASS" start="2026-02-19T10:24:34.695605" elapsed="0.026390"/>
</kw>
<kw name="Sleep" owner="BuiltIn">
<msg time="2026-02-19T10:24:35.423024" level="INFO">Slept 700 milliseconds.</msg>
<arg>${DELAY}</arg>
<doc>Pauses the test executed for the given time.</doc>
<status status="PASS" start="2026-02-19T10:24:34.722205" elapsed="0.700976"/>
</kw>
<kw name="Click Button" owner="SeleniumLibrary">
<msg time="2026-02-19T10:24:35.424079" level="INFO">Clicking button 'id=continue'.</msg>
<arg>id=continue</arg>
<doc>Clicks the button identified by ``locator``.</doc>
<status status="PASS" start="2026-02-19T10:24:35.423603" elapsed="0.090706"/>
</kw>
<kw name="Sleep" owner="BuiltIn">
<msg time="2026-02-19T10:24:36.215753" level="INFO">Slept 700 milliseconds.</msg>
<arg>${DELAY}</arg>
<doc>Pauses the test executed for the given time.</doc>
<status status="PASS" start="2026-02-19T10:24:35.514742" elapsed="0.701328"/>
</kw>
<kw name="Click Button" owner="SeleniumLibrary">
<msg time="2026-02-19T10:24:36.216530" level="INFO">Clicking button 'id=finish'.</msg>
<arg>id=finish</arg>
<doc>Clicks the button identified by ``locator``.</doc>
<status status="PASS" start="2026-02-19T10:24:36.216311" elapsed="0.074476"/>
</kw>
<kw name="Sleep" owner="BuiltIn">
<msg time="2026-02-19T10:24:36.992565" level="INFO">Slept 700 milliseconds.</msg>
<arg>${DELAY}</arg>
<doc>Pauses the test executed for the given time.</doc>
<status status="PASS" start="2026-02-19T10:24:36.291020" elapsed="0.701671"/>
</kw>
<kw name="Page Should Contain" owner="SeleniumLibrary">
<msg time="2026-02-19T10:24:36.999743" level="INFO">Current page contains text 'Thank you for your order!'.</msg>
<arg>Thank you for your order!</arg>
<doc>Verifies that current page contains ``text``.</doc>
<status status="PASS" start="2026-02-19T10:24:36.992903" elapsed="0.007023"/>
</kw>
<kw name="Click Button" owner="SeleniumLibrary">
<msg time="2026-02-19T10:24:37.000659" level="INFO">Clicking button 'id=back-to-products'.</msg>
<arg>id=back-to-products</arg>
<doc>Clicks the button identified by ``locator``.</doc>
<status status="PASS" start="2026-02-19T10:24:37.000276" elapsed="0.078207"/>
</kw>
<kw name="Logout From Application" owner="ecommerce_keywords">
<kw name="Click Element" owner="SeleniumLibrary">
<msg time="2026-02-19T10:24:37.079387" level="INFO">Clicking element 'id=react-burger-menu-btn'.</msg>
<arg>id=react-burger-menu-btn</arg>
<doc>Click the element identified by ``locator``.</doc>
<status status="PASS" start="2026-02-19T10:24:37.079177" elapsed="0.075572"/>
</kw>
<kw name="Sleep" owner="BuiltIn">
<msg time="2026-02-19T10:24:37.855601" level="INFO">Slept 700 milliseconds.</msg>
<arg>${DELAY}</arg>
<doc>Pauses the test executed for the given time.</doc>
<status status="PASS" start="2026-02-19T10:24:37.154963" elapsed="0.700768"/>
</kw>
<kw name="Click Element" owner="SeleniumLibrary">
<msg time="2026-02-19T10:24:37.856502" level="INFO">Clicking element 'id=logout_sidebar_link'.</msg>
<arg>id=logout_sidebar_link</arg>
<doc>Click the element identified by ``locator``.</doc>
<status status="PASS" start="2026-02-19T10:24:37.856175" elapsed="0.083161"/>
</kw>
<kw name="Wait Until Element Is Visible" owner="SeleniumLibrary">
<arg>id=login-button</arg>
<doc>Waits until the element ``locator`` is visible.</doc>
<status status="PASS" start="2026-02-19T10:24:37.939539" elapsed="0.019364"/>
</kw>
<kw name="Sleep" owner="BuiltIn">
<msg time="2026-02-19T10:24:38.660250" level="INFO">Slept 700 milliseconds.</msg>
<arg>${DELAY}</arg>
<doc>Pauses the test executed for the given time.</doc>
<status status="PASS" start="2026-02-19T10:24:37.959153" elapsed="0.701228"/>
</kw>
<status status="PASS" start="2026-02-19T10:24:37.078822" elapsed="1.581674"/>
</kw>
<arg>${first_name}</arg>
<arg>${last_name}</arg>
<arg>${postal_code}</arg>
<status status="PASS" start="2026-02-19T10:24:24.128067" elapsed="14.532493"/>
</kw>
<var name="${row}">Sai,Prakash,98765</var>
<status status="PASS" start="2026-02-19T10:24:24.125569" elapsed="14.535045"/>
</iter>
<iter>
<kw name="Split String" owner="String">
<msg time="2026-02-19T10:24:38.661757" level="INFO">${columns} = ['Prashant', 'Kumar', '12345']</msg>
<var>${columns}</var>
<arg>${row}</arg>
<arg>,</arg>
<doc>Splits the ``string`` using ``separator`` as a delimiter string.</doc>
<status status="PASS" start="2026-02-19T10:24:38.661088" elapsed="0.000755"/>
</kw>
<kw name="Get From List" owner="Collections">
<msg time="2026-02-19T10:24:38.662629" level="INFO">${first_name} = Prashant</msg>
<var>${first_name}</var>
<arg>${columns}</arg>
<arg>0</arg>
<doc>Returns the value specified with an ``index`` from ``list``.</doc>
<status status="PASS" start="2026-02-19T10:24:38.662172" elapsed="0.000533"/>
</kw>
<kw name="Get From List" owner="Collections">
<msg time="2026-02-19T10:24:38.663376" level="INFO">${last_name} = Kumar</msg>
<var>${last_name}</var>
<arg>${columns}</arg>
<arg>1</arg>
<doc>Returns the value specified with an ``index`` from ``list``.</doc>
<status status="PASS" start="2026-02-19T10:24:38.662981" elapsed="0.000463"/>
</kw>
<kw name="Get From List" owner="Collections">
<msg time="2026-02-19T10:24:38.664094" level="INFO">${postal_code} = 12345</msg>
<var>${postal_code}</var>
<arg>${columns}</arg>
<arg>2</arg>
<doc>Returns the value specified with an ``index`` from ``list``.</doc>
<status status="PASS" start="2026-02-19T10:24:38.663703" elapsed="0.000454"/>
</kw>
<kw name="Checkout With User Data" owner="ecommerce_keywords">
<kw name="Login To Application" owner="ecommerce_keywords">
<kw name="Input Text" owner="SeleniumLibrary">
<msg time="2026-02-19T10:24:38.666342" level="INFO">Typing text 'standard_user' into text field 'id=user-name'.</msg>
<arg>id=user-name</arg>
<arg>${USERNAME}</arg>
<doc>Types the given ``text`` into the text field identified by ``locator``.</doc>
<status status="PASS" start="2026-02-19T10:24:38.665990" elapsed="0.021184"/>
</kw>
<kw name="Sleep" owner="BuiltIn">
<msg time="2026-02-19T10:24:39.388005" level="INFO">Slept 700 milliseconds.</msg>
<arg>${DELAY}</arg>
<doc>Pauses the test executed for the given time.</doc>
<status status="PASS" start="2026-02-19T10:24:38.687428" elapsed="0.700690"/>
</kw>
<kw name="Input Text" owner="SeleniumLibrary">
<msg time="2026-02-19T10:24:39.388552" level="INFO">Typing text 'secret_sauce' into text field 'id=password'.</msg>
<arg>id=password</arg>
<arg>${PASSWORD}</arg>
<doc>Types the given ``text`` into the text field identified by ``locator``.</doc>
<status status="PASS" start="2026-02-19T10:24:39.388297" elapsed="0.026231"/>
</kw>
<kw name="Sleep" owner="BuiltIn">
<msg time="2026-02-19T10:24:40.115810" level="INFO">Slept 700 milliseconds.</msg>
<arg>${DELAY}</arg>
<doc>Pauses the test executed for the given time.</doc>
<status status="PASS" start="2026-02-19T10:24:39.414757" elapsed="0.701425"/>
</kw>
<kw name="Click Button" owner="SeleniumLibrary">
<msg time="2026-02-19T10:24:40.116711" level="INFO">Clicking button 'id=login-button'.</msg>
<arg>id=login-button</arg>
<doc>Clicks the button identified by ``locator``.</doc>
<status status="PASS" start="2026-02-19T10:24:40.116425" elapsed="0.082366"/>
</kw>
<kw name="Wait Until Page Contains Element" owner="SeleniumLibrary">
<arg>css=.inventory_list</arg>
<doc>Waits until the element ``locator`` appears on the current page.</doc>
<status status="PASS" start="2026-02-19T10:24:40.199019" elapsed="0.005088"/>
</kw>
<kw name="Sleep" owner="BuiltIn">
<msg time="2026-02-19T10:24:40.905288" level="INFO">Slept 700 milliseconds.</msg>
<arg>${DELAY}</arg>
<doc>Pauses the test executed for the given time.</doc>
<status status="PASS" start="2026-02-19T10:24:40.204415" elapsed="0.700971"/>
</kw>
<status status="PASS" start="2026-02-19T10:24:38.665455" elapsed="2.240009"/>
</kw>
<kw name="Sort Products Low To High" owner="ecommerce_keywords">
<kw name="Select From List By Value" owner="SeleniumLibrary">
<msg time="2026-02-19T10:24:40.906606" level="INFO">Selecting options from selection list 'css=.product_sort_container' by value lohi.</msg>
<arg>css=.product_sort_container</arg>
<arg>lohi</arg>
<doc>Selects options from selection list ``locator`` by ``values``.</doc>
<status status="PASS" start="2026-02-19T10:24:40.906361" elapsed="0.086099"/>
</kw>
<kw name="Sleep" owner="BuiltIn">
<msg time="2026-02-19T10:24:41.694083" level="INFO">Slept 700 milliseconds.</msg>
<arg>${DELAY}</arg>
<doc>Pauses the test executed for the given time.</doc>
<status status="PASS" start="2026-02-19T10:24:40.992973" elapsed="0.701280"/>
</kw>
<status status="PASS" start="2026-02-19T10:24:40.905898" elapsed="0.788475"/>
</kw>
<kw name="Add Four Products To Cart" owner="ecommerce_keywords">
<kw name="Get WebElements" owner="SeleniumLibrary">
<msg time="2026-02-19T10:24:41.698807" level="INFO">${buttons} = [&lt;selenium.webdriver.remote.webelement.WebElement (session="652f4f69-73d8-4be7-b42b-d4ecf665b3c2", element="04af286f-16ad-4b5e-8cee-b97e726d74c6")&gt;, &lt;selenium.webdriver.remote.webelement.WebElement (s...</msg>
<var>${buttons}</var>
<arg>xpath=//button[contains(text(),'Add to cart')]</arg>
<doc>Returns a list of WebElement objects matching the ``locator``.</doc>
<status status="PASS" start="2026-02-19T10:24:41.694911" elapsed="0.003935"/>
</kw>
<for flavor="IN RANGE">
<iter>
<kw name="Click Element" owner="SeleniumLibrary">
<msg time="2026-02-19T10:24:41.699488" level="INFO">Clicking element '&lt;selenium.webdriver.remote.webelement.WebElement (session="652f4f69-73d8-4be7-b42b-d4ecf665b3c2", element="04af286f-16ad-4b5e-8cee-b97e726d74c6")&gt;'.</msg>
<arg>${buttons}[${index}]</arg>
<doc>Click the element identified by ``locator``.</doc>
<status status="PASS" start="2026-02-19T10:24:41.699214" elapsed="0.067702"/>
</kw>
<kw name="Sleep" owner="BuiltIn">
<msg time="2026-02-19T10:24:42.468191" level="INFO">Slept 700 milliseconds.</msg>
<arg>${DELAY}</arg>
<doc>Pauses the test executed for the given time.</doc>
<status status="PASS" start="2026-02-19T10:24:41.767110" elapsed="0.701213"/>
</kw>
<var name="${index}">0</var>
<status status="PASS" start="2026-02-19T10:24:41.699082" elapsed="0.769324"/>
</iter>
<iter>
<kw name="Click Element" owner="SeleniumLibrary">
<msg time="2026-02-19T10:24:42.469178" level="INFO">Clicking element '&lt;selenium.webdriver.remote.webelement.WebElement (session="652f4f69-73d8-4be7-b42b-d4ecf665b3c2", element="c970dfda-db03-4ac1-9ad2-75b7193f88a3")&gt;'.</msg>
<arg>${buttons}[${index}]</arg>
<doc>Click the element identified by ``locator``.</doc>
<status status="PASS" start="2026-02-19T10:24:42.468708" elapsed="0.075419"/>
</kw>
<kw name="Sleep" owner="BuiltIn">
<msg time="2026-02-19T10:24:43.245120" level="INFO">Slept 700 milliseconds.</msg>
<arg>${DELAY}</arg>
<doc>Pauses the test executed for the given time.</doc>
<status status="PASS" start="2026-02-19T10:24:42.544342" elapsed="0.700904"/>
</kw>
<var name="${index}">1</var>
<status status="PASS" start="2026-02-19T10:24:42.468574" elapsed="0.776759"/>
</iter>
<iter>
<kw name="Click Element" owner="SeleniumLibrary">
<msg time="2026-02-19T10:24:43.246668" level="INFO">Clicking element '&lt;selenium.webdriver.remote.webelement.WebElement (session="652f4f69-73d8-4be7-b42b-d4ecf665b3c2", element="3f97785f-6337-4a01-8e16-6491b614c5a3")&gt;'.</msg>
<arg>${buttons}[${index}]</arg>
<doc>Click the element identified by ``locator``.</doc>
<status status="PASS" start="2026-02-19T10:24:43.246355" elapsed="0.075557"/>
</kw>
<kw name="Sleep" owner="BuiltIn">
<msg time="2026-02-19T10:24:44.023204" level="INFO">Slept 700 milliseconds.</msg>
<arg>${DELAY}</arg>
<doc>Pauses the test executed for the given time.</doc>
<status status="PASS" start="2026-02-19T10:24:43.322110" elapsed="0.701275"/>
</kw>
<var name="${index}">2</var>
<status status="PASS" start="2026-02-19T10:24:43.245925" elapsed="0.777558"/>
</iter>
<iter>
<kw name="Click Element" owner="SeleniumLibrary">
<msg time="2026-02-19T10:24:44.024150" level="INFO">Clicking element '&lt;selenium.webdriver.remote.webelement.WebElement (session="652f4f69-73d8-4be7-b42b-d4ecf665b3c2", element="ec28eb8a-90d7-4fdf-b550-90c191ee8273")&gt;'.</msg>
<arg>${buttons}[${index}]</arg>
<doc>Click the element identified by ``locator``.</doc>
<status status="PASS" start="2026-02-19T10:24:44.023851" elapsed="0.062564"/>
</kw>
<kw name="Sleep" owner="BuiltIn">
<msg time="2026-02-19T10:24:44.787521" level="INFO">Slept 700 milliseconds.</msg>
<arg>${DELAY}</arg>
<doc>Pauses the test executed for the given time.</doc>
<status status="PASS" start="2026-02-19T10:24:44.086683" elapsed="0.700965"/>
</kw>
<var name="${index}">3</var>
<status status="PASS" start="2026-02-19T10:24:44.023682" elapsed="0.764025"/>
</iter>
<var>${index}</var>
<value>0</value>
<value>4</value>
<status status="PASS" start="2026-02-19T10:24:41.698924" elapsed="3.088833"/>
</for>
<status status="PASS" start="2026-02-19T10:24:41.694610" elapsed="3.093225"/>
</kw>
<kw name="Verify Cart Has Four Items" owner="ecommerce_keywords">
<kw name="Get Text" owner="SeleniumLibrary">
<msg time="2026-02-19T10:24:44.801121" level="INFO">${count} = 4</msg>
<var>${count}</var>
<arg>css=.shopping_cart_badge</arg>
<doc>Returns the text value of the element identified by ``locator``.</doc>
<status status="PASS" start="2026-02-19T10:24:44.788198" elapsed="0.012958"/>
</kw>
<kw name="Should Be Equal" owner="BuiltIn">
<arg>${count}</arg>
<arg>4</arg>
<doc>Fails if the given objects are unequal.</doc>
<status status="PASS" start="2026-02-19T10:24:44.801274" elapsed="0.000229"/>
</kw>
<kw name="Sleep" owner="BuiltIn">
<msg time="2026-02-19T10:24:45.502476" level="INFO">Slept 700 milliseconds.</msg>
<arg>${DELAY}</arg>
<doc>Pauses the test executed for the given time.</doc>
<status status="PASS" start="2026-02-19T10:24:44.801576" elapsed="0.701042"/>
</kw>
<status status="PASS" start="2026-02-19T10:24:44.788004" elapsed="0.714745"/>
</kw>
<kw name="Go To Cart" owner="ecommerce_keywords">
<kw name="Click Element" owner="SeleniumLibrary">
<msg time="2026-02-19T10:24:45.503638" level="INFO">Clicking element 'css=.shopping_cart_link'.</msg>
<arg>css=.shopping_cart_link</arg>
<doc>Click the element identified by ``locator``.</doc>
<status status="PASS" start="2026-02-19T10:24:45.503303" elapsed="0.081845"/>
</kw>
<kw name="Wait Until Page Contains" owner="SeleniumLibrary">
<arg>Your Cart</arg>
<doc>Waits until ``text`` appears on the current page.</doc>
<status status="PASS" start="2026-02-19T10:24:45.585365" elapsed="0.004362"/>
</kw>
<kw name="Sleep" owner="BuiltIn">
<msg time="2026-02-19T10:24:46.291784" level="INFO">Slept 700 milliseconds.</msg>
<arg>${DELAY}</arg>
<doc>Pauses the test executed for the given time.</doc>
<status status="PASS" start="2026-02-19T10:24:45.590203" elapsed="0.701906"/>
</kw>
<status status="PASS" start="2026-02-19T10:24:45.502978" elapsed="0.789440"/>
</kw>
<kw name="Sleep" owner="BuiltIn">
<msg time="2026-02-19T10:24:46.994085" level="INFO">Slept 700 milliseconds.</msg>
<arg>${DELAY}</arg>
<doc>Pauses the test executed for the given time.</doc>
<status status="PASS" start="2026-02-19T10:24:46.292842" elapsed="0.701507"/>
</kw>
<kw name="Click Button" owner="SeleniumLibrary">
<msg time="2026-02-19T10:24:46.994782" level="INFO">Clicking button 'id=checkout'.</msg>
<arg>id=checkout</arg>
<doc>Clicks the button identified by ``locator``.</doc>
<status status="PASS" start="2026-02-19T10:24:46.994611" elapsed="0.069898"/>
</kw>
<kw name="Sleep" owner="BuiltIn">
<msg time="2026-02-19T10:24:47.765995" level="INFO">Slept 700 milliseconds.</msg>
<arg>${DELAY}</arg>
<doc>Pauses the test executed for the given time.</doc>
<status status="PASS" start="2026-02-19T10:24:47.064730" elapsed="0.701452"/>
</kw>
<kw name="Input Text" owner="SeleniumLibrary">
<msg time="2026-02-19T10:24:47.767146" level="INFO">Typing text 'Prashant' into text field 'id=first-name'.</msg>
<arg>id=first-name</arg>
<arg>${first_name}</arg>
<doc>Types the given ``text`` into the text field identified by ``locator``.</doc>
<status status="PASS" start="2026-02-19T10:24:47.766724" elapsed="0.026725"/>
</kw>
<kw name="Sleep" owner="BuiltIn">
<msg time="2026-02-19T10:24:48.494652" level="INFO">Slept 700 milliseconds.</msg>
<arg>${DELAY}</arg>
<doc>Pauses the test executed for the given time.</doc>
<status status="PASS" start="2026-02-19T10:24:47.793625" elapsed="0.701285"/>
</kw>
<kw name="Input Text" owner="SeleniumLibrary">
<msg time="2026-02-19T10:24:48.496221" level="INFO">Typing text 'Kumar' into text field 'id=last-name'.</msg>
<arg>id=last-name</arg>
<arg>${last_name}</arg>
<doc>Types the given ``text`` into the text field identified by ``locator``.</doc>
<status status="PASS" start="2026-02-19T10:24:48.495403" elapsed="0.024062"/>
</kw>
<kw name="Sleep" owner="BuiltIn">
<msg time="2026-02-19T10:24:49.220695" level="INFO">Slept 700 milliseconds.</msg>
<arg>${DELAY}</arg>
<doc>Pauses the test executed for the given time.</doc>
<status status="PASS" start="2026-02-19T10:24:48.519646" elapsed="0.701210"/>
</kw>
<kw name="Input Text" owner="SeleniumLibrary">
<msg time="2026-02-19T10:24:49.221595" level="INFO">Typing text '12345' into text field 'id=postal-code'.</msg>
<arg>id=postal-code</arg>
<arg>${postal_code}</arg>
<doc>Types the given ``text`` into the text field identified by ``locator``.</doc>
<status status="PASS" start="2026-02-19T10:24:49.221161" elapsed="0.022092"/>
</kw>
<kw name="Sleep" owner="BuiltIn">
<msg time="2026-02-19T10:24:49.944228" level="INFO">Slept 700 milliseconds.</msg>
<arg>${DELAY}</arg>
<doc>Pauses the test executed for the given time.</doc>
<status status="PASS" start="2026-02-19T10:24:49.243477" elapsed="0.701076"/>
</kw>
<kw name="Click Button" owner="SeleniumLibrary">
<msg time="2026-02-19T10:24:49.945693" level="INFO">Clicking button 'id=continue'.</msg>
<arg>id=continue</arg>
<doc>Clicks the button identified by ``locator``.</doc>
<status status="PASS" start="2026-02-19T10:24:49.945112" elapsed="0.084922"/>
</kw>
<kw name="Sleep" owner="BuiltIn">
<msg time="2026-02-19T10:24:50.731116" level="INFO">Slept 700 milliseconds.</msg>
<arg>${DELAY}</arg>
<doc>Pauses the test executed for the given time.</doc>
<status status="PASS" start="2026-02-19T10:24:50.030264" elapsed="0.701001"/>
</kw>
<kw name="Click Button" owner="SeleniumLibrary">
<msg time="2026-02-19T10:24:50.731741" level="INFO">Clicking button 'id=finish'.</msg>
<arg>id=finish</arg>
<doc>Clicks the button identified by ``locator``.</doc>
<status status="PASS" start="2026-02-19T10:24:50.731492" elapsed="0.085140"/>
</kw>
<kw name="Sleep" owner="BuiltIn">
<msg time="2026-02-19T10:24:51.517593" level="INFO">Slept 700 milliseconds.</msg>
<arg>${DELAY}</arg>
<doc>Pauses the test executed for the given time.</doc>
<status status="PASS" start="2026-02-19T10:24:50.816851" elapsed="0.700866"/>
</kw>
<kw name="Page Should Contain" owner="SeleniumLibrary">
<msg time="2026-02-19T10:24:51.523113" level="INFO">Current page contains text 'Thank you for your order!'.</msg>
<arg>Thank you for your order!</arg>
<doc>Verifies that current page contains ``text``.</doc>
<status status="PASS" start="2026-02-19T10:24:51.517910" elapsed="0.005362"/>
</kw>
<kw name="Click Button" owner="SeleniumLibrary">
<msg time="2026-02-19T10:24:51.523866" level="INFO">Clicking button 'id=back-to-products'.</msg>
<arg>id=back-to-products</arg>
<doc>Clicks the button identified by ``locator``.</doc>
<status status="PASS" start="2026-02-19T10:24:51.523549" elapsed="0.084286"/>
</kw>
<kw name="Logout From Application" owner="ecommerce_keywords">
<kw name="Click Element" owner="SeleniumLibrary">
<msg time="2026-02-19T10:24:51.608808" level="INFO">Clicking element 'id=react-burger-menu-btn'.</msg>
<arg>id=react-burger-menu-btn</arg>
<doc>Click the element identified by ``locator``.</doc>
<status status="PASS" start="2026-02-19T10:24:51.608555" elapsed="0.078747"/>
</kw>
<kw name="Sleep" owner="BuiltIn">
<msg time="2026-02-19T10:24:52.388151" level="INFO">Slept 700 milliseconds.</msg>
<arg>${DELAY}</arg>
<doc>Pauses the test executed for the given time.</doc>
<status status="PASS" start="2026-02-19T10:24:51.687518" elapsed="0.700805"/>
</kw>
<kw name="Click Element" owner="SeleniumLibrary">
<msg time="2026-02-19T10:24:52.388824" level="INFO">Clicking element 'id=logout_sidebar_link'.</msg>
<arg>id=logout_sidebar_link</arg>
<doc>Click the element identified by ``locator``.</doc>
<status status="PASS" start="2026-02-19T10:24:52.388557" elapsed="0.075967"/>
</kw>
<kw name="Wait Until Element Is Visible" owner="SeleniumLibrary">
<arg>id=login-button</arg>
<doc>Waits until the element ``locator`` is visible.</doc>
<status status="PASS" start="2026-02-19T10:24:52.464729" elapsed="0.017360"/>
</kw>
<kw name="Sleep" owner="BuiltIn">
<msg time="2026-02-19T10:24:53.183766" level="INFO">Slept 700 milliseconds.</msg>
<arg>${DELAY}</arg>
<doc>Pauses the test executed for the given time.</doc>
<status status="PASS" start="2026-02-19T10:24:52.482421" elapsed="0.701499"/>
</kw>
<status status="PASS" start="2026-02-19T10:24:51.608173" elapsed="1.575895"/>
</kw>
<arg>${first_name}</arg>
<arg>${last_name}</arg>
<arg>${postal_code}</arg>
<status status="PASS" start="2026-02-19T10:24:38.664662" elapsed="14.519492"/>
</kw>
<var name="${row}">Prashant,Kumar,12345</var>
<status status="PASS" start="2026-02-19T10:24:38.660793" elapsed="14.523431"/>
</iter>
<iter>
<kw name="Split String" owner="String">
<msg time="2026-02-19T10:24:53.185761" level="INFO">${columns} = ['Mahendra', 'Chowdam', '45678']</msg>
<var>${columns}</var>
<arg>${row}</arg>
<arg>,</arg>
<doc>Splits the ``string`` using ``separator`` as a delimiter string.</doc>
<status status="PASS" start="2026-02-19T10:24:53.185013" elapsed="0.000837"/>
</kw>
<kw name="Get From List" owner="Collections">
<msg time="2026-02-19T10:24:53.186717" level="INFO">${first_name} = Mahendra</msg>
<var>${first_name}</var>
<arg>${columns}</arg>
<arg>0</arg>
<doc>Returns the value specified with an ``index`` from ``list``.</doc>
<status status="PASS" start="2026-02-19T10:24:53.186357" elapsed="0.000407"/>
</kw>
<kw name="Get From List" owner="Collections">
<msg time="2026-02-19T10:24:53.187128" level="INFO">${last_name} = Chowdam</msg>
<var>${last_name}</var>
<arg>${columns}</arg>
<arg>1</arg>
<doc>Returns the value specified with an ``index`` from ``list``.</doc>
<status status="PASS" start="2026-02-19T10:24:53.186930" elapsed="0.000248"/>
</kw>
<kw name="Get From List" owner="Collections">
<msg time="2026-02-19T10:24:53.187643" level="INFO">${postal_code} = 45678</msg>
<var>${postal_code}</var>
<arg>${columns}</arg>
<arg>2</arg>
<doc>Returns the value specified with an ``index`` from ``list``.</doc>
<status status="PASS" start="2026-02-19T10:24:53.187414" elapsed="0.000265"/>
</kw>
<kw name="Checkout With User Data" owner="ecommerce_keywords">
<kw name="Login To Application" owner="ecommerce_keywords">
<kw name="Input Text" owner="SeleniumLibrary">
<msg time="2026-02-19T10:24:53.189844" level="INFO">Typing text 'standard_user' into text field 'id=user-name'.</msg>
<arg>id=user-name</arg>
<arg>${USERNAME}</arg>
<doc>Types the given ``text`` into the text field identified by ``locator``.</doc>
<status status="PASS" start="2026-02-19T10:24:53.189430" elapsed="0.022135"/>
</kw>
<kw name="Sleep" owner="BuiltIn">
<msg time="2026-02-19T10:24:53.912484" level="INFO">Slept 700 milliseconds.</msg>
<arg>${DELAY}</arg>
<doc>Pauses the test executed for the given time.</doc>
<status status="PASS" start="2026-02-19T10:24:53.211770" elapsed="0.700995"/>
</kw>
<kw name="Input Text" owner="SeleniumLibrary">
<msg time="2026-02-19T10:24:53.913952" level="INFO">Typing text 'secret_sauce' into text field 'id=password'.</msg>
<arg>id=password</arg>
<arg>${PASSWORD}</arg>
<doc>Types the given ``text`` into the text field identified by ``locator``.</doc>
<status status="PASS" start="2026-02-19T10:24:53.913277" elapsed="0.023967"/>
</kw>
<kw name="Sleep" owner="BuiltIn">
<msg time="2026-02-19T10:24:54.638133" level="INFO">Slept 700 milliseconds.</msg>
<arg>${DELAY}</arg>
<doc>Pauses the test executed for the given time.</doc>
<status status="PASS" start="2026-02-19T10:24:53.937451" elapsed="0.700817"/>
</kw>
<kw name="Click Button" owner="SeleniumLibrary">
<msg time="2026-02-19T10:24:54.638713" level="INFO">Clicking button 'id=login-button'.</msg>
<arg>id=login-button</arg>
<doc>Clicks the button identified by ``locator``.</doc>
<status status="PASS" start="2026-02-19T10:24:54.638482" elapsed="0.076921"/>
</kw>
<kw name="Wait Until Page Contains Element" owner="SeleniumLibrary">
<arg>css=.inventory_list</arg>
<doc>Waits until the element ``locator`` appears on the current page.</doc>
<status status="PASS" start="2026-02-19T10:24:54.715614" elapsed="0.003644"/>
</kw>
<kw name="Sleep" owner="BuiltIn">
<msg time="2026-02-19T10:24:55.421569" level="INFO">Slept 700 milliseconds.</msg>
<arg>${DELAY}</arg>
<doc>Pauses the test executed for the given time.</doc>
<status status="PASS" start="2026-02-19T10:24:54.719669" elapsed="0.702216"/>
</kw>
<status status="PASS" start="2026-02-19T10:24:53.188975" elapsed="2.233220"/>
</kw>
<kw name="Sort Products Low To High" owner="ecommerce_keywords">
<kw name="Select From List By Value" owner="SeleniumLibrary">
<msg time="2026-02-19T10:24:55.423913" level="INFO">Selecting options from selection list 'css=.product_sort_container' by value lohi.</msg>
<arg>css=.product_sort_container</arg>
<arg>lohi</arg>
<doc>Selects options from selection list ``locator`` by ``values``.</doc>
<status status="PASS" start="2026-02-19T10:24:55.423445" elapsed="0.085251"/>
</kw>
<kw name="Sleep" owner="BuiltIn">
<msg time="2026-02-19T10:24:56.209954" level="INFO">Slept 700 milliseconds.</msg>
<arg>${DELAY}</arg>
<doc>Pauses the test executed for the given time.</doc>
<status status="PASS" start="2026-02-19T10:24:55.508991" elapsed="0.701087"/>
</kw>
<status status="PASS" start="2026-02-19T10:24:55.422704" elapsed="0.787447"/>
</kw>
<kw name="Add Four Products To Cart" owner="ecommerce_keywords">
<kw name="Get WebElements" owner="SeleniumLibrary">
<msg time="2026-02-19T10:24:56.214797" level="INFO">${buttons} = [&lt;selenium.webdriver.remote.webelement.WebElement (session="652f4f69-73d8-4be7-b42b-d4ecf665b3c2", element="1f61617b-bce9-4153-8be2-a38ec78a38a8")&gt;, &lt;selenium.webdriver.remote.webelement.WebElement (s...</msg>
<var>${buttons}</var>
<arg>xpath=//button[contains(text(),'Add to cart')]</arg>
<doc>Returns a list of WebElement objects matching the ``locator``.</doc>
<status status="PASS" start="2026-02-19T10:24:56.210714" elapsed="0.004183"/>
</kw>
<for flavor="IN RANGE">
<iter>
<kw name="Click Element" owner="SeleniumLibrary">
<msg time="2026-02-19T10:24:56.216274" level="INFO">Clicking element '&lt;selenium.webdriver.remote.webelement.WebElement (session="652f4f69-73d8-4be7-b42b-d4ecf665b3c2", element="1f61617b-bce9-4153-8be2-a38ec78a38a8")&gt;'.</msg>
<arg>${buttons}[${index}]</arg>
<doc>Click the element identified by ``locator``.</doc>
<status status="PASS" start="2026-02-19T10:24:56.215751" elapsed="0.072736"/>
</kw>
<kw name="Sleep" owner="BuiltIn">
<msg time="2026-02-19T10:24:56.989398" level="INFO">Slept 700 milliseconds.</msg>
<arg>${DELAY}</arg>
<doc>Pauses the test executed for the given time.</doc>
<status status="PASS" start="2026-02-19T10:24:56.288665" elapsed="0.700889"/>
</kw>
<var name="${index}">0</var>
<status status="PASS" start="2026-02-19T10:24:56.215523" elapsed="0.774137"/>
</iter>
<iter>
<kw name="Click Element" owner="SeleniumLibrary">
<msg time="2026-02-19T10:24:56.990363" level="INFO">Clicking element '&lt;selenium.webdriver.remote.webelement.WebElement (session="652f4f69-73d8-4be7-b42b-d4ecf665b3c2", element="0c470b5c-5cc9-466c-8230-ed62c50f7ee7")&gt;'.</msg>
<arg>${buttons}[${index}]</arg>
<doc>Click the element identified by ``locator``.</doc>
<status status="PASS" start="2026-02-19T10:24:56.990059" elapsed="0.060451"/>
</kw>
<kw name="Sleep" owner="BuiltIn">
<msg time="2026-02-19T10:24:57.752521" level="INFO">Slept 700 milliseconds.</msg>
<arg>${DELAY}</arg>
<doc>Pauses the test executed for the given time.</doc>
<status status="PASS" start="2026-02-19T10:24:57.051008" elapsed="0.701844"/>
</kw>
<var name="${index}">1</var>
<status status="PASS" start="2026-02-19T10:24:56.989878" elapsed="0.763199"/>
</iter>
<iter>
<kw name="Click Element" owner="SeleniumLibrary">
<msg time="2026-02-19T10:24:57.754587" level="INFO">Clicking element '&lt;selenium.webdriver.remote.webelement.WebElement (session="652f4f69-73d8-4be7-b42b-d4ecf665b3c2", element="a7e9f1bb-6f19-424b-aa73-fc5f05255786")&gt;'.</msg>
<arg>${buttons}[${index}]</arg>
<doc>Click the element identified by ``locator``.</doc>
<status status="PASS" start="2026-02-19T10:24:57.753940" elapsed="0.073330"/>
</kw>
<kw name="Sleep" owner="BuiltIn">
<msg time="2026-02-19T10:24:58.528050" level="INFO">Slept 700 milliseconds.</msg>
<arg>${DELAY}</arg>
<doc>Pauses the test executed for the given time.</doc>
<status status="PASS" start="2026-02-19T10:24:57.827471" elapsed="0.700753"/>
</kw>
<var name="${index}">2</var>
<status status="PASS" start="2026-02-19T10:24:57.753571" elapsed="0.774831"/>
</iter>
<iter>
<kw name="Click Element" owner="SeleniumLibrary">
<msg time="2026-02-19T10:24:58.529719" level="INFO">Clicking element '&lt;selenium.webdriver.remote.webelement.WebElement (session="652f4f69-73d8-4be7-b42b-d4ecf665b3c2", element="db215572-ed9b-486b-b60d-34f282211110")&gt;'.</msg>
<arg>${buttons}[${index}]</arg>
<doc>Click the element identified by ``locator``.</doc>
<status status="PASS" start="2026-02-19T10:24:58.529112" elapsed="0.065682"/>
</kw>
<kw name="Sleep" owner="BuiltIn">
<msg time="2026-02-19T10:24:59.296544" level="INFO">Slept 700 milliseconds.</msg>
<arg>${DELAY}</arg>
<doc>Pauses the test executed for the given time.</doc>
<status status="PASS" start="2026-02-19T10:24:58.595041" elapsed="0.701730"/>
</kw>
<var name="${index}">3</var>
<status status="PASS" start="2026-02-19T10:24:58.528782" elapsed="0.768117"/>
</iter>
<var>${index}</var>
<value>0</value>
<value>4</value>
<status status="PASS" start="2026-02-19T10:24:56.215117" elapsed="3.081870"/>
</for>
<status status="PASS" start="2026-02-19T10:24:56.210415" elapsed="3.086705"/>
</kw>
<kw name="Verify Cart Has Four Items" owner="ecommerce_keywords">
<kw name="Get Text" owner="SeleniumLibrary">
<msg time="2026-02-19T10:24:59.311189" level="INFO">${count} = 4</msg>
<var>${count}</var>
<arg>css=.shopping_cart_badge</arg>
<doc>Returns the text value of the element identified by ``locator``.</doc>
<status status="PASS" start="2026-02-19T10:24:59.297696" elapsed="0.013557"/>
</kw>
<kw name="Should Be Equal" owner="BuiltIn">
<arg>${count}</arg>
<arg>4</arg>
<doc>Fails if the given objects are unequal.</doc>
<status status="PASS" start="2026-02-19T10:24:59.311538" elapsed="0.000593"/>
</kw>
<kw name="Sleep" owner="BuiltIn">
<msg time="2026-02-19T10:25:00.013357" level="INFO">Slept 700 milliseconds.</msg>
<arg>${DELAY}</arg>
<doc>Pauses the test executed for the given time.</doc>
<status status="PASS" start="2026-02-19T10:24:59.312345" elapsed="0.701187"/>
</kw>
<status status="PASS" start="2026-02-19T10:24:59.297359" elapsed="0.716340"/>
</kw>
<kw name="Go To Cart" owner="ecommerce_keywords">
<kw name="Click Element" owner="SeleniumLibrary">
<msg time="2026-02-19T10:25:00.014607" level="INFO">Clicking element 'css=.shopping_cart_link'.</msg>
<arg>css=.shopping_cart_link</arg>
<doc>Click the element identified by ``locator``.</doc>
<status status="PASS" start="2026-02-19T10:25:00.014368" elapsed="0.082196"/>
</kw>
<kw name="Wait Until Page Contains" owner="SeleniumLibrary">
<arg>Your Cart</arg>
<doc>Waits until ``text`` appears on the current page.</doc>
<status status="PASS" start="2026-02-19T10:25:00.096825" elapsed="0.003264"/>
</kw>
<kw name="Sleep" owner="BuiltIn">
<msg time="2026-02-19T10:25:00.801484" level="INFO">Slept 700 milliseconds.</msg>
<arg>${DELAY}</arg>
<doc>Pauses the test executed for the given time.</doc>
<status status="PASS" start="2026-02-19T10:25:00.100340" elapsed="0.701443"/>
</kw>
<status status="PASS" start="2026-02-19T10:25:00.013984" elapsed="0.787991"/>
</kw>
<kw name="Sleep" owner="BuiltIn">
<msg time="2026-02-19T10:25:01.503104" level="INFO">Slept 700 milliseconds.</msg>
<arg>${DELAY}</arg>
<doc>Pauses the test executed for the given time.</doc>
<status status="PASS" start="2026-02-19T10:25:00.802216" elapsed="0.701076"/>
</kw>
<kw name="Click Button" owner="SeleniumLibrary">
<msg time="2026-02-19T10:25:01.503874" level="INFO">Clicking button 'id=checkout'.</msg>
<arg>id=checkout</arg>
<doc>Clicks the button identified by ``locator``.</doc>
<status status="PASS" start="2026-02-19T10:25:01.503610" elapsed="0.123702"/>
</kw>
<kw name="Sleep" owner="BuiltIn">
<msg time="2026-02-19T10:25:02.328452" level="INFO">Slept 700 milliseconds.</msg>
<arg>${DELAY}</arg>
<doc>Pauses the test executed for the given time.</doc>
<status status="PASS" start="2026-02-19T10:25:01.627568" elapsed="0.701068"/>
</kw>
<kw name="Input Text" owner="SeleniumLibrary">
<msg time="2026-02-19T10:25:02.329334" level="INFO">Typing text 'Mahendra' into text field 'id=first-name'.</msg>
<arg>id=first-name</arg>
<arg>${first_name}</arg>
<doc>Types the given ``text`` into the text field identified by ``locator``.</doc>
<status status="PASS" start="2026-02-19T10:25:02.328929" elapsed="0.030521"/>
</kw>
<kw name="Sleep" owner="BuiltIn">
<msg time="2026-02-19T10:25:03.060827" level="INFO">Slept 700 milliseconds.</msg>
<arg>${DELAY}</arg>
<doc>Pauses the test executed for the given time.</doc>
<status status="PASS" start="2026-02-19T10:25:02.359768" elapsed="0.701235"/>
</kw>
<kw name="Input Text" owner="SeleniumLibrary">
<msg time="2026-02-19T10:25:03.061681" level="INFO">Typing text 'Chowdam' into text field 'id=last-name'.</msg>
<arg>id=last-name</arg>
<arg>${last_name}</arg>
<doc>Types the given ``text`` into the text field identified by ``locator``.</doc>
<status status="PASS" start="2026-02-19T10:25:03.061288" elapsed="0.026675"/>
</kw>
<kw name="Sleep" owner="BuiltIn">
<msg time="2026-02-19T10:25:03.789269" level="INFO">Slept 700 milliseconds.</msg>
<arg>${DELAY}</arg>
<doc>Pauses the test executed for the given time.</doc>
<status status="PASS" start="2026-02-19T10:25:03.088188" elapsed="0.701254"/>
</kw>
<kw name="Input Text" owner="SeleniumLibrary">
<msg time="2026-02-19T10:25:03.790074" level="INFO">Typing text '45678' into text field 'id=postal-code'.</msg>
<arg>id=postal-code</arg>
<arg>${postal_code}</arg>
<doc>Types the given ``text`` into the text field identified by ``locator``.</doc>
<status status="PASS" start="2026-02-19T10:25:03.789712" elapsed="0.019904"/>
</kw>
<kw name="Sleep" owner="BuiltIn">
<msg time="2026-02-19T10:25:04.510525" level="INFO">Slept 700 milliseconds.</msg>
<arg>${DELAY}</arg>
<doc>Pauses the test executed for the given time.</doc>
<status status="PASS" start="2026-02-19T10:25:03.809838" elapsed="0.700889"/>
</kw>
<kw name="Click Button" owner="SeleniumLibrary">
<msg time="2026-02-19T10:25:04.511404" level="INFO">Clicking button 'id=continue'.</msg>
<arg>id=continue</arg>
<doc>Clicks the button identified by ``locator``.</doc>
<status status="PASS" start="2026-02-19T10:25:04.511063" elapsed="0.082360"/>
</kw>
<kw name="Sleep" owner="BuiltIn">
<msg time="2026-02-19T10:25:05.294745" level="INFO">Slept 700 milliseconds.</msg>
<arg>${DELAY}</arg>
<doc>Pauses the test executed for the given time.</doc>
<status status="PASS" start="2026-02-19T10:25:04.593643" elapsed="0.701252"/>
</kw>
<kw name="Click Button" owner="SeleniumLibrary">
<msg time="2026-02-19T10:25:05.295459" level="INFO">Clicking button 'id=finish'.</msg>
<arg>id=finish</arg>
<doc>Clicks the button identified by ``locator``.</doc>
<status status="PASS" start="2026-02-19T10:25:05.295162" elapsed="0.084828"/>
</kw>
<kw name="Sleep" owner="BuiltIn">
<msg time="2026-02-19T10:25:06.081166" level="INFO">Slept 700 milliseconds.</msg>
<arg>${DELAY}</arg>
<doc>Pauses the test executed for the given time.</doc>
<status status="PASS" start="2026-02-19T10:25:05.380248" elapsed="0.701055"/>
</kw>
<kw name="Page Should Contain" owner="SeleniumLibrary">
<msg time="2026-02-19T10:25:06.088396" level="INFO">Current page contains text 'Thank you for your order!'.</msg>
<arg>Thank you for your order!</arg>
<doc>Verifies that current page contains ``text``.</doc>
<status status="PASS" start="2026-02-19T10:25:06.081529" elapsed="0.007020"/>
</kw>
<kw name="Click Button" owner="SeleniumLibrary">
<msg time="2026-02-19T10:25:06.089106" level="INFO">Clicking button 'id=back-to-products'.</msg>
<arg>id=back-to-products</arg>
<doc>Clicks the button identified by ``locator``.</doc>
<status status="PASS" start="2026-02-19T10:25:06.088815" elapsed="0.076914"/>
</kw>
<kw name="Logout From Application" owner="ecommerce_keywords">
<kw name="Click Element" owner="SeleniumLibrary">
<msg time="2026-02-19T10:25:06.166727" level="INFO">Clicking element 'id=react-burger-menu-btn'.</msg>
<arg>id=react-burger-menu-btn</arg>
<doc>Click the element identified by ``locator``.</doc>
<status status="PASS" start="2026-02-19T10:25:06.166524" elapsed="0.075320"/>
</kw>
<kw name="Sleep" owner="BuiltIn">
<msg time="2026-02-19T10:25:06.943366" level="INFO">Slept 700 milliseconds.</msg>
<arg>${DELAY}</arg>
<doc>Pauses the test executed for the given time.</doc>
<status status="PASS" start="2026-02-19T10:25:06.242117" elapsed="0.701363"/>
</kw>
<kw name="Click Element" owner="SeleniumLibrary">
<msg time="2026-02-19T10:25:06.943843" level="INFO">Clicking element 'id=logout_sidebar_link'.</msg>
<arg>id=logout_sidebar_link</arg>
<doc>Click the element identified by ``locator``.</doc>
<status status="PASS" start="2026-02-19T10:25:06.943653" elapsed="0.077092"/>
</kw>
<kw name="Wait Until Element Is Visible" owner="SeleniumLibrary">
<arg>id=login-button</arg>
<doc>Waits until the element ``locator`` is visible.</doc>
<status status="PASS" start="2026-02-19T10:25:07.021189" elapsed="0.016280"/>
</kw>
<kw name="Sleep" owner="BuiltIn">
<msg time="2026-02-19T10:25:07.738715" level="INFO">Slept 700 milliseconds.</msg>
<arg>${DELAY}</arg>
<doc>Pauses the test executed for the given time.</doc>
<status status="PASS" start="2026-02-19T10:25:07.037700" elapsed="0.701205"/>
</kw>
<status status="PASS" start="2026-02-19T10:25:06.166156" elapsed="1.572948"/>
</kw>
<arg>${first_name}</arg>
<arg>${last_name}</arg>
<arg>${postal_code}</arg>
<status status="PASS" start="2026-02-19T10:24:53.188013" elapsed="14.551215"/>
</kw>
<var name="${row}">Mahendra,Chowdam,45678</var>
<status status="PASS" start="2026-02-19T10:24:53.184659" elapsed="14.554783"/>
</iter>
<iter>
<kw name="Split String" owner="String">
<msg time="2026-02-19T10:25:07.740489" level="INFO">${columns} = ['Bhagyashree', 'N', '67891']</msg>
<var>${columns}</var>
<arg>${row}</arg>
<arg>,</arg>
<doc>Splits the ``string`` using ``separator`` as a delimiter string.</doc>
<status status="PASS" start="2026-02-19T10:25:07.740009" elapsed="0.000541"/>
</kw>
<kw name="Get From List" owner="Collections">
<msg time="2026-02-19T10:25:07.741112" level="INFO">${first_name} = Bhagyashree</msg>
<var>${first_name}</var>
<arg>${columns}</arg>
<arg>0</arg>
<doc>Returns the value specified with an ``index`` from ``list``.</doc>
<status status="PASS" start="2026-02-19T10:25:07.740795" elapsed="0.000366"/>
</kw>
<kw name="Get From List" owner="Collections">
<msg time="2026-02-19T10:25:07.741548" level="INFO">${last_name} = N</msg>
<var>${last_name}</var>
<arg>${columns}</arg>
<arg>1</arg>
<doc>Returns the value specified with an ``index`` from ``list``.</doc>
<status status="PASS" start="2026-02-19T10:25:07.741364" elapsed="0.000207"/>
</kw>
<kw name="Get From List" owner="Collections">
<msg time="2026-02-19T10:25:07.741794" level="INFO">${postal_code} = 67891</msg>
<var>${postal_code}</var>
<arg>${columns}</arg>
<arg>2</arg>
<doc>Returns the value specified with an ``index`` from ``list``.</doc>
<status status="PASS" start="2026-02-19T10:25:07.741666" elapsed="0.000150"/>
</kw>
<kw name="Checkout With User Data" owner="ecommerce_keywords">
<kw name="Login To Application" owner="ecommerce_keywords">
<kw name="Input Text" owner="SeleniumLibrary">
<msg time="2026-02-19T10:25:07.742659" level="INFO">Typing text 'standard_user' into text field 'id=user-name'.</msg>
<arg>id=user-name</arg>
<arg>${USERNAME}</arg>
<doc>Types the given ``text`` into the text field identified by ``locator``.</doc>
<status status="PASS" start="2026-02-19T10:25:07.742503" elapsed="0.019296"/>
</kw>
<kw name="Sleep" owner="BuiltIn">
<msg time="2026-02-19T10:25:08.462749" level="INFO">Slept 700 milliseconds.</msg>
<arg>${DELAY}</arg>
<doc>Pauses the test executed for the given time.</doc>
<status status="PASS" start="2026-02-19T10:25:07.762033" elapsed="0.700882"/>
</kw>
<kw name="Input Text" owner="SeleniumLibrary">
<msg time="2026-02-19T10:25:08.463591" level="INFO">Typing text 'secret_sauce' into text field 'id=password'.</msg>
<arg>id=password</arg>
<arg>${PASSWORD}</arg>
<doc>Types the given ``text`` into the text field identified by ``locator``.</doc>
<status status="PASS" start="2026-02-19T10:25:08.463174" elapsed="0.021710"/>
</kw>
<kw name="Sleep" owner="BuiltIn">
<msg time="2026-02-19T10:25:09.186149" level="INFO">Slept 700 milliseconds.</msg>
<arg>${DELAY}</arg>
<doc>Pauses the test executed for the given time.</doc>
<status status="PASS" start="2026-02-19T10:25:08.485130" elapsed="0.701141"/>
</kw>
<kw name="Click Button" owner="SeleniumLibrary">
<msg time="2026-02-19T10:25:09.186594" level="INFO">Clicking button 'id=login-button'.</msg>
<arg>id=login-button</arg>
<doc>Clicks the button identified by ``locator``.</doc>
<status status="PASS" start="2026-02-19T10:25:09.186420" elapsed="0.075823"/>
</kw>
<kw name="Wait Until Page Contains Element" owner="SeleniumLibrary">
<arg>css=.inventory_list</arg>
<doc>Waits until the element ``locator`` appears on the current page.</doc>
<status status="PASS" start="2026-02-19T10:25:09.262680" elapsed="0.003942"/>
</kw>
<kw name="Sleep" owner="BuiltIn">
<msg time="2026-02-19T10:25:09.967362" level="INFO">Slept 700 milliseconds.</msg>
<arg>${DELAY}</arg>
<doc>Pauses the test executed for the given time.</doc>
<status status="PASS" start="2026-02-19T10:25:09.266837" elapsed="0.700700"/>
</kw>
<status status="PASS" start="2026-02-19T10:25:07.742326" elapsed="2.225372"/>
</kw>
<kw name="Sort Products Low To High" owner="ecommerce_keywords">
<kw name="Select From List By Value" owner="SeleniumLibrary">
<msg time="2026-02-19T10:25:09.968742" level="INFO">Selecting options from selection list 'css=.product_sort_container' by value lohi.</msg>
<arg>css=.product_sort_container</arg>
<arg>lohi</arg>
<doc>Selects options from selection list ``locator`` by ``values``.</doc>
<status status="PASS" start="2026-02-19T10:25:09.968434" elapsed="0.082748"/>
</kw>
<kw name="Sleep" owner="BuiltIn">
<msg time="2026-02-19T10:25:10.752516" level="INFO">Slept 700 milliseconds.</msg>
<arg>${DELAY}</arg>
<doc>Pauses the test executed for the given time.</doc>
<status status="PASS" start="2026-02-19T10:25:10.051419" elapsed="0.701442"/>
</kw>
<status status="PASS" start="2026-02-19T10:25:09.967982" elapsed="0.785194"/>
</kw>
<kw name="Add Four Products To Cart" owner="ecommerce_keywords">
<kw name="Get WebElements" owner="SeleniumLibrary">
<msg time="2026-02-19T10:25:10.758274" level="INFO">${buttons} = [&lt;selenium.webdriver.remote.webelement.WebElement (session="652f4f69-73d8-4be7-b42b-d4ecf665b3c2", element="739a3668-fdcc-44dd-a89a-f71ab071717a")&gt;, &lt;selenium.webdriver.remote.webelement.WebElement (s...</msg>
<var>${buttons}</var>
<arg>xpath=//button[contains(text(),'Add to cart')]</arg>
<doc>Returns a list of WebElement objects matching the ``locator``.</doc>
<status status="PASS" start="2026-02-19T10:25:10.754214" elapsed="0.004115"/>
</kw>
<for flavor="IN RANGE">
<iter>
<kw name="Click Element" owner="SeleniumLibrary">
<msg time="2026-02-19T10:25:10.759518" level="INFO">Clicking element '&lt;selenium.webdriver.remote.webelement.WebElement (session="652f4f69-73d8-4be7-b42b-d4ecf665b3c2", element="739a3668-fdcc-44dd-a89a-f71ab071717a")&gt;'.</msg>
<arg>${buttons}[${index}]</arg>
<doc>Click the element identified by ``locator``.</doc>
<status status="PASS" start="2026-02-19T10:25:10.759089" elapsed="0.059186"/>
</kw>
<kw name="Sleep" owner="BuiltIn">
<msg time="2026-02-19T10:25:11.520302" level="INFO">Slept 700 milliseconds.</msg>
<arg>${DELAY}</arg>
<doc>Pauses the test executed for the given time.</doc>
<status status="PASS" start="2026-02-19T10:25:10.818635" elapsed="0.702111"/>
</kw>
<var name="${index}">0</var>
<status status="PASS" start="2026-02-19T10:25:10.758846" elapsed="0.762036"/>
</iter>
<iter>
<kw name="Click Element" owner="SeleniumLibrary">
<msg time="2026-02-19T10:25:11.521526" level="INFO">Clicking element '&lt;selenium.webdriver.remote.webelement.WebElement (session="652f4f69-73d8-4be7-b42b-d4ecf665b3c2", element="8684c89c-2bfb-40a6-9aef-c16aef61bfa2")&gt;'.</msg>
<arg>${buttons}[${index}]</arg>
<doc>Click the element identified by ``locator``.</doc>
<status status="PASS" start="2026-02-19T10:25:11.521267" elapsed="0.063242"/>
</kw>
<kw name="Sleep" owner="BuiltIn">
<msg time="2026-02-19T10:25:12.286653" level="INFO">Slept 700 milliseconds.</msg>
<arg>${DELAY}</arg>
<doc>Pauses the test executed for the given time.</doc>
<status status="PASS" start="2026-02-19T10:25:11.585249" elapsed="0.701560"/>
</kw>
<var name="${index}">1</var>
<status status="PASS" start="2026-02-19T10:25:11.521128" elapsed="0.765774"/>
</iter>
<iter>
<kw name="Click Element" owner="SeleniumLibrary">
<msg time="2026-02-19T10:25:12.287479" level="INFO">Clicking element '&lt;selenium.webdriver.remote.webelement.WebElement (session="652f4f69-73d8-4be7-b42b-d4ecf665b3c2", element="789533e6-fb1c-4b48-a851-5d6347f99da4")&gt;'.</msg>
<arg>${buttons}[${index}]</arg>
<doc>Click the element identified by ``locator``.</doc>
<status status="PASS" start="2026-02-19T10:25:12.287224" elapsed="0.073382"/>
</kw>
<kw name="Sleep" owner="BuiltIn">
<msg time="2026-02-19T10:25:13.061500" level="INFO">Slept 700 milliseconds.</msg>
<arg>${DELAY}</arg>
<doc>Pauses the test executed for the given time.</doc>
<status status="PASS" start="2026-02-19T10:25:12.360845" elapsed="0.700798"/>
</kw>
<var name="${index}">2</var>
<status status="PASS" start="2026-02-19T10:25:12.287084" elapsed="0.774655"/>
</iter>
<iter>
<kw name="Click Element" owner="SeleniumLibrary">
<msg time="2026-02-19T10:25:13.062569" level="INFO">Clicking element '&lt;selenium.webdriver.remote.webelement.WebElement (session="652f4f69-73d8-4be7-b42b-d4ecf665b3c2", element="80a60156-9202-45e9-a900-527e18ab5dca")&gt;'.</msg>
<arg>${buttons}[${index}]</arg>
<doc>Click the element identified by ``locator``.</doc>
<status status="PASS" start="2026-02-19T10:25:13.062228" elapsed="0.061303"/>
</kw>
<kw name="Sleep" owner="BuiltIn">
<msg time="2026-02-19T10:25:13.825350" level="INFO">Slept 700 milliseconds.</msg>
<arg>${DELAY}</arg>
<doc>Pauses the test executed for the given time.</doc>
<status status="PASS" start="2026-02-19T10:25:13.123729" elapsed="0.701986"/>
</kw>
<var name="${index}">3</var>
<status status="PASS" start="2026-02-19T10:25:13.061963" elapsed="0.763879"/>
</iter>
<var>${index}</var>
<value>0</value>
<value>4</value>
<status status="PASS" start="2026-02-19T10:25:10.758438" elapsed="3.067656"/>
</for>
<status status="PASS" start="2026-02-19T10:25:10.753797" elapsed="3.072407"/>
</kw>
<kw name="Verify Cart Has Four Items" owner="ecommerce_keywords">
<kw name="Get Text" owner="SeleniumLibrary">
<msg time="2026-02-19T10:25:13.838721" level="INFO">${count} = 4</msg>
<var>${count}</var>
<arg>css=.shopping_cart_badge</arg>
<doc>Returns the text value of the element identified by ``locator``.</doc>
<status status="PASS" start="2026-02-19T10:25:13.826637" elapsed="0.012150"/>
</kw>
<kw name="Should Be Equal" owner="BuiltIn">
<arg>${count}</arg>
<arg>4</arg>
<doc>Fails if the given objects are unequal.</doc>
<status status="PASS" start="2026-02-19T10:25:13.838992" elapsed="0.000674"/>
</kw>
<kw name="Sleep" owner="BuiltIn">
<msg time="2026-02-19T10:25:14.541087" level="INFO">Slept 700 milliseconds.</msg>
<arg>${DELAY}</arg>
<doc>Pauses the test executed for the given time.</doc>
<status status="PASS" start="2026-02-19T10:25:13.839906" elapsed="0.701298"/>
</kw>
<status status="PASS" start="2026-02-19T10:25:13.826389" elapsed="0.714948"/>
</kw>
<kw name="Go To Cart" owner="ecommerce_keywords">
<kw name="Click Element" owner="SeleniumLibrary">
<msg time="2026-02-19T10:25:14.541940" level="INFO">Clicking element 'css=.shopping_cart_link'.</msg>
<arg>css=.shopping_cart_link</arg>
<doc>Click the element identified by ``locator``.</doc>
<status status="PASS" start="2026-02-19T10:25:14.541811" elapsed="0.071769"/>
</kw>
<kw name="Wait Until Page Contains" owner="SeleniumLibrary">
<arg>Your Cart</arg>
<doc>Waits until ``text`` appears on the current page.</doc>
<status status="PASS" start="2026-02-19T10:25:14.613778" elapsed="0.005510"/>
</kw>
<kw name="Sleep" owner="BuiltIn">
<msg time="2026-02-19T10:25:15.320605" level="INFO">Slept 700 milliseconds.</msg>
<arg>${DELAY}</arg>
<doc>Pauses the test executed for the given time.</doc>
<status status="PASS" start="2026-02-19T10:25:14.619592" elapsed="0.701146"/>
</kw>
<status status="PASS" start="2026-02-19T10:25:14.541571" elapsed="0.779305"/>
</kw>
<kw name="Sleep" owner="BuiltIn">
<msg time="2026-02-19T10:25:16.021934" level="INFO">Slept 700 milliseconds.</msg>
<arg>${DELAY}</arg>
<doc>Pauses the test executed for the given time.</doc>
<status status="PASS" start="2026-02-19T10:25:15.321030" elapsed="0.701031"/>
</kw>
<kw name="Click Button" owner="SeleniumLibrary">
<msg time="2026-02-19T10:25:16.022514" level="INFO">Clicking button 'id=checkout'.</msg>
<arg>id=checkout</arg>
<doc>Clicks the button identified by ``locator``.</doc>
<status status="PASS" start="2026-02-19T10:25:16.022276" elapsed="0.093229"/>
</kw>
<kw name="Sleep" owner="BuiltIn">
<msg time="2026-02-19T10:25:16.817126" level="INFO">Slept 700 milliseconds.</msg>
<arg>${DELAY}</arg>
<doc>Pauses the test executed for the given time.</doc>
<status status="PASS" start="2026-02-19T10:25:16.115820" elapsed="0.701438"/>
</kw>
<kw name="Input Text" owner="SeleniumLibrary">
<msg time="2026-02-19T10:25:16.817606" level="INFO">Typing text 'Bhagyashree' into text field 'id=first-name'.</msg>
<arg>id=first-name</arg>
<arg>${first_name}</arg>
<doc>Types the given ``text`` into the text field identified by ``locator``.</doc>
<status status="PASS" start="2026-02-19T10:25:16.817408" elapsed="0.032342"/>
</kw>
<kw name="Sleep" owner="BuiltIn">
<msg time="2026-02-19T10:25:17.550777" level="INFO">Slept 700 milliseconds.</msg>
<arg>${DELAY}</arg>
<doc>Pauses the test executed for the given time.</doc>
<status status="PASS" start="2026-02-19T10:25:16.849948" elapsed="0.701106"/>
</kw>
<kw name="Input Text" owner="SeleniumLibrary">
<msg time="2026-02-19T10:25:17.552306" level="INFO">Typing text 'N' into text field 'id=last-name'.</msg>
<arg>id=last-name</arg>
<arg>${last_name}</arg>
<doc>Types the given ``text`` into the text field identified by ``locator``.</doc>
<status status="PASS" start="2026-02-19T10:25:17.551575" elapsed="0.018337"/>
</kw>
<kw name="Sleep" owner="BuiltIn">
<msg time="2026-02-19T10:25:18.270949" level="INFO">Slept 700 milliseconds.</msg>
<arg>${DELAY}</arg>
<doc>Pauses the test executed for the given time.</doc>
<status status="PASS" start="2026-02-19T10:25:17.570146" elapsed="0.700918"/>
</kw>
<kw name="Input Text" owner="SeleniumLibrary">
<msg time="2026-02-19T10:25:18.271509" level="INFO">Typing text '67891' into text field 'id=postal-code'.</msg>
<arg>id=postal-code</arg>
<arg>${postal_code}</arg>
<doc>Types the given ``text`` into the text field identified by ``locator``.</doc>
<status status="PASS" start="2026-02-19T10:25:18.271240" elapsed="0.023832"/>
</kw>
<kw name="Sleep" owner="BuiltIn">
<msg time="2026-02-19T10:25:18.997676" level="INFO">Slept 700 milliseconds.</msg>
<arg>${DELAY}</arg>
<doc>Pauses the test executed for the given time.</doc>
<status status="PASS" start="2026-02-19T10:25:18.295411" elapsed="0.702399"/>
</kw>
<kw name="Click Button" owner="SeleniumLibrary">
<msg time="2026-02-19T10:25:18.998228" level="INFO">Clicking button 'id=continue'.</msg>
<arg>id=continue</arg>
<doc>Clicks the button identified by ``locator``.</doc>
<status status="PASS" start="2026-02-19T10:25:18.998015" elapsed="0.086214"/>
</kw>
<kw name="Sleep" owner="BuiltIn">
<msg time="2026-02-19T10:25:19.785142" level="INFO">Slept 700 milliseconds.</msg>
<arg>${DELAY}</arg>
<doc>Pauses the test executed for the given time.</doc>
<status status="PASS" start="2026-02-19T10:25:19.084413" elapsed="0.700923"/>
</kw>
<kw name="Click Button" owner="SeleniumLibrary">
<msg time="2026-02-19T10:25:19.785936" level="INFO">Clicking button 'id=finish'.</msg>
<arg>id=finish</arg>
<doc>Clicks the button identified by ``locator``.</doc>
<status status="PASS" start="2026-02-19T10:25:19.785631" elapsed="0.079420"/>
</kw>
<kw name="Sleep" owner="BuiltIn">
<msg time="2026-02-19T10:25:20.566154" level="INFO">Slept 700 milliseconds.</msg>
<arg>${DELAY}</arg>
<doc>Pauses the test executed for the given time.</doc>
<status status="PASS" start="2026-02-19T10:25:19.865269" elapsed="0.701113"/>
</kw>
<kw name="Page Should Contain" owner="SeleniumLibrary">
<msg time="2026-02-19T10:25:20.572837" level="INFO">Current page contains text 'Thank you for your order!'.</msg>
<arg>Thank you for your order!</arg>
<doc>Verifies that current page contains ``text``.</doc>
<status status="PASS" start="2026-02-19T10:25:20.566773" elapsed="0.006162"/>
</kw>
<kw name="Click Button" owner="SeleniumLibrary">
<msg time="2026-02-19T10:25:20.573292" level="INFO">Clicking button 'id=back-to-products'.</msg>
<arg>id=back-to-products</arg>
<doc>Clicks the button identified by ``locator``.</doc>
<status status="PASS" start="2026-02-19T10:25:20.573103" elapsed="0.083300"/>
</kw>
<kw name="Logout From Application" owner="ecommerce_keywords">
<kw name="Click Element" owner="SeleniumLibrary">
<msg time="2026-02-19T10:25:20.657168" level="INFO">Clicking element 'id=react-burger-menu-btn'.</msg>
<arg>id=react-burger-menu-btn</arg>
<doc>Click the element identified by ``locator``.</doc>
<status status="PASS" start="2026-02-19T10:25:20.656984" elapsed="0.079833"/>
</kw>
<kw name="Sleep" owner="BuiltIn">
<msg time="2026-02-19T10:25:21.438130" level="INFO">Slept 700 milliseconds.</msg>
<arg>${DELAY}</arg>
<doc>Pauses the test executed for the given time.</doc>
<status status="PASS" start="2026-02-19T10:25:20.737112" elapsed="0.701167"/>
</kw>
<kw name="Click Element" owner="SeleniumLibrary">
<msg time="2026-02-19T10:25:21.438765" level="INFO">Clicking element 'id=logout_sidebar_link'.</msg>
<arg>id=logout_sidebar_link</arg>
<doc>Click the element identified by ``locator``.</doc>
<status status="PASS" start="2026-02-19T10:25:21.438515" elapsed="0.078026"/>
</kw>
<kw name="Wait Until Element Is Visible" owner="SeleniumLibrary">
<arg>id=login-button</arg>
<doc>Waits until the element ``locator`` is visible.</doc>
<status status="PASS" start="2026-02-19T10:25:21.516779" elapsed="0.019862"/>
</kw>
<kw name="Sleep" owner="BuiltIn">
<msg time="2026-02-19T10:25:22.237769" level="INFO">Slept 700 milliseconds.</msg>
<arg>${DELAY}</arg>
<doc>Pauses the test executed for the given time.</doc>
<status status="PASS" start="2026-02-19T10:25:21.536919" elapsed="0.700988"/>
</kw>
<status status="PASS" start="2026-02-19T10:25:20.656701" elapsed="1.581331"/>
</kw>
<arg>${first_name}</arg>
<arg>${last_name}</arg>
<arg>${postal_code}</arg>
<status status="PASS" start="2026-02-19T10:25:07.742023" elapsed="14.496086"/>
</kw>
<var name="${row}">Bhagyashree,N,67891</var>
<status status="PASS" start="2026-02-19T10:25:07.739766" elapsed="14.498411"/>
</iter>
<iter>
<kw name="Split String" owner="String">
<msg time="2026-02-19T10:25:22.238819" level="INFO">${columns} = ['Ravinesh', 'Tiwari', '45678']</msg>
<var>${columns}</var>
<arg>${row}</arg>
<arg>,</arg>
<doc>Splits the ``string`` using ``separator`` as a delimiter string.</doc>
<status status="PASS" start="2026-02-19T10:25:22.238525" elapsed="0.000333"/>
</kw>
<kw name="Get From List" owner="Collections">
<msg time="2026-02-19T10:25:22.239490" level="INFO">${first_name} = Ravinesh</msg>
<var>${first_name}</var>
<arg>${columns}</arg>
<arg>0</arg>
<doc>Returns the value specified with an ``index`` from ``list``.</doc>
<status status="PASS" start="2026-02-19T10:25:22.239005" elapsed="0.000573"/>
</kw>
<kw name="Get From List" owner="Collections">
<msg time="2026-02-19T10:25:22.240388" level="INFO">${last_name} = Tiwari</msg>
<var>${last_name}</var>
<arg>${columns}</arg>
<arg>1</arg>
<doc>Returns the value specified with an ``index`` from ``list``.</doc>
<status status="PASS" start="2026-02-19T10:25:22.239939" elapsed="0.000523"/>
</kw>
<kw name="Get From List" owner="Collections">
<msg time="2026-02-19T10:25:22.241245" level="INFO">${postal_code} = 45678</msg>
<var>${postal_code}</var>
<arg>${columns}</arg>
<arg>2</arg>
<doc>Returns the value specified with an ``index`` from ``list``.</doc>
<status status="PASS" start="2026-02-19T10:25:22.240873" elapsed="0.000404"/>
</kw>
<kw name="Checkout With User Data" owner="ecommerce_keywords">
<kw name="Login To Application" owner="ecommerce_keywords">
<kw name="Input Text" owner="SeleniumLibrary">
<msg time="2026-02-19T10:25:22.242318" level="INFO">Typing text 'standard_user' into text field 'id=user-name'.</msg>
<arg>id=user-name</arg>
<arg>${USERNAME}</arg>
<doc>Types the given ``text`` into the text field identified by ``locator``.</doc>
<status status="PASS" start="2026-02-19T10:25:22.242134" elapsed="0.021532"/>
</kw>
<kw name="Sleep" owner="BuiltIn">
<msg time="2026-02-19T10:25:22.964913" level="INFO">Slept 700 milliseconds.</msg>
<arg>${DELAY}</arg>
<doc>Pauses the test executed for the given time.</doc>
<status status="PASS" start="2026-02-19T10:25:22.263898" elapsed="0.701247"/>
</kw>
<kw name="Input Text" owner="SeleniumLibrary">
<msg time="2026-02-19T10:25:22.965619" level="INFO">Typing text 'secret_sauce' into text field 'id=password'.</msg>
<arg>id=password</arg>
<arg>${PASSWORD}</arg>
<doc>Types the given ``text`` into the text field identified by ``locator``.</doc>
<status status="PASS" start="2026-02-19T10:25:22.965348" elapsed="0.033727"/>
</kw>
<kw name="Sleep" owner="BuiltIn">
<msg time="2026-02-19T10:25:23.700241" level="INFO">Slept 700 milliseconds.</msg>
<arg>${DELAY}</arg>
<doc>Pauses the test executed for the given time.</doc>
<status status="PASS" start="2026-02-19T10:25:22.999281" elapsed="0.701147"/>
</kw>
<kw name="Click Button" owner="SeleniumLibrary">
<msg time="2026-02-19T10:25:23.701034" level="INFO">Clicking button 'id=login-button'.</msg>
<arg>id=login-button</arg>
<doc>Clicks the button identified by ``locator``.</doc>
<status status="PASS" start="2026-02-19T10:25:23.700706" elapsed="0.097886"/>
</kw>
<kw name="Wait Until Page Contains Element" owner="SeleniumLibrary">
<arg>css=.inventory_list</arg>
<doc>Waits until the element ``locator`` appears on the current page.</doc>
<status status="PASS" start="2026-02-19T10:25:23.798852" elapsed="0.004488"/>
</kw>
<kw name="Sleep" owner="BuiltIn">
<msg time="2026-02-19T10:25:24.504492" level="INFO">Slept 700 milliseconds.</msg>
<arg>${DELAY}</arg>
<doc>Pauses the test executed for the given time.</doc>
<status status="PASS" start="2026-02-19T10:25:23.803551" elapsed="0.701078"/>
</kw>
<status status="PASS" start="2026-02-19T10:25:22.241942" elapsed="2.262816"/>
</kw>
<kw name="Sort Products Low To High" owner="ecommerce_keywords">
<kw name="Select From List By Value" owner="SeleniumLibrary">
<msg time="2026-02-19T10:25:24.505551" level="INFO">Selecting options from selection list 'css=.product_sort_container' by value lohi.</msg>
<arg>css=.product_sort_container</arg>
<arg>lohi</arg>
<doc>Selects options from selection list ``locator`` by ``values``.</doc>
<status status="PASS" start="2026-02-19T10:25:24.505322" elapsed="0.087778"/>
</kw>
<kw name="Sleep" owner="BuiltIn">
<msg time="2026-02-19T10:25:25.294387" level="INFO">Slept 700 milliseconds.</msg>
<arg>${DELAY}</arg>
<doc>Pauses the test executed for the given time.</doc>
<status status="PASS" start="2026-02-19T10:25:24.593257" elapsed="0.701297"/>
</kw>
<status status="PASS" start="2026-02-19T10:25:24.504986" elapsed="0.789698"/>
</kw>
<kw name="Add Four Products To Cart" owner="ecommerce_keywords">
<kw name="Get WebElements" owner="SeleniumLibrary">
<msg time="2026-02-19T10:25:25.301577" level="INFO">${buttons} = [&lt;selenium.webdriver.remote.webelement.WebElement (session="652f4f69-73d8-4be7-b42b-d4ecf665b3c2", element="513c6afc-1e34-4d1a-bb65-329be41d5f09")&gt;, &lt;selenium.webdriver.remote.webelement.WebElement (s...</msg>
<var>${buttons}</var>
<arg>xpath=//button[contains(text(),'Add to cart')]</arg>
<doc>Returns a list of WebElement objects matching the ``locator``.</doc>
<status status="PASS" start="2026-02-19T10:25:25.295649" elapsed="0.005980"/>
</kw>
<for flavor="IN RANGE">
<iter>
<kw name="Click Element" owner="SeleniumLibrary">
<msg time="2026-02-19T10:25:25.302327" level="INFO">Clicking element '&lt;selenium.webdriver.remote.webelement.WebElement (session="652f4f69-73d8-4be7-b42b-d4ecf665b3c2", element="513c6afc-1e34-4d1a-bb65-329be41d5f09")&gt;'.</msg>
<arg>${buttons}[${index}]</arg>
<doc>Click the element identified by ``locator``.</doc>
<status status="PASS" start="2026-02-19T10:25:25.302073" elapsed="0.068979"/>
</kw>
<kw name="Sleep" owner="BuiltIn">
<msg time="2026-02-19T10:25:26.072179" level="INFO">Slept 700 milliseconds.</msg>
<arg>${DELAY}</arg>
<doc>Pauses the test executed for the given time.</doc>
<status status="PASS" start="2026-02-19T10:25:25.371256" elapsed="0.701093"/>
</kw>
<var name="${index}">0</var>
<status status="PASS" start="2026-02-19T10:25:25.301942" elapsed="0.770523"/>
</iter>
<iter>
<kw name="Click Element" owner="SeleniumLibrary">
<msg time="2026-02-19T10:25:26.073337" level="INFO">Clicking element '&lt;selenium.webdriver.remote.webelement.WebElement (session="652f4f69-73d8-4be7-b42b-d4ecf665b3c2", element="eb9d2c54-3b37-4718-aac4-df06e8226e60")&gt;'.</msg>
<arg>${buttons}[${index}]</arg>
<doc>Click the element identified by ``locator``.</doc>
<status status="PASS" start="2026-02-19T10:25:26.072926" elapsed="0.060638"/>
</kw>
<kw name="Sleep" owner="BuiltIn">
<msg time="2026-02-19T10:25:26.835093" level="INFO">Slept 700 milliseconds.</msg>
<arg>${DELAY}</arg>
<doc>Pauses the test executed for the given time.</doc>
<status status="PASS" start="2026-02-19T10:25:26.133758" elapsed="0.701482"/>
</kw>
<var name="${index}">1</var>
<status status="PASS" start="2026-02-19T10:25:26.072707" elapsed="0.762628"/>
</iter>
<iter>
<kw name="Click Element" owner="SeleniumLibrary">
<msg time="2026-02-19T10:25:26.835917" level="INFO">Clicking element '&lt;selenium.webdriver.remote.webelement.WebElement (session="652f4f69-73d8-4be7-b42b-d4ecf665b3c2", element="e7e434a1-8157-4b40-a330-2e575c0caecd")&gt;'.</msg>
<arg>${buttons}[${index}]</arg>
<doc>Click the element identified by ``locator``.</doc>
<status status="PASS" start="2026-02-19T10:25:26.835648" elapsed="0.064318"/>
</kw>
<kw name="Sleep" owner="BuiltIn">
<msg time="2026-02-19T10:25:27.601837" level="INFO">Slept 700 milliseconds.</msg>
<arg>${DELAY}</arg>
<doc>Pauses the test executed for the given time.</doc>
<status status="PASS" start="2026-02-19T10:25:26.900282" elapsed="0.701850"/>
</kw>
<var name="${index}">2</var>
<status status="PASS" start="2026-02-19T10:25:26.835508" elapsed="0.766829"/>
</iter>
<iter>
<kw name="Click Element" owner="SeleniumLibrary">
<msg time="2026-02-19T10:25:27.603688" level="INFO">Clicking element '&lt;selenium.webdriver.remote.webelement.WebElement (session="652f4f69-73d8-4be7-b42b-d4ecf665b3c2", element="b3a7e5ba-e785-4bdd-a615-865fc20492d2")&gt;'.</msg>
<arg>${buttons}[${index}]</arg>
<doc>Click the element identified by ``locator``.</doc>
<status status="PASS" start="2026-02-19T10:25:27.603096" elapsed="0.082469"/>
</kw>
<kw name="Sleep" owner="BuiltIn">
<msg time="2026-02-19T10:25:28.387061" level="INFO">Slept 700 milliseconds.</msg>
<arg>${DELAY}</arg>
<doc>Pauses the test executed for the given time.</doc>
<status status="PASS" start="2026-02-19T10:25:27.685790" elapsed="0.701381"/>
</kw>
<var name="${index}">3</var>
<status status="PASS" start="2026-02-19T10:25:27.602770" elapsed="0.784465"/>
</iter>
<var>${index}</var>
<value>0</value>
<value>4</value>
<status status="PASS" start="2026-02-19T10:25:25.301734" elapsed="3.085544"/>
</for>
<status status="PASS" start="2026-02-19T10:25:25.295169" elapsed="3.092185"/>
</kw>
<kw name="Verify Cart Has Four Items" owner="ecommerce_keywords">
<kw name="Get Text" owner="SeleniumLibrary">
<msg time="2026-02-19T10:25:28.403081" level="INFO">${count} = 4</msg>
<var>${count}</var>
<arg>css=.shopping_cart_badge</arg>
<doc>Returns the text value of the element identified by ``locator``.</doc>
<status status="PASS" start="2026-02-19T10:25:28.387744" elapsed="0.015429"/>
</kw>
<kw name="Should Be Equal" owner="BuiltIn">
<arg>${count}</arg>
<arg>4</arg>
<doc>Fails if the given objects are unequal.</doc>
<status status="PASS" start="2026-02-19T10:25:28.403494" elapsed="0.000677"/>
</kw>
<kw name="Sleep" owner="BuiltIn">
<msg time="2026-02-19T10:25:29.105211" level="INFO">Slept 700 milliseconds.</msg>
<arg>${DELAY}</arg>
<doc>Pauses the test executed for the given time.</doc>
<status status="PASS" start="2026-02-19T10:25:28.404398" elapsed="0.700991"/>
</kw>
<status status="PASS" start="2026-02-19T10:25:28.387509" elapsed="0.718056"/>
</kw>
<kw name="Go To Cart" owner="ecommerce_keywords">
<kw name="Click Element" owner="SeleniumLibrary">
<msg time="2026-02-19T10:25:29.106911" level="INFO">Clicking element 'css=.shopping_cart_link'.</msg>
<arg>css=.shopping_cart_link</arg>
<doc>Click the element identified by ``locator``.</doc>
<status status="PASS" start="2026-02-19T10:25:29.106682" elapsed="0.082854"/>
</kw>
<kw name="Wait Until Page Contains" owner="SeleniumLibrary">
<arg>Your Cart</arg>
<doc>Waits until ``text`` appears on the current page.</doc>
<status status="PASS" start="2026-02-19T10:25:29.189686" elapsed="0.004440"/>
</kw>
<kw name="Sleep" owner="BuiltIn">
<msg time="2026-02-19T10:25:29.895584" level="INFO">Slept 700 milliseconds.</msg>
<arg>${DELAY}</arg>
<doc>Pauses the test executed for the given time.</doc>
<status status="PASS" start="2026-02-19T10:25:29.194454" elapsed="0.701264"/>
</kw>
<status status="PASS" start="2026-02-19T10:25:29.105880" elapsed="0.789956"/>
</kw>
<kw name="Sleep" owner="BuiltIn">
<msg time="2026-02-19T10:25:30.597221" level="INFO">Slept 700 milliseconds.</msg>
<arg>${DELAY}</arg>
<doc>Pauses the test executed for the given time.</doc>
<status status="PASS" start="2026-02-19T10:25:29.896156" elapsed="0.701166"/>
</kw>
<kw name="Click Button" owner="SeleniumLibrary">
<msg time="2026-02-19T10:25:30.597630" level="INFO">Clicking button 'id=checkout'.</msg>
<arg>id=checkout</arg>
<doc>Clicks the button identified by ``locator``.</doc>
<status status="PASS" start="2026-02-19T10:25:30.597469" elapsed="0.084672"/>
</kw>
<kw name="Sleep" owner="BuiltIn">
<msg time="2026-02-19T10:25:31.384153" level="INFO">Slept 700 milliseconds.</msg>
<arg>${DELAY}</arg>
<doc>Pauses the test executed for the given time.</doc>
<status status="PASS" start="2026-02-19T10:25:30.682447" elapsed="0.701844"/>
</kw>
<kw name="Input Text" owner="SeleniumLibrary">
<msg time="2026-02-19T10:25:31.385383" level="INFO">Typing text 'Ravinesh' into text field 'id=first-name'.</msg>
<arg>id=first-name</arg>
<arg>${first_name}</arg>
<doc>Types the given ``text`` into the text field identified by ``locator``.</doc>
<status status="PASS" start="2026-02-19T10:25:31.384633" elapsed="0.034784"/>
</kw>
<kw name="Sleep" owner="BuiltIn">
<msg time="2026-02-19T10:25:32.120796" level="INFO">Slept 700 milliseconds.</msg>
<arg>${DELAY}</arg>
<doc>Pauses the test executed for the given time.</doc>
<status status="PASS" start="2026-02-19T10:25:31.419684" elapsed="0.701244"/>
</kw>
<kw name="Input Text" owner="SeleniumLibrary">
<msg time="2026-02-19T10:25:32.121390" level="INFO">Typing text 'Tiwari' into text field 'id=last-name'.</msg>
<arg>id=last-name</arg>
<arg>${last_name}</arg>
<doc>Types the given ``text`` into the text field identified by ``locator``.</doc>
<status status="PASS" start="2026-02-19T10:25:32.121126" elapsed="0.028122"/>
</kw>
<kw name="Sleep" owner="BuiltIn">
<msg time="2026-02-19T10:25:32.850179" level="INFO">Slept 700 milliseconds.</msg>
<arg>${DELAY}</arg>
<doc>Pauses the test executed for the given time.</doc>
<status status="PASS" start="2026-02-19T10:25:32.149477" elapsed="0.700953"/>
</kw>
<kw name="Input Text" owner="SeleniumLibrary">
<msg time="2026-02-19T10:25:32.851486" level="INFO">Typing text '45678' into text field 'id=postal-code'.</msg>
<arg>id=postal-code</arg>
<arg>${postal_code}</arg>
<doc>Types the given ``text`` into the text field identified by ``locator``.</doc>
<status status="PASS" start="2026-02-19T10:25:32.850909" elapsed="0.023772"/>
</kw>
<kw name="Sleep" owner="BuiltIn">
<msg time="2026-02-19T10:25:33.575903" level="INFO">Slept 700 milliseconds.</msg>
<arg>${DELAY}</arg>
<doc>Pauses the test executed for the given time.</doc>
<status status="PASS" start="2026-02-19T10:25:32.874975" elapsed="0.701355"/>
</kw>
<kw name="Click Button" owner="SeleniumLibrary">
<msg time="2026-02-19T10:25:33.576702" level="INFO">Clicking button 'id=continue'.</msg>
<arg>id=continue</arg>
<doc>Clicks the button identified by ``locator``.</doc>
<status status="PASS" start="2026-02-19T10:25:33.576521" elapsed="0.087188"/>
</kw>
<kw name="Sleep" owner="BuiltIn">
<msg time="2026-02-19T10:25:34.364819" level="INFO">Slept 700 milliseconds.</msg>
<arg>${DELAY}</arg>
<doc>Pauses the test executed for the given time.</doc>
<status status="PASS" start="2026-02-19T10:25:33.663906" elapsed="0.701190"/>
</kw>
<kw name="Click Button" owner="SeleniumLibrary">
<msg time="2026-02-19T10:25:34.366415" level="INFO">Clicking button 'id=finish'.</msg>
<arg>id=finish</arg>
<doc>Clicks the button identified by ``locator``.</doc>
<status status="PASS" start="2026-02-19T10:25:34.365615" elapsed="0.079162"/>
</kw>
<kw name="Sleep" owner="BuiltIn">
<msg time="2026-02-19T10:25:35.146501" level="INFO">Slept 700 milliseconds.</msg>
<arg>${DELAY}</arg>
<doc>Pauses the test executed for the given time.</doc>
<status status="PASS" start="2026-02-19T10:25:34.445102" elapsed="0.701529"/>
</kw>
<kw name="Page Should Contain" owner="SeleniumLibrary">
<msg time="2026-02-19T10:25:35.156015" level="INFO">Current page contains text 'Thank you for your order!'.</msg>
<arg>Thank you for your order!</arg>
<doc>Verifies that current page contains ``text``.</doc>
<status status="PASS" start="2026-02-19T10:25:35.146912" elapsed="0.009271"/>
</kw>
<kw name="Click Button" owner="SeleniumLibrary">
<msg time="2026-02-19T10:25:35.156503" level="INFO">Clicking button 'id=back-to-products'.</msg>
<arg>id=back-to-products</arg>
<doc>Clicks the button identified by ``locator``.</doc>
<status status="PASS" start="2026-02-19T10:25:35.156341" elapsed="0.078842"/>
</kw>
<kw name="Logout From Application" owner="ecommerce_keywords">
<kw name="Click Element" owner="SeleniumLibrary">
<msg time="2026-02-19T10:25:35.236489" level="INFO">Clicking element 'id=react-burger-menu-btn'.</msg>
<arg>id=react-burger-menu-btn</arg>
<doc>Click the element identified by ``locator``.</doc>
<status status="PASS" start="2026-02-19T10:25:35.236243" elapsed="0.075755"/>
</kw>
<kw name="Sleep" owner="BuiltIn">
<msg time="2026-02-19T10:25:36.013399" level="INFO">Slept 700 milliseconds.</msg>
<arg>${DELAY}</arg>
<doc>Pauses the test executed for the given time.</doc>
<status status="PASS" start="2026-02-19T10:25:35.312191" elapsed="0.701374"/>
</kw>
<kw name="Click Element" owner="SeleniumLibrary">
<msg time="2026-02-19T10:25:36.014053" level="INFO">Clicking element 'id=logout_sidebar_link'.</msg>
<arg>id=logout_sidebar_link</arg>
<doc>Click the element identified by ``locator``.</doc>
<status status="PASS" start="2026-02-19T10:25:36.013795" elapsed="0.077854"/>
</kw>
<kw name="Wait Until Element Is Visible" owner="SeleniumLibrary">
<arg>id=login-button</arg>
<doc>Waits until the element ``locator`` is visible.</doc>
<status status="PASS" start="2026-02-19T10:25:36.091857" elapsed="0.020163"/>
</kw>
<kw name="Sleep" owner="BuiltIn">
<msg time="2026-02-19T10:25:36.813157" level="INFO">Slept 700 milliseconds.</msg>
<arg>${DELAY}</arg>
<doc>Pauses the test executed for the given time.</doc>
<status status="PASS" start="2026-02-19T10:25:36.112352" elapsed="0.701064"/>
</kw>
<status status="PASS" start="2026-02-19T10:25:35.235722" elapsed="1.577969"/>
</kw>
<arg>${first_name}</arg>
<arg>${last_name}</arg>
<arg>${postal_code}</arg>
<status status="PASS" start="2026-02-19T10:25:22.241528" elapsed="14.572350"/>
</kw>
<var name="${row}">Ravinesh,Tiwari,45678</var>
<status status="PASS" start="2026-02-19T10:25:22.238379" elapsed="14.575657"/>
</iter>
<var>${row}</var>
<value>@{data}</value>
<status status="PASS" start="2026-02-19T10:24:09.278443" elapsed="87.535770"/>
</for>
<status status="PASS" start="2026-02-19T10:24:09.242518" elapsed="87.572465"/>
</test>
<kw name="Close Website" owner="ecommerce_keywords" type="TEARDOWN">
<kw name="Sleep" owner="BuiltIn">
<msg time="2026-02-19T10:25:37.518541" level="INFO">Slept 700 milliseconds.</msg>
<arg>${DELAY}</arg>
<doc>Pauses the test executed for the given time.</doc>
<status status="PASS" start="2026-02-19T10:25:36.817166" elapsed="0.701528"/>
</kw>
<kw name="Close Browser" owner="SeleniumLibrary">
<doc>Closes the current browser.</doc>
<status status="PASS" start="2026-02-19T10:25:37.519147" elapsed="3.220850"/>
</kw>
<status status="PASS" start="2026-02-19T10:25:36.816717" elapsed="3.923431"/>
</kw>
<status status="PASS" start="2026-02-19T10:23:57.372833" elapsed="103.367343"/>
</suite>
<status status="FAIL" start="2026-02-19T10:22:13.948185" elapsed="206.792690"/>
</suite>
<statistics>
<total>
<stat pass="5" fail="2" skip="0">All Tests</stat>
</total>
<tag>
</tag>
<suite>
<stat name="Tests" id="s1" pass="5" fail="2" skip="0">Tests</stat>
<stat name="00 Invalid Login" id="s1-s1" pass="1" fail="0" skip="0">Tests.00 Invalid Login</stat>
<stat name="01 Login" id="s1-s2" pass="1" fail="0" skip="0">Tests.01 Login</stat>
<stat name="02 Product" id="s1-s3" pass="0" fail="1" skip="0">Tests.02 Product</stat>
<stat name="03 Add To Cart" id="s1-s4" pass="1" fail="0" skip="0">Tests.03 Add To Cart</stat>
<stat name="04 Update Cart" id="s1-s5" pass="0" fail="1" skip="0">Tests.04 Update Cart</stat>
<stat name="05 Logout" id="s1-s6" pass="1" fail="0" skip="0">Tests.05 Logout</stat>
<stat name="06 Checkout" id="s1-s7" pass="1" fail="0" skip="0">Tests.06 Checkout</stat>
</suite>
</statistics>
<errors>
<msg time="2026-02-19T10:22:58.948213" level="WARN">Keyword 'Capture Page Screenshot' could not be run on failure: Message: Browsing context has been discarded
Stacktrace:
RemoteError@chrome://remote/content/shared/RemoteError.sys.mjs:8:8
WebDriverError@chrome://remote/content/shared/webdriver/Errors.sys.mjs:202:5
NoSuchWindowError@chrome://remote/content/shared/webdriver/Errors.sys.mjs:782:5
assert.that/&lt;@chrome://remote/content/shared/webdriver/Assert.sys.mjs:581:13
assert.open@chrome://remote/content/shared/webdriver/Assert.sys.mjs:169:4
GeckoDriver.prototype.takeScreenshot@chrome://remote/content/marionette/driver.sys.mjs:2963:15
dispatch@chrome://remote/content/marionette/server.sys.mjs:318:40
execute@chrome://remote/content/marionette/server.sys.mjs:289:16
onPacket/&lt;@chrome://remote/content/marionette/server.sys.mjs:262:20
onPacket@chrome://remote/content/marionette/server.sys.mjs:263:9
_onJSONObjectReady/&lt;@chrome://remote/content/marionette/transport.sys.mjs:494:20
</msg>
<msg time="2026-02-19T10:23:35.434832" level="WARN">Keyword 'Capture Page Screenshot' could not be run on failure: Message: Browsing context has been discarded
Stacktrace:
RemoteError@chrome://remote/content/shared/RemoteError.sys.mjs:8:8
WebDriverError@chrome://remote/content/shared/webdriver/Errors.sys.mjs:202:5
NoSuchWindowError@chrome://remote/content/shared/webdriver/Errors.sys.mjs:782:5
assert.that/&lt;@chrome://remote/content/shared/webdriver/Assert.sys.mjs:581:13
assert.open@chrome://remote/content/shared/webdriver/Assert.sys.mjs:169:4
GeckoDriver.prototype.takeScreenshot@chrome://remote/content/marionette/driver.sys.mjs:2963:15
dispatch@chrome://remote/content/marionette/server.sys.mjs:318:40
execute@chrome://remote/content/marionette/server.sys.mjs:289:16
onPacket/&lt;@chrome://remote/content/marionette/server.sys.mjs:262:20
onPacket@chrome://remote/content/marionette/server.sys.mjs:263:9
_onJSONObjectReady/&lt;@chrome://remote/content/marionette/transport.sys.mjs:494:20
</msg>
</errors>
</robot>
